warp 0 :  PC=0x210 (vecadd-rodinia-2.4.sm_75.ptx:27) ld.param.u64 %rd1, [_Z12vecaddKernelPiS_S_i_param_0];
warp 0 :  PC=0x218 (vecadd-rodinia-2.4.sm_75.ptx:28) ld.param.u64 %rd2, [_Z12vecaddKernelPiS_S_i_param_1];
warp 0 :  PC=0x220 (vecadd-rodinia-2.4.sm_75.ptx:29) ld.param.u64 %rd3, [_Z12vecaddKernelPiS_S_i_param_2];
warp 0 :  PC=0x228 (vecadd-rodinia-2.4.sm_75.ptx:30) ld.param.u32 %r2, [_Z12vecaddKernelPiS_S_i_param_3];
warp 0 :  PC=0x230 (vecadd-rodinia-2.4.sm_75.ptx:31) mov.u32 %r3, %ntid.x;
warp 0 :  PC=0x238 (vecadd-rodinia-2.4.sm_75.ptx:32) mov.u32 %r4, %ctaid.x;
warp 0 :  PC=0x240 (vecadd-rodinia-2.4.sm_75.ptx:33) mov.u32 %r5, %tid.x;
warp 0 :  PC=0x248 (vecadd-rodinia-2.4.sm_75.ptx:34) mad.lo.s32 %r1, %r4, %r3, %r5;
warp 0 :  PC=0x250 (vecadd-rodinia-2.4.sm_75.ptx:35) setp.ge.s32%p1, %r1, %r2;
warp 0 :  PC=0x258 (vecadd-rodinia-2.4.sm_75.ptx:36) @%p1 bra BB0_2;
warp 0 :  PC=0x260 (vecadd-rodinia-2.4.sm_75.ptx:38) cvta.to.global.u64 %rd4, %rd1;
warp 0 :  PC=0x268 (vecadd-rodinia-2.4.sm_75.ptx:39) mul.wide.s32 %rd5, %r1, 4;
warp 0 :  PC=0x270 (vecadd-rodinia-2.4.sm_75.ptx:40) add.s64 %rd6, %rd4, %rd5;
warp 0 :  PC=0x278 (vecadd-rodinia-2.4.sm_75.ptx:41) cvta.to.global.u64 %rd7, %rd2;
warp 0 :  PC=0x280 (vecadd-rodinia-2.4.sm_75.ptx:42) add.s64 %rd8, %rd7, %rd5;
warp 0 :  PC=0x288 (vecadd-rodinia-2.4.sm_75.ptx:43) ld.global.u32 %r6, [%rd8];
warp 0 :  PC=0x290 (vecadd-rodinia-2.4.sm_75.ptx:44) ld.global.u32 %r7, [%rd6];
warp 0 :  PC=0x298 (vecadd-rodinia-2.4.sm_75.ptx:45) add.s32 %r8, %r6, %r7;
warp 0 :  PC=0x2a0 (vecadd-rodinia-2.4.sm_75.ptx:46) cvta.to.global.u64 %rd9, %rd3;
warp 0 :  PC=0x2a8 (vecadd-rodinia-2.4.sm_75.ptx:47) add.s64 %rd10, %rd9, %rd5;
warp 0 :  PC=0x2b0 (vecadd-rodinia-2.4.sm_75.ptx:48) st.global.u32 [%rd10], %r8;
warp 0 :  PC=0x2b8 (vecadd-rodinia-2.4.sm_75.ptx:51) ret;
kernel_execution_time : 91