warp 0 :  PC=0xf00 (backprop-rodinia-2.4.sm_75.ptx:35) ld.param.u64 %rd3, [_Z22bpnn_layerforward_CUDAPfS_S_S_ii_param_0];
warp 0 :  PC=0xf08 (backprop-rodinia-2.4.sm_75.ptx:36) ld.param.u64 %rd4, [_Z22bpnn_layerforward_CUDAPfS_S_S_ii_param_2];
warp 0 :  PC=0xf10 (backprop-rodinia-2.4.sm_75.ptx:37) ld.param.u64 %rd5, [_Z22bpnn_layerforward_CUDAPfS_S_S_ii_param_3];
warp 0 :  PC=0xf18 (backprop-rodinia-2.4.sm_75.ptx:38) ld.param.u32 %r11, [_Z22bpnn_layerforward_CUDAPfS_S_S_ii_param_5];
warp 0 :  PC=0xf20 (backprop-rodinia-2.4.sm_75.ptx:39) mov.u32 %r1, %ctaid.y;
warp 0 :  PC=0xf28 (backprop-rodinia-2.4.sm_75.ptx:40) shl.b32 %r12, %r1, 4;
warp 0 :  PC=0xf30 (backprop-rodinia-2.4.sm_75.ptx:41) mov.u32 %r2, %tid.y;
warp 0 :  PC=0xf38 (backprop-rodinia-2.4.sm_75.ptx:42) add.s32 %r3, %r2, %r12;
warp 0 :  PC=0xf40 (backprop-rodinia-2.4.sm_75.ptx:43) mov.u32 %r4, %tid.x;
warp 0 :  PC=0xf48 (backprop-rodinia-2.4.sm_75.ptx:44) shl.b32 %r13, %r2, 2;
warp 0 :  PC=0xf50 (backprop-rodinia-2.4.sm_75.ptx:45) mov.u32 %r14, _ZZ22bpnn_layerforward_CUDAPfS_S_S_iiE10input_node;
warp 0 :  PC=0xf58 (backprop-rodinia-2.4.sm_75.ptx:46) add.s32 %r5, %r14, %r13;
warp 0 :  PC=0xf60 (backprop-rodinia-2.4.sm_75.ptx:47) setp.ne.s32%p2, %r4, 0;
warp 0 :  PC=0xf68 (backprop-rodinia-2.4.sm_75.ptx:48) @%p2 bra BB0_2;
warp 0 :  PC=0xf70 (backprop-rodinia-2.4.sm_75.ptx:50) cvta.to.global.u64 %rd6, %rd3;
warp 0 :  PC=0xf78 (backprop-rodinia-2.4.sm_75.ptx:51) mul.wide.s32 %rd7, %r3, 4;
warp 0 :  PC=0xf80 (backprop-rodinia-2.4.sm_75.ptx:52) add.s64 %rd8, %rd6, %rd7;
warp 0 :  PC=0xf88 (backprop-rodinia-2.4.sm_75.ptx:53) ld.global.f32 %f5, [%rd8+4];
warp 0 :  PC=0xf90 (backprop-rodinia-2.4.sm_75.ptx:54) st.shared.f32 [%r5], %f5;
warp 0 :  PC=0xf98 (backprop-rodinia-2.4.sm_75.ptx:57) cvta.to.global.u64 %rd1, %rd4;
warp 0 :  PC=0xfa0 (backprop-rodinia-2.4.sm_75.ptx:58) add.s32 %r15, %r11, %r4;
warp 0 :  PC=0xfa8 (backprop-rodinia-2.4.sm_75.ptx:59) add.s32 %r16, %r11, 1;
warp 0 :  PC=0xfb0 (backprop-rodinia-2.4.sm_75.ptx:60) mad.lo.s32 %r6, %r3, %r16, %r15;
warp 0 :  PC=0xfb8 (backprop-rodinia-2.4.sm_75.ptx:61) bar.sync 0;
warp 0 :  PC=0xfc0 (backprop-rodinia-2.4.sm_75.ptx:62) mul.wide.s32 %rd9, %r6, 4;
warp 0 :  PC=0xfc8 (backprop-rodinia-2.4.sm_75.ptx:63) add.s64 %rd2, %rd1, %rd9;
warp 0 :  PC=0xfd0 (backprop-rodinia-2.4.sm_75.ptx:64) ld.global.f32 %f6, [%rd2+8];
warp 0 :  PC=0xfd8 (backprop-rodinia-2.4.sm_75.ptx:65) shl.b32 %r17, %r2, 6;
warp 0 :  PC=0xfe0 (backprop-rodinia-2.4.sm_75.ptx:66) mov.u32 %r18, _ZZ22bpnn_layerforward_CUDAPfS_S_S_iiE13weight_matrix;
warp 0 :  PC=0xfe8 (backprop-rodinia-2.4.sm_75.ptx:67) add.s32 %r19, %r18, %r17;
warp 0 :  PC=0xff0 (backprop-rodinia-2.4.sm_75.ptx:68) shl.b32 %r20, %r4, 2;
warp 0 :  PC=0xff8 (backprop-rodinia-2.4.sm_75.ptx:69) add.s32 %r7, %r19, %r20;
warp 0 :  PC=0x1000 (backprop-rodinia-2.4.sm_75.ptx:70) st.shared.f32 [%r7], %f6;
warp 0 :  PC=0x1008 (backprop-rodinia-2.4.sm_75.ptx:71) bar.sync 0;
warp 0 :  PC=0x1010 (backprop-rodinia-2.4.sm_75.ptx:72) ld.shared.f32 %f7, [%r5];
warp 0 :  PC=0x1018 (backprop-rodinia-2.4.sm_75.ptx:73) ld.shared.f32 %f8, [%r7];
warp 0 :  PC=0x1020 (backprop-rodinia-2.4.sm_75.ptx:74) mul.f32 %f9, %f8, %f7;
warp 0 :  PC=0x1028 (backprop-rodinia-2.4.sm_75.ptx:75) st.shared.f32 [%r7], %f9;
warp 0 :  PC=0x1030 (backprop-rodinia-2.4.sm_75.ptx:76) bar.sync 0;
warp 0 :  PC=0x1038 (backprop-rodinia-2.4.sm_75.ptx:77) mov.f32 %f10, 0f41800000;
warp 0 :  PC=0x1040 (backprop-rodinia-2.4.sm_75.ptx:78) lg2.approx.f32 %f1, %f10;
warp 0 :  PC=0x1048 (backprop-rodinia-2.4.sm_75.ptx:79) setp.ltu.f32%p3, %f1, 0f3F800000;
warp 0 :  PC=0x1050 (backprop-rodinia-2.4.sm_75.ptx:80) @%p3 bra BB0_7;
warp 0 :  PC=0x1058 (backprop-rodinia-2.4.sm_75.ptx:82) mov.f32 %f12, 0f40000000;
warp 0 :  PC=0x1060 (backprop-rodinia-2.4.sm_75.ptx:83) lg2.approx.f32 %f2, %f12;
warp 0 :  PC=0x1068 (backprop-rodinia-2.4.sm_75.ptx:84) mov.u32 %r36, 1;
warp 0 :  PC=0x1070 (backprop-rodinia-2.4.sm_75.ptx:85) mov.f32 %f20, 0f3F800000;
warp 0 :  PC=0x1078 (backprop-rodinia-2.4.sm_75.ptx:88) mul.f32 %f13, %f20, %f2;
warp 0 :  PC=0x1080 (backprop-rodinia-2.4.sm_75.ptx:89) ex2.approx.f32 %f14, %f13;
warp 0 :  PC=0x1088 (backprop-rodinia-2.4.sm_75.ptx:90) cvt.rzi.s32.f32%r9, %f14;
warp 0 :  PC=0x1090 (backprop-rodinia-2.4.sm_75.ptx:91) rem.s32 %r22, %r2, %r9;
warp 0 :  PC=0x1098 (backprop-rodinia-2.4.sm_75.ptx:92) setp.ne.s32%p4, %r22, 0;
warp 0 :  PC=0x10a0 (backprop-rodinia-2.4.sm_75.ptx:93) @%p4 bra BB0_6;
warp 0 :  PC=0x10a8 (backprop-rodinia-2.4.sm_75.ptx:95) ld.shared.f32 %f15, [%r7];
warp 0 :  PC=0x10b0 (backprop-rodinia-2.4.sm_75.ptx:96) shr.u32 %r23, %r9, 31;
warp 0 :  PC=0x10b8 (backprop-rodinia-2.4.sm_75.ptx:97) add.s32 %r24, %r9, %r23;
warp 0 :  PC=0x10c0 (backprop-rodinia-2.4.sm_75.ptx:98) shr.u32 %r25, %r24, 1;
warp 0 :  PC=0x10c8 (backprop-rodinia-2.4.sm_75.ptx:99) add.s32 %r26, %r25, %r2;
warp 0 :  PC=0x10d0 (backprop-rodinia-2.4.sm_75.ptx:100) shl.b32 %r27, %r26, 6;
warp 0 :  PC=0x10d8 (backprop-rodinia-2.4.sm_75.ptx:101) add.s32 %r29, %r18, %r27;
warp 0 :  PC=0x10e0 (backprop-rodinia-2.4.sm_75.ptx:102) add.s32 %r31, %r29, %r20;
warp 0 :  PC=0x10e8 (backprop-rodinia-2.4.sm_75.ptx:103) ld.shared.f32 %f16, [%r31];
warp 0 :  PC=0x10f0 (backprop-rodinia-2.4.sm_75.ptx:104) add.f32 %f17, %f15, %f16;
warp 0 :  PC=0x10f8 (backprop-rodinia-2.4.sm_75.ptx:105) st.shared.f32 [%r7], %f17;
warp 0 :  PC=0x1100 (backprop-rodinia-2.4.sm_75.ptx:108) bar.sync 0;
warp 0 :  PC=0x1108 (backprop-rodinia-2.4.sm_75.ptx:109) add.s32 %r36, %r36, 1;
warp 0 :  PC=0x1110 (backprop-rodinia-2.4.sm_75.ptx:110) cvt.rn.f32.s32%f20, %r36;
warp 0 :  PC=0x1118 (backprop-rodinia-2.4.sm_75.ptx:111) setp.le.f32%p5, %f20, %f1;
warp 0 :  PC=0x1120 (backprop-rodinia-2.4.sm_75.ptx:112) @%p5 bra BB0_4;
warp 0 :  PC=0x1078 (backprop-rodinia-2.4.sm_75.ptx:88) mul.f32 %f13, %f20, %f2;
warp 0 :  PC=0x1080 (backprop-rodinia-2.4.sm_75.ptx:89) ex2.approx.f32 %f14, %f13;
warp 0 :  PC=0x1088 (backprop-rodinia-2.4.sm_75.ptx:90) cvt.rzi.s32.f32%r9, %f14;
warp 0 :  PC=0x1090 (backprop-rodinia-2.4.sm_75.ptx:91) rem.s32 %r22, %r2, %r9;
warp 0 :  PC=0x1098 (backprop-rodinia-2.4.sm_75.ptx:92) setp.ne.s32%p4, %r22, 0;
warp 0 :  PC=0x10a0 (backprop-rodinia-2.4.sm_75.ptx:93) @%p4 bra BB0_6;
warp 0 :  PC=0x10a8 (backprop-rodinia-2.4.sm_75.ptx:95) ld.shared.f32 %f15, [%r7];
warp 0 :  PC=0x10b0 (backprop-rodinia-2.4.sm_75.ptx:96) shr.u32 %r23, %r9, 31;
warp 0 :  PC=0x10b8 (backprop-rodinia-2.4.sm_75.ptx:97) add.s32 %r24, %r9, %r23;
warp 0 :  PC=0x10c0 (backprop-rodinia-2.4.sm_75.ptx:98) shr.u32 %r25, %r24, 1;
warp 0 :  PC=0x10c8 (backprop-rodinia-2.4.sm_75.ptx:99) add.s32 %r26, %r25, %r2;
warp 0 :  PC=0x10d0 (backprop-rodinia-2.4.sm_75.ptx:100) shl.b32 %r27, %r26, 6;
warp 0 :  PC=0x10d8 (backprop-rodinia-2.4.sm_75.ptx:101) add.s32 %r29, %r18, %r27;
warp 0 :  PC=0x10e0 (backprop-rodinia-2.4.sm_75.ptx:102) add.s32 %r31, %r29, %r20;
warp 0 :  PC=0x10e8 (backprop-rodinia-2.4.sm_75.ptx:103) ld.shared.f32 %f16, [%r31];
warp 0 :  PC=0x10f0 (backprop-rodinia-2.4.sm_75.ptx:104) add.f32 %f17, %f15, %f16;
warp 0 :  PC=0x10f8 (backprop-rodinia-2.4.sm_75.ptx:105) st.shared.f32 [%r7], %f17;
warp 0 :  PC=0x1100 (backprop-rodinia-2.4.sm_75.ptx:108) bar.sync 0;
warp 0 :  PC=0x1108 (backprop-rodinia-2.4.sm_75.ptx:109) add.s32 %r36, %r36, 1;
warp 0 :  PC=0x1110 (backprop-rodinia-2.4.sm_75.ptx:110) cvt.rn.f32.s32%f20, %r36;
warp 0 :  PC=0x1118 (backprop-rodinia-2.4.sm_75.ptx:111) setp.le.f32%p5, %f20, %f1;
warp 0 :  PC=0x1120 (backprop-rodinia-2.4.sm_75.ptx:112) @%p5 bra BB0_4;
warp 0 :  PC=0x1078 (backprop-rodinia-2.4.sm_75.ptx:88) mul.f32 %f13, %f20, %f2;
warp 0 :  PC=0x1080 (backprop-rodinia-2.4.sm_75.ptx:89) ex2.approx.f32 %f14, %f13;
warp 0 :  PC=0x1088 (backprop-rodinia-2.4.sm_75.ptx:90) cvt.rzi.s32.f32%r9, %f14;
warp 0 :  PC=0x1090 (backprop-rodinia-2.4.sm_75.ptx:91) rem.s32 %r22, %r2, %r9;
warp 0 :  PC=0x1098 (backprop-rodinia-2.4.sm_75.ptx:92) setp.ne.s32%p4, %r22, 0;
warp 0 :  PC=0x10a0 (backprop-rodinia-2.4.sm_75.ptx:93) @%p4 bra BB0_6;
warp 0 :  PC=0x10a8 (backprop-rodinia-2.4.sm_75.ptx:95) ld.shared.f32 %f15, [%r7];
warp 0 :  PC=0x10b0 (backprop-rodinia-2.4.sm_75.ptx:96) shr.u32 %r23, %r9, 31;
warp 0 :  PC=0x10b8 (backprop-rodinia-2.4.sm_75.ptx:97) add.s32 %r24, %r9, %r23;
warp 0 :  PC=0x10c0 (backprop-rodinia-2.4.sm_75.ptx:98) shr.u32 %r25, %r24, 1;
warp 0 :  PC=0x10c8 (backprop-rodinia-2.4.sm_75.ptx:99) add.s32 %r26, %r25, %r2;
warp 0 :  PC=0x10d0 (backprop-rodinia-2.4.sm_75.ptx:100) shl.b32 %r27, %r26, 6;
warp 0 :  PC=0x10d8 (backprop-rodinia-2.4.sm_75.ptx:101) add.s32 %r29, %r18, %r27;
warp 0 :  PC=0x10e0 (backprop-rodinia-2.4.sm_75.ptx:102) add.s32 %r31, %r29, %r20;
warp 0 :  PC=0x10e8 (backprop-rodinia-2.4.sm_75.ptx:103) ld.shared.f32 %f16, [%r31];
warp 0 :  PC=0x10f0 (backprop-rodinia-2.4.sm_75.ptx:104) add.f32 %f17, %f15, %f16;
warp 0 :  PC=0x10f8 (backprop-rodinia-2.4.sm_75.ptx:105) st.shared.f32 [%r7], %f17;
warp 0 :  PC=0x1100 (backprop-rodinia-2.4.sm_75.ptx:108) bar.sync 0;
warp 0 :  PC=0x1108 (backprop-rodinia-2.4.sm_75.ptx:109) add.s32 %r36, %r36, 1;
warp 0 :  PC=0x1110 (backprop-rodinia-2.4.sm_75.ptx:110) cvt.rn.f32.s32%f20, %r36;
warp 0 :  PC=0x1118 (backprop-rodinia-2.4.sm_75.ptx:111) setp.le.f32%p5, %f20, %f1;
warp 0 :  PC=0x1120 (backprop-rodinia-2.4.sm_75.ptx:112) @%p5 bra BB0_4;
warp 0 :  PC=0x1078 (backprop-rodinia-2.4.sm_75.ptx:88) mul.f32 %f13, %f20, %f2;
warp 0 :  PC=0x1080 (backprop-rodinia-2.4.sm_75.ptx:89) ex2.approx.f32 %f14, %f13;
warp 0 :  PC=0x1088 (backprop-rodinia-2.4.sm_75.ptx:90) cvt.rzi.s32.f32%r9, %f14;
warp 0 :  PC=0x1090 (backprop-rodinia-2.4.sm_75.ptx:91) rem.s32 %r22, %r2, %r9;
warp 0 :  PC=0x1098 (backprop-rodinia-2.4.sm_75.ptx:92) setp.ne.s32%p4, %r22, 0;
warp 0 :  PC=0x10a0 (backprop-rodinia-2.4.sm_75.ptx:93) @%p4 bra BB0_6;
warp 0 :  PC=0x10a8 (backprop-rodinia-2.4.sm_75.ptx:95) ld.shared.f32 %f15, [%r7];
warp 0 :  PC=0x10b0 (backprop-rodinia-2.4.sm_75.ptx:96) shr.u32 %r23, %r9, 31;
warp 0 :  PC=0x10b8 (backprop-rodinia-2.4.sm_75.ptx:97) add.s32 %r24, %r9, %r23;
warp 0 :  PC=0x10c0 (backprop-rodinia-2.4.sm_75.ptx:98) shr.u32 %r25, %r24, 1;
warp 0 :  PC=0x10c8 (backprop-rodinia-2.4.sm_75.ptx:99) add.s32 %r26, %r25, %r2;
warp 0 :  PC=0x10d0 (backprop-rodinia-2.4.sm_75.ptx:100) shl.b32 %r27, %r26, 6;
warp 0 :  PC=0x10d8 (backprop-rodinia-2.4.sm_75.ptx:101) add.s32 %r29, %r18, %r27;
warp 0 :  PC=0x10e0 (backprop-rodinia-2.4.sm_75.ptx:102) add.s32 %r31, %r29, %r20;
warp 0 :  PC=0x10e8 (backprop-rodinia-2.4.sm_75.ptx:103) ld.shared.f32 %f16, [%r31];
warp 0 :  PC=0x10f0 (backprop-rodinia-2.4.sm_75.ptx:104) add.f32 %f17, %f15, %f16;
warp 0 :  PC=0x10f8 (backprop-rodinia-2.4.sm_75.ptx:105) st.shared.f32 [%r7], %f17;
warp 0 :  PC=0x1100 (backprop-rodinia-2.4.sm_75.ptx:108) bar.sync 0;
warp 0 :  PC=0x1108 (backprop-rodinia-2.4.sm_75.ptx:109) add.s32 %r36, %r36, 1;
warp 0 :  PC=0x1110 (backprop-rodinia-2.4.sm_75.ptx:110) cvt.rn.f32.s32%f20, %r36;
warp 0 :  PC=0x1118 (backprop-rodinia-2.4.sm_75.ptx:111) setp.le.f32%p5, %f20, %f1;
warp 0 :  PC=0x1120 (backprop-rodinia-2.4.sm_75.ptx:112) @%p5 bra BB0_4;
warp 0 :  PC=0x1128 (backprop-rodinia-2.4.sm_75.ptx:115) setp.eq.s32%p1, %r4, 0;
warp 0 :  PC=0x1130 (backprop-rodinia-2.4.sm_75.ptx:116) ld.shared.f32 %f18, [%r7];
warp 0 :  PC=0x1138 (backprop-rodinia-2.4.sm_75.ptx:117) st.global.f32 [%rd2+8], %f18;
warp 0 :  PC=0x1140 (backprop-rodinia-2.4.sm_75.ptx:118) bar.sync 0;
warp 0 :  PC=0x1148 (backprop-rodinia-2.4.sm_75.ptx:119) @!%p1 bra BB0_9;
warp 0 :  PC=0x1150 (backprop-rodinia-2.4.sm_75.ptx:120) bra.uni BB0_8;
warp 0 :  PC=0x1158 (backprop-rodinia-2.4.sm_75.ptx:123) cvta.to.global.u64 %rd10, %rd5;
warp 0 :  PC=0x1160 (backprop-rodinia-2.4.sm_75.ptx:124) add.s32 %r34, %r18, %r13;
warp 0 :  PC=0x1168 (backprop-rodinia-2.4.sm_75.ptx:125) ld.shared.f32 %f19, [%r34];
warp 0 :  PC=0x1170 (backprop-rodinia-2.4.sm_75.ptx:126) mad.lo.s32 %r35, %r1, %r11, %r2;
warp 0 :  PC=0x1178 (backprop-rodinia-2.4.sm_75.ptx:127) mul.wide.s32 %rd11, %r35, 4;
warp 0 :  PC=0x1180 (backprop-rodinia-2.4.sm_75.ptx:128) add.s64 %rd12, %rd10, %rd11;
warp 0 :  PC=0x1188 (backprop-rodinia-2.4.sm_75.ptx:129) st.global.f32 [%rd12], %f19;
warp 0 :  PC=0x1190 (backprop-rodinia-2.4.sm_75.ptx:132) ret;
kernel_execution_time : 1037