warp 0 :  PC=0x1198 (backprop-rodinia-2.4.sm_75.ptx:152) ld.param.u64 %rd4, [_Z24bpnn_adjust_weights_cudaPfiS_iS_S__param_0];
warp 0 :  PC=0x11a0 (backprop-rodinia-2.4.sm_75.ptx:153) ld.param.u32 %r4, [_Z24bpnn_adjust_weights_cudaPfiS_iS_S__param_1];
warp 0 :  PC=0x11a8 (backprop-rodinia-2.4.sm_75.ptx:154) ld.param.u64 %rd5, [_Z24bpnn_adjust_weights_cudaPfiS_iS_S__param_2];
warp 0 :  PC=0x11b0 (backprop-rodinia-2.4.sm_75.ptx:155) ld.param.u64 %rd6, [_Z24bpnn_adjust_weights_cudaPfiS_iS_S__param_4];
warp 0 :  PC=0x11b8 (backprop-rodinia-2.4.sm_75.ptx:156) ld.param.u64 %rd7, [_Z24bpnn_adjust_weights_cudaPfiS_iS_S__param_5];
warp 0 :  PC=0x11c0 (backprop-rodinia-2.4.sm_75.ptx:157) cvta.to.global.u64 %rd1, %rd6;
warp 0 :  PC=0x11c8 (backprop-rodinia-2.4.sm_75.ptx:158) mov.u32 %r1, %ctaid.y;
warp 0 :  PC=0x11d0 (backprop-rodinia-2.4.sm_75.ptx:159) shl.b32 %r5, %r1, 4;
warp 0 :  PC=0x11d8 (backprop-rodinia-2.4.sm_75.ptx:160) mov.u32 %r2, %tid.y;
warp 0 :  PC=0x11e0 (backprop-rodinia-2.4.sm_75.ptx:161) add.s32 %r6, %r2, %r5;
warp 0 :  PC=0x11e8 (backprop-rodinia-2.4.sm_75.ptx:162) add.s32 %r7, %r4, 1;
warp 0 :  PC=0x11f0 (backprop-rodinia-2.4.sm_75.ptx:163) mov.u32 %r3, %tid.x;
warp 0 :  PC=0x11f8 (backprop-rodinia-2.4.sm_75.ptx:164) add.s32 %r8, %r4, %r3;
warp 0 :  PC=0x1200 (backprop-rodinia-2.4.sm_75.ptx:165) mad.lo.s32 %r9, %r6, %r7, %r8;
warp 0 :  PC=0x1208 (backprop-rodinia-2.4.sm_75.ptx:166) cvta.to.global.u64 %rd8, %rd4;
warp 0 :  PC=0x1210 (backprop-rodinia-2.4.sm_75.ptx:167) mul.wide.s32 %rd9, %r3, 4;
warp 0 :  PC=0x1218 (backprop-rodinia-2.4.sm_75.ptx:168) add.s64 %rd2, %rd8, %rd9;
warp 0 :  PC=0x1220 (backprop-rodinia-2.4.sm_75.ptx:169) ld.global.f32 %f1, [%rd2+4];
warp 0 :  PC=0x1228 (backprop-rodinia-2.4.sm_75.ptx:170) cvt.f64.f32%fd1, %f1;
warp 0 :  PC=0x1230 (backprop-rodinia-2.4.sm_75.ptx:171) mul.f64 %fd2, %fd1, 0d3FD3333333333333;
warp 0 :  PC=0x1238 (backprop-rodinia-2.4.sm_75.ptx:172) cvta.to.global.u64 %rd10, %rd5;
warp 0 :  PC=0x1240 (backprop-rodinia-2.4.sm_75.ptx:173) mul.wide.s32 %rd11, %r6, 4;
warp 0 :  PC=0x1248 (backprop-rodinia-2.4.sm_75.ptx:174) add.s64 %rd12, %rd10, %rd11;
warp 0 :  PC=0x1250 (backprop-rodinia-2.4.sm_75.ptx:175) ld.global.f32 %f2, [%rd12+4];
warp 0 :  PC=0x1258 (backprop-rodinia-2.4.sm_75.ptx:176) cvt.f64.f32%fd3, %f2;
warp 0 :  PC=0x1260 (backprop-rodinia-2.4.sm_75.ptx:177) cvta.to.global.u64 %rd3, %rd7;
warp 0 :  PC=0x1268 (backprop-rodinia-2.4.sm_75.ptx:178) mul.wide.s32 %rd13, %r9, 4;
warp 0 :  PC=0x1270 (backprop-rodinia-2.4.sm_75.ptx:179) add.s64 %rd14, %rd3, %rd13;
warp 0 :  PC=0x1278 (backprop-rodinia-2.4.sm_75.ptx:180) ld.global.f32 %f3, [%rd14+8];
warp 0 :  PC=0x1280 (backprop-rodinia-2.4.sm_75.ptx:181) cvt.f64.f32%fd4, %f3;
warp 0 :  PC=0x1288 (backprop-rodinia-2.4.sm_75.ptx:182) mul.f64 %fd5, %fd4, 0d3FD3333333333333;
warp 0 :  PC=0x1290 (backprop-rodinia-2.4.sm_75.ptx:183) fma.rn.f64 %fd6, %fd2, %fd3, %fd5;
warp 0 :  PC=0x1298 (backprop-rodinia-2.4.sm_75.ptx:184) add.s64 %rd15, %rd1, %rd13;
warp 0 :  PC=0x12a0 (backprop-rodinia-2.4.sm_75.ptx:185) ld.global.f32 %f4, [%rd15+8];
warp 0 :  PC=0x12a8 (backprop-rodinia-2.4.sm_75.ptx:186) cvt.f64.f32%fd7, %f4;
warp 0 :  PC=0x12b0 (backprop-rodinia-2.4.sm_75.ptx:187) add.f64 %fd8, %fd7, %fd6;
warp 0 :  PC=0x12b8 (backprop-rodinia-2.4.sm_75.ptx:188) cvt.rn.f32.f64%f5, %fd8;
warp 0 :  PC=0x12c0 (backprop-rodinia-2.4.sm_75.ptx:189) st.global.f32 [%rd15+8], %f5;
warp 0 :  PC=0x12c8 (backprop-rodinia-2.4.sm_75.ptx:190) ld.global.f32 %f6, [%rd2+4];
warp 0 :  PC=0x12d0 (backprop-rodinia-2.4.sm_75.ptx:191) cvt.f64.f32%fd9, %f6;
warp 0 :  PC=0x12d8 (backprop-rodinia-2.4.sm_75.ptx:192) mul.f64 %fd10, %fd9, 0d3FD3333333333333;
warp 0 :  PC=0x12e0 (backprop-rodinia-2.4.sm_75.ptx:193) ld.global.f32 %f7, [%rd12+4];
warp 0 :  PC=0x12e8 (backprop-rodinia-2.4.sm_75.ptx:194) cvt.f64.f32%fd11, %f7;
warp 0 :  PC=0x12f0 (backprop-rodinia-2.4.sm_75.ptx:195) ld.global.f32 %f8, [%rd14+8];
warp 0 :  PC=0x12f8 (backprop-rodinia-2.4.sm_75.ptx:196) cvt.f64.f32%fd12, %f8;
warp 0 :  PC=0x1300 (backprop-rodinia-2.4.sm_75.ptx:197) mul.f64 %fd13, %fd12, 0d3FD3333333333333;
warp 0 :  PC=0x1308 (backprop-rodinia-2.4.sm_75.ptx:198) fma.rn.f64 %fd14, %fd10, %fd11, %fd13;
warp 0 :  PC=0x1310 (backprop-rodinia-2.4.sm_75.ptx:199) cvt.rn.f32.f64%f9, %fd14;
warp 0 :  PC=0x1318 (backprop-rodinia-2.4.sm_75.ptx:200) st.global.f32 [%rd14+8], %f9;
warp 0 :  PC=0x1320 (backprop-rodinia-2.4.sm_75.ptx:201) bar.sync 0;
warp 0 :  PC=0x1328 (backprop-rodinia-2.4.sm_75.ptx:202) or.b32 %r10, %r2, %r1;
warp 0 :  PC=0x1330 (backprop-rodinia-2.4.sm_75.ptx:203) setp.ne.s32%p1, %r10, 0;
warp 0 :  PC=0x1338 (backprop-rodinia-2.4.sm_75.ptx:204) @%p1 bra BB1_2;
warp 0 :  PC=0x1340 (backprop-rodinia-2.4.sm_75.ptx:206) add.s32 %r11, %r3, 1;
warp 0 :  PC=0x1348 (backprop-rodinia-2.4.sm_75.ptx:207) ld.global.f32 %f10, [%rd2+4];
warp 0 :  PC=0x1350 (backprop-rodinia-2.4.sm_75.ptx:208) cvt.f64.f32%fd15, %f10;
warp 0 :  PC=0x1358 (backprop-rodinia-2.4.sm_75.ptx:209) mul.wide.s32 %rd16, %r11, 4;
warp 0 :  PC=0x1360 (backprop-rodinia-2.4.sm_75.ptx:210) add.s64 %rd17, %rd3, %rd16;
warp 0 :  PC=0x1368 (backprop-rodinia-2.4.sm_75.ptx:211) ld.global.f32 %f11, [%rd17];
warp 0 :  PC=0x1370 (backprop-rodinia-2.4.sm_75.ptx:212) cvt.f64.f32%fd16, %f11;
warp 0 :  PC=0x1378 (backprop-rodinia-2.4.sm_75.ptx:213) mul.f64 %fd17, %fd16, 0d3FD3333333333333;
warp 0 :  PC=0x1380 (backprop-rodinia-2.4.sm_75.ptx:214) fma.rn.f64 %fd18, %fd15, 0d3FD3333333333333, %fd17;
warp 0 :  PC=0x1388 (backprop-rodinia-2.4.sm_75.ptx:215) add.s64 %rd18, %rd1, %rd16;
warp 0 :  PC=0x1390 (backprop-rodinia-2.4.sm_75.ptx:216) ld.global.f32 %f12, [%rd18];
warp 0 :  PC=0x1398 (backprop-rodinia-2.4.sm_75.ptx:217) cvt.f64.f32%fd19, %f12;
warp 0 :  PC=0x13a0 (backprop-rodinia-2.4.sm_75.ptx:218) add.f64 %fd20, %fd19, %fd18;
warp 0 :  PC=0x13a8 (backprop-rodinia-2.4.sm_75.ptx:219) cvt.rn.f32.f64%f13, %fd20;
warp 0 :  PC=0x13b0 (backprop-rodinia-2.4.sm_75.ptx:220) st.global.f32 [%rd18], %f13;
warp 0 :  PC=0x13b8 (backprop-rodinia-2.4.sm_75.ptx:221) ld.global.f32 %f14, [%rd2+4];
warp 0 :  PC=0x13c0 (backprop-rodinia-2.4.sm_75.ptx:222) cvt.f64.f32%fd21, %f14;
warp 0 :  PC=0x13c8 (backprop-rodinia-2.4.sm_75.ptx:223) ld.global.f32 %f15, [%rd17];
warp 0 :  PC=0x13d0 (backprop-rodinia-2.4.sm_75.ptx:224) cvt.f64.f32%fd22, %f15;
warp 0 :  PC=0x13d8 (backprop-rodinia-2.4.sm_75.ptx:225) mul.f64 %fd23, %fd22, 0d3FD3333333333333;
warp 0 :  PC=0x13e0 (backprop-rodinia-2.4.sm_75.ptx:226) fma.rn.f64 %fd24, %fd21, 0d3FD3333333333333, %fd23;
warp 0 :  PC=0x13e8 (backprop-rodinia-2.4.sm_75.ptx:227) cvt.rn.f32.f64%f16, %fd24;
warp 0 :  PC=0x13f0 (backprop-rodinia-2.4.sm_75.ptx:228) st.global.f32 [%rd17], %f16;
warp 0 :  PC=0x13f8 (backprop-rodinia-2.4.sm_75.ptx:231) ret;
kernel_execution_time : 1015