warp 0 :  PC=0x15a8 (streamcluster-rodinia-2.4.sm_75.ptx:35) ld.param.u32 %r31, [_Z12pgain_kerneliilP5PointiPfS1_PiPb_param_0];
warp 0 :  PC=0x15b0 (streamcluster-rodinia-2.4.sm_75.ptx:36) ld.param.u32 %r32, [_Z12pgain_kerneliilP5PointiPfS1_PiPb_param_1];
warp 0 :  PC=0x15b8 (streamcluster-rodinia-2.4.sm_75.ptx:37) ld.param.u64 %rd7, [_Z12pgain_kerneliilP5PointiPfS1_PiPb_param_2];
warp 0 :  PC=0x15c0 (streamcluster-rodinia-2.4.sm_75.ptx:38) ld.param.u64 %rd8, [_Z12pgain_kerneliilP5PointiPfS1_PiPb_param_3];
warp 0 :  PC=0x15c8 (streamcluster-rodinia-2.4.sm_75.ptx:39) ld.param.u32 %r33, [_Z12pgain_kerneliilP5PointiPfS1_PiPb_param_4];
warp 0 :  PC=0x15d0 (streamcluster-rodinia-2.4.sm_75.ptx:40) ld.param.u64 %rd9, [_Z12pgain_kerneliilP5PointiPfS1_PiPb_param_5];
warp 0 :  PC=0x15d8 (streamcluster-rodinia-2.4.sm_75.ptx:41) ld.param.u64 %rd10, [_Z12pgain_kerneliilP5PointiPfS1_PiPb_param_6];
warp 0 :  PC=0x15e0 (streamcluster-rodinia-2.4.sm_75.ptx:42) ld.param.u64 %rd11, [_Z12pgain_kerneliilP5PointiPfS1_PiPb_param_7];
warp 0 :  PC=0x15e8 (streamcluster-rodinia-2.4.sm_75.ptx:43) ld.param.u64 %rd12, [_Z12pgain_kerneliilP5PointiPfS1_PiPb_param_8];
warp 0 :  PC=0x15f0 (streamcluster-rodinia-2.4.sm_75.ptx:44) mov.u32 %r34, %tid.x;
warp 0 :  PC=0x15f8 (streamcluster-rodinia-2.4.sm_75.ptx:45) setp.eq.s32%p2, %r34, 0;
warp 0 :  PC=0x1600 (streamcluster-rodinia-2.4.sm_75.ptx:46) setp.gt.s32%p3, %r32, 0;
warp 0 :  PC=0x1608 (streamcluster-rodinia-2.4.sm_75.ptx:47) and.pred %p4, %p2, %p3;
warp 0 :  PC=0x1610 (streamcluster-rodinia-2.4.sm_75.ptx:48) @!%p4 bra BB0_10;
warp 0 :  PC=0x1618 (streamcluster-rodinia-2.4.sm_75.ptx:49) bra.uni BB0_1;
warp 0 :  PC=0x1620 (streamcluster-rodinia-2.4.sm_75.ptx:52) and.b32 %r38, %r32, 3;
warp 0 :  PC=0x1628 (streamcluster-rodinia-2.4.sm_75.ptx:53) mov.u32 %r104, 0;
warp 0 :  PC=0x1630 (streamcluster-rodinia-2.4.sm_75.ptx:54) setp.eq.s32%p5, %r38, 0;
warp 0 :  PC=0x1638 (streamcluster-rodinia-2.4.sm_75.ptx:55) @%p5 bra BB0_7;
warp 0 :  PC=0x1758 (streamcluster-rodinia-2.4.sm_75.ptx:100) setp.lt.u32%p8, %r32, 4;
warp 0 :  PC=0x1760 (streamcluster-rodinia-2.4.sm_75.ptx:101) @%p8 bra BB0_10;
warp 0 :  PC=0x1768 (streamcluster-rodinia-2.4.sm_75.ptx:103) shl.b32 %r49, %r104, 2;
warp 0 :  PC=0x1770 (streamcluster-rodinia-2.4.sm_75.ptx:104) mov.u32 %r50, coord_s;
warp 0 :  PC=0x1778 (streamcluster-rodinia-2.4.sm_75.ptx:105) add.s32 %r108, %r50, %r49;
warp 0 :  PC=0x1780 (streamcluster-rodinia-2.4.sm_75.ptx:106) mul.lo.s32 %r107, %r104, %r31;
warp 0 :  PC=0x1788 (streamcluster-rodinia-2.4.sm_75.ptx:107) mul.wide.s32 %rd1, %r31, 4;
warp 0 :  PC=0x1790 (streamcluster-rodinia-2.4.sm_75.ptx:108) cvta.to.global.u64 %rd2, %rd9;
warp 0 :  PC=0x1798 (streamcluster-rodinia-2.4.sm_75.ptx:111) cvt.s64.s32%rd26, %r107;
warp 0 :  PC=0x17a0 (streamcluster-rodinia-2.4.sm_75.ptx:112) add.s64 %rd27, %rd26, %rd7;
warp 0 :  PC=0x17a8 (streamcluster-rodinia-2.4.sm_75.ptx:113) shl.b64 %rd28, %rd27, 2;
warp 0 :  PC=0x17b0 (streamcluster-rodinia-2.4.sm_75.ptx:114) add.s64 %rd29, %rd2, %rd28;
warp 0 :  PC=0x17b8 (streamcluster-rodinia-2.4.sm_75.ptx:115) ld.global.f32 %f17, [%rd29];
warp 0 :  PC=0x17c0 (streamcluster-rodinia-2.4.sm_75.ptx:116) st.shared.f32 [%r108], %f17;
warp 0 :  PC=0x17c8 (streamcluster-rodinia-2.4.sm_75.ptx:117) add.s64 %rd30, %rd29, %rd1;
warp 0 :  PC=0x17d0 (streamcluster-rodinia-2.4.sm_75.ptx:118) ld.global.f32 %f18, [%rd30];
warp 0 :  PC=0x17d8 (streamcluster-rodinia-2.4.sm_75.ptx:119) st.shared.f32 [%r108+4], %f18;
warp 0 :  PC=0x17e0 (streamcluster-rodinia-2.4.sm_75.ptx:120) add.s64 %rd31, %rd30, %rd1;
warp 0 :  PC=0x17e8 (streamcluster-rodinia-2.4.sm_75.ptx:121) ld.global.f32 %f19, [%rd31];
warp 0 :  PC=0x17f0 (streamcluster-rodinia-2.4.sm_75.ptx:122) st.shared.f32 [%r108+8], %f19;
warp 0 :  PC=0x17f8 (streamcluster-rodinia-2.4.sm_75.ptx:123) add.s64 %rd32, %rd31, %rd1;
warp 0 :  PC=0x1800 (streamcluster-rodinia-2.4.sm_75.ptx:124) ld.global.f32 %f20, [%rd32];
warp 0 :  PC=0x1808 (streamcluster-rodinia-2.4.sm_75.ptx:125) st.shared.f32 [%r108+12], %f20;
warp 0 :  PC=0x1810 (streamcluster-rodinia-2.4.sm_75.ptx:126) add.s32 %r108, %r108, 16;
warp 0 :  PC=0x1818 (streamcluster-rodinia-2.4.sm_75.ptx:127) mad.lo.s32 %r107, %r31, 4, %r107;
warp 0 :  PC=0x1820 (streamcluster-rodinia-2.4.sm_75.ptx:128) add.s32 %r104, %r104, 4;
warp 0 :  PC=0x1828 (streamcluster-rodinia-2.4.sm_75.ptx:129) setp.lt.s32%p9, %r104, %r32;
warp 0 :  PC=0x1830 (streamcluster-rodinia-2.4.sm_75.ptx:130) @%p9 bra BB0_9;
warp 0 :  PC=0x1798 (streamcluster-rodinia-2.4.sm_75.ptx:111) cvt.s64.s32%rd26, %r107;
warp 0 :  PC=0x17a0 (streamcluster-rodinia-2.4.sm_75.ptx:112) add.s64 %rd27, %rd26, %rd7;
warp 0 :  PC=0x17a8 (streamcluster-rodinia-2.4.sm_75.ptx:113) shl.b64 %rd28, %rd27, 2;
warp 0 :  PC=0x17b0 (streamcluster-rodinia-2.4.sm_75.ptx:114) add.s64 %rd29, %rd2, %rd28;
warp 0 :  PC=0x17b8 (streamcluster-rodinia-2.4.sm_75.ptx:115) ld.global.f32 %f17, [%rd29];
warp 0 :  PC=0x17c0 (streamcluster-rodinia-2.4.sm_75.ptx:116) st.shared.f32 [%r108], %f17;
warp 0 :  PC=0x17c8 (streamcluster-rodinia-2.4.sm_75.ptx:117) add.s64 %rd30, %rd29, %rd1;
warp 0 :  PC=0x17d0 (streamcluster-rodinia-2.4.sm_75.ptx:118) ld.global.f32 %f18, [%rd30];
warp 0 :  PC=0x17d8 (streamcluster-rodinia-2.4.sm_75.ptx:119) st.shared.f32 [%r108+4], %f18;
warp 0 :  PC=0x17e0 (streamcluster-rodinia-2.4.sm_75.ptx:120) add.s64 %rd31, %rd30, %rd1;
warp 0 :  PC=0x17e8 (streamcluster-rodinia-2.4.sm_75.ptx:121) ld.global.f32 %f19, [%rd31];
warp 0 :  PC=0x17f0 (streamcluster-rodinia-2.4.sm_75.ptx:122) st.shared.f32 [%r108+8], %f19;
warp 0 :  PC=0x17f8 (streamcluster-rodinia-2.4.sm_75.ptx:123) add.s64 %rd32, %rd31, %rd1;
warp 0 :  PC=0x1800 (streamcluster-rodinia-2.4.sm_75.ptx:124) ld.global.f32 %f20, [%rd32];
warp 0 :  PC=0x1808 (streamcluster-rodinia-2.4.sm_75.ptx:125) st.shared.f32 [%r108+12], %f20;
warp 0 :  PC=0x1810 (streamcluster-rodinia-2.4.sm_75.ptx:126) add.s32 %r108, %r108, 16;
warp 0 :  PC=0x1818 (streamcluster-rodinia-2.4.sm_75.ptx:127) mad.lo.s32 %r107, %r31, 4, %r107;
warp 0 :  PC=0x1820 (streamcluster-rodinia-2.4.sm_75.ptx:128) add.s32 %r104, %r104, 4;
warp 0 :  PC=0x1828 (streamcluster-rodinia-2.4.sm_75.ptx:129) setp.lt.s32%p9, %r104, %r32;
warp 0 :  PC=0x1830 (streamcluster-rodinia-2.4.sm_75.ptx:130) @%p9 bra BB0_9;
warp 0 :  PC=0x1798 (streamcluster-rodinia-2.4.sm_75.ptx:111) cvt.s64.s32%rd26, %r107;
warp 0 :  PC=0x17a0 (streamcluster-rodinia-2.4.sm_75.ptx:112) add.s64 %rd27, %rd26, %rd7;
warp 0 :  PC=0x17a8 (streamcluster-rodinia-2.4.sm_75.ptx:113) shl.b64 %rd28, %rd27, 2;
warp 0 :  PC=0x17b0 (streamcluster-rodinia-2.4.sm_75.ptx:114) add.s64 %rd29, %rd2, %rd28;
warp 0 :  PC=0x17b8 (streamcluster-rodinia-2.4.sm_75.ptx:115) ld.global.f32 %f17, [%rd29];
warp 0 :  PC=0x17c0 (streamcluster-rodinia-2.4.sm_75.ptx:116) st.shared.f32 [%r108], %f17;
warp 0 :  PC=0x17c8 (streamcluster-rodinia-2.4.sm_75.ptx:117) add.s64 %rd30, %rd29, %rd1;
warp 0 :  PC=0x17d0 (streamcluster-rodinia-2.4.sm_75.ptx:118) ld.global.f32 %f18, [%rd30];
warp 0 :  PC=0x17d8 (streamcluster-rodinia-2.4.sm_75.ptx:119) st.shared.f32 [%r108+4], %f18;
warp 0 :  PC=0x17e0 (streamcluster-rodinia-2.4.sm_75.ptx:120) add.s64 %rd31, %rd30, %rd1;
warp 0 :  PC=0x17e8 (streamcluster-rodinia-2.4.sm_75.ptx:121) ld.global.f32 %f19, [%rd31];
warp 0 :  PC=0x17f0 (streamcluster-rodinia-2.4.sm_75.ptx:122) st.shared.f32 [%r108+8], %f19;
warp 0 :  PC=0x17f8 (streamcluster-rodinia-2.4.sm_75.ptx:123) add.s64 %rd32, %rd31, %rd1;
warp 0 :  PC=0x1800 (streamcluster-rodinia-2.4.sm_75.ptx:124) ld.global.f32 %f20, [%rd32];
warp 0 :  PC=0x1808 (streamcluster-rodinia-2.4.sm_75.ptx:125) st.shared.f32 [%r108+12], %f20;
warp 0 :  PC=0x1810 (streamcluster-rodinia-2.4.sm_75.ptx:126) add.s32 %r108, %r108, 16;
warp 0 :  PC=0x1818 (streamcluster-rodinia-2.4.sm_75.ptx:127) mad.lo.s32 %r107, %r31, 4, %r107;
warp 0 :  PC=0x1820 (streamcluster-rodinia-2.4.sm_75.ptx:128) add.s32 %r104, %r104, 4;
warp 0 :  PC=0x1828 (streamcluster-rodinia-2.4.sm_75.ptx:129) setp.lt.s32%p9, %r104, %r32;
warp 0 :  PC=0x1830 (streamcluster-rodinia-2.4.sm_75.ptx:130) @%p9 bra BB0_9;
warp 0 :  PC=0x1798 (streamcluster-rodinia-2.4.sm_75.ptx:111) cvt.s64.s32%rd26, %r107;
warp 0 :  PC=0x17a0 (streamcluster-rodinia-2.4.sm_75.ptx:112) add.s64 %rd27, %rd26, %rd7;
warp 0 :  PC=0x17a8 (streamcluster-rodinia-2.4.sm_75.ptx:113) shl.b64 %rd28, %rd27, 2;
warp 0 :  PC=0x17b0 (streamcluster-rodinia-2.4.sm_75.ptx:114) add.s64 %rd29, %rd2, %rd28;
warp 0 :  PC=0x17b8 (streamcluster-rodinia-2.4.sm_75.ptx:115) ld.global.f32 %f17, [%rd29];
warp 0 :  PC=0x17c0 (streamcluster-rodinia-2.4.sm_75.ptx:116) st.shared.f32 [%r108], %f17;
warp 0 :  PC=0x17c8 (streamcluster-rodinia-2.4.sm_75.ptx:117) add.s64 %rd30, %rd29, %rd1;
warp 0 :  PC=0x17d0 (streamcluster-rodinia-2.4.sm_75.ptx:118) ld.global.f32 %f18, [%rd30];
warp 0 :  PC=0x17d8 (streamcluster-rodinia-2.4.sm_75.ptx:119) st.shared.f32 [%r108+4], %f18;
warp 0 :  PC=0x17e0 (streamcluster-rodinia-2.4.sm_75.ptx:120) add.s64 %rd31, %rd30, %rd1;
warp 0 :  PC=0x17e8 (streamcluster-rodinia-2.4.sm_75.ptx:121) ld.global.f32 %f19, [%rd31];
warp 0 :  PC=0x17f0 (streamcluster-rodinia-2.4.sm_75.ptx:122) st.shared.f32 [%r108+8], %f19;
warp 0 :  PC=0x17f8 (streamcluster-rodinia-2.4.sm_75.ptx:123) add.s64 %rd32, %rd31, %rd1;
warp 0 :  PC=0x1800 (streamcluster-rodinia-2.4.sm_75.ptx:124) ld.global.f32 %f20, [%rd32];
warp 0 :  PC=0x1808 (streamcluster-rodinia-2.4.sm_75.ptx:125) st.shared.f32 [%r108+12], %f20;
warp 0 :  PC=0x1810 (streamcluster-rodinia-2.4.sm_75.ptx:126) add.s32 %r108, %r108, 16;
warp 0 :  PC=0x1818 (streamcluster-rodinia-2.4.sm_75.ptx:127) mad.lo.s32 %r107, %r31, 4, %r107;
warp 0 :  PC=0x1820 (streamcluster-rodinia-2.4.sm_75.ptx:128) add.s32 %r104, %r104, 4;
warp 0 :  PC=0x1828 (streamcluster-rodinia-2.4.sm_75.ptx:129) setp.lt.s32%p9, %r104, %r32;
warp 0 :  PC=0x1830 (streamcluster-rodinia-2.4.sm_75.ptx:130) @%p9 bra BB0_9;
warp 0 :  PC=0x1838 (streamcluster-rodinia-2.4.sm_75.ptx:133) bar.sync 0;
warp 0 :  PC=0x1840 (streamcluster-rodinia-2.4.sm_75.ptx:134) mov.f32 %f57, 0f00000000;
warp 0 :  PC=0x1848 (streamcluster-rodinia-2.4.sm_75.ptx:135) @!%p3 bra BB0_20;
warp 0 :  PC=0x1850 (streamcluster-rodinia-2.4.sm_75.ptx:136) bra.uni BB0_11;
warp 0 :  PC=0x1858 (streamcluster-rodinia-2.4.sm_75.ptx:139) and.b32 %r54, %r32, 3;
warp 0 :  PC=0x1860 (streamcluster-rodinia-2.4.sm_75.ptx:140) mov.f32 %f57, 0f00000000;
warp 0 :  PC=0x1868 (streamcluster-rodinia-2.4.sm_75.ptx:141) mov.u32 %r112, 0;
warp 0 :  PC=0x1870 (streamcluster-rodinia-2.4.sm_75.ptx:142) setp.eq.s32%p10, %r54, 0;
warp 0 :  PC=0x1878 (streamcluster-rodinia-2.4.sm_75.ptx:143) @%p10 bra BB0_17;
warp 0 :  PC=0x1a40 (streamcluster-rodinia-2.4.sm_75.ptx:209) setp.lt.u32%p13, %r32, 4;
warp 0 :  PC=0x1a48 (streamcluster-rodinia-2.4.sm_75.ptx:210) @%p13 bra BB0_20;
warp 0 :  PC=0x1a50 (streamcluster-rodinia-2.4.sm_75.ptx:212) shl.b32 %r87, %r112, 2;
warp 0 :  PC=0x1a58 (streamcluster-rodinia-2.4.sm_75.ptx:213) mov.u32 %r88, coord_s;
warp 0 :  PC=0x1a60 (streamcluster-rodinia-2.4.sm_75.ptx:214) add.s32 %r114, %r88, %r87;
warp 0 :  PC=0x1a68 (streamcluster-rodinia-2.4.sm_75.ptx:215) mov.u32 %r89, %nctaid.x;
warp 0 :  PC=0x1a70 (streamcluster-rodinia-2.4.sm_75.ptx:216) mov.u32 %r90, %ctaid.y;
warp 0 :  PC=0x1a78 (streamcluster-rodinia-2.4.sm_75.ptx:217) mov.u32 %r91, %ctaid.x;
warp 0 :  PC=0x1a80 (streamcluster-rodinia-2.4.sm_75.ptx:218) mad.lo.s32 %r92, %r90, %r89, %r91;
warp 0 :  PC=0x1a88 (streamcluster-rodinia-2.4.sm_75.ptx:219) mov.u32 %r93, %ntid.x;
warp 0 :  PC=0x1a90 (streamcluster-rodinia-2.4.sm_75.ptx:220) mad.lo.s32 %r95, %r93, %r92, %r34;
warp 0 :  PC=0x1a98 (streamcluster-rodinia-2.4.sm_75.ptx:221) shl.b32 %r20, %r31, 2;
warp 0 :  PC=0x1aa0 (streamcluster-rodinia-2.4.sm_75.ptx:222) mad.lo.s32 %r113, %r112, %r31, %r95;
warp 0 :  PC=0x1aa8 (streamcluster-rodinia-2.4.sm_75.ptx:223) mul.wide.s32 %rd3, %r31, 4;
warp 0 :  PC=0x1ab0 (streamcluster-rodinia-2.4.sm_75.ptx:224) cvta.to.global.u64 %rd4, %rd9;
warp 0 :  PC=0x1ab8 (streamcluster-rodinia-2.4.sm_75.ptx:227) mul.wide.s32 %rd42, %r113, 4;
warp 0 :  PC=0x1ac0 (streamcluster-rodinia-2.4.sm_75.ptx:228) add.s64 %rd43, %rd4, %rd42;
warp 0 :  PC=0x1ac8 (streamcluster-rodinia-2.4.sm_75.ptx:229) ld.shared.f32 %f34, [%r114];
warp 0 :  PC=0x1ad0 (streamcluster-rodinia-2.4.sm_75.ptx:230) ld.global.f32 %f35, [%rd43];
warp 0 :  PC=0x1ad8 (streamcluster-rodinia-2.4.sm_75.ptx:231) sub.f32 %f36, %f35, %f34;
warp 0 :  PC=0x1ae0 (streamcluster-rodinia-2.4.sm_75.ptx:232) fma.rn.f32 %f37, %f36, %f36, %f57;
warp 0 :  PC=0x1ae8 (streamcluster-rodinia-2.4.sm_75.ptx:233) add.s64 %rd44, %rd43, %rd3;
warp 0 :  PC=0x1af0 (streamcluster-rodinia-2.4.sm_75.ptx:234) ld.shared.f32 %f38, [%r114+4];
warp 0 :  PC=0x1af8 (streamcluster-rodinia-2.4.sm_75.ptx:235) ld.global.f32 %f39, [%rd44];
warp 0 :  PC=0x1b00 (streamcluster-rodinia-2.4.sm_75.ptx:236) sub.f32 %f40, %f39, %f38;
warp 0 :  PC=0x1b08 (streamcluster-rodinia-2.4.sm_75.ptx:237) fma.rn.f32 %f41, %f40, %f40, %f37;
warp 0 :  PC=0x1b10 (streamcluster-rodinia-2.4.sm_75.ptx:238) add.s64 %rd45, %rd44, %rd3;
warp 0 :  PC=0x1b18 (streamcluster-rodinia-2.4.sm_75.ptx:239) ld.shared.f32 %f42, [%r114+8];
warp 0 :  PC=0x1b20 (streamcluster-rodinia-2.4.sm_75.ptx:240) ld.global.f32 %f43, [%rd45];
warp 0 :  PC=0x1b28 (streamcluster-rodinia-2.4.sm_75.ptx:241) sub.f32 %f44, %f43, %f42;
warp 0 :  PC=0x1b30 (streamcluster-rodinia-2.4.sm_75.ptx:242) fma.rn.f32 %f45, %f44, %f44, %f41;
warp 0 :  PC=0x1b38 (streamcluster-rodinia-2.4.sm_75.ptx:243) add.s64 %rd46, %rd45, %rd3;
warp 0 :  PC=0x1b40 (streamcluster-rodinia-2.4.sm_75.ptx:244) ld.shared.f32 %f46, [%r114+12];
warp 0 :  PC=0x1b48 (streamcluster-rodinia-2.4.sm_75.ptx:245) ld.global.f32 %f47, [%rd46];
warp 0 :  PC=0x1b50 (streamcluster-rodinia-2.4.sm_75.ptx:246) sub.f32 %f48, %f47, %f46;
warp 0 :  PC=0x1b58 (streamcluster-rodinia-2.4.sm_75.ptx:247) fma.rn.f32 %f57, %f48, %f48, %f45;
warp 0 :  PC=0x1b60 (streamcluster-rodinia-2.4.sm_75.ptx:248) add.s32 %r114, %r114, 16;
warp 0 :  PC=0x1b68 (streamcluster-rodinia-2.4.sm_75.ptx:249) add.s32 %r113, %r113, %r20;
warp 0 :  PC=0x1b70 (streamcluster-rodinia-2.4.sm_75.ptx:250) add.s32 %r112, %r112, 4;
warp 0 :  PC=0x1b78 (streamcluster-rodinia-2.4.sm_75.ptx:251) setp.lt.s32%p14, %r112, %r32;
warp 0 :  PC=0x1b80 (streamcluster-rodinia-2.4.sm_75.ptx:252) @%p14 bra BB0_19;
warp 0 :  PC=0x1ab8 (streamcluster-rodinia-2.4.sm_75.ptx:227) mul.wide.s32 %rd42, %r113, 4;
warp 0 :  PC=0x1ac0 (streamcluster-rodinia-2.4.sm_75.ptx:228) add.s64 %rd43, %rd4, %rd42;
warp 0 :  PC=0x1ac8 (streamcluster-rodinia-2.4.sm_75.ptx:229) ld.shared.f32 %f34, [%r114];
warp 0 :  PC=0x1ad0 (streamcluster-rodinia-2.4.sm_75.ptx:230) ld.global.f32 %f35, [%rd43];
warp 0 :  PC=0x1ad8 (streamcluster-rodinia-2.4.sm_75.ptx:231) sub.f32 %f36, %f35, %f34;
warp 0 :  PC=0x1ae0 (streamcluster-rodinia-2.4.sm_75.ptx:232) fma.rn.f32 %f37, %f36, %f36, %f57;
warp 0 :  PC=0x1ae8 (streamcluster-rodinia-2.4.sm_75.ptx:233) add.s64 %rd44, %rd43, %rd3;
warp 0 :  PC=0x1af0 (streamcluster-rodinia-2.4.sm_75.ptx:234) ld.shared.f32 %f38, [%r114+4];
warp 0 :  PC=0x1af8 (streamcluster-rodinia-2.4.sm_75.ptx:235) ld.global.f32 %f39, [%rd44];
warp 0 :  PC=0x1b00 (streamcluster-rodinia-2.4.sm_75.ptx:236) sub.f32 %f40, %f39, %f38;
warp 0 :  PC=0x1b08 (streamcluster-rodinia-2.4.sm_75.ptx:237) fma.rn.f32 %f41, %f40, %f40, %f37;
warp 0 :  PC=0x1b10 (streamcluster-rodinia-2.4.sm_75.ptx:238) add.s64 %rd45, %rd44, %rd3;
warp 0 :  PC=0x1b18 (streamcluster-rodinia-2.4.sm_75.ptx:239) ld.shared.f32 %f42, [%r114+8];
warp 0 :  PC=0x1b20 (streamcluster-rodinia-2.4.sm_75.ptx:240) ld.global.f32 %f43, [%rd45];
warp 0 :  PC=0x1b28 (streamcluster-rodinia-2.4.sm_75.ptx:241) sub.f32 %f44, %f43, %f42;
warp 0 :  PC=0x1b30 (streamcluster-rodinia-2.4.sm_75.ptx:242) fma.rn.f32 %f45, %f44, %f44, %f41;
warp 0 :  PC=0x1b38 (streamcluster-rodinia-2.4.sm_75.ptx:243) add.s64 %rd46, %rd45, %rd3;
warp 0 :  PC=0x1b40 (streamcluster-rodinia-2.4.sm_75.ptx:244) ld.shared.f32 %f46, [%r114+12];
warp 0 :  PC=0x1b48 (streamcluster-rodinia-2.4.sm_75.ptx:245) ld.global.f32 %f47, [%rd46];
warp 0 :  PC=0x1b50 (streamcluster-rodinia-2.4.sm_75.ptx:246) sub.f32 %f48, %f47, %f46;
warp 0 :  PC=0x1b58 (streamcluster-rodinia-2.4.sm_75.ptx:247) fma.rn.f32 %f57, %f48, %f48, %f45;
warp 0 :  PC=0x1b60 (streamcluster-rodinia-2.4.sm_75.ptx:248) add.s32 %r114, %r114, 16;
warp 0 :  PC=0x1b68 (streamcluster-rodinia-2.4.sm_75.ptx:249) add.s32 %r113, %r113, %r20;
warp 0 :  PC=0x1b70 (streamcluster-rodinia-2.4.sm_75.ptx:250) add.s32 %r112, %r112, 4;
warp 0 :  PC=0x1b78 (streamcluster-rodinia-2.4.sm_75.ptx:251) setp.lt.s32%p14, %r112, %r32;
warp 0 :  PC=0x1b80 (streamcluster-rodinia-2.4.sm_75.ptx:252) @%p14 bra BB0_19;
warp 0 :  PC=0x1ab8 (streamcluster-rodinia-2.4.sm_75.ptx:227) mul.wide.s32 %rd42, %r113, 4;
warp 0 :  PC=0x1ac0 (streamcluster-rodinia-2.4.sm_75.ptx:228) add.s64 %rd43, %rd4, %rd42;
warp 0 :  PC=0x1ac8 (streamcluster-rodinia-2.4.sm_75.ptx:229) ld.shared.f32 %f34, [%r114];
warp 0 :  PC=0x1ad0 (streamcluster-rodinia-2.4.sm_75.ptx:230) ld.global.f32 %f35, [%rd43];
warp 0 :  PC=0x1ad8 (streamcluster-rodinia-2.4.sm_75.ptx:231) sub.f32 %f36, %f35, %f34;
warp 0 :  PC=0x1ae0 (streamcluster-rodinia-2.4.sm_75.ptx:232) fma.rn.f32 %f37, %f36, %f36, %f57;
warp 0 :  PC=0x1ae8 (streamcluster-rodinia-2.4.sm_75.ptx:233) add.s64 %rd44, %rd43, %rd3;
warp 0 :  PC=0x1af0 (streamcluster-rodinia-2.4.sm_75.ptx:234) ld.shared.f32 %f38, [%r114+4];
warp 0 :  PC=0x1af8 (streamcluster-rodinia-2.4.sm_75.ptx:235) ld.global.f32 %f39, [%rd44];
warp 0 :  PC=0x1b00 (streamcluster-rodinia-2.4.sm_75.ptx:236) sub.f32 %f40, %f39, %f38;
warp 0 :  PC=0x1b08 (streamcluster-rodinia-2.4.sm_75.ptx:237) fma.rn.f32 %f41, %f40, %f40, %f37;
warp 0 :  PC=0x1b10 (streamcluster-rodinia-2.4.sm_75.ptx:238) add.s64 %rd45, %rd44, %rd3;
warp 0 :  PC=0x1b18 (streamcluster-rodinia-2.4.sm_75.ptx:239) ld.shared.f32 %f42, [%r114+8];
warp 0 :  PC=0x1b20 (streamcluster-rodinia-2.4.sm_75.ptx:240) ld.global.f32 %f43, [%rd45];
warp 0 :  PC=0x1b28 (streamcluster-rodinia-2.4.sm_75.ptx:241) sub.f32 %f44, %f43, %f42;
warp 0 :  PC=0x1b30 (streamcluster-rodinia-2.4.sm_75.ptx:242) fma.rn.f32 %f45, %f44, %f44, %f41;
warp 0 :  PC=0x1b38 (streamcluster-rodinia-2.4.sm_75.ptx:243) add.s64 %rd46, %rd45, %rd3;
warp 0 :  PC=0x1b40 (streamcluster-rodinia-2.4.sm_75.ptx:244) ld.shared.f32 %f46, [%r114+12];
warp 0 :  PC=0x1b48 (streamcluster-rodinia-2.4.sm_75.ptx:245) ld.global.f32 %f47, [%rd46];
warp 0 :  PC=0x1b50 (streamcluster-rodinia-2.4.sm_75.ptx:246) sub.f32 %f48, %f47, %f46;
warp 0 :  PC=0x1b58 (streamcluster-rodinia-2.4.sm_75.ptx:247) fma.rn.f32 %f57, %f48, %f48, %f45;
warp 0 :  PC=0x1b60 (streamcluster-rodinia-2.4.sm_75.ptx:248) add.s32 %r114, %r114, 16;
warp 0 :  PC=0x1b68 (streamcluster-rodinia-2.4.sm_75.ptx:249) add.s32 %r113, %r113, %r20;
warp 0 :  PC=0x1b70 (streamcluster-rodinia-2.4.sm_75.ptx:250) add.s32 %r112, %r112, 4;
warp 0 :  PC=0x1b78 (streamcluster-rodinia-2.4.sm_75.ptx:251) setp.lt.s32%p14, %r112, %r32;
warp 0 :  PC=0x1b80 (streamcluster-rodinia-2.4.sm_75.ptx:252) @%p14 bra BB0_19;
warp 0 :  PC=0x1ab8 (streamcluster-rodinia-2.4.sm_75.ptx:227) mul.wide.s32 %rd42, %r113, 4;
warp 0 :  PC=0x1ac0 (streamcluster-rodinia-2.4.sm_75.ptx:228) add.s64 %rd43, %rd4, %rd42;
warp 0 :  PC=0x1ac8 (streamcluster-rodinia-2.4.sm_75.ptx:229) ld.shared.f32 %f34, [%r114];
warp 0 :  PC=0x1ad0 (streamcluster-rodinia-2.4.sm_75.ptx:230) ld.global.f32 %f35, [%rd43];
warp 0 :  PC=0x1ad8 (streamcluster-rodinia-2.4.sm_75.ptx:231) sub.f32 %f36, %f35, %f34;
warp 0 :  PC=0x1ae0 (streamcluster-rodinia-2.4.sm_75.ptx:232) fma.rn.f32 %f37, %f36, %f36, %f57;
warp 0 :  PC=0x1ae8 (streamcluster-rodinia-2.4.sm_75.ptx:233) add.s64 %rd44, %rd43, %rd3;
warp 0 :  PC=0x1af0 (streamcluster-rodinia-2.4.sm_75.ptx:234) ld.shared.f32 %f38, [%r114+4];
warp 0 :  PC=0x1af8 (streamcluster-rodinia-2.4.sm_75.ptx:235) ld.global.f32 %f39, [%rd44];
warp 0 :  PC=0x1b00 (streamcluster-rodinia-2.4.sm_75.ptx:236) sub.f32 %f40, %f39, %f38;
warp 0 :  PC=0x1b08 (streamcluster-rodinia-2.4.sm_75.ptx:237) fma.rn.f32 %f41, %f40, %f40, %f37;
warp 0 :  PC=0x1b10 (streamcluster-rodinia-2.4.sm_75.ptx:238) add.s64 %rd45, %rd44, %rd3;
warp 0 :  PC=0x1b18 (streamcluster-rodinia-2.4.sm_75.ptx:239) ld.shared.f32 %f42, [%r114+8];
warp 0 :  PC=0x1b20 (streamcluster-rodinia-2.4.sm_75.ptx:240) ld.global.f32 %f43, [%rd45];
warp 0 :  PC=0x1b28 (streamcluster-rodinia-2.4.sm_75.ptx:241) sub.f32 %f44, %f43, %f42;
warp 0 :  PC=0x1b30 (streamcluster-rodinia-2.4.sm_75.ptx:242) fma.rn.f32 %f45, %f44, %f44, %f41;
warp 0 :  PC=0x1b38 (streamcluster-rodinia-2.4.sm_75.ptx:243) add.s64 %rd46, %rd45, %rd3;
warp 0 :  PC=0x1b40 (streamcluster-rodinia-2.4.sm_75.ptx:244) ld.shared.f32 %f46, [%r114+12];
warp 0 :  PC=0x1b48 (streamcluster-rodinia-2.4.sm_75.ptx:245) ld.global.f32 %f47, [%rd46];
warp 0 :  PC=0x1b50 (streamcluster-rodinia-2.4.sm_75.ptx:246) sub.f32 %f48, %f47, %f46;
warp 0 :  PC=0x1b58 (streamcluster-rodinia-2.4.sm_75.ptx:247) fma.rn.f32 %f57, %f48, %f48, %f45;
warp 0 :  PC=0x1b60 (streamcluster-rodinia-2.4.sm_75.ptx:248) add.s32 %r114, %r114, 16;
warp 0 :  PC=0x1b68 (streamcluster-rodinia-2.4.sm_75.ptx:249) add.s32 %r113, %r113, %r20;
warp 0 :  PC=0x1b70 (streamcluster-rodinia-2.4.sm_75.ptx:250) add.s32 %r112, %r112, 4;
warp 0 :  PC=0x1b78 (streamcluster-rodinia-2.4.sm_75.ptx:251) setp.lt.s32%p14, %r112, %r32;
warp 0 :  PC=0x1b80 (streamcluster-rodinia-2.4.sm_75.ptx:252) @%p14 bra BB0_19;
warp 0 :  PC=0x1b88 (streamcluster-rodinia-2.4.sm_75.ptx:255) mov.u32 %r96, %nctaid.x;
warp 0 :  PC=0x1b90 (streamcluster-rodinia-2.4.sm_75.ptx:256) mov.u32 %r97, %ctaid.y;
warp 0 :  PC=0x1b98 (streamcluster-rodinia-2.4.sm_75.ptx:257) mov.u32 %r98, %ctaid.x;
warp 0 :  PC=0x1ba0 (streamcluster-rodinia-2.4.sm_75.ptx:258) mad.lo.s32 %r99, %r97, %r96, %r98;
warp 0 :  PC=0x1ba8 (streamcluster-rodinia-2.4.sm_75.ptx:259) mov.u32 %r100, %ntid.x;
warp 0 :  PC=0x1bb0 (streamcluster-rodinia-2.4.sm_75.ptx:260) mad.lo.s32 %r28, %r99, %r100, %r34;
warp 0 :  PC=0x1bb8 (streamcluster-rodinia-2.4.sm_75.ptx:261) cvt.s64.s32%rd5, %r28;
warp 0 :  PC=0x1bc0 (streamcluster-rodinia-2.4.sm_75.ptx:262) cvta.to.global.u64 %rd47, %rd8;
warp 0 :  PC=0x1bc8 (streamcluster-rodinia-2.4.sm_75.ptx:263) mul.wide.s32 %rd48, %r28, 32;
warp 0 :  PC=0x1bd0 (streamcluster-rodinia-2.4.sm_75.ptx:264) add.s64 %rd6, %rd47, %rd48;
warp 0 :  PC=0x1bd8 (streamcluster-rodinia-2.4.sm_75.ptx:265) ld.global.f32 %f49, [%rd6];
warp 0 :  PC=0x1be0 (streamcluster-rodinia-2.4.sm_75.ptx:266) mul.f32 %f59, %f57, %f49;
warp 0 :  PC=0x1be8 (streamcluster-rodinia-2.4.sm_75.ptx:267) ld.global.f32 %f11, [%rd6+24];
warp 0 :  PC=0x1bf0 (streamcluster-rodinia-2.4.sm_75.ptx:268) setp.lt.f32%p15, %f59, %f11;
warp 0 :  PC=0x1bf8 (streamcluster-rodinia-2.4.sm_75.ptx:269) @%p15 bra BB0_22;
warp 0 :  PC=0x1c08 (streamcluster-rodinia-2.4.sm_75.ptx:273) cvta.to.global.u64 %rd53, %rd12;
warp 0 :  PC=0x1c10 (streamcluster-rodinia-2.4.sm_75.ptx:274) add.s64 %rd54, %rd53, %rd5;
warp 0 :  PC=0x1c18 (streamcluster-rodinia-2.4.sm_75.ptx:275) mov.u16 %rs1, 1;
warp 0 :  PC=0x1c20 (streamcluster-rodinia-2.4.sm_75.ptx:276) st.global.u8 [%rd54], %rs1;
warp 0 :  PC=0x1c28 (streamcluster-rodinia-2.4.sm_75.ptx:277) mov.u32 %r116, %r33;
warp 0 :  PC=0x1c30 (streamcluster-rodinia-2.4.sm_75.ptx:278) mov.f32 %f58, %f59;
warp 0 :  PC=0x1c38 (streamcluster-rodinia-2.4.sm_75.ptx:279) mov.f32 %f59, %f11;
warp 0 :  PC=0x1c40 (streamcluster-rodinia-2.4.sm_75.ptx:280) bra.uni BB0_23;
warp 0 :  PC=0x1c00 (streamcluster-rodinia-2.4.sm_75.ptx:270) bra.uni BB0_21;
warp 0 :  PC=0x1c48 (streamcluster-rodinia-2.4.sm_75.ptx:283) ld.global.s32 %rd49, [%rd6+16];
warp 0 :  PC=0x1c50 (streamcluster-rodinia-2.4.sm_75.ptx:284) cvta.to.global.u64 %rd50, %rd11;
warp 0 :  PC=0x1c58 (streamcluster-rodinia-2.4.sm_75.ptx:285) shl.b64 %rd51, %rd49, 2;
warp 0 :  PC=0x1c60 (streamcluster-rodinia-2.4.sm_75.ptx:286) add.s64 %rd52, %rd50, %rd51;
warp 0 :  PC=0x1c68 (streamcluster-rodinia-2.4.sm_75.ptx:287) ld.global.u32 %r116, [%rd52];
warp 0 :  PC=0x1c70 (streamcluster-rodinia-2.4.sm_75.ptx:288) mov.f32 %f58, %f11;
warp 0 :  PC=0x1c78 (streamcluster-rodinia-2.4.sm_75.ptx:291) cvt.s64.s32%rd55, %r116;
warp 0 :  PC=0x1c80 (streamcluster-rodinia-2.4.sm_75.ptx:292) add.s32 %r102, %r33, 1;
warp 0 :  PC=0x1c88 (streamcluster-rodinia-2.4.sm_75.ptx:293) mul.lo.s32 %r103, %r28, %r102;
warp 0 :  PC=0x1c90 (streamcluster-rodinia-2.4.sm_75.ptx:294) cvt.s64.s32%rd56, %r103;
warp 0 :  PC=0x1c98 (streamcluster-rodinia-2.4.sm_75.ptx:295) add.s64 %rd57, %rd55, %rd56;
warp 0 :  PC=0x1ca0 (streamcluster-rodinia-2.4.sm_75.ptx:296) cvta.to.global.u64 %rd58, %rd10;
warp 0 :  PC=0x1ca8 (streamcluster-rodinia-2.4.sm_75.ptx:297) shl.b64 %rd59, %rd57, 2;
warp 0 :  PC=0x1cb0 (streamcluster-rodinia-2.4.sm_75.ptx:298) add.s64 %rd60, %rd58, %rd59;
warp 0 :  PC=0x1cb8 (streamcluster-rodinia-2.4.sm_75.ptx:299) ld.global.f32 %f50, [%rd60];
warp 0 :  PC=0x1cc0 (streamcluster-rodinia-2.4.sm_75.ptx:300) sub.f32 %f51, %f58, %f59;
warp 0 :  PC=0x1cc8 (streamcluster-rodinia-2.4.sm_75.ptx:301) add.f32 %f52, %f50, %f51;
warp 0 :  PC=0x1cd0 (streamcluster-rodinia-2.4.sm_75.ptx:302) st.global.f32 [%rd60], %f52;
warp 0 :  PC=0x1cd8 (streamcluster-rodinia-2.4.sm_75.ptx:303) ret;
kernel_execution_time : 1562