warp 0 :  PC=0x7860 (nw-rodinia-2.4.sm_75.ptx:703) ld.param.u64 %rd2, [_Z20needle_cuda_shared_2PiS_S_iiii_param_0];
warp 0 :  PC=0x7868 (nw-rodinia-2.4.sm_75.ptx:704) ld.param.u64 %rd3, [_Z20needle_cuda_shared_2PiS_S_iiii_param_1];
warp 0 :  PC=0x7870 (nw-rodinia-2.4.sm_75.ptx:705) ld.param.u32 %r9, [_Z20needle_cuda_shared_2PiS_S_iiii_param_3];
warp 0 :  PC=0x7878 (nw-rodinia-2.4.sm_75.ptx:706) ld.param.u32 %r10, [_Z20needle_cuda_shared_2PiS_S_iiii_param_4];
warp 0 :  PC=0x7880 (nw-rodinia-2.4.sm_75.ptx:707) ld.param.u32 %r11, [_Z20needle_cuda_shared_2PiS_S_iiii_param_5];
warp 0 :  PC=0x7888 (nw-rodinia-2.4.sm_75.ptx:708) ld.param.u32 %r12, [_Z20needle_cuda_shared_2PiS_S_iiii_param_6];
warp 0 :  PC=0x7890 (nw-rodinia-2.4.sm_75.ptx:709) cvta.to.global.u64 %rd4, %rd2;
warp 0 :  PC=0x7898 (nw-rodinia-2.4.sm_75.ptx:710) sub.s32 %r13, %r12, %r11;
warp 0 :  PC=0x78a0 (nw-rodinia-2.4.sm_75.ptx:711) mov.u32 %r14, %ctaid.x;
warp 0 :  PC=0x78a8 (nw-rodinia-2.4.sm_75.ptx:712) add.s32 %r15, %r13, %r14;
warp 0 :  PC=0x78b0 (nw-rodinia-2.4.sm_75.ptx:713) add.s32 %r16, %r12, -1;
warp 0 :  PC=0x78b8 (nw-rodinia-2.4.sm_75.ptx:714) sub.s32 %r17, %r16, %r14;
warp 0 :  PC=0x78c0 (nw-rodinia-2.4.sm_75.ptx:715) shl.b32 %r18, %r9, 4;
warp 0 :  PC=0x78c8 (nw-rodinia-2.4.sm_75.ptx:716) shl.b32 %r19, %r15, 4;
warp 0 :  PC=0x78d0 (nw-rodinia-2.4.sm_75.ptx:717) mad.lo.s32 %r1, %r18, %r17, %r19;
warp 0 :  PC=0x78d8 (nw-rodinia-2.4.sm_75.ptx:718) mov.u32 %r2, %tid.x;
warp 0 :  PC=0x78e0 (nw-rodinia-2.4.sm_75.ptx:719) add.s32 %r3, %r1, %r2;
warp 0 :  PC=0x78e8 (nw-rodinia-2.4.sm_75.ptx:720) add.s32 %r20, %r9, %r3;
warp 0 :  PC=0x78f0 (nw-rodinia-2.4.sm_75.ptx:721) add.s32 %r4, %r20, 1;
warp 0 :  PC=0x78f8 (nw-rodinia-2.4.sm_75.ptx:722) mul.wide.s32 %rd5, %r4, 4;
warp 0 :  PC=0x7900 (nw-rodinia-2.4.sm_75.ptx:723) add.s64 %rd6, %rd4, %rd5;
warp 0 :  PC=0x7908 (nw-rodinia-2.4.sm_75.ptx:724) ld.global.u32 %r21, [%rd6];
warp 0 :  PC=0x7910 (nw-rodinia-2.4.sm_75.ptx:725) shl.b32 %r22, %r2, 2;
warp 0 :  PC=0x7918 (nw-rodinia-2.4.sm_75.ptx:726) mov.u32 %r23, _ZZ20needle_cuda_shared_2PiS_S_iiiiE3ref;
warp 0 :  PC=0x7920 (nw-rodinia-2.4.sm_75.ptx:727) add.s32 %r24, %r23, %r22;
warp 0 :  PC=0x7928 (nw-rodinia-2.4.sm_75.ptx:728) st.shared.u32 [%r24], %r21;
warp 0 :  PC=0x7930 (nw-rodinia-2.4.sm_75.ptx:729) shl.b32 %r25, %r9, 2;
warp 0 :  PC=0x7938 (nw-rodinia-2.4.sm_75.ptx:730) cvt.s64.s32%rd7, %r25;
warp 0 :  PC=0x7940 (nw-rodinia-2.4.sm_75.ptx:731) add.s64 %rd8, %rd6, %rd7;
warp 0 :  PC=0x7948 (nw-rodinia-2.4.sm_75.ptx:732) ld.global.u32 %r26, [%rd8];
warp 0 :  PC=0x7950 (nw-rodinia-2.4.sm_75.ptx:733) st.shared.u32 [%r24+64], %r26;
warp 0 :  PC=0x7958 (nw-rodinia-2.4.sm_75.ptx:734) add.s64 %rd9, %rd8, %rd7;
warp 0 :  PC=0x7960 (nw-rodinia-2.4.sm_75.ptx:735) ld.global.u32 %r27, [%rd9];
warp 0 :  PC=0x7968 (nw-rodinia-2.4.sm_75.ptx:736) st.shared.u32 [%r24+128], %r27;
warp 0 :  PC=0x7970 (nw-rodinia-2.4.sm_75.ptx:737) add.s64 %rd10, %rd9, %rd7;
warp 0 :  PC=0x7978 (nw-rodinia-2.4.sm_75.ptx:738) ld.global.u32 %r28, [%rd10];
warp 0 :  PC=0x7980 (nw-rodinia-2.4.sm_75.ptx:739) st.shared.u32 [%r24+192], %r28;
warp 0 :  PC=0x7988 (nw-rodinia-2.4.sm_75.ptx:740) add.s64 %rd11, %rd10, %rd7;
warp 0 :  PC=0x7990 (nw-rodinia-2.4.sm_75.ptx:741) ld.global.u32 %r29, [%rd11];
warp 0 :  PC=0x7998 (nw-rodinia-2.4.sm_75.ptx:742) st.shared.u32 [%r24+256], %r29;
warp 0 :  PC=0x79a0 (nw-rodinia-2.4.sm_75.ptx:743) add.s64 %rd12, %rd11, %rd7;
warp 0 :  PC=0x79a8 (nw-rodinia-2.4.sm_75.ptx:744) ld.global.u32 %r30, [%rd12];
warp 0 :  PC=0x79b0 (nw-rodinia-2.4.sm_75.ptx:745) st.shared.u32 [%r24+320], %r30;
warp 0 :  PC=0x79b8 (nw-rodinia-2.4.sm_75.ptx:746) add.s64 %rd13, %rd12, %rd7;
warp 0 :  PC=0x79c0 (nw-rodinia-2.4.sm_75.ptx:747) ld.global.u32 %r31, [%rd13];
warp 0 :  PC=0x79c8 (nw-rodinia-2.4.sm_75.ptx:748) st.shared.u32 [%r24+384], %r31;
warp 0 :  PC=0x79d0 (nw-rodinia-2.4.sm_75.ptx:749) add.s64 %rd14, %rd13, %rd7;
warp 0 :  PC=0x79d8 (nw-rodinia-2.4.sm_75.ptx:750) ld.global.u32 %r32, [%rd14];
warp 0 :  PC=0x79e0 (nw-rodinia-2.4.sm_75.ptx:751) st.shared.u32 [%r24+448], %r32;
warp 0 :  PC=0x79e8 (nw-rodinia-2.4.sm_75.ptx:752) add.s64 %rd15, %rd14, %rd7;
warp 0 :  PC=0x79f0 (nw-rodinia-2.4.sm_75.ptx:753) ld.global.u32 %r33, [%rd15];
warp 0 :  PC=0x79f8 (nw-rodinia-2.4.sm_75.ptx:754) st.shared.u32 [%r24+512], %r33;
warp 0 :  PC=0x7a00 (nw-rodinia-2.4.sm_75.ptx:755) add.s64 %rd16, %rd15, %rd7;
warp 0 :  PC=0x7a08 (nw-rodinia-2.4.sm_75.ptx:756) ld.global.u32 %r34, [%rd16];
warp 0 :  PC=0x7a10 (nw-rodinia-2.4.sm_75.ptx:757) st.shared.u32 [%r24+576], %r34;
warp 0 :  PC=0x7a18 (nw-rodinia-2.4.sm_75.ptx:758) add.s64 %rd17, %rd16, %rd7;
warp 0 :  PC=0x7a20 (nw-rodinia-2.4.sm_75.ptx:759) ld.global.u32 %r35, [%rd17];
warp 0 :  PC=0x7a28 (nw-rodinia-2.4.sm_75.ptx:760) st.shared.u32 [%r24+640], %r35;
warp 0 :  PC=0x7a30 (nw-rodinia-2.4.sm_75.ptx:761) add.s64 %rd18, %rd17, %rd7;
warp 0 :  PC=0x7a38 (nw-rodinia-2.4.sm_75.ptx:762) ld.global.u32 %r36, [%rd18];
warp 0 :  PC=0x7a40 (nw-rodinia-2.4.sm_75.ptx:763) st.shared.u32 [%r24+704], %r36;
warp 0 :  PC=0x7a48 (nw-rodinia-2.4.sm_75.ptx:764) add.s64 %rd19, %rd18, %rd7;
warp 0 :  PC=0x7a50 (nw-rodinia-2.4.sm_75.ptx:765) ld.global.u32 %r37, [%rd19];
warp 0 :  PC=0x7a58 (nw-rodinia-2.4.sm_75.ptx:766) st.shared.u32 [%r24+768], %r37;
warp 0 :  PC=0x7a60 (nw-rodinia-2.4.sm_75.ptx:767) add.s64 %rd20, %rd19, %rd7;
warp 0 :  PC=0x7a68 (nw-rodinia-2.4.sm_75.ptx:768) ld.global.u32 %r38, [%rd20];
warp 0 :  PC=0x7a70 (nw-rodinia-2.4.sm_75.ptx:769) st.shared.u32 [%r24+832], %r38;
warp 0 :  PC=0x7a78 (nw-rodinia-2.4.sm_75.ptx:770) add.s64 %rd21, %rd20, %rd7;
warp 0 :  PC=0x7a80 (nw-rodinia-2.4.sm_75.ptx:771) ld.global.u32 %r39, [%rd21];
warp 0 :  PC=0x7a88 (nw-rodinia-2.4.sm_75.ptx:772) st.shared.u32 [%r24+896], %r39;
warp 0 :  PC=0x7a90 (nw-rodinia-2.4.sm_75.ptx:773) add.s64 %rd22, %rd21, %rd7;
warp 0 :  PC=0x7a98 (nw-rodinia-2.4.sm_75.ptx:774) ld.global.u32 %r40, [%rd22];
warp 0 :  PC=0x7aa0 (nw-rodinia-2.4.sm_75.ptx:775) st.shared.u32 [%r24+960], %r40;
warp 0 :  PC=0x7aa8 (nw-rodinia-2.4.sm_75.ptx:776) cvta.to.global.u64 %rd1, %rd3;
warp 0 :  PC=0x7ab0 (nw-rodinia-2.4.sm_75.ptx:777) bar.sync 0;
warp 0 :  PC=0x7ab8 (nw-rodinia-2.4.sm_75.ptx:778) setp.ne.s32%p16, %r2, 0;
warp 0 :  PC=0x7ac0 (nw-rodinia-2.4.sm_75.ptx:779) @%p16 bra BB1_2;
warp 0 :  PC=0x7ac8 (nw-rodinia-2.4.sm_75.ptx:781) mul.wide.s32 %rd23, %r1, 4;
warp 0 :  PC=0x7ad0 (nw-rodinia-2.4.sm_75.ptx:782) add.s64 %rd24, %rd1, %rd23;
warp 0 :  PC=0x7ad8 (nw-rodinia-2.4.sm_75.ptx:783) ld.global.u32 %r41, [%rd24];
warp 0 :  PC=0x7ae0 (nw-rodinia-2.4.sm_75.ptx:784) st.shared.u32 [_ZZ20needle_cuda_shared_2PiS_S_iiiiE4temp], %r41;
warp 0 :  PC=0x7ae8 (nw-rodinia-2.4.sm_75.ptx:787) ld.param.u32 %r354, [_Z20needle_cuda_shared_2PiS_S_iiii_param_3];
warp 0 :  PC=0x7af0 (nw-rodinia-2.4.sm_75.ptx:788) add.s32 %r353, %r1, %r2;
warp 0 :  PC=0x7af8 (nw-rodinia-2.4.sm_75.ptx:789) add.s32 %r5, %r353, 1;
warp 0 :  PC=0x7b00 (nw-rodinia-2.4.sm_75.ptx:790) mad.lo.s32 %r42, %r2, %r354, %r354;
warp 0 :  PC=0x7b08 (nw-rodinia-2.4.sm_75.ptx:791) add.s32 %r43, %r42, %r1;
warp 0 :  PC=0x7b10 (nw-rodinia-2.4.sm_75.ptx:792) mul.wide.s32 %rd25, %r43, 4;
warp 0 :  PC=0x7b18 (nw-rodinia-2.4.sm_75.ptx:793) add.s64 %rd26, %rd1, %rd25;
warp 0 :  PC=0x7b20 (nw-rodinia-2.4.sm_75.ptx:794) ld.global.u32 %r44, [%rd26];
warp 0 :  PC=0x7b28 (nw-rodinia-2.4.sm_75.ptx:795) mov.u32 %r45, _ZZ20needle_cuda_shared_2PiS_S_iiiiE4temp;
warp 0 :  PC=0x7b30 (nw-rodinia-2.4.sm_75.ptx:796) mad.lo.s32 %r46, %r2, 68, %r45;
warp 0 :  PC=0x7b38 (nw-rodinia-2.4.sm_75.ptx:797) st.shared.u32 [%r46+68], %r44;
warp 0 :  PC=0x7b40 (nw-rodinia-2.4.sm_75.ptx:798) bar.sync 0;
warp 0 :  PC=0x7b48 (nw-rodinia-2.4.sm_75.ptx:799) shl.b32 %r355, %r2, 2;
warp 0 :  PC=0x7b50 (nw-rodinia-2.4.sm_75.ptx:800) mul.wide.s32 %rd27, %r5, 4;
warp 0 :  PC=0x7b58 (nw-rodinia-2.4.sm_75.ptx:801) add.s64 %rd28, %rd1, %rd27;
warp 0 :  PC=0x7b60 (nw-rodinia-2.4.sm_75.ptx:802) ld.global.u32 %r47, [%rd28];
warp 0 :  PC=0x7b68 (nw-rodinia-2.4.sm_75.ptx:803) add.s32 %r6, %r45, %r355;
warp 0 :  PC=0x7b70 (nw-rodinia-2.4.sm_75.ptx:804) st.shared.u32 [%r6+4], %r47;
warp 0 :  PC=0x7b78 (nw-rodinia-2.4.sm_75.ptx:805) bar.sync 0;
warp 0 :  PC=0x7b80 (nw-rodinia-2.4.sm_75.ptx:806) mov.u32 %r357, _ZZ20needle_cuda_shared_2PiS_S_iiiiE3ref;
warp 0 :  PC=0x7b88 (nw-rodinia-2.4.sm_75.ptx:807) shl.b32 %r356, %r2, 2;
warp 0 :  PC=0x7b90 (nw-rodinia-2.4.sm_75.ptx:808) neg.s32 %r50, %r2;
warp 0 :  PC=0x7b98 (nw-rodinia-2.4.sm_75.ptx:809) mad.lo.s32 %r52, %r50, 68, %r45;
warp 0 :  PC=0x7ba0 (nw-rodinia-2.4.sm_75.ptx:810) add.s32 %r7, %r52, %r356;
warp 0 :  PC=0x7ba8 (nw-rodinia-2.4.sm_75.ptx:811) shl.b32 %r54, %r2, 6;
warp 0 :  PC=0x7bb0 (nw-rodinia-2.4.sm_75.ptx:812) sub.s32 %r56, %r357, %r54;
warp 0 :  PC=0x7bb8 (nw-rodinia-2.4.sm_75.ptx:813) add.s32 %r8, %r56, %r356;
warp 0 :  PC=0x7bc0 (nw-rodinia-2.4.sm_75.ptx:814) setp.gt.s32%p17, %r2, 0;
warp 0 :  PC=0x7bc8 (nw-rodinia-2.4.sm_75.ptx:815) @%p17 bra BB1_4;
warp 0 :  PC=0x7bd0 (nw-rodinia-2.4.sm_75.ptx:817) ld.shared.u32 %r57, [%r7];
warp 0 :  PC=0x7bd8 (nw-rodinia-2.4.sm_75.ptx:818) ld.shared.u32 %r58, [%r8];
warp 0 :  PC=0x7be0 (nw-rodinia-2.4.sm_75.ptx:819) add.s32 %r59, %r58, %r57;
warp 0 :  PC=0x7be8 (nw-rodinia-2.4.sm_75.ptx:820) ld.shared.u32 %r60, [%r7+68];
warp 0 :  PC=0x7bf0 (nw-rodinia-2.4.sm_75.ptx:821) sub.s32 %r61, %r60, %r10;
warp 0 :  PC=0x7bf8 (nw-rodinia-2.4.sm_75.ptx:822) ld.shared.u32 %r62, [%r7+4];
warp 0 :  PC=0x7c00 (nw-rodinia-2.4.sm_75.ptx:823) sub.s32 %r63, %r62, %r10;
warp 0 :  PC=0x7c08 (nw-rodinia-2.4.sm_75.ptx:824) max.s32 %r64, %r59, %r61;
warp 0 :  PC=0x7c10 (nw-rodinia-2.4.sm_75.ptx:825) max.s32 %r65, %r64, %r63;
warp 0 :  PC=0x7c18 (nw-rodinia-2.4.sm_75.ptx:826) st.shared.u32 [%r7+72], %r65;
warp 0 :  PC=0x7c20 (nw-rodinia-2.4.sm_75.ptx:829) bar.sync 0;
warp 0 :  PC=0x7c28 (nw-rodinia-2.4.sm_75.ptx:830) setp.gt.s32%p18, %r2, 1;
warp 0 :  PC=0x7c30 (nw-rodinia-2.4.sm_75.ptx:831) @%p18 bra BB1_6;
warp 0 :  PC=0x7c38 (nw-rodinia-2.4.sm_75.ptx:833) ld.shared.u32 %r66, [%r8+64];
warp 0 :  PC=0x7c40 (nw-rodinia-2.4.sm_75.ptx:834) ld.shared.u32 %r67, [%r7+68];
warp 0 :  PC=0x7c48 (nw-rodinia-2.4.sm_75.ptx:835) add.s32 %r68, %r66, %r67;
warp 0 :  PC=0x7c50 (nw-rodinia-2.4.sm_75.ptx:836) ld.shared.u32 %r69, [%r7+136];
warp 0 :  PC=0x7c58 (nw-rodinia-2.4.sm_75.ptx:837) sub.s32 %r70, %r69, %r10;
warp 0 :  PC=0x7c60 (nw-rodinia-2.4.sm_75.ptx:838) ld.shared.u32 %r71, [%r7+72];
warp 0 :  PC=0x7c68 (nw-rodinia-2.4.sm_75.ptx:839) sub.s32 %r72, %r71, %r10;
warp 0 :  PC=0x7c70 (nw-rodinia-2.4.sm_75.ptx:840) max.s32 %r73, %r68, %r70;
warp 0 :  PC=0x7c78 (nw-rodinia-2.4.sm_75.ptx:841) max.s32 %r74, %r73, %r72;
warp 0 :  PC=0x7c80 (nw-rodinia-2.4.sm_75.ptx:842) st.shared.u32 [%r7+140], %r74;
warp 0 :  PC=0x7c88 (nw-rodinia-2.4.sm_75.ptx:845) bar.sync 0;
warp 0 :  PC=0x7c90 (nw-rodinia-2.4.sm_75.ptx:846) setp.gt.s32%p19, %r2, 2;
warp 0 :  PC=0x7c98 (nw-rodinia-2.4.sm_75.ptx:847) @%p19 bra BB1_8;
warp 0 :  PC=0x7ca0 (nw-rodinia-2.4.sm_75.ptx:849) ld.shared.u32 %r75, [%r8+128];
warp 0 :  PC=0x7ca8 (nw-rodinia-2.4.sm_75.ptx:850) ld.shared.u32 %r76, [%r7+136];
warp 0 :  PC=0x7cb0 (nw-rodinia-2.4.sm_75.ptx:851) add.s32 %r77, %r75, %r76;
warp 0 :  PC=0x7cb8 (nw-rodinia-2.4.sm_75.ptx:852) ld.shared.u32 %r78, [%r7+204];
warp 0 :  PC=0x7cc0 (nw-rodinia-2.4.sm_75.ptx:853) sub.s32 %r79, %r78, %r10;
warp 0 :  PC=0x7cc8 (nw-rodinia-2.4.sm_75.ptx:854) ld.shared.u32 %r80, [%r7+140];
warp 0 :  PC=0x7cd0 (nw-rodinia-2.4.sm_75.ptx:855) sub.s32 %r81, %r80, %r10;
warp 0 :  PC=0x7cd8 (nw-rodinia-2.4.sm_75.ptx:856) max.s32 %r82, %r77, %r79;
warp 0 :  PC=0x7ce0 (nw-rodinia-2.4.sm_75.ptx:857) max.s32 %r83, %r82, %r81;
warp 0 :  PC=0x7ce8 (nw-rodinia-2.4.sm_75.ptx:858) st.shared.u32 [%r7+208], %r83;
warp 0 :  PC=0x7cf0 (nw-rodinia-2.4.sm_75.ptx:861) bar.sync 0;
warp 0 :  PC=0x7cf8 (nw-rodinia-2.4.sm_75.ptx:862) setp.gt.s32%p20, %r2, 3;
warp 0 :  PC=0x7d00 (nw-rodinia-2.4.sm_75.ptx:863) @%p20 bra BB1_10;
warp 0 :  PC=0x7d08 (nw-rodinia-2.4.sm_75.ptx:865) ld.shared.u32 %r84, [%r8+192];
warp 0 :  PC=0x7d10 (nw-rodinia-2.4.sm_75.ptx:866) ld.shared.u32 %r85, [%r7+204];
warp 0 :  PC=0x7d18 (nw-rodinia-2.4.sm_75.ptx:867) add.s32 %r86, %r84, %r85;
warp 0 :  PC=0x7d20 (nw-rodinia-2.4.sm_75.ptx:868) ld.shared.u32 %r87, [%r7+272];
warp 0 :  PC=0x7d28 (nw-rodinia-2.4.sm_75.ptx:869) sub.s32 %r88, %r87, %r10;
warp 0 :  PC=0x7d30 (nw-rodinia-2.4.sm_75.ptx:870) ld.shared.u32 %r89, [%r7+208];
warp 0 :  PC=0x7d38 (nw-rodinia-2.4.sm_75.ptx:871) sub.s32 %r90, %r89, %r10;
warp 0 :  PC=0x7d40 (nw-rodinia-2.4.sm_75.ptx:872) max.s32 %r91, %r86, %r88;
warp 0 :  PC=0x7d48 (nw-rodinia-2.4.sm_75.ptx:873) max.s32 %r92, %r91, %r90;
warp 0 :  PC=0x7d50 (nw-rodinia-2.4.sm_75.ptx:874) st.shared.u32 [%r7+276], %r92;
warp 0 :  PC=0x7d58 (nw-rodinia-2.4.sm_75.ptx:877) bar.sync 0;
warp 0 :  PC=0x7d60 (nw-rodinia-2.4.sm_75.ptx:878) setp.gt.s32%p21, %r2, 4;
warp 0 :  PC=0x7d68 (nw-rodinia-2.4.sm_75.ptx:879) @%p21 bra BB1_12;
warp 0 :  PC=0x7d70 (nw-rodinia-2.4.sm_75.ptx:881) ld.shared.u32 %r93, [%r8+256];
warp 0 :  PC=0x7d78 (nw-rodinia-2.4.sm_75.ptx:882) ld.shared.u32 %r94, [%r7+272];
warp 0 :  PC=0x7d80 (nw-rodinia-2.4.sm_75.ptx:883) add.s32 %r95, %r93, %r94;
warp 0 :  PC=0x7d88 (nw-rodinia-2.4.sm_75.ptx:884) ld.shared.u32 %r96, [%r7+340];
warp 0 :  PC=0x7d90 (nw-rodinia-2.4.sm_75.ptx:885) sub.s32 %r97, %r96, %r10;
warp 0 :  PC=0x7d98 (nw-rodinia-2.4.sm_75.ptx:886) ld.shared.u32 %r98, [%r7+276];
warp 0 :  PC=0x7da0 (nw-rodinia-2.4.sm_75.ptx:887) sub.s32 %r99, %r98, %r10;
warp 0 :  PC=0x7da8 (nw-rodinia-2.4.sm_75.ptx:888) max.s32 %r100, %r95, %r97;
warp 0 :  PC=0x7db0 (nw-rodinia-2.4.sm_75.ptx:889) max.s32 %r101, %r100, %r99;
warp 0 :  PC=0x7db8 (nw-rodinia-2.4.sm_75.ptx:890) st.shared.u32 [%r7+344], %r101;
warp 0 :  PC=0x7dc0 (nw-rodinia-2.4.sm_75.ptx:893) bar.sync 0;
warp 0 :  PC=0x7dc8 (nw-rodinia-2.4.sm_75.ptx:894) setp.gt.s32%p22, %r2, 5;
warp 0 :  PC=0x7dd0 (nw-rodinia-2.4.sm_75.ptx:895) @%p22 bra BB1_14;
warp 0 :  PC=0x7dd8 (nw-rodinia-2.4.sm_75.ptx:897) ld.shared.u32 %r102, [%r8+320];
warp 0 :  PC=0x7de0 (nw-rodinia-2.4.sm_75.ptx:898) ld.shared.u32 %r103, [%r7+340];
warp 0 :  PC=0x7de8 (nw-rodinia-2.4.sm_75.ptx:899) add.s32 %r104, %r102, %r103;
warp 0 :  PC=0x7df0 (nw-rodinia-2.4.sm_75.ptx:900) ld.shared.u32 %r105, [%r7+408];
warp 0 :  PC=0x7df8 (nw-rodinia-2.4.sm_75.ptx:901) sub.s32 %r106, %r105, %r10;
warp 0 :  PC=0x7e00 (nw-rodinia-2.4.sm_75.ptx:902) ld.shared.u32 %r107, [%r7+344];
warp 0 :  PC=0x7e08 (nw-rodinia-2.4.sm_75.ptx:903) sub.s32 %r108, %r107, %r10;
warp 0 :  PC=0x7e10 (nw-rodinia-2.4.sm_75.ptx:904) max.s32 %r109, %r104, %r106;
warp 0 :  PC=0x7e18 (nw-rodinia-2.4.sm_75.ptx:905) max.s32 %r110, %r109, %r108;
warp 0 :  PC=0x7e20 (nw-rodinia-2.4.sm_75.ptx:906) st.shared.u32 [%r7+412], %r110;
warp 0 :  PC=0x7e28 (nw-rodinia-2.4.sm_75.ptx:909) bar.sync 0;
warp 0 :  PC=0x7e30 (nw-rodinia-2.4.sm_75.ptx:910) setp.gt.s32%p23, %r2, 6;
warp 0 :  PC=0x7e38 (nw-rodinia-2.4.sm_75.ptx:911) @%p23 bra BB1_16;
warp 0 :  PC=0x7e40 (nw-rodinia-2.4.sm_75.ptx:913) ld.shared.u32 %r111, [%r8+384];
warp 0 :  PC=0x7e48 (nw-rodinia-2.4.sm_75.ptx:914) ld.shared.u32 %r112, [%r7+408];
warp 0 :  PC=0x7e50 (nw-rodinia-2.4.sm_75.ptx:915) add.s32 %r113, %r111, %r112;
warp 0 :  PC=0x7e58 (nw-rodinia-2.4.sm_75.ptx:916) ld.shared.u32 %r114, [%r7+476];
warp 0 :  PC=0x7e60 (nw-rodinia-2.4.sm_75.ptx:917) sub.s32 %r115, %r114, %r10;
warp 0 :  PC=0x7e68 (nw-rodinia-2.4.sm_75.ptx:918) ld.shared.u32 %r116, [%r7+412];
warp 0 :  PC=0x7e70 (nw-rodinia-2.4.sm_75.ptx:919) sub.s32 %r117, %r116, %r10;
warp 0 :  PC=0x7e78 (nw-rodinia-2.4.sm_75.ptx:920) max.s32 %r118, %r113, %r115;
warp 0 :  PC=0x7e80 (nw-rodinia-2.4.sm_75.ptx:921) max.s32 %r119, %r118, %r117;
warp 0 :  PC=0x7e88 (nw-rodinia-2.4.sm_75.ptx:922) st.shared.u32 [%r7+480], %r119;
warp 0 :  PC=0x7e90 (nw-rodinia-2.4.sm_75.ptx:925) bar.sync 0;
warp 0 :  PC=0x7e98 (nw-rodinia-2.4.sm_75.ptx:926) setp.gt.s32%p24, %r2, 7;
warp 0 :  PC=0x7ea0 (nw-rodinia-2.4.sm_75.ptx:927) @%p24 bra BB1_18;
warp 0 :  PC=0x7ea8 (nw-rodinia-2.4.sm_75.ptx:929) ld.shared.u32 %r120, [%r8+448];
warp 0 :  PC=0x7eb0 (nw-rodinia-2.4.sm_75.ptx:930) ld.shared.u32 %r121, [%r7+476];
warp 0 :  PC=0x7eb8 (nw-rodinia-2.4.sm_75.ptx:931) add.s32 %r122, %r120, %r121;
warp 0 :  PC=0x7ec0 (nw-rodinia-2.4.sm_75.ptx:932) ld.shared.u32 %r123, [%r7+544];
warp 0 :  PC=0x7ec8 (nw-rodinia-2.4.sm_75.ptx:933) sub.s32 %r124, %r123, %r10;
warp 0 :  PC=0x7ed0 (nw-rodinia-2.4.sm_75.ptx:934) ld.shared.u32 %r125, [%r7+480];
warp 0 :  PC=0x7ed8 (nw-rodinia-2.4.sm_75.ptx:935) sub.s32 %r126, %r125, %r10;
warp 0 :  PC=0x7ee0 (nw-rodinia-2.4.sm_75.ptx:936) max.s32 %r127, %r122, %r124;
warp 0 :  PC=0x7ee8 (nw-rodinia-2.4.sm_75.ptx:937) max.s32 %r128, %r127, %r126;
warp 0 :  PC=0x7ef0 (nw-rodinia-2.4.sm_75.ptx:938) st.shared.u32 [%r7+548], %r128;
warp 0 :  PC=0x7ef8 (nw-rodinia-2.4.sm_75.ptx:941) bar.sync 0;
warp 0 :  PC=0x7f00 (nw-rodinia-2.4.sm_75.ptx:942) setp.gt.s32%p25, %r2, 8;
warp 0 :  PC=0x7f08 (nw-rodinia-2.4.sm_75.ptx:943) @%p25 bra BB1_20;
warp 0 :  PC=0x7f10 (nw-rodinia-2.4.sm_75.ptx:945) ld.shared.u32 %r129, [%r8+512];
warp 0 :  PC=0x7f18 (nw-rodinia-2.4.sm_75.ptx:946) ld.shared.u32 %r130, [%r7+544];
warp 0 :  PC=0x7f20 (nw-rodinia-2.4.sm_75.ptx:947) add.s32 %r131, %r129, %r130;
warp 0 :  PC=0x7f28 (nw-rodinia-2.4.sm_75.ptx:948) ld.shared.u32 %r132, [%r7+612];
warp 0 :  PC=0x7f30 (nw-rodinia-2.4.sm_75.ptx:949) sub.s32 %r133, %r132, %r10;
warp 0 :  PC=0x7f38 (nw-rodinia-2.4.sm_75.ptx:950) ld.shared.u32 %r134, [%r7+548];
warp 0 :  PC=0x7f40 (nw-rodinia-2.4.sm_75.ptx:951) sub.s32 %r135, %r134, %r10;
warp 0 :  PC=0x7f48 (nw-rodinia-2.4.sm_75.ptx:952) max.s32 %r136, %r131, %r133;
warp 0 :  PC=0x7f50 (nw-rodinia-2.4.sm_75.ptx:953) max.s32 %r137, %r136, %r135;
warp 0 :  PC=0x7f58 (nw-rodinia-2.4.sm_75.ptx:954) st.shared.u32 [%r7+616], %r137;
warp 0 :  PC=0x7f60 (nw-rodinia-2.4.sm_75.ptx:957) bar.sync 0;
warp 0 :  PC=0x7f68 (nw-rodinia-2.4.sm_75.ptx:958) setp.gt.s32%p26, %r2, 9;
warp 0 :  PC=0x7f70 (nw-rodinia-2.4.sm_75.ptx:959) @%p26 bra BB1_22;
warp 0 :  PC=0x7f78 (nw-rodinia-2.4.sm_75.ptx:961) ld.shared.u32 %r138, [%r8+576];
warp 0 :  PC=0x7f80 (nw-rodinia-2.4.sm_75.ptx:962) ld.shared.u32 %r139, [%r7+612];
warp 0 :  PC=0x7f88 (nw-rodinia-2.4.sm_75.ptx:963) add.s32 %r140, %r138, %r139;
warp 0 :  PC=0x7f90 (nw-rodinia-2.4.sm_75.ptx:964) ld.shared.u32 %r141, [%r7+680];
warp 0 :  PC=0x7f98 (nw-rodinia-2.4.sm_75.ptx:965) sub.s32 %r142, %r141, %r10;
warp 0 :  PC=0x7fa0 (nw-rodinia-2.4.sm_75.ptx:966) ld.shared.u32 %r143, [%r7+616];
warp 0 :  PC=0x7fa8 (nw-rodinia-2.4.sm_75.ptx:967) sub.s32 %r144, %r143, %r10;
warp 0 :  PC=0x7fb0 (nw-rodinia-2.4.sm_75.ptx:968) max.s32 %r145, %r140, %r142;
warp 0 :  PC=0x7fb8 (nw-rodinia-2.4.sm_75.ptx:969) max.s32 %r146, %r145, %r144;
warp 0 :  PC=0x7fc0 (nw-rodinia-2.4.sm_75.ptx:970) st.shared.u32 [%r7+684], %r146;
warp 0 :  PC=0x7fc8 (nw-rodinia-2.4.sm_75.ptx:973) bar.sync 0;
warp 0 :  PC=0x7fd0 (nw-rodinia-2.4.sm_75.ptx:974) setp.gt.s32%p27, %r2, 10;
warp 0 :  PC=0x7fd8 (nw-rodinia-2.4.sm_75.ptx:975) @%p27 bra BB1_24;
warp 0 :  PC=0x7fe0 (nw-rodinia-2.4.sm_75.ptx:977) ld.shared.u32 %r147, [%r8+640];
warp 0 :  PC=0x7fe8 (nw-rodinia-2.4.sm_75.ptx:978) ld.shared.u32 %r148, [%r7+680];
warp 0 :  PC=0x7ff0 (nw-rodinia-2.4.sm_75.ptx:979) add.s32 %r149, %r147, %r148;
warp 0 :  PC=0x7ff8 (nw-rodinia-2.4.sm_75.ptx:980) ld.shared.u32 %r150, [%r7+748];
warp 0 :  PC=0x8000 (nw-rodinia-2.4.sm_75.ptx:981) sub.s32 %r151, %r150, %r10;
warp 0 :  PC=0x8008 (nw-rodinia-2.4.sm_75.ptx:982) ld.shared.u32 %r152, [%r7+684];
warp 0 :  PC=0x8010 (nw-rodinia-2.4.sm_75.ptx:983) sub.s32 %r153, %r152, %r10;
warp 0 :  PC=0x8018 (nw-rodinia-2.4.sm_75.ptx:984) max.s32 %r154, %r149, %r151;
warp 0 :  PC=0x8020 (nw-rodinia-2.4.sm_75.ptx:985) max.s32 %r155, %r154, %r153;
warp 0 :  PC=0x8028 (nw-rodinia-2.4.sm_75.ptx:986) st.shared.u32 [%r7+752], %r155;
warp 0 :  PC=0x8030 (nw-rodinia-2.4.sm_75.ptx:989) bar.sync 0;
warp 0 :  PC=0x8038 (nw-rodinia-2.4.sm_75.ptx:990) setp.gt.s32%p28, %r2, 11;
warp 0 :  PC=0x8040 (nw-rodinia-2.4.sm_75.ptx:991) @%p28 bra BB1_26;
warp 0 :  PC=0x8048 (nw-rodinia-2.4.sm_75.ptx:993) ld.shared.u32 %r156, [%r8+704];
warp 0 :  PC=0x8050 (nw-rodinia-2.4.sm_75.ptx:994) ld.shared.u32 %r157, [%r7+748];
warp 0 :  PC=0x8058 (nw-rodinia-2.4.sm_75.ptx:995) add.s32 %r158, %r156, %r157;
warp 0 :  PC=0x8060 (nw-rodinia-2.4.sm_75.ptx:996) ld.shared.u32 %r159, [%r7+816];
warp 0 :  PC=0x8068 (nw-rodinia-2.4.sm_75.ptx:997) sub.s32 %r160, %r159, %r10;
warp 0 :  PC=0x8070 (nw-rodinia-2.4.sm_75.ptx:998) ld.shared.u32 %r161, [%r7+752];
warp 0 :  PC=0x8078 (nw-rodinia-2.4.sm_75.ptx:999) sub.s32 %r162, %r161, %r10;
warp 0 :  PC=0x8080 (nw-rodinia-2.4.sm_75.ptx:1000) max.s32 %r163, %r158, %r160;
warp 0 :  PC=0x8088 (nw-rodinia-2.4.sm_75.ptx:1001) max.s32 %r164, %r163, %r162;
warp 0 :  PC=0x8090 (nw-rodinia-2.4.sm_75.ptx:1002) st.shared.u32 [%r7+820], %r164;
warp 0 :  PC=0x8098 (nw-rodinia-2.4.sm_75.ptx:1005) bar.sync 0;
warp 0 :  PC=0x80a0 (nw-rodinia-2.4.sm_75.ptx:1006) setp.gt.s32%p29, %r2, 12;
warp 0 :  PC=0x80a8 (nw-rodinia-2.4.sm_75.ptx:1007) @%p29 bra BB1_28;
warp 0 :  PC=0x80b0 (nw-rodinia-2.4.sm_75.ptx:1009) ld.shared.u32 %r165, [%r8+768];
warp 0 :  PC=0x80b8 (nw-rodinia-2.4.sm_75.ptx:1010) ld.shared.u32 %r166, [%r7+816];
warp 0 :  PC=0x80c0 (nw-rodinia-2.4.sm_75.ptx:1011) add.s32 %r167, %r165, %r166;
warp 0 :  PC=0x80c8 (nw-rodinia-2.4.sm_75.ptx:1012) ld.shared.u32 %r168, [%r7+884];
warp 0 :  PC=0x80d0 (nw-rodinia-2.4.sm_75.ptx:1013) sub.s32 %r169, %r168, %r10;
warp 0 :  PC=0x80d8 (nw-rodinia-2.4.sm_75.ptx:1014) ld.shared.u32 %r170, [%r7+820];
warp 0 :  PC=0x80e0 (nw-rodinia-2.4.sm_75.ptx:1015) sub.s32 %r171, %r170, %r10;
warp 0 :  PC=0x80e8 (nw-rodinia-2.4.sm_75.ptx:1016) max.s32 %r172, %r167, %r169;
warp 0 :  PC=0x80f0 (nw-rodinia-2.4.sm_75.ptx:1017) max.s32 %r173, %r172, %r171;
warp 0 :  PC=0x80f8 (nw-rodinia-2.4.sm_75.ptx:1018) st.shared.u32 [%r7+888], %r173;
warp 0 :  PC=0x8100 (nw-rodinia-2.4.sm_75.ptx:1021) bar.sync 0;
warp 0 :  PC=0x8108 (nw-rodinia-2.4.sm_75.ptx:1022) setp.gt.s32%p30, %r2, 13;
warp 0 :  PC=0x8110 (nw-rodinia-2.4.sm_75.ptx:1023) @%p30 bra BB1_30;
warp 0 :  PC=0x8118 (nw-rodinia-2.4.sm_75.ptx:1025) ld.shared.u32 %r174, [%r8+832];
warp 0 :  PC=0x8120 (nw-rodinia-2.4.sm_75.ptx:1026) ld.shared.u32 %r175, [%r7+884];
warp 0 :  PC=0x8128 (nw-rodinia-2.4.sm_75.ptx:1027) add.s32 %r176, %r174, %r175;
warp 0 :  PC=0x8130 (nw-rodinia-2.4.sm_75.ptx:1028) ld.shared.u32 %r177, [%r7+952];
warp 0 :  PC=0x8138 (nw-rodinia-2.4.sm_75.ptx:1029) sub.s32 %r178, %r177, %r10;
warp 0 :  PC=0x8140 (nw-rodinia-2.4.sm_75.ptx:1030) ld.shared.u32 %r179, [%r7+888];
warp 0 :  PC=0x8148 (nw-rodinia-2.4.sm_75.ptx:1031) sub.s32 %r180, %r179, %r10;
warp 0 :  PC=0x8150 (nw-rodinia-2.4.sm_75.ptx:1032) max.s32 %r181, %r176, %r178;
warp 0 :  PC=0x8158 (nw-rodinia-2.4.sm_75.ptx:1033) max.s32 %r182, %r181, %r180;
warp 0 :  PC=0x8160 (nw-rodinia-2.4.sm_75.ptx:1034) st.shared.u32 [%r7+956], %r182;
warp 0 :  PC=0x8168 (nw-rodinia-2.4.sm_75.ptx:1037) bar.sync 0;
warp 0 :  PC=0x8170 (nw-rodinia-2.4.sm_75.ptx:1038) setp.gt.s32%p31, %r2, 14;
warp 0 :  PC=0x8178 (nw-rodinia-2.4.sm_75.ptx:1039) @%p31 bra BB1_32;
warp 0 :  PC=0x8180 (nw-rodinia-2.4.sm_75.ptx:1041) ld.shared.u32 %r183, [%r8+896];
warp 0 :  PC=0x8188 (nw-rodinia-2.4.sm_75.ptx:1042) ld.shared.u32 %r184, [%r7+952];
warp 0 :  PC=0x8190 (nw-rodinia-2.4.sm_75.ptx:1043) add.s32 %r185, %r183, %r184;
warp 0 :  PC=0x8198 (nw-rodinia-2.4.sm_75.ptx:1044) ld.shared.u32 %r186, [%r7+1020];
warp 0 :  PC=0x81a0 (nw-rodinia-2.4.sm_75.ptx:1045) sub.s32 %r187, %r186, %r10;
warp 0 :  PC=0x81a8 (nw-rodinia-2.4.sm_75.ptx:1046) ld.shared.u32 %r188, [%r7+956];
warp 0 :  PC=0x81b0 (nw-rodinia-2.4.sm_75.ptx:1047) sub.s32 %r189, %r188, %r10;
warp 0 :  PC=0x81b8 (nw-rodinia-2.4.sm_75.ptx:1048) max.s32 %r190, %r185, %r187;
warp 0 :  PC=0x81c0 (nw-rodinia-2.4.sm_75.ptx:1049) max.s32 %r191, %r190, %r189;
warp 0 :  PC=0x81c8 (nw-rodinia-2.4.sm_75.ptx:1050) st.shared.u32 [%r7+1024], %r191;
warp 0 :  PC=0x81d0 (nw-rodinia-2.4.sm_75.ptx:1053) bar.sync 0;
warp 0 :  PC=0x81d8 (nw-rodinia-2.4.sm_75.ptx:1054) setp.gt.s32%p32, %r2, 15;
warp 0 :  PC=0x81e0 (nw-rodinia-2.4.sm_75.ptx:1055) @%p32 bra BB1_34;
warp 0 :  PC=0x81e8 (nw-rodinia-2.4.sm_75.ptx:1057) ld.shared.u32 %r192, [%r8+960];
warp 0 :  PC=0x81f0 (nw-rodinia-2.4.sm_75.ptx:1058) ld.shared.u32 %r193, [%r7+1020];
warp 0 :  PC=0x81f8 (nw-rodinia-2.4.sm_75.ptx:1059) add.s32 %r194, %r192, %r193;
warp 0 :  PC=0x8200 (nw-rodinia-2.4.sm_75.ptx:1060) ld.shared.u32 %r195, [%r7+1088];
warp 0 :  PC=0x8208 (nw-rodinia-2.4.sm_75.ptx:1061) sub.s32 %r196, %r195, %r10;
warp 0 :  PC=0x8210 (nw-rodinia-2.4.sm_75.ptx:1062) ld.shared.u32 %r197, [%r7+1024];
warp 0 :  PC=0x8218 (nw-rodinia-2.4.sm_75.ptx:1063) sub.s32 %r198, %r197, %r10;
warp 0 :  PC=0x8220 (nw-rodinia-2.4.sm_75.ptx:1064) max.s32 %r199, %r194, %r196;
warp 0 :  PC=0x8228 (nw-rodinia-2.4.sm_75.ptx:1065) max.s32 %r200, %r199, %r198;
warp 0 :  PC=0x8230 (nw-rodinia-2.4.sm_75.ptx:1066) st.shared.u32 [%r7+1092], %r200;
warp 0 :  PC=0x8238 (nw-rodinia-2.4.sm_75.ptx:1069) bar.sync 0;
warp 0 :  PC=0x8240 (nw-rodinia-2.4.sm_75.ptx:1070) @%p31 bra BB1_36;
warp 0 :  PC=0x8248 (nw-rodinia-2.4.sm_75.ptx:1072) ld.shared.u32 %r201, [%r8+964];
warp 0 :  PC=0x8250 (nw-rodinia-2.4.sm_75.ptx:1073) ld.shared.u32 %r202, [%r7+1024];
warp 0 :  PC=0x8258 (nw-rodinia-2.4.sm_75.ptx:1074) add.s32 %r203, %r201, %r202;
warp 0 :  PC=0x8260 (nw-rodinia-2.4.sm_75.ptx:1075) ld.shared.u32 %r204, [%r7+1092];
warp 0 :  PC=0x8268 (nw-rodinia-2.4.sm_75.ptx:1076) sub.s32 %r205, %r204, %r10;
warp 0 :  PC=0x8270 (nw-rodinia-2.4.sm_75.ptx:1077) ld.shared.u32 %r206, [%r7+1028];
warp 0 :  PC=0x8278 (nw-rodinia-2.4.sm_75.ptx:1078) sub.s32 %r207, %r206, %r10;
warp 0 :  PC=0x8280 (nw-rodinia-2.4.sm_75.ptx:1079) max.s32 %r208, %r203, %r205;
warp 0 :  PC=0x8288 (nw-rodinia-2.4.sm_75.ptx:1080) max.s32 %r209, %r208, %r207;
warp 0 :  PC=0x8290 (nw-rodinia-2.4.sm_75.ptx:1081) st.shared.u32 [%r7+1096], %r209;
warp 0 :  PC=0x8298 (nw-rodinia-2.4.sm_75.ptx:1084) bar.sync 0;
warp 0 :  PC=0x82a0 (nw-rodinia-2.4.sm_75.ptx:1085) @%p30 bra BB1_38;
warp 0 :  PC=0x82a8 (nw-rodinia-2.4.sm_75.ptx:1087) ld.shared.u32 %r210, [%r8+968];
warp 0 :  PC=0x82b0 (nw-rodinia-2.4.sm_75.ptx:1088) ld.shared.u32 %r211, [%r7+1028];
warp 0 :  PC=0x82b8 (nw-rodinia-2.4.sm_75.ptx:1089) add.s32 %r212, %r210, %r211;
warp 0 :  PC=0x82c0 (nw-rodinia-2.4.sm_75.ptx:1090) ld.shared.u32 %r213, [%r7+1096];
warp 0 :  PC=0x82c8 (nw-rodinia-2.4.sm_75.ptx:1091) sub.s32 %r214, %r213, %r10;
warp 0 :  PC=0x82d0 (nw-rodinia-2.4.sm_75.ptx:1092) ld.shared.u32 %r215, [%r7+1032];
warp 0 :  PC=0x82d8 (nw-rodinia-2.4.sm_75.ptx:1093) sub.s32 %r216, %r215, %r10;
warp 0 :  PC=0x82e0 (nw-rodinia-2.4.sm_75.ptx:1094) max.s32 %r217, %r212, %r214;
warp 0 :  PC=0x82e8 (nw-rodinia-2.4.sm_75.ptx:1095) max.s32 %r218, %r217, %r216;
warp 0 :  PC=0x82f0 (nw-rodinia-2.4.sm_75.ptx:1096) st.shared.u32 [%r7+1100], %r218;
warp 0 :  PC=0x82f8 (nw-rodinia-2.4.sm_75.ptx:1099) bar.sync 0;
warp 0 :  PC=0x8300 (nw-rodinia-2.4.sm_75.ptx:1100) @%p29 bra BB1_40;
warp 0 :  PC=0x8308 (nw-rodinia-2.4.sm_75.ptx:1102) ld.shared.u32 %r219, [%r8+972];
warp 0 :  PC=0x8310 (nw-rodinia-2.4.sm_75.ptx:1103) ld.shared.u32 %r220, [%r7+1032];
warp 0 :  PC=0x8318 (nw-rodinia-2.4.sm_75.ptx:1104) add.s32 %r221, %r219, %r220;
warp 0 :  PC=0x8320 (nw-rodinia-2.4.sm_75.ptx:1105) ld.shared.u32 %r222, [%r7+1100];
warp 0 :  PC=0x8328 (nw-rodinia-2.4.sm_75.ptx:1106) sub.s32 %r223, %r222, %r10;
warp 0 :  PC=0x8330 (nw-rodinia-2.4.sm_75.ptx:1107) ld.shared.u32 %r224, [%r7+1036];
warp 0 :  PC=0x8338 (nw-rodinia-2.4.sm_75.ptx:1108) sub.s32 %r225, %r224, %r10;
warp 0 :  PC=0x8340 (nw-rodinia-2.4.sm_75.ptx:1109) max.s32 %r226, %r221, %r223;
warp 0 :  PC=0x8348 (nw-rodinia-2.4.sm_75.ptx:1110) max.s32 %r227, %r226, %r225;
warp 0 :  PC=0x8350 (nw-rodinia-2.4.sm_75.ptx:1111) st.shared.u32 [%r7+1104], %r227;
warp 0 :  PC=0x8358 (nw-rodinia-2.4.sm_75.ptx:1114) bar.sync 0;
warp 0 :  PC=0x8360 (nw-rodinia-2.4.sm_75.ptx:1115) @%p28 bra BB1_42;
warp 0 :  PC=0x8368 (nw-rodinia-2.4.sm_75.ptx:1117) ld.shared.u32 %r228, [%r8+976];
warp 0 :  PC=0x8370 (nw-rodinia-2.4.sm_75.ptx:1118) ld.shared.u32 %r229, [%r7+1036];
warp 0 :  PC=0x8378 (nw-rodinia-2.4.sm_75.ptx:1119) add.s32 %r230, %r228, %r229;
warp 0 :  PC=0x8380 (nw-rodinia-2.4.sm_75.ptx:1120) ld.shared.u32 %r231, [%r7+1104];
warp 0 :  PC=0x8388 (nw-rodinia-2.4.sm_75.ptx:1121) sub.s32 %r232, %r231, %r10;
warp 0 :  PC=0x8390 (nw-rodinia-2.4.sm_75.ptx:1122) ld.shared.u32 %r233, [%r7+1040];
warp 0 :  PC=0x8398 (nw-rodinia-2.4.sm_75.ptx:1123) sub.s32 %r234, %r233, %r10;
warp 0 :  PC=0x83a0 (nw-rodinia-2.4.sm_75.ptx:1124) max.s32 %r235, %r230, %r232;
warp 0 :  PC=0x83a8 (nw-rodinia-2.4.sm_75.ptx:1125) max.s32 %r236, %r235, %r234;
warp 0 :  PC=0x83b0 (nw-rodinia-2.4.sm_75.ptx:1126) st.shared.u32 [%r7+1108], %r236;
warp 0 :  PC=0x83b8 (nw-rodinia-2.4.sm_75.ptx:1129) bar.sync 0;
warp 0 :  PC=0x83c0 (nw-rodinia-2.4.sm_75.ptx:1130) @%p27 bra BB1_44;
warp 0 :  PC=0x83c8 (nw-rodinia-2.4.sm_75.ptx:1132) ld.shared.u32 %r237, [%r8+980];
warp 0 :  PC=0x83d0 (nw-rodinia-2.4.sm_75.ptx:1133) ld.shared.u32 %r238, [%r7+1040];
warp 0 :  PC=0x83d8 (nw-rodinia-2.4.sm_75.ptx:1134) add.s32 %r239, %r237, %r238;
warp 0 :  PC=0x83e0 (nw-rodinia-2.4.sm_75.ptx:1135) ld.shared.u32 %r240, [%r7+1108];
warp 0 :  PC=0x83e8 (nw-rodinia-2.4.sm_75.ptx:1136) sub.s32 %r241, %r240, %r10;
warp 0 :  PC=0x83f0 (nw-rodinia-2.4.sm_75.ptx:1137) ld.shared.u32 %r242, [%r7+1044];
warp 0 :  PC=0x83f8 (nw-rodinia-2.4.sm_75.ptx:1138) sub.s32 %r243, %r242, %r10;
warp 0 :  PC=0x8400 (nw-rodinia-2.4.sm_75.ptx:1139) max.s32 %r244, %r239, %r241;
warp 0 :  PC=0x8408 (nw-rodinia-2.4.sm_75.ptx:1140) max.s32 %r245, %r244, %r243;
warp 0 :  PC=0x8410 (nw-rodinia-2.4.sm_75.ptx:1141) st.shared.u32 [%r7+1112], %r245;
warp 0 :  PC=0x8418 (nw-rodinia-2.4.sm_75.ptx:1144) bar.sync 0;
warp 0 :  PC=0x8420 (nw-rodinia-2.4.sm_75.ptx:1145) @%p26 bra BB1_46;
warp 0 :  PC=0x8428 (nw-rodinia-2.4.sm_75.ptx:1147) ld.shared.u32 %r246, [%r8+984];
warp 0 :  PC=0x8430 (nw-rodinia-2.4.sm_75.ptx:1148) ld.shared.u32 %r247, [%r7+1044];
warp 0 :  PC=0x8438 (nw-rodinia-2.4.sm_75.ptx:1149) add.s32 %r248, %r246, %r247;
warp 0 :  PC=0x8440 (nw-rodinia-2.4.sm_75.ptx:1150) ld.shared.u32 %r249, [%r7+1112];
warp 0 :  PC=0x8448 (nw-rodinia-2.4.sm_75.ptx:1151) sub.s32 %r250, %r249, %r10;
warp 0 :  PC=0x8450 (nw-rodinia-2.4.sm_75.ptx:1152) ld.shared.u32 %r251, [%r7+1048];
warp 0 :  PC=0x8458 (nw-rodinia-2.4.sm_75.ptx:1153) sub.s32 %r252, %r251, %r10;
warp 0 :  PC=0x8460 (nw-rodinia-2.4.sm_75.ptx:1154) max.s32 %r253, %r248, %r250;
warp 0 :  PC=0x8468 (nw-rodinia-2.4.sm_75.ptx:1155) max.s32 %r254, %r253, %r252;
warp 0 :  PC=0x8470 (nw-rodinia-2.4.sm_75.ptx:1156) st.shared.u32 [%r7+1116], %r254;
warp 0 :  PC=0x8478 (nw-rodinia-2.4.sm_75.ptx:1159) bar.sync 0;
warp 0 :  PC=0x8480 (nw-rodinia-2.4.sm_75.ptx:1160) @%p25 bra BB1_48;
warp 0 :  PC=0x8488 (nw-rodinia-2.4.sm_75.ptx:1162) ld.shared.u32 %r255, [%r8+988];
warp 0 :  PC=0x8490 (nw-rodinia-2.4.sm_75.ptx:1163) ld.shared.u32 %r256, [%r7+1048];
warp 0 :  PC=0x8498 (nw-rodinia-2.4.sm_75.ptx:1164) add.s32 %r257, %r255, %r256;
warp 0 :  PC=0x84a0 (nw-rodinia-2.4.sm_75.ptx:1165) ld.shared.u32 %r258, [%r7+1116];
warp 0 :  PC=0x84a8 (nw-rodinia-2.4.sm_75.ptx:1166) sub.s32 %r259, %r258, %r10;
warp 0 :  PC=0x84b0 (nw-rodinia-2.4.sm_75.ptx:1167) ld.shared.u32 %r260, [%r7+1052];
warp 0 :  PC=0x84b8 (nw-rodinia-2.4.sm_75.ptx:1168) sub.s32 %r261, %r260, %r10;
warp 0 :  PC=0x84c0 (nw-rodinia-2.4.sm_75.ptx:1169) max.s32 %r262, %r257, %r259;
warp 0 :  PC=0x84c8 (nw-rodinia-2.4.sm_75.ptx:1170) max.s32 %r263, %r262, %r261;
warp 0 :  PC=0x84d0 (nw-rodinia-2.4.sm_75.ptx:1171) st.shared.u32 [%r7+1120], %r263;
warp 0 :  PC=0x84d8 (nw-rodinia-2.4.sm_75.ptx:1174) bar.sync 0;
warp 0 :  PC=0x84e0 (nw-rodinia-2.4.sm_75.ptx:1175) @%p24 bra BB1_50;
warp 0 :  PC=0x84e8 (nw-rodinia-2.4.sm_75.ptx:1177) ld.shared.u32 %r264, [%r8+992];
warp 0 :  PC=0x84f0 (nw-rodinia-2.4.sm_75.ptx:1178) ld.shared.u32 %r265, [%r7+1052];
warp 0 :  PC=0x84f8 (nw-rodinia-2.4.sm_75.ptx:1179) add.s32 %r266, %r264, %r265;
warp 0 :  PC=0x8500 (nw-rodinia-2.4.sm_75.ptx:1180) ld.shared.u32 %r267, [%r7+1120];
warp 0 :  PC=0x8508 (nw-rodinia-2.4.sm_75.ptx:1181) sub.s32 %r268, %r267, %r10;
warp 0 :  PC=0x8510 (nw-rodinia-2.4.sm_75.ptx:1182) ld.shared.u32 %r269, [%r7+1056];
warp 0 :  PC=0x8518 (nw-rodinia-2.4.sm_75.ptx:1183) sub.s32 %r270, %r269, %r10;
warp 0 :  PC=0x8520 (nw-rodinia-2.4.sm_75.ptx:1184) max.s32 %r271, %r266, %r268;
warp 0 :  PC=0x8528 (nw-rodinia-2.4.sm_75.ptx:1185) max.s32 %r272, %r271, %r270;
warp 0 :  PC=0x8530 (nw-rodinia-2.4.sm_75.ptx:1186) st.shared.u32 [%r7+1124], %r272;
warp 0 :  PC=0x8538 (nw-rodinia-2.4.sm_75.ptx:1189) bar.sync 0;
warp 0 :  PC=0x8540 (nw-rodinia-2.4.sm_75.ptx:1190) @%p23 bra BB1_52;
warp 0 :  PC=0x8548 (nw-rodinia-2.4.sm_75.ptx:1192) ld.shared.u32 %r273, [%r8+996];
warp 0 :  PC=0x8550 (nw-rodinia-2.4.sm_75.ptx:1193) ld.shared.u32 %r274, [%r7+1056];
warp 0 :  PC=0x8558 (nw-rodinia-2.4.sm_75.ptx:1194) add.s32 %r275, %r273, %r274;
warp 0 :  PC=0x8560 (nw-rodinia-2.4.sm_75.ptx:1195) ld.shared.u32 %r276, [%r7+1124];
warp 0 :  PC=0x8568 (nw-rodinia-2.4.sm_75.ptx:1196) sub.s32 %r277, %r276, %r10;
warp 0 :  PC=0x8570 (nw-rodinia-2.4.sm_75.ptx:1197) ld.shared.u32 %r278, [%r7+1060];
warp 0 :  PC=0x8578 (nw-rodinia-2.4.sm_75.ptx:1198) sub.s32 %r279, %r278, %r10;
warp 0 :  PC=0x8580 (nw-rodinia-2.4.sm_75.ptx:1199) max.s32 %r280, %r275, %r277;
warp 0 :  PC=0x8588 (nw-rodinia-2.4.sm_75.ptx:1200) max.s32 %r281, %r280, %r279;
warp 0 :  PC=0x8590 (nw-rodinia-2.4.sm_75.ptx:1201) st.shared.u32 [%r7+1128], %r281;
warp 0 :  PC=0x8598 (nw-rodinia-2.4.sm_75.ptx:1204) bar.sync 0;
warp 0 :  PC=0x85a0 (nw-rodinia-2.4.sm_75.ptx:1205) @%p22 bra BB1_54;
warp 0 :  PC=0x85a8 (nw-rodinia-2.4.sm_75.ptx:1207) ld.shared.u32 %r282, [%r8+1000];
warp 0 :  PC=0x85b0 (nw-rodinia-2.4.sm_75.ptx:1208) ld.shared.u32 %r283, [%r7+1060];
warp 0 :  PC=0x85b8 (nw-rodinia-2.4.sm_75.ptx:1209) add.s32 %r284, %r282, %r283;
warp 0 :  PC=0x85c0 (nw-rodinia-2.4.sm_75.ptx:1210) ld.shared.u32 %r285, [%r7+1128];
warp 0 :  PC=0x85c8 (nw-rodinia-2.4.sm_75.ptx:1211) sub.s32 %r286, %r285, %r10;
warp 0 :  PC=0x85d0 (nw-rodinia-2.4.sm_75.ptx:1212) ld.shared.u32 %r287, [%r7+1064];
warp 0 :  PC=0x85d8 (nw-rodinia-2.4.sm_75.ptx:1213) sub.s32 %r288, %r287, %r10;
warp 0 :  PC=0x85e0 (nw-rodinia-2.4.sm_75.ptx:1214) max.s32 %r289, %r284, %r286;
warp 0 :  PC=0x85e8 (nw-rodinia-2.4.sm_75.ptx:1215) max.s32 %r290, %r289, %r288;
warp 0 :  PC=0x85f0 (nw-rodinia-2.4.sm_75.ptx:1216) st.shared.u32 [%r7+1132], %r290;
warp 0 :  PC=0x85f8 (nw-rodinia-2.4.sm_75.ptx:1219) bar.sync 0;
warp 0 :  PC=0x8600 (nw-rodinia-2.4.sm_75.ptx:1220) @%p21 bra BB1_56;
warp 0 :  PC=0x8608 (nw-rodinia-2.4.sm_75.ptx:1222) ld.shared.u32 %r291, [%r8+1004];
warp 0 :  PC=0x8610 (nw-rodinia-2.4.sm_75.ptx:1223) ld.shared.u32 %r292, [%r7+1064];
warp 0 :  PC=0x8618 (nw-rodinia-2.4.sm_75.ptx:1224) add.s32 %r293, %r291, %r292;
warp 0 :  PC=0x8620 (nw-rodinia-2.4.sm_75.ptx:1225) ld.shared.u32 %r294, [%r7+1132];
warp 0 :  PC=0x8628 (nw-rodinia-2.4.sm_75.ptx:1226) sub.s32 %r295, %r294, %r10;
warp 0 :  PC=0x8630 (nw-rodinia-2.4.sm_75.ptx:1227) ld.shared.u32 %r296, [%r7+1068];
warp 0 :  PC=0x8638 (nw-rodinia-2.4.sm_75.ptx:1228) sub.s32 %r297, %r296, %r10;
warp 0 :  PC=0x8640 (nw-rodinia-2.4.sm_75.ptx:1229) max.s32 %r298, %r293, %r295;
warp 0 :  PC=0x8648 (nw-rodinia-2.4.sm_75.ptx:1230) max.s32 %r299, %r298, %r297;
warp 0 :  PC=0x8650 (nw-rodinia-2.4.sm_75.ptx:1231) st.shared.u32 [%r7+1136], %r299;
warp 0 :  PC=0x8658 (nw-rodinia-2.4.sm_75.ptx:1234) bar.sync 0;
warp 0 :  PC=0x8660 (nw-rodinia-2.4.sm_75.ptx:1235) @%p20 bra BB1_58;
warp 0 :  PC=0x8668 (nw-rodinia-2.4.sm_75.ptx:1237) ld.shared.u32 %r300, [%r8+1008];
warp 0 :  PC=0x8670 (nw-rodinia-2.4.sm_75.ptx:1238) ld.shared.u32 %r301, [%r7+1068];
warp 0 :  PC=0x8678 (nw-rodinia-2.4.sm_75.ptx:1239) add.s32 %r302, %r300, %r301;
warp 0 :  PC=0x8680 (nw-rodinia-2.4.sm_75.ptx:1240) ld.shared.u32 %r303, [%r7+1136];
warp 0 :  PC=0x8688 (nw-rodinia-2.4.sm_75.ptx:1241) sub.s32 %r304, %r303, %r10;
warp 0 :  PC=0x8690 (nw-rodinia-2.4.sm_75.ptx:1242) ld.shared.u32 %r305, [%r7+1072];
warp 0 :  PC=0x8698 (nw-rodinia-2.4.sm_75.ptx:1243) sub.s32 %r306, %r305, %r10;
warp 0 :  PC=0x86a0 (nw-rodinia-2.4.sm_75.ptx:1244) max.s32 %r307, %r302, %r304;
warp 0 :  PC=0x86a8 (nw-rodinia-2.4.sm_75.ptx:1245) max.s32 %r308, %r307, %r306;
warp 0 :  PC=0x86b0 (nw-rodinia-2.4.sm_75.ptx:1246) st.shared.u32 [%r7+1140], %r308;
warp 0 :  PC=0x86b8 (nw-rodinia-2.4.sm_75.ptx:1249) bar.sync 0;
warp 0 :  PC=0x86c0 (nw-rodinia-2.4.sm_75.ptx:1250) @%p19 bra BB1_60;
warp 0 :  PC=0x86c8 (nw-rodinia-2.4.sm_75.ptx:1252) ld.shared.u32 %r309, [%r8+1012];
warp 0 :  PC=0x86d0 (nw-rodinia-2.4.sm_75.ptx:1253) ld.shared.u32 %r310, [%r7+1072];
warp 0 :  PC=0x86d8 (nw-rodinia-2.4.sm_75.ptx:1254) add.s32 %r311, %r309, %r310;
warp 0 :  PC=0x86e0 (nw-rodinia-2.4.sm_75.ptx:1255) ld.shared.u32 %r312, [%r7+1140];
warp 0 :  PC=0x86e8 (nw-rodinia-2.4.sm_75.ptx:1256) sub.s32 %r313, %r312, %r10;
warp 0 :  PC=0x86f0 (nw-rodinia-2.4.sm_75.ptx:1257) ld.shared.u32 %r314, [%r7+1076];
warp 0 :  PC=0x86f8 (nw-rodinia-2.4.sm_75.ptx:1258) sub.s32 %r315, %r314, %r10;
warp 0 :  PC=0x8700 (nw-rodinia-2.4.sm_75.ptx:1259) max.s32 %r316, %r311, %r313;
warp 0 :  PC=0x8708 (nw-rodinia-2.4.sm_75.ptx:1260) max.s32 %r317, %r316, %r315;
warp 0 :  PC=0x8710 (nw-rodinia-2.4.sm_75.ptx:1261) st.shared.u32 [%r7+1144], %r317;
warp 0 :  PC=0x8718 (nw-rodinia-2.4.sm_75.ptx:1264) bar.sync 0;
warp 0 :  PC=0x8720 (nw-rodinia-2.4.sm_75.ptx:1265) @%p18 bra BB1_62;
warp 0 :  PC=0x8728 (nw-rodinia-2.4.sm_75.ptx:1267) ld.shared.u32 %r318, [%r8+1016];
warp 0 :  PC=0x8730 (nw-rodinia-2.4.sm_75.ptx:1268) ld.shared.u32 %r319, [%r7+1076];
warp 0 :  PC=0x8738 (nw-rodinia-2.4.sm_75.ptx:1269) add.s32 %r320, %r318, %r319;
warp 0 :  PC=0x8740 (nw-rodinia-2.4.sm_75.ptx:1270) ld.shared.u32 %r321, [%r7+1144];
warp 0 :  PC=0x8748 (nw-rodinia-2.4.sm_75.ptx:1271) sub.s32 %r322, %r321, %r10;
warp 0 :  PC=0x8750 (nw-rodinia-2.4.sm_75.ptx:1272) ld.shared.u32 %r323, [%r7+1080];
warp 0 :  PC=0x8758 (nw-rodinia-2.4.sm_75.ptx:1273) sub.s32 %r324, %r323, %r10;
warp 0 :  PC=0x8760 (nw-rodinia-2.4.sm_75.ptx:1274) max.s32 %r325, %r320, %r322;
warp 0 :  PC=0x8768 (nw-rodinia-2.4.sm_75.ptx:1275) max.s32 %r326, %r325, %r324;
warp 0 :  PC=0x8770 (nw-rodinia-2.4.sm_75.ptx:1276) st.shared.u32 [%r7+1148], %r326;
warp 0 :  PC=0x8778 (nw-rodinia-2.4.sm_75.ptx:1279) bar.sync 0;
warp 0 :  PC=0x8780 (nw-rodinia-2.4.sm_75.ptx:1280) @%p17 bra BB1_64;
warp 0 :  PC=0x8788 (nw-rodinia-2.4.sm_75.ptx:1282) ld.shared.u32 %r327, [%r8+1020];
warp 0 :  PC=0x8790 (nw-rodinia-2.4.sm_75.ptx:1283) ld.shared.u32 %r328, [%r7+1080];
warp 0 :  PC=0x8798 (nw-rodinia-2.4.sm_75.ptx:1284) add.s32 %r329, %r327, %r328;
warp 0 :  PC=0x87a0 (nw-rodinia-2.4.sm_75.ptx:1285) ld.shared.u32 %r330, [%r7+1148];
warp 0 :  PC=0x87a8 (nw-rodinia-2.4.sm_75.ptx:1286) sub.s32 %r331, %r330, %r10;
warp 0 :  PC=0x87b0 (nw-rodinia-2.4.sm_75.ptx:1287) ld.shared.u32 %r332, [%r7+1084];
warp 0 :  PC=0x87b8 (nw-rodinia-2.4.sm_75.ptx:1288) sub.s32 %r333, %r332, %r10;
warp 0 :  PC=0x87c0 (nw-rodinia-2.4.sm_75.ptx:1289) max.s32 %r334, %r329, %r331;
warp 0 :  PC=0x87c8 (nw-rodinia-2.4.sm_75.ptx:1290) max.s32 %r335, %r334, %r333;
warp 0 :  PC=0x87d0 (nw-rodinia-2.4.sm_75.ptx:1291) st.shared.u32 [%r7+1152], %r335;
warp 0 :  PC=0x87d8 (nw-rodinia-2.4.sm_75.ptx:1294) bar.sync 0;
warp 0 :  PC=0x87e0 (nw-rodinia-2.4.sm_75.ptx:1295) ld.param.u32 %r362, [_Z20needle_cuda_shared_2PiS_S_iiii_param_3];
warp 0 :  PC=0x87e8 (nw-rodinia-2.4.sm_75.ptx:1296) shl.b32 %r361, %r362, 2;
warp 0 :  PC=0x87f0 (nw-rodinia-2.4.sm_75.ptx:1297) cvt.s64.s32%rd48, %r361;
warp 0 :  PC=0x87f8 (nw-rodinia-2.4.sm_75.ptx:1298) add.s32 %r360, %r1, %r2;
warp 0 :  PC=0x8800 (nw-rodinia-2.4.sm_75.ptx:1299) add.s32 %r359, %r362, %r360;
warp 0 :  PC=0x8808 (nw-rodinia-2.4.sm_75.ptx:1300) add.s32 %r358, %r359, 1;
warp 0 :  PC=0x8810 (nw-rodinia-2.4.sm_75.ptx:1301) mul.wide.s32 %rd47, %r358, 4;
warp 0 :  PC=0x8818 (nw-rodinia-2.4.sm_75.ptx:1302) ld.shared.u32 %r336, [%r6+72];
warp 0 :  PC=0x8820 (nw-rodinia-2.4.sm_75.ptx:1303) add.s64 %rd30, %rd1, %rd47;
warp 0 :  PC=0x8828 (nw-rodinia-2.4.sm_75.ptx:1304) st.global.u32 [%rd30], %r336;
warp 0 :  PC=0x8830 (nw-rodinia-2.4.sm_75.ptx:1305) ld.shared.u32 %r337, [%r6+140];
warp 0 :  PC=0x8838 (nw-rodinia-2.4.sm_75.ptx:1306) add.s64 %rd32, %rd30, %rd48;
warp 0 :  PC=0x8840 (nw-rodinia-2.4.sm_75.ptx:1307) st.global.u32 [%rd32], %r337;
warp 0 :  PC=0x8848 (nw-rodinia-2.4.sm_75.ptx:1308) ld.shared.u32 %r339, [%r6+208];
warp 0 :  PC=0x8850 (nw-rodinia-2.4.sm_75.ptx:1309) add.s64 %rd33, %rd32, %rd48;
warp 0 :  PC=0x8858 (nw-rodinia-2.4.sm_75.ptx:1310) st.global.u32 [%rd33], %r339;
warp 0 :  PC=0x8860 (nw-rodinia-2.4.sm_75.ptx:1311) ld.shared.u32 %r340, [%r6+276];
warp 0 :  PC=0x8868 (nw-rodinia-2.4.sm_75.ptx:1312) add.s64 %rd34, %rd33, %rd48;
warp 0 :  PC=0x8870 (nw-rodinia-2.4.sm_75.ptx:1313) st.global.u32 [%rd34], %r340;
warp 0 :  PC=0x8878 (nw-rodinia-2.4.sm_75.ptx:1314) ld.shared.u32 %r341, [%r6+344];
warp 0 :  PC=0x8880 (nw-rodinia-2.4.sm_75.ptx:1315) add.s64 %rd35, %rd34, %rd48;
warp 0 :  PC=0x8888 (nw-rodinia-2.4.sm_75.ptx:1316) st.global.u32 [%rd35], %r341;
warp 0 :  PC=0x8890 (nw-rodinia-2.4.sm_75.ptx:1317) ld.shared.u32 %r342, [%r6+412];
warp 0 :  PC=0x8898 (nw-rodinia-2.4.sm_75.ptx:1318) add.s64 %rd36, %rd35, %rd48;
warp 0 :  PC=0x88a0 (nw-rodinia-2.4.sm_75.ptx:1319) st.global.u32 [%rd36], %r342;
warp 0 :  PC=0x88a8 (nw-rodinia-2.4.sm_75.ptx:1320) ld.shared.u32 %r343, [%r6+480];
warp 0 :  PC=0x88b0 (nw-rodinia-2.4.sm_75.ptx:1321) add.s64 %rd37, %rd36, %rd48;
warp 0 :  PC=0x88b8 (nw-rodinia-2.4.sm_75.ptx:1322) st.global.u32 [%rd37], %r343;
warp 0 :  PC=0x88c0 (nw-rodinia-2.4.sm_75.ptx:1323) ld.shared.u32 %r344, [%r6+548];
warp 0 :  PC=0x88c8 (nw-rodinia-2.4.sm_75.ptx:1324) add.s64 %rd38, %rd37, %rd48;
warp 0 :  PC=0x88d0 (nw-rodinia-2.4.sm_75.ptx:1325) st.global.u32 [%rd38], %r344;
warp 0 :  PC=0x88d8 (nw-rodinia-2.4.sm_75.ptx:1326) ld.shared.u32 %r345, [%r6+616];
warp 0 :  PC=0x88e0 (nw-rodinia-2.4.sm_75.ptx:1327) add.s64 %rd39, %rd38, %rd48;
warp 0 :  PC=0x88e8 (nw-rodinia-2.4.sm_75.ptx:1328) st.global.u32 [%rd39], %r345;
warp 0 :  PC=0x88f0 (nw-rodinia-2.4.sm_75.ptx:1329) ld.shared.u32 %r346, [%r6+684];
warp 0 :  PC=0x88f8 (nw-rodinia-2.4.sm_75.ptx:1330) add.s64 %rd40, %rd39, %rd48;
warp 0 :  PC=0x8900 (nw-rodinia-2.4.sm_75.ptx:1331) st.global.u32 [%rd40], %r346;
warp 0 :  PC=0x8908 (nw-rodinia-2.4.sm_75.ptx:1332) ld.shared.u32 %r347, [%r6+752];
warp 0 :  PC=0x8910 (nw-rodinia-2.4.sm_75.ptx:1333) add.s64 %rd41, %rd40, %rd48;
warp 0 :  PC=0x8918 (nw-rodinia-2.4.sm_75.ptx:1334) st.global.u32 [%rd41], %r347;
warp 0 :  PC=0x8920 (nw-rodinia-2.4.sm_75.ptx:1335) ld.shared.u32 %r348, [%r6+820];
warp 0 :  PC=0x8928 (nw-rodinia-2.4.sm_75.ptx:1336) add.s64 %rd42, %rd41, %rd48;
warp 0 :  PC=0x8930 (nw-rodinia-2.4.sm_75.ptx:1337) st.global.u32 [%rd42], %r348;
warp 0 :  PC=0x8938 (nw-rodinia-2.4.sm_75.ptx:1338) ld.shared.u32 %r349, [%r6+888];
warp 0 :  PC=0x8940 (nw-rodinia-2.4.sm_75.ptx:1339) add.s64 %rd43, %rd42, %rd48;
warp 0 :  PC=0x8948 (nw-rodinia-2.4.sm_75.ptx:1340) st.global.u32 [%rd43], %r349;
warp 0 :  PC=0x8950 (nw-rodinia-2.4.sm_75.ptx:1341) ld.shared.u32 %r350, [%r6+956];
warp 0 :  PC=0x8958 (nw-rodinia-2.4.sm_75.ptx:1342) add.s64 %rd44, %rd43, %rd48;
warp 0 :  PC=0x8960 (nw-rodinia-2.4.sm_75.ptx:1343) st.global.u32 [%rd44], %r350;
warp 0 :  PC=0x8968 (nw-rodinia-2.4.sm_75.ptx:1344) ld.shared.u32 %r351, [%r6+1024];
warp 0 :  PC=0x8970 (nw-rodinia-2.4.sm_75.ptx:1345) add.s64 %rd45, %rd44, %rd48;
warp 0 :  PC=0x8978 (nw-rodinia-2.4.sm_75.ptx:1346) st.global.u32 [%rd45], %r351;
warp 0 :  PC=0x8980 (nw-rodinia-2.4.sm_75.ptx:1347) ld.shared.u32 %r352, [%r6+1092];
warp 0 :  PC=0x8988 (nw-rodinia-2.4.sm_75.ptx:1348) add.s64 %rd46, %rd45, %rd48;
warp 0 :  PC=0x8990 (nw-rodinia-2.4.sm_75.ptx:1349) st.global.u32 [%rd46], %r352;
warp 0 :  PC=0x8998 (nw-rodinia-2.4.sm_75.ptx:1350) ret;
kernel_execution_time : 4982