warp 0 :  PC=0x6738 (nw-rodinia-2.4.sm_75.ptx:37) ld.param.u64 %rd2, [_Z20needle_cuda_shared_1PiS_S_iiii_param_0];
warp 0 :  PC=0x6740 (nw-rodinia-2.4.sm_75.ptx:38) ld.param.u64 %rd3, [_Z20needle_cuda_shared_1PiS_S_iiii_param_1];
warp 0 :  PC=0x6748 (nw-rodinia-2.4.sm_75.ptx:39) ld.param.u32 %r9, [_Z20needle_cuda_shared_1PiS_S_iiii_param_3];
warp 0 :  PC=0x6750 (nw-rodinia-2.4.sm_75.ptx:40) ld.param.u32 %r10, [_Z20needle_cuda_shared_1PiS_S_iiii_param_4];
warp 0 :  PC=0x6758 (nw-rodinia-2.4.sm_75.ptx:41) ld.param.u32 %r11, [_Z20needle_cuda_shared_1PiS_S_iiii_param_5];
warp 0 :  PC=0x6760 (nw-rodinia-2.4.sm_75.ptx:42) cvta.to.global.u64 %rd1, %rd3;
warp 0 :  PC=0x6768 (nw-rodinia-2.4.sm_75.ptx:43) add.s32 %r12, %r11, -1;
warp 0 :  PC=0x6770 (nw-rodinia-2.4.sm_75.ptx:44) mov.u32 %r13, %ctaid.x;
warp 0 :  PC=0x6778 (nw-rodinia-2.4.sm_75.ptx:45) sub.s32 %r14, %r12, %r13;
warp 0 :  PC=0x6780 (nw-rodinia-2.4.sm_75.ptx:46) shl.b32 %r15, %r9, 4;
warp 0 :  PC=0x6788 (nw-rodinia-2.4.sm_75.ptx:47) shl.b32 %r16, %r13, 4;
warp 0 :  PC=0x6790 (nw-rodinia-2.4.sm_75.ptx:48) mad.lo.s32 %r1, %r15, %r14, %r16;
warp 0 :  PC=0x6798 (nw-rodinia-2.4.sm_75.ptx:49) mov.u32 %r2, %tid.x;
warp 0 :  PC=0x67a0 (nw-rodinia-2.4.sm_75.ptx:50) add.s32 %r3, %r1, %r2;
warp 0 :  PC=0x67a8 (nw-rodinia-2.4.sm_75.ptx:51) add.s32 %r17, %r9, %r3;
warp 0 :  PC=0x67b0 (nw-rodinia-2.4.sm_75.ptx:52) add.s32 %r4, %r17, 1;
warp 0 :  PC=0x67b8 (nw-rodinia-2.4.sm_75.ptx:53) setp.ne.s32%p16, %r2, 0;
warp 0 :  PC=0x67c0 (nw-rodinia-2.4.sm_75.ptx:54) @%p16 bra BB0_2;
warp 0 :  PC=0x67c8 (nw-rodinia-2.4.sm_75.ptx:56) mul.wide.s32 %rd4, %r1, 4;
warp 0 :  PC=0x67d0 (nw-rodinia-2.4.sm_75.ptx:57) add.s64 %rd5, %rd1, %rd4;
warp 0 :  PC=0x67d8 (nw-rodinia-2.4.sm_75.ptx:58) ld.global.u32 %r18, [%rd5];
warp 0 :  PC=0x67e0 (nw-rodinia-2.4.sm_75.ptx:59) st.shared.u32 [_ZZ20needle_cuda_shared_1PiS_S_iiiiE4temp], %r18;
warp 0 :  PC=0x67e8 (nw-rodinia-2.4.sm_75.ptx:62) cvta.to.global.u64 %rd6, %rd2;
warp 0 :  PC=0x67f0 (nw-rodinia-2.4.sm_75.ptx:63) mul.wide.s32 %rd7, %r4, 4;
warp 0 :  PC=0x67f8 (nw-rodinia-2.4.sm_75.ptx:64) add.s64 %rd8, %rd6, %rd7;
warp 0 :  PC=0x6800 (nw-rodinia-2.4.sm_75.ptx:65) ld.global.u32 %r19, [%rd8];
warp 0 :  PC=0x6808 (nw-rodinia-2.4.sm_75.ptx:66) shl.b32 %r20, %r2, 2;
warp 0 :  PC=0x6810 (nw-rodinia-2.4.sm_75.ptx:67) mov.u32 %r21, _ZZ20needle_cuda_shared_1PiS_S_iiiiE3ref;
warp 0 :  PC=0x6818 (nw-rodinia-2.4.sm_75.ptx:68) add.s32 %r22, %r21, %r20;
warp 0 :  PC=0x6820 (nw-rodinia-2.4.sm_75.ptx:69) st.shared.u32 [%r22], %r19;
warp 0 :  PC=0x6828 (nw-rodinia-2.4.sm_75.ptx:70) shl.b32 %r23, %r9, 2;
warp 0 :  PC=0x6830 (nw-rodinia-2.4.sm_75.ptx:71) cvt.s64.s32%rd9, %r23;
warp 0 :  PC=0x6838 (nw-rodinia-2.4.sm_75.ptx:72) add.s64 %rd10, %rd8, %rd9;
warp 0 :  PC=0x6840 (nw-rodinia-2.4.sm_75.ptx:73) ld.global.u32 %r24, [%rd10];
warp 0 :  PC=0x6848 (nw-rodinia-2.4.sm_75.ptx:74) st.shared.u32 [%r22+64], %r24;
warp 0 :  PC=0x6850 (nw-rodinia-2.4.sm_75.ptx:75) add.s64 %rd11, %rd10, %rd9;
warp 0 :  PC=0x6858 (nw-rodinia-2.4.sm_75.ptx:76) ld.global.u32 %r25, [%rd11];
warp 0 :  PC=0x6860 (nw-rodinia-2.4.sm_75.ptx:77) st.shared.u32 [%r22+128], %r25;
warp 0 :  PC=0x6868 (nw-rodinia-2.4.sm_75.ptx:78) add.s64 %rd12, %rd11, %rd9;
warp 0 :  PC=0x6870 (nw-rodinia-2.4.sm_75.ptx:79) ld.global.u32 %r26, [%rd12];
warp 0 :  PC=0x6878 (nw-rodinia-2.4.sm_75.ptx:80) st.shared.u32 [%r22+192], %r26;
warp 0 :  PC=0x6880 (nw-rodinia-2.4.sm_75.ptx:81) add.s64 %rd13, %rd12, %rd9;
warp 0 :  PC=0x6888 (nw-rodinia-2.4.sm_75.ptx:82) ld.global.u32 %r27, [%rd13];
warp 0 :  PC=0x6890 (nw-rodinia-2.4.sm_75.ptx:83) st.shared.u32 [%r22+256], %r27;
warp 0 :  PC=0x6898 (nw-rodinia-2.4.sm_75.ptx:84) add.s64 %rd14, %rd13, %rd9;
warp 0 :  PC=0x68a0 (nw-rodinia-2.4.sm_75.ptx:85) ld.global.u32 %r28, [%rd14];
warp 0 :  PC=0x68a8 (nw-rodinia-2.4.sm_75.ptx:86) st.shared.u32 [%r22+320], %r28;
warp 0 :  PC=0x68b0 (nw-rodinia-2.4.sm_75.ptx:87) add.s64 %rd15, %rd14, %rd9;
warp 0 :  PC=0x68b8 (nw-rodinia-2.4.sm_75.ptx:88) ld.global.u32 %r29, [%rd15];
warp 0 :  PC=0x68c0 (nw-rodinia-2.4.sm_75.ptx:89) st.shared.u32 [%r22+384], %r29;
warp 0 :  PC=0x68c8 (nw-rodinia-2.4.sm_75.ptx:90) add.s64 %rd16, %rd15, %rd9;
warp 0 :  PC=0x68d0 (nw-rodinia-2.4.sm_75.ptx:91) ld.global.u32 %r30, [%rd16];
warp 0 :  PC=0x68d8 (nw-rodinia-2.4.sm_75.ptx:92) st.shared.u32 [%r22+448], %r30;
warp 0 :  PC=0x68e0 (nw-rodinia-2.4.sm_75.ptx:93) add.s64 %rd17, %rd16, %rd9;
warp 0 :  PC=0x68e8 (nw-rodinia-2.4.sm_75.ptx:94) ld.global.u32 %r31, [%rd17];
warp 0 :  PC=0x68f0 (nw-rodinia-2.4.sm_75.ptx:95) st.shared.u32 [%r22+512], %r31;
warp 0 :  PC=0x68f8 (nw-rodinia-2.4.sm_75.ptx:96) add.s64 %rd18, %rd17, %rd9;
warp 0 :  PC=0x6900 (nw-rodinia-2.4.sm_75.ptx:97) ld.global.u32 %r32, [%rd18];
warp 0 :  PC=0x6908 (nw-rodinia-2.4.sm_75.ptx:98) st.shared.u32 [%r22+576], %r32;
warp 0 :  PC=0x6910 (nw-rodinia-2.4.sm_75.ptx:99) add.s64 %rd19, %rd18, %rd9;
warp 0 :  PC=0x6918 (nw-rodinia-2.4.sm_75.ptx:100) ld.global.u32 %r33, [%rd19];
warp 0 :  PC=0x6920 (nw-rodinia-2.4.sm_75.ptx:101) st.shared.u32 [%r22+640], %r33;
warp 0 :  PC=0x6928 (nw-rodinia-2.4.sm_75.ptx:102) add.s64 %rd20, %rd19, %rd9;
warp 0 :  PC=0x6930 (nw-rodinia-2.4.sm_75.ptx:103) ld.global.u32 %r34, [%rd20];
warp 0 :  PC=0x6938 (nw-rodinia-2.4.sm_75.ptx:104) st.shared.u32 [%r22+704], %r34;
warp 0 :  PC=0x6940 (nw-rodinia-2.4.sm_75.ptx:105) add.s64 %rd21, %rd20, %rd9;
warp 0 :  PC=0x6948 (nw-rodinia-2.4.sm_75.ptx:106) ld.global.u32 %r35, [%rd21];
warp 0 :  PC=0x6950 (nw-rodinia-2.4.sm_75.ptx:107) st.shared.u32 [%r22+768], %r35;
warp 0 :  PC=0x6958 (nw-rodinia-2.4.sm_75.ptx:108) add.s64 %rd22, %rd21, %rd9;
warp 0 :  PC=0x6960 (nw-rodinia-2.4.sm_75.ptx:109) ld.global.u32 %r36, [%rd22];
warp 0 :  PC=0x6968 (nw-rodinia-2.4.sm_75.ptx:110) st.shared.u32 [%r22+832], %r36;
warp 0 :  PC=0x6970 (nw-rodinia-2.4.sm_75.ptx:111) add.s64 %rd23, %rd22, %rd9;
warp 0 :  PC=0x6978 (nw-rodinia-2.4.sm_75.ptx:112) ld.global.u32 %r37, [%rd23];
warp 0 :  PC=0x6980 (nw-rodinia-2.4.sm_75.ptx:113) st.shared.u32 [%r22+896], %r37;
warp 0 :  PC=0x6988 (nw-rodinia-2.4.sm_75.ptx:114) add.s64 %rd24, %rd23, %rd9;
warp 0 :  PC=0x6990 (nw-rodinia-2.4.sm_75.ptx:115) ld.global.u32 %r38, [%rd24];
warp 0 :  PC=0x6998 (nw-rodinia-2.4.sm_75.ptx:116) st.shared.u32 [%r22+960], %r38;
warp 0 :  PC=0x69a0 (nw-rodinia-2.4.sm_75.ptx:117) bar.sync 0;
warp 0 :  PC=0x69a8 (nw-rodinia-2.4.sm_75.ptx:118) ld.param.u32 %r350, [_Z20needle_cuda_shared_1PiS_S_iiii_param_3];
warp 0 :  PC=0x69b0 (nw-rodinia-2.4.sm_75.ptx:119) mad.lo.s32 %r39, %r2, %r350, %r350;
warp 0 :  PC=0x69b8 (nw-rodinia-2.4.sm_75.ptx:120) add.s32 %r40, %r39, %r1;
warp 0 :  PC=0x69c0 (nw-rodinia-2.4.sm_75.ptx:121) mul.wide.s32 %rd25, %r40, 4;
warp 0 :  PC=0x69c8 (nw-rodinia-2.4.sm_75.ptx:122) add.s64 %rd26, %rd1, %rd25;
warp 0 :  PC=0x69d0 (nw-rodinia-2.4.sm_75.ptx:123) ld.global.u32 %r41, [%rd26];
warp 0 :  PC=0x69d8 (nw-rodinia-2.4.sm_75.ptx:124) mov.u32 %r42, _ZZ20needle_cuda_shared_1PiS_S_iiiiE4temp;
warp 0 :  PC=0x69e0 (nw-rodinia-2.4.sm_75.ptx:125) mad.lo.s32 %r43, %r2, 68, %r42;
warp 0 :  PC=0x69e8 (nw-rodinia-2.4.sm_75.ptx:126) st.shared.u32 [%r43+68], %r41;
warp 0 :  PC=0x69f0 (nw-rodinia-2.4.sm_75.ptx:127) bar.sync 0;
warp 0 :  PC=0x69f8 (nw-rodinia-2.4.sm_75.ptx:128) shl.b32 %r353, %r2, 2;
warp 0 :  PC=0x6a00 (nw-rodinia-2.4.sm_75.ptx:129) add.s32 %r352, %r1, %r2;
warp 0 :  PC=0x6a08 (nw-rodinia-2.4.sm_75.ptx:130) add.s32 %r351, %r352, 1;
warp 0 :  PC=0x6a10 (nw-rodinia-2.4.sm_75.ptx:131) mul.wide.s32 %rd27, %r351, 4;
warp 0 :  PC=0x6a18 (nw-rodinia-2.4.sm_75.ptx:132) add.s64 %rd28, %rd1, %rd27;
warp 0 :  PC=0x6a20 (nw-rodinia-2.4.sm_75.ptx:133) ld.global.u32 %r44, [%rd28];
warp 0 :  PC=0x6a28 (nw-rodinia-2.4.sm_75.ptx:134) add.s32 %r6, %r42, %r353;
warp 0 :  PC=0x6a30 (nw-rodinia-2.4.sm_75.ptx:135) st.shared.u32 [%r6+4], %r44;
warp 0 :  PC=0x6a38 (nw-rodinia-2.4.sm_75.ptx:136) bar.sync 0;
warp 0 :  PC=0x6a40 (nw-rodinia-2.4.sm_75.ptx:137) mov.u32 %r355, _ZZ20needle_cuda_shared_1PiS_S_iiiiE3ref;
warp 0 :  PC=0x6a48 (nw-rodinia-2.4.sm_75.ptx:138) shl.b32 %r354, %r2, 2;
warp 0 :  PC=0x6a50 (nw-rodinia-2.4.sm_75.ptx:139) neg.s32 %r47, %r2;
warp 0 :  PC=0x6a58 (nw-rodinia-2.4.sm_75.ptx:140) mad.lo.s32 %r49, %r47, 68, %r42;
warp 0 :  PC=0x6a60 (nw-rodinia-2.4.sm_75.ptx:141) add.s32 %r7, %r49, %r354;
warp 0 :  PC=0x6a68 (nw-rodinia-2.4.sm_75.ptx:142) shl.b32 %r51, %r2, 6;
warp 0 :  PC=0x6a70 (nw-rodinia-2.4.sm_75.ptx:143) sub.s32 %r53, %r355, %r51;
warp 0 :  PC=0x6a78 (nw-rodinia-2.4.sm_75.ptx:144) add.s32 %r8, %r53, %r354;
warp 0 :  PC=0x6a80 (nw-rodinia-2.4.sm_75.ptx:145) setp.gt.s32%p17, %r2, 0;
warp 0 :  PC=0x6a88 (nw-rodinia-2.4.sm_75.ptx:146) @%p17 bra BB0_4;
warp 0 :  PC=0x6a90 (nw-rodinia-2.4.sm_75.ptx:148) ld.shared.u32 %r54, [%r7];
warp 0 :  PC=0x6a98 (nw-rodinia-2.4.sm_75.ptx:149) ld.shared.u32 %r55, [%r8];
warp 0 :  PC=0x6aa0 (nw-rodinia-2.4.sm_75.ptx:150) add.s32 %r56, %r55, %r54;
warp 0 :  PC=0x6aa8 (nw-rodinia-2.4.sm_75.ptx:151) ld.shared.u32 %r57, [%r7+68];
warp 0 :  PC=0x6ab0 (nw-rodinia-2.4.sm_75.ptx:152) sub.s32 %r58, %r57, %r10;
warp 0 :  PC=0x6ab8 (nw-rodinia-2.4.sm_75.ptx:153) ld.shared.u32 %r59, [%r7+4];
warp 0 :  PC=0x6ac0 (nw-rodinia-2.4.sm_75.ptx:154) sub.s32 %r60, %r59, %r10;
warp 0 :  PC=0x6ac8 (nw-rodinia-2.4.sm_75.ptx:155) max.s32 %r61, %r56, %r58;
warp 0 :  PC=0x6ad0 (nw-rodinia-2.4.sm_75.ptx:156) max.s32 %r62, %r61, %r60;
warp 0 :  PC=0x6ad8 (nw-rodinia-2.4.sm_75.ptx:157) st.shared.u32 [%r7+72], %r62;
warp 0 :  PC=0x6ae0 (nw-rodinia-2.4.sm_75.ptx:160) bar.sync 0;
warp 0 :  PC=0x6ae8 (nw-rodinia-2.4.sm_75.ptx:161) setp.gt.s32%p18, %r2, 1;
warp 0 :  PC=0x6af0 (nw-rodinia-2.4.sm_75.ptx:162) @%p18 bra BB0_6;
warp 0 :  PC=0x6af8 (nw-rodinia-2.4.sm_75.ptx:164) ld.shared.u32 %r63, [%r8+64];
warp 0 :  PC=0x6b00 (nw-rodinia-2.4.sm_75.ptx:165) ld.shared.u32 %r64, [%r7+68];
warp 0 :  PC=0x6b08 (nw-rodinia-2.4.sm_75.ptx:166) add.s32 %r65, %r63, %r64;
warp 0 :  PC=0x6b10 (nw-rodinia-2.4.sm_75.ptx:167) ld.shared.u32 %r66, [%r7+136];
warp 0 :  PC=0x6b18 (nw-rodinia-2.4.sm_75.ptx:168) sub.s32 %r67, %r66, %r10;
warp 0 :  PC=0x6b20 (nw-rodinia-2.4.sm_75.ptx:169) ld.shared.u32 %r68, [%r7+72];
warp 0 :  PC=0x6b28 (nw-rodinia-2.4.sm_75.ptx:170) sub.s32 %r69, %r68, %r10;
warp 0 :  PC=0x6b30 (nw-rodinia-2.4.sm_75.ptx:171) max.s32 %r70, %r65, %r67;
warp 0 :  PC=0x6b38 (nw-rodinia-2.4.sm_75.ptx:172) max.s32 %r71, %r70, %r69;
warp 0 :  PC=0x6b40 (nw-rodinia-2.4.sm_75.ptx:173) st.shared.u32 [%r7+140], %r71;
warp 0 :  PC=0x6b48 (nw-rodinia-2.4.sm_75.ptx:176) bar.sync 0;
warp 0 :  PC=0x6b50 (nw-rodinia-2.4.sm_75.ptx:177) setp.gt.s32%p19, %r2, 2;
warp 0 :  PC=0x6b58 (nw-rodinia-2.4.sm_75.ptx:178) @%p19 bra BB0_8;
warp 0 :  PC=0x6b60 (nw-rodinia-2.4.sm_75.ptx:180) ld.shared.u32 %r72, [%r8+128];
warp 0 :  PC=0x6b68 (nw-rodinia-2.4.sm_75.ptx:181) ld.shared.u32 %r73, [%r7+136];
warp 0 :  PC=0x6b70 (nw-rodinia-2.4.sm_75.ptx:182) add.s32 %r74, %r72, %r73;
warp 0 :  PC=0x6b78 (nw-rodinia-2.4.sm_75.ptx:183) ld.shared.u32 %r75, [%r7+204];
warp 0 :  PC=0x6b80 (nw-rodinia-2.4.sm_75.ptx:184) sub.s32 %r76, %r75, %r10;
warp 0 :  PC=0x6b88 (nw-rodinia-2.4.sm_75.ptx:185) ld.shared.u32 %r77, [%r7+140];
warp 0 :  PC=0x6b90 (nw-rodinia-2.4.sm_75.ptx:186) sub.s32 %r78, %r77, %r10;
warp 0 :  PC=0x6b98 (nw-rodinia-2.4.sm_75.ptx:187) max.s32 %r79, %r74, %r76;
warp 0 :  PC=0x6ba0 (nw-rodinia-2.4.sm_75.ptx:188) max.s32 %r80, %r79, %r78;
warp 0 :  PC=0x6ba8 (nw-rodinia-2.4.sm_75.ptx:189) st.shared.u32 [%r7+208], %r80;
warp 0 :  PC=0x6bb0 (nw-rodinia-2.4.sm_75.ptx:192) bar.sync 0;
warp 0 :  PC=0x6bb8 (nw-rodinia-2.4.sm_75.ptx:193) setp.gt.s32%p20, %r2, 3;
warp 0 :  PC=0x6bc0 (nw-rodinia-2.4.sm_75.ptx:194) @%p20 bra BB0_10;
warp 0 :  PC=0x6bc8 (nw-rodinia-2.4.sm_75.ptx:196) ld.shared.u32 %r81, [%r8+192];
warp 0 :  PC=0x6bd0 (nw-rodinia-2.4.sm_75.ptx:197) ld.shared.u32 %r82, [%r7+204];
warp 0 :  PC=0x6bd8 (nw-rodinia-2.4.sm_75.ptx:198) add.s32 %r83, %r81, %r82;
warp 0 :  PC=0x6be0 (nw-rodinia-2.4.sm_75.ptx:199) ld.shared.u32 %r84, [%r7+272];
warp 0 :  PC=0x6be8 (nw-rodinia-2.4.sm_75.ptx:200) sub.s32 %r85, %r84, %r10;
warp 0 :  PC=0x6bf0 (nw-rodinia-2.4.sm_75.ptx:201) ld.shared.u32 %r86, [%r7+208];
warp 0 :  PC=0x6bf8 (nw-rodinia-2.4.sm_75.ptx:202) sub.s32 %r87, %r86, %r10;
warp 0 :  PC=0x6c00 (nw-rodinia-2.4.sm_75.ptx:203) max.s32 %r88, %r83, %r85;
warp 0 :  PC=0x6c08 (nw-rodinia-2.4.sm_75.ptx:204) max.s32 %r89, %r88, %r87;
warp 0 :  PC=0x6c10 (nw-rodinia-2.4.sm_75.ptx:205) st.shared.u32 [%r7+276], %r89;
warp 0 :  PC=0x6c18 (nw-rodinia-2.4.sm_75.ptx:208) bar.sync 0;
warp 0 :  PC=0x6c20 (nw-rodinia-2.4.sm_75.ptx:209) setp.gt.s32%p21, %r2, 4;
warp 0 :  PC=0x6c28 (nw-rodinia-2.4.sm_75.ptx:210) @%p21 bra BB0_12;
warp 0 :  PC=0x6c30 (nw-rodinia-2.4.sm_75.ptx:212) ld.shared.u32 %r90, [%r8+256];
warp 0 :  PC=0x6c38 (nw-rodinia-2.4.sm_75.ptx:213) ld.shared.u32 %r91, [%r7+272];
warp 0 :  PC=0x6c40 (nw-rodinia-2.4.sm_75.ptx:214) add.s32 %r92, %r90, %r91;
warp 0 :  PC=0x6c48 (nw-rodinia-2.4.sm_75.ptx:215) ld.shared.u32 %r93, [%r7+340];
warp 0 :  PC=0x6c50 (nw-rodinia-2.4.sm_75.ptx:216) sub.s32 %r94, %r93, %r10;
warp 0 :  PC=0x6c58 (nw-rodinia-2.4.sm_75.ptx:217) ld.shared.u32 %r95, [%r7+276];
warp 0 :  PC=0x6c60 (nw-rodinia-2.4.sm_75.ptx:218) sub.s32 %r96, %r95, %r10;
warp 0 :  PC=0x6c68 (nw-rodinia-2.4.sm_75.ptx:219) max.s32 %r97, %r92, %r94;
warp 0 :  PC=0x6c70 (nw-rodinia-2.4.sm_75.ptx:220) max.s32 %r98, %r97, %r96;
warp 0 :  PC=0x6c78 (nw-rodinia-2.4.sm_75.ptx:221) st.shared.u32 [%r7+344], %r98;
warp 0 :  PC=0x6c80 (nw-rodinia-2.4.sm_75.ptx:224) bar.sync 0;
warp 0 :  PC=0x6c88 (nw-rodinia-2.4.sm_75.ptx:225) setp.gt.s32%p22, %r2, 5;
warp 0 :  PC=0x6c90 (nw-rodinia-2.4.sm_75.ptx:226) @%p22 bra BB0_14;
warp 0 :  PC=0x6c98 (nw-rodinia-2.4.sm_75.ptx:228) ld.shared.u32 %r99, [%r8+320];
warp 0 :  PC=0x6ca0 (nw-rodinia-2.4.sm_75.ptx:229) ld.shared.u32 %r100, [%r7+340];
warp 0 :  PC=0x6ca8 (nw-rodinia-2.4.sm_75.ptx:230) add.s32 %r101, %r99, %r100;
warp 0 :  PC=0x6cb0 (nw-rodinia-2.4.sm_75.ptx:231) ld.shared.u32 %r102, [%r7+408];
warp 0 :  PC=0x6cb8 (nw-rodinia-2.4.sm_75.ptx:232) sub.s32 %r103, %r102, %r10;
warp 0 :  PC=0x6cc0 (nw-rodinia-2.4.sm_75.ptx:233) ld.shared.u32 %r104, [%r7+344];
warp 0 :  PC=0x6cc8 (nw-rodinia-2.4.sm_75.ptx:234) sub.s32 %r105, %r104, %r10;
warp 0 :  PC=0x6cd0 (nw-rodinia-2.4.sm_75.ptx:235) max.s32 %r106, %r101, %r103;
warp 0 :  PC=0x6cd8 (nw-rodinia-2.4.sm_75.ptx:236) max.s32 %r107, %r106, %r105;
warp 0 :  PC=0x6ce0 (nw-rodinia-2.4.sm_75.ptx:237) st.shared.u32 [%r7+412], %r107;
warp 0 :  PC=0x6ce8 (nw-rodinia-2.4.sm_75.ptx:240) bar.sync 0;
warp 0 :  PC=0x6cf0 (nw-rodinia-2.4.sm_75.ptx:241) setp.gt.s32%p23, %r2, 6;
warp 0 :  PC=0x6cf8 (nw-rodinia-2.4.sm_75.ptx:242) @%p23 bra BB0_16;
warp 0 :  PC=0x6d00 (nw-rodinia-2.4.sm_75.ptx:244) ld.shared.u32 %r108, [%r8+384];
warp 0 :  PC=0x6d08 (nw-rodinia-2.4.sm_75.ptx:245) ld.shared.u32 %r109, [%r7+408];
warp 0 :  PC=0x6d10 (nw-rodinia-2.4.sm_75.ptx:246) add.s32 %r110, %r108, %r109;
warp 0 :  PC=0x6d18 (nw-rodinia-2.4.sm_75.ptx:247) ld.shared.u32 %r111, [%r7+476];
warp 0 :  PC=0x6d20 (nw-rodinia-2.4.sm_75.ptx:248) sub.s32 %r112, %r111, %r10;
warp 0 :  PC=0x6d28 (nw-rodinia-2.4.sm_75.ptx:249) ld.shared.u32 %r113, [%r7+412];
warp 0 :  PC=0x6d30 (nw-rodinia-2.4.sm_75.ptx:250) sub.s32 %r114, %r113, %r10;
warp 0 :  PC=0x6d38 (nw-rodinia-2.4.sm_75.ptx:251) max.s32 %r115, %r110, %r112;
warp 0 :  PC=0x6d40 (nw-rodinia-2.4.sm_75.ptx:252) max.s32 %r116, %r115, %r114;
warp 0 :  PC=0x6d48 (nw-rodinia-2.4.sm_75.ptx:253) st.shared.u32 [%r7+480], %r116;
warp 0 :  PC=0x6d50 (nw-rodinia-2.4.sm_75.ptx:256) bar.sync 0;
warp 0 :  PC=0x6d58 (nw-rodinia-2.4.sm_75.ptx:257) setp.gt.s32%p24, %r2, 7;
warp 0 :  PC=0x6d60 (nw-rodinia-2.4.sm_75.ptx:258) @%p24 bra BB0_18;
warp 0 :  PC=0x6d68 (nw-rodinia-2.4.sm_75.ptx:260) ld.shared.u32 %r117, [%r8+448];
warp 0 :  PC=0x6d70 (nw-rodinia-2.4.sm_75.ptx:261) ld.shared.u32 %r118, [%r7+476];
warp 0 :  PC=0x6d78 (nw-rodinia-2.4.sm_75.ptx:262) add.s32 %r119, %r117, %r118;
warp 0 :  PC=0x6d80 (nw-rodinia-2.4.sm_75.ptx:263) ld.shared.u32 %r120, [%r7+544];
warp 0 :  PC=0x6d88 (nw-rodinia-2.4.sm_75.ptx:264) sub.s32 %r121, %r120, %r10;
warp 0 :  PC=0x6d90 (nw-rodinia-2.4.sm_75.ptx:265) ld.shared.u32 %r122, [%r7+480];
warp 0 :  PC=0x6d98 (nw-rodinia-2.4.sm_75.ptx:266) sub.s32 %r123, %r122, %r10;
warp 0 :  PC=0x6da0 (nw-rodinia-2.4.sm_75.ptx:267) max.s32 %r124, %r119, %r121;
warp 0 :  PC=0x6da8 (nw-rodinia-2.4.sm_75.ptx:268) max.s32 %r125, %r124, %r123;
warp 0 :  PC=0x6db0 (nw-rodinia-2.4.sm_75.ptx:269) st.shared.u32 [%r7+548], %r125;
warp 0 :  PC=0x6db8 (nw-rodinia-2.4.sm_75.ptx:272) bar.sync 0;
warp 0 :  PC=0x6dc0 (nw-rodinia-2.4.sm_75.ptx:273) setp.gt.s32%p25, %r2, 8;
warp 0 :  PC=0x6dc8 (nw-rodinia-2.4.sm_75.ptx:274) @%p25 bra BB0_20;
warp 0 :  PC=0x6dd0 (nw-rodinia-2.4.sm_75.ptx:276) ld.shared.u32 %r126, [%r8+512];
warp 0 :  PC=0x6dd8 (nw-rodinia-2.4.sm_75.ptx:277) ld.shared.u32 %r127, [%r7+544];
warp 0 :  PC=0x6de0 (nw-rodinia-2.4.sm_75.ptx:278) add.s32 %r128, %r126, %r127;
warp 0 :  PC=0x6de8 (nw-rodinia-2.4.sm_75.ptx:279) ld.shared.u32 %r129, [%r7+612];
warp 0 :  PC=0x6df0 (nw-rodinia-2.4.sm_75.ptx:280) sub.s32 %r130, %r129, %r10;
warp 0 :  PC=0x6df8 (nw-rodinia-2.4.sm_75.ptx:281) ld.shared.u32 %r131, [%r7+548];
warp 0 :  PC=0x6e00 (nw-rodinia-2.4.sm_75.ptx:282) sub.s32 %r132, %r131, %r10;
warp 0 :  PC=0x6e08 (nw-rodinia-2.4.sm_75.ptx:283) max.s32 %r133, %r128, %r130;
warp 0 :  PC=0x6e10 (nw-rodinia-2.4.sm_75.ptx:284) max.s32 %r134, %r133, %r132;
warp 0 :  PC=0x6e18 (nw-rodinia-2.4.sm_75.ptx:285) st.shared.u32 [%r7+616], %r134;
warp 0 :  PC=0x6e20 (nw-rodinia-2.4.sm_75.ptx:288) bar.sync 0;
warp 0 :  PC=0x6e28 (nw-rodinia-2.4.sm_75.ptx:289) setp.gt.s32%p26, %r2, 9;
warp 0 :  PC=0x6e30 (nw-rodinia-2.4.sm_75.ptx:290) @%p26 bra BB0_22;
warp 0 :  PC=0x6e38 (nw-rodinia-2.4.sm_75.ptx:292) ld.shared.u32 %r135, [%r8+576];
warp 0 :  PC=0x6e40 (nw-rodinia-2.4.sm_75.ptx:293) ld.shared.u32 %r136, [%r7+612];
warp 0 :  PC=0x6e48 (nw-rodinia-2.4.sm_75.ptx:294) add.s32 %r137, %r135, %r136;
warp 0 :  PC=0x6e50 (nw-rodinia-2.4.sm_75.ptx:295) ld.shared.u32 %r138, [%r7+680];
warp 0 :  PC=0x6e58 (nw-rodinia-2.4.sm_75.ptx:296) sub.s32 %r139, %r138, %r10;
warp 0 :  PC=0x6e60 (nw-rodinia-2.4.sm_75.ptx:297) ld.shared.u32 %r140, [%r7+616];
warp 0 :  PC=0x6e68 (nw-rodinia-2.4.sm_75.ptx:298) sub.s32 %r141, %r140, %r10;
warp 0 :  PC=0x6e70 (nw-rodinia-2.4.sm_75.ptx:299) max.s32 %r142, %r137, %r139;
warp 0 :  PC=0x6e78 (nw-rodinia-2.4.sm_75.ptx:300) max.s32 %r143, %r142, %r141;
warp 0 :  PC=0x6e80 (nw-rodinia-2.4.sm_75.ptx:301) st.shared.u32 [%r7+684], %r143;
warp 0 :  PC=0x6e88 (nw-rodinia-2.4.sm_75.ptx:304) bar.sync 0;
warp 0 :  PC=0x6e90 (nw-rodinia-2.4.sm_75.ptx:305) setp.gt.s32%p27, %r2, 10;
warp 0 :  PC=0x6e98 (nw-rodinia-2.4.sm_75.ptx:306) @%p27 bra BB0_24;
warp 0 :  PC=0x6ea0 (nw-rodinia-2.4.sm_75.ptx:308) ld.shared.u32 %r144, [%r8+640];
warp 0 :  PC=0x6ea8 (nw-rodinia-2.4.sm_75.ptx:309) ld.shared.u32 %r145, [%r7+680];
warp 0 :  PC=0x6eb0 (nw-rodinia-2.4.sm_75.ptx:310) add.s32 %r146, %r144, %r145;
warp 0 :  PC=0x6eb8 (nw-rodinia-2.4.sm_75.ptx:311) ld.shared.u32 %r147, [%r7+748];
warp 0 :  PC=0x6ec0 (nw-rodinia-2.4.sm_75.ptx:312) sub.s32 %r148, %r147, %r10;
warp 0 :  PC=0x6ec8 (nw-rodinia-2.4.sm_75.ptx:313) ld.shared.u32 %r149, [%r7+684];
warp 0 :  PC=0x6ed0 (nw-rodinia-2.4.sm_75.ptx:314) sub.s32 %r150, %r149, %r10;
warp 0 :  PC=0x6ed8 (nw-rodinia-2.4.sm_75.ptx:315) max.s32 %r151, %r146, %r148;
warp 0 :  PC=0x6ee0 (nw-rodinia-2.4.sm_75.ptx:316) max.s32 %r152, %r151, %r150;
warp 0 :  PC=0x6ee8 (nw-rodinia-2.4.sm_75.ptx:317) st.shared.u32 [%r7+752], %r152;
warp 0 :  PC=0x6ef0 (nw-rodinia-2.4.sm_75.ptx:320) bar.sync 0;
warp 0 :  PC=0x6ef8 (nw-rodinia-2.4.sm_75.ptx:321) setp.gt.s32%p28, %r2, 11;
warp 0 :  PC=0x6f00 (nw-rodinia-2.4.sm_75.ptx:322) @%p28 bra BB0_26;
warp 0 :  PC=0x6f08 (nw-rodinia-2.4.sm_75.ptx:324) ld.shared.u32 %r153, [%r8+704];
warp 0 :  PC=0x6f10 (nw-rodinia-2.4.sm_75.ptx:325) ld.shared.u32 %r154, [%r7+748];
warp 0 :  PC=0x6f18 (nw-rodinia-2.4.sm_75.ptx:326) add.s32 %r155, %r153, %r154;
warp 0 :  PC=0x6f20 (nw-rodinia-2.4.sm_75.ptx:327) ld.shared.u32 %r156, [%r7+816];
warp 0 :  PC=0x6f28 (nw-rodinia-2.4.sm_75.ptx:328) sub.s32 %r157, %r156, %r10;
warp 0 :  PC=0x6f30 (nw-rodinia-2.4.sm_75.ptx:329) ld.shared.u32 %r158, [%r7+752];
warp 0 :  PC=0x6f38 (nw-rodinia-2.4.sm_75.ptx:330) sub.s32 %r159, %r158, %r10;
warp 0 :  PC=0x6f40 (nw-rodinia-2.4.sm_75.ptx:331) max.s32 %r160, %r155, %r157;
warp 0 :  PC=0x6f48 (nw-rodinia-2.4.sm_75.ptx:332) max.s32 %r161, %r160, %r159;
warp 0 :  PC=0x6f50 (nw-rodinia-2.4.sm_75.ptx:333) st.shared.u32 [%r7+820], %r161;
warp 0 :  PC=0x6f58 (nw-rodinia-2.4.sm_75.ptx:336) bar.sync 0;
warp 0 :  PC=0x6f60 (nw-rodinia-2.4.sm_75.ptx:337) setp.gt.s32%p29, %r2, 12;
warp 0 :  PC=0x6f68 (nw-rodinia-2.4.sm_75.ptx:338) @%p29 bra BB0_28;
warp 0 :  PC=0x6f70 (nw-rodinia-2.4.sm_75.ptx:340) ld.shared.u32 %r162, [%r8+768];
warp 0 :  PC=0x6f78 (nw-rodinia-2.4.sm_75.ptx:341) ld.shared.u32 %r163, [%r7+816];
warp 0 :  PC=0x6f80 (nw-rodinia-2.4.sm_75.ptx:342) add.s32 %r164, %r162, %r163;
warp 0 :  PC=0x6f88 (nw-rodinia-2.4.sm_75.ptx:343) ld.shared.u32 %r165, [%r7+884];
warp 0 :  PC=0x6f90 (nw-rodinia-2.4.sm_75.ptx:344) sub.s32 %r166, %r165, %r10;
warp 0 :  PC=0x6f98 (nw-rodinia-2.4.sm_75.ptx:345) ld.shared.u32 %r167, [%r7+820];
warp 0 :  PC=0x6fa0 (nw-rodinia-2.4.sm_75.ptx:346) sub.s32 %r168, %r167, %r10;
warp 0 :  PC=0x6fa8 (nw-rodinia-2.4.sm_75.ptx:347) max.s32 %r169, %r164, %r166;
warp 0 :  PC=0x6fb0 (nw-rodinia-2.4.sm_75.ptx:348) max.s32 %r170, %r169, %r168;
warp 0 :  PC=0x6fb8 (nw-rodinia-2.4.sm_75.ptx:349) st.shared.u32 [%r7+888], %r170;
warp 0 :  PC=0x6fc0 (nw-rodinia-2.4.sm_75.ptx:352) bar.sync 0;
warp 0 :  PC=0x6fc8 (nw-rodinia-2.4.sm_75.ptx:353) setp.gt.s32%p30, %r2, 13;
warp 0 :  PC=0x6fd0 (nw-rodinia-2.4.sm_75.ptx:354) @%p30 bra BB0_30;
warp 0 :  PC=0x6fd8 (nw-rodinia-2.4.sm_75.ptx:356) ld.shared.u32 %r171, [%r8+832];
warp 0 :  PC=0x6fe0 (nw-rodinia-2.4.sm_75.ptx:357) ld.shared.u32 %r172, [%r7+884];
warp 0 :  PC=0x6fe8 (nw-rodinia-2.4.sm_75.ptx:358) add.s32 %r173, %r171, %r172;
warp 0 :  PC=0x6ff0 (nw-rodinia-2.4.sm_75.ptx:359) ld.shared.u32 %r174, [%r7+952];
warp 0 :  PC=0x6ff8 (nw-rodinia-2.4.sm_75.ptx:360) sub.s32 %r175, %r174, %r10;
warp 0 :  PC=0x7000 (nw-rodinia-2.4.sm_75.ptx:361) ld.shared.u32 %r176, [%r7+888];
warp 0 :  PC=0x7008 (nw-rodinia-2.4.sm_75.ptx:362) sub.s32 %r177, %r176, %r10;
warp 0 :  PC=0x7010 (nw-rodinia-2.4.sm_75.ptx:363) max.s32 %r178, %r173, %r175;
warp 0 :  PC=0x7018 (nw-rodinia-2.4.sm_75.ptx:364) max.s32 %r179, %r178, %r177;
warp 0 :  PC=0x7020 (nw-rodinia-2.4.sm_75.ptx:365) st.shared.u32 [%r7+956], %r179;
warp 0 :  PC=0x7028 (nw-rodinia-2.4.sm_75.ptx:368) bar.sync 0;
warp 0 :  PC=0x7030 (nw-rodinia-2.4.sm_75.ptx:369) setp.gt.s32%p31, %r2, 14;
warp 0 :  PC=0x7038 (nw-rodinia-2.4.sm_75.ptx:370) @%p31 bra BB0_32;
warp 0 :  PC=0x7040 (nw-rodinia-2.4.sm_75.ptx:372) ld.shared.u32 %r180, [%r8+896];
warp 0 :  PC=0x7048 (nw-rodinia-2.4.sm_75.ptx:373) ld.shared.u32 %r181, [%r7+952];
warp 0 :  PC=0x7050 (nw-rodinia-2.4.sm_75.ptx:374) add.s32 %r182, %r180, %r181;
warp 0 :  PC=0x7058 (nw-rodinia-2.4.sm_75.ptx:375) ld.shared.u32 %r183, [%r7+1020];
warp 0 :  PC=0x7060 (nw-rodinia-2.4.sm_75.ptx:376) sub.s32 %r184, %r183, %r10;
warp 0 :  PC=0x7068 (nw-rodinia-2.4.sm_75.ptx:377) ld.shared.u32 %r185, [%r7+956];
warp 0 :  PC=0x7070 (nw-rodinia-2.4.sm_75.ptx:378) sub.s32 %r186, %r185, %r10;
warp 0 :  PC=0x7078 (nw-rodinia-2.4.sm_75.ptx:379) max.s32 %r187, %r182, %r184;
warp 0 :  PC=0x7080 (nw-rodinia-2.4.sm_75.ptx:380) max.s32 %r188, %r187, %r186;
warp 0 :  PC=0x7088 (nw-rodinia-2.4.sm_75.ptx:381) st.shared.u32 [%r7+1024], %r188;
warp 0 :  PC=0x7090 (nw-rodinia-2.4.sm_75.ptx:384) bar.sync 0;
warp 0 :  PC=0x7098 (nw-rodinia-2.4.sm_75.ptx:385) setp.gt.s32%p32, %r2, 15;
warp 0 :  PC=0x70a0 (nw-rodinia-2.4.sm_75.ptx:386) @%p32 bra BB0_34;
warp 0 :  PC=0x70a8 (nw-rodinia-2.4.sm_75.ptx:388) ld.shared.u32 %r189, [%r8+960];
warp 0 :  PC=0x70b0 (nw-rodinia-2.4.sm_75.ptx:389) ld.shared.u32 %r190, [%r7+1020];
warp 0 :  PC=0x70b8 (nw-rodinia-2.4.sm_75.ptx:390) add.s32 %r191, %r189, %r190;
warp 0 :  PC=0x70c0 (nw-rodinia-2.4.sm_75.ptx:391) ld.shared.u32 %r192, [%r7+1088];
warp 0 :  PC=0x70c8 (nw-rodinia-2.4.sm_75.ptx:392) sub.s32 %r193, %r192, %r10;
warp 0 :  PC=0x70d0 (nw-rodinia-2.4.sm_75.ptx:393) ld.shared.u32 %r194, [%r7+1024];
warp 0 :  PC=0x70d8 (nw-rodinia-2.4.sm_75.ptx:394) sub.s32 %r195, %r194, %r10;
warp 0 :  PC=0x70e0 (nw-rodinia-2.4.sm_75.ptx:395) max.s32 %r196, %r191, %r193;
warp 0 :  PC=0x70e8 (nw-rodinia-2.4.sm_75.ptx:396) max.s32 %r197, %r196, %r195;
warp 0 :  PC=0x70f0 (nw-rodinia-2.4.sm_75.ptx:397) st.shared.u32 [%r7+1092], %r197;
warp 0 :  PC=0x70f8 (nw-rodinia-2.4.sm_75.ptx:400) bar.sync 0;
warp 0 :  PC=0x7100 (nw-rodinia-2.4.sm_75.ptx:401) @%p31 bra BB0_36;
warp 0 :  PC=0x7108 (nw-rodinia-2.4.sm_75.ptx:403) ld.shared.u32 %r198, [%r8+964];
warp 0 :  PC=0x7110 (nw-rodinia-2.4.sm_75.ptx:404) ld.shared.u32 %r199, [%r7+1024];
warp 0 :  PC=0x7118 (nw-rodinia-2.4.sm_75.ptx:405) add.s32 %r200, %r198, %r199;
warp 0 :  PC=0x7120 (nw-rodinia-2.4.sm_75.ptx:406) ld.shared.u32 %r201, [%r7+1092];
warp 0 :  PC=0x7128 (nw-rodinia-2.4.sm_75.ptx:407) sub.s32 %r202, %r201, %r10;
warp 0 :  PC=0x7130 (nw-rodinia-2.4.sm_75.ptx:408) ld.shared.u32 %r203, [%r7+1028];
warp 0 :  PC=0x7138 (nw-rodinia-2.4.sm_75.ptx:409) sub.s32 %r204, %r203, %r10;
warp 0 :  PC=0x7140 (nw-rodinia-2.4.sm_75.ptx:410) max.s32 %r205, %r200, %r202;
warp 0 :  PC=0x7148 (nw-rodinia-2.4.sm_75.ptx:411) max.s32 %r206, %r205, %r204;
warp 0 :  PC=0x7150 (nw-rodinia-2.4.sm_75.ptx:412) st.shared.u32 [%r7+1096], %r206;
warp 0 :  PC=0x7158 (nw-rodinia-2.4.sm_75.ptx:415) bar.sync 0;
warp 0 :  PC=0x7160 (nw-rodinia-2.4.sm_75.ptx:416) @%p30 bra BB0_38;
warp 0 :  PC=0x7168 (nw-rodinia-2.4.sm_75.ptx:418) ld.shared.u32 %r207, [%r8+968];
warp 0 :  PC=0x7170 (nw-rodinia-2.4.sm_75.ptx:419) ld.shared.u32 %r208, [%r7+1028];
warp 0 :  PC=0x7178 (nw-rodinia-2.4.sm_75.ptx:420) add.s32 %r209, %r207, %r208;
warp 0 :  PC=0x7180 (nw-rodinia-2.4.sm_75.ptx:421) ld.shared.u32 %r210, [%r7+1096];
warp 0 :  PC=0x7188 (nw-rodinia-2.4.sm_75.ptx:422) sub.s32 %r211, %r210, %r10;
warp 0 :  PC=0x7190 (nw-rodinia-2.4.sm_75.ptx:423) ld.shared.u32 %r212, [%r7+1032];
warp 0 :  PC=0x7198 (nw-rodinia-2.4.sm_75.ptx:424) sub.s32 %r213, %r212, %r10;
warp 0 :  PC=0x71a0 (nw-rodinia-2.4.sm_75.ptx:425) max.s32 %r214, %r209, %r211;
warp 0 :  PC=0x71a8 (nw-rodinia-2.4.sm_75.ptx:426) max.s32 %r215, %r214, %r213;
warp 0 :  PC=0x71b0 (nw-rodinia-2.4.sm_75.ptx:427) st.shared.u32 [%r7+1100], %r215;
warp 0 :  PC=0x71b8 (nw-rodinia-2.4.sm_75.ptx:430) bar.sync 0;
warp 0 :  PC=0x71c0 (nw-rodinia-2.4.sm_75.ptx:431) @%p29 bra BB0_40;
warp 0 :  PC=0x71c8 (nw-rodinia-2.4.sm_75.ptx:433) ld.shared.u32 %r216, [%r8+972];
warp 0 :  PC=0x71d0 (nw-rodinia-2.4.sm_75.ptx:434) ld.shared.u32 %r217, [%r7+1032];
warp 0 :  PC=0x71d8 (nw-rodinia-2.4.sm_75.ptx:435) add.s32 %r218, %r216, %r217;
warp 0 :  PC=0x71e0 (nw-rodinia-2.4.sm_75.ptx:436) ld.shared.u32 %r219, [%r7+1100];
warp 0 :  PC=0x71e8 (nw-rodinia-2.4.sm_75.ptx:437) sub.s32 %r220, %r219, %r10;
warp 0 :  PC=0x71f0 (nw-rodinia-2.4.sm_75.ptx:438) ld.shared.u32 %r221, [%r7+1036];
warp 0 :  PC=0x71f8 (nw-rodinia-2.4.sm_75.ptx:439) sub.s32 %r222, %r221, %r10;
warp 0 :  PC=0x7200 (nw-rodinia-2.4.sm_75.ptx:440) max.s32 %r223, %r218, %r220;
warp 0 :  PC=0x7208 (nw-rodinia-2.4.sm_75.ptx:441) max.s32 %r224, %r223, %r222;
warp 0 :  PC=0x7210 (nw-rodinia-2.4.sm_75.ptx:442) st.shared.u32 [%r7+1104], %r224;
warp 0 :  PC=0x7218 (nw-rodinia-2.4.sm_75.ptx:445) bar.sync 0;
warp 0 :  PC=0x7220 (nw-rodinia-2.4.sm_75.ptx:446) @%p28 bra BB0_42;
warp 0 :  PC=0x7228 (nw-rodinia-2.4.sm_75.ptx:448) ld.shared.u32 %r225, [%r8+976];
warp 0 :  PC=0x7230 (nw-rodinia-2.4.sm_75.ptx:449) ld.shared.u32 %r226, [%r7+1036];
warp 0 :  PC=0x7238 (nw-rodinia-2.4.sm_75.ptx:450) add.s32 %r227, %r225, %r226;
warp 0 :  PC=0x7240 (nw-rodinia-2.4.sm_75.ptx:451) ld.shared.u32 %r228, [%r7+1104];
warp 0 :  PC=0x7248 (nw-rodinia-2.4.sm_75.ptx:452) sub.s32 %r229, %r228, %r10;
warp 0 :  PC=0x7250 (nw-rodinia-2.4.sm_75.ptx:453) ld.shared.u32 %r230, [%r7+1040];
warp 0 :  PC=0x7258 (nw-rodinia-2.4.sm_75.ptx:454) sub.s32 %r231, %r230, %r10;
warp 0 :  PC=0x7260 (nw-rodinia-2.4.sm_75.ptx:455) max.s32 %r232, %r227, %r229;
warp 0 :  PC=0x7268 (nw-rodinia-2.4.sm_75.ptx:456) max.s32 %r233, %r232, %r231;
warp 0 :  PC=0x7270 (nw-rodinia-2.4.sm_75.ptx:457) st.shared.u32 [%r7+1108], %r233;
warp 0 :  PC=0x7278 (nw-rodinia-2.4.sm_75.ptx:460) bar.sync 0;
warp 0 :  PC=0x7280 (nw-rodinia-2.4.sm_75.ptx:461) @%p27 bra BB0_44;
warp 0 :  PC=0x7288 (nw-rodinia-2.4.sm_75.ptx:463) ld.shared.u32 %r234, [%r8+980];
warp 0 :  PC=0x7290 (nw-rodinia-2.4.sm_75.ptx:464) ld.shared.u32 %r235, [%r7+1040];
warp 0 :  PC=0x7298 (nw-rodinia-2.4.sm_75.ptx:465) add.s32 %r236, %r234, %r235;
warp 0 :  PC=0x72a0 (nw-rodinia-2.4.sm_75.ptx:466) ld.shared.u32 %r237, [%r7+1108];
warp 0 :  PC=0x72a8 (nw-rodinia-2.4.sm_75.ptx:467) sub.s32 %r238, %r237, %r10;
warp 0 :  PC=0x72b0 (nw-rodinia-2.4.sm_75.ptx:468) ld.shared.u32 %r239, [%r7+1044];
warp 0 :  PC=0x72b8 (nw-rodinia-2.4.sm_75.ptx:469) sub.s32 %r240, %r239, %r10;
warp 0 :  PC=0x72c0 (nw-rodinia-2.4.sm_75.ptx:470) max.s32 %r241, %r236, %r238;
warp 0 :  PC=0x72c8 (nw-rodinia-2.4.sm_75.ptx:471) max.s32 %r242, %r241, %r240;
warp 0 :  PC=0x72d0 (nw-rodinia-2.4.sm_75.ptx:472) st.shared.u32 [%r7+1112], %r242;
warp 0 :  PC=0x72d8 (nw-rodinia-2.4.sm_75.ptx:475) bar.sync 0;
warp 0 :  PC=0x72e0 (nw-rodinia-2.4.sm_75.ptx:476) @%p26 bra BB0_46;
warp 0 :  PC=0x72e8 (nw-rodinia-2.4.sm_75.ptx:478) ld.shared.u32 %r243, [%r8+984];
warp 0 :  PC=0x72f0 (nw-rodinia-2.4.sm_75.ptx:479) ld.shared.u32 %r244, [%r7+1044];
warp 0 :  PC=0x72f8 (nw-rodinia-2.4.sm_75.ptx:480) add.s32 %r245, %r243, %r244;
warp 0 :  PC=0x7300 (nw-rodinia-2.4.sm_75.ptx:481) ld.shared.u32 %r246, [%r7+1112];
warp 0 :  PC=0x7308 (nw-rodinia-2.4.sm_75.ptx:482) sub.s32 %r247, %r246, %r10;
warp 0 :  PC=0x7310 (nw-rodinia-2.4.sm_75.ptx:483) ld.shared.u32 %r248, [%r7+1048];
warp 0 :  PC=0x7318 (nw-rodinia-2.4.sm_75.ptx:484) sub.s32 %r249, %r248, %r10;
warp 0 :  PC=0x7320 (nw-rodinia-2.4.sm_75.ptx:485) max.s32 %r250, %r245, %r247;
warp 0 :  PC=0x7328 (nw-rodinia-2.4.sm_75.ptx:486) max.s32 %r251, %r250, %r249;
warp 0 :  PC=0x7330 (nw-rodinia-2.4.sm_75.ptx:487) st.shared.u32 [%r7+1116], %r251;
warp 0 :  PC=0x7338 (nw-rodinia-2.4.sm_75.ptx:490) bar.sync 0;
warp 0 :  PC=0x7340 (nw-rodinia-2.4.sm_75.ptx:491) @%p25 bra BB0_48;
warp 0 :  PC=0x7348 (nw-rodinia-2.4.sm_75.ptx:493) ld.shared.u32 %r252, [%r8+988];
warp 0 :  PC=0x7350 (nw-rodinia-2.4.sm_75.ptx:494) ld.shared.u32 %r253, [%r7+1048];
warp 0 :  PC=0x7358 (nw-rodinia-2.4.sm_75.ptx:495) add.s32 %r254, %r252, %r253;
warp 0 :  PC=0x7360 (nw-rodinia-2.4.sm_75.ptx:496) ld.shared.u32 %r255, [%r7+1116];
warp 0 :  PC=0x7368 (nw-rodinia-2.4.sm_75.ptx:497) sub.s32 %r256, %r255, %r10;
warp 0 :  PC=0x7370 (nw-rodinia-2.4.sm_75.ptx:498) ld.shared.u32 %r257, [%r7+1052];
warp 0 :  PC=0x7378 (nw-rodinia-2.4.sm_75.ptx:499) sub.s32 %r258, %r257, %r10;
warp 0 :  PC=0x7380 (nw-rodinia-2.4.sm_75.ptx:500) max.s32 %r259, %r254, %r256;
warp 0 :  PC=0x7388 (nw-rodinia-2.4.sm_75.ptx:501) max.s32 %r260, %r259, %r258;
warp 0 :  PC=0x7390 (nw-rodinia-2.4.sm_75.ptx:502) st.shared.u32 [%r7+1120], %r260;
warp 0 :  PC=0x7398 (nw-rodinia-2.4.sm_75.ptx:505) bar.sync 0;
warp 0 :  PC=0x73a0 (nw-rodinia-2.4.sm_75.ptx:506) @%p24 bra BB0_50;
warp 0 :  PC=0x73a8 (nw-rodinia-2.4.sm_75.ptx:508) ld.shared.u32 %r261, [%r8+992];
warp 0 :  PC=0x73b0 (nw-rodinia-2.4.sm_75.ptx:509) ld.shared.u32 %r262, [%r7+1052];
warp 0 :  PC=0x73b8 (nw-rodinia-2.4.sm_75.ptx:510) add.s32 %r263, %r261, %r262;
warp 0 :  PC=0x73c0 (nw-rodinia-2.4.sm_75.ptx:511) ld.shared.u32 %r264, [%r7+1120];
warp 0 :  PC=0x73c8 (nw-rodinia-2.4.sm_75.ptx:512) sub.s32 %r265, %r264, %r10;
warp 0 :  PC=0x73d0 (nw-rodinia-2.4.sm_75.ptx:513) ld.shared.u32 %r266, [%r7+1056];
warp 0 :  PC=0x73d8 (nw-rodinia-2.4.sm_75.ptx:514) sub.s32 %r267, %r266, %r10;
warp 0 :  PC=0x73e0 (nw-rodinia-2.4.sm_75.ptx:515) max.s32 %r268, %r263, %r265;
warp 0 :  PC=0x73e8 (nw-rodinia-2.4.sm_75.ptx:516) max.s32 %r269, %r268, %r267;
warp 0 :  PC=0x73f0 (nw-rodinia-2.4.sm_75.ptx:517) st.shared.u32 [%r7+1124], %r269;
warp 0 :  PC=0x73f8 (nw-rodinia-2.4.sm_75.ptx:520) bar.sync 0;
warp 0 :  PC=0x7400 (nw-rodinia-2.4.sm_75.ptx:521) @%p23 bra BB0_52;
warp 0 :  PC=0x7408 (nw-rodinia-2.4.sm_75.ptx:523) ld.shared.u32 %r270, [%r8+996];
warp 0 :  PC=0x7410 (nw-rodinia-2.4.sm_75.ptx:524) ld.shared.u32 %r271, [%r7+1056];
warp 0 :  PC=0x7418 (nw-rodinia-2.4.sm_75.ptx:525) add.s32 %r272, %r270, %r271;
warp 0 :  PC=0x7420 (nw-rodinia-2.4.sm_75.ptx:526) ld.shared.u32 %r273, [%r7+1124];
warp 0 :  PC=0x7428 (nw-rodinia-2.4.sm_75.ptx:527) sub.s32 %r274, %r273, %r10;
warp 0 :  PC=0x7430 (nw-rodinia-2.4.sm_75.ptx:528) ld.shared.u32 %r275, [%r7+1060];
warp 0 :  PC=0x7438 (nw-rodinia-2.4.sm_75.ptx:529) sub.s32 %r276, %r275, %r10;
warp 0 :  PC=0x7440 (nw-rodinia-2.4.sm_75.ptx:530) max.s32 %r277, %r272, %r274;
warp 0 :  PC=0x7448 (nw-rodinia-2.4.sm_75.ptx:531) max.s32 %r278, %r277, %r276;
warp 0 :  PC=0x7450 (nw-rodinia-2.4.sm_75.ptx:532) st.shared.u32 [%r7+1128], %r278;
warp 0 :  PC=0x7458 (nw-rodinia-2.4.sm_75.ptx:535) bar.sync 0;
warp 0 :  PC=0x7460 (nw-rodinia-2.4.sm_75.ptx:536) @%p22 bra BB0_54;
warp 0 :  PC=0x7468 (nw-rodinia-2.4.sm_75.ptx:538) ld.shared.u32 %r279, [%r8+1000];
warp 0 :  PC=0x7470 (nw-rodinia-2.4.sm_75.ptx:539) ld.shared.u32 %r280, [%r7+1060];
warp 0 :  PC=0x7478 (nw-rodinia-2.4.sm_75.ptx:540) add.s32 %r281, %r279, %r280;
warp 0 :  PC=0x7480 (nw-rodinia-2.4.sm_75.ptx:541) ld.shared.u32 %r282, [%r7+1128];
warp 0 :  PC=0x7488 (nw-rodinia-2.4.sm_75.ptx:542) sub.s32 %r283, %r282, %r10;
warp 0 :  PC=0x7490 (nw-rodinia-2.4.sm_75.ptx:543) ld.shared.u32 %r284, [%r7+1064];
warp 0 :  PC=0x7498 (nw-rodinia-2.4.sm_75.ptx:544) sub.s32 %r285, %r284, %r10;
warp 0 :  PC=0x74a0 (nw-rodinia-2.4.sm_75.ptx:545) max.s32 %r286, %r281, %r283;
warp 0 :  PC=0x74a8 (nw-rodinia-2.4.sm_75.ptx:546) max.s32 %r287, %r286, %r285;
warp 0 :  PC=0x74b0 (nw-rodinia-2.4.sm_75.ptx:547) st.shared.u32 [%r7+1132], %r287;
warp 0 :  PC=0x74b8 (nw-rodinia-2.4.sm_75.ptx:550) bar.sync 0;
warp 0 :  PC=0x74c0 (nw-rodinia-2.4.sm_75.ptx:551) @%p21 bra BB0_56;
warp 0 :  PC=0x74c8 (nw-rodinia-2.4.sm_75.ptx:553) ld.shared.u32 %r288, [%r8+1004];
warp 0 :  PC=0x74d0 (nw-rodinia-2.4.sm_75.ptx:554) ld.shared.u32 %r289, [%r7+1064];
warp 0 :  PC=0x74d8 (nw-rodinia-2.4.sm_75.ptx:555) add.s32 %r290, %r288, %r289;
warp 0 :  PC=0x74e0 (nw-rodinia-2.4.sm_75.ptx:556) ld.shared.u32 %r291, [%r7+1132];
warp 0 :  PC=0x74e8 (nw-rodinia-2.4.sm_75.ptx:557) sub.s32 %r292, %r291, %r10;
warp 0 :  PC=0x74f0 (nw-rodinia-2.4.sm_75.ptx:558) ld.shared.u32 %r293, [%r7+1068];
warp 0 :  PC=0x74f8 (nw-rodinia-2.4.sm_75.ptx:559) sub.s32 %r294, %r293, %r10;
warp 0 :  PC=0x7500 (nw-rodinia-2.4.sm_75.ptx:560) max.s32 %r295, %r290, %r292;
warp 0 :  PC=0x7508 (nw-rodinia-2.4.sm_75.ptx:561) max.s32 %r296, %r295, %r294;
warp 0 :  PC=0x7510 (nw-rodinia-2.4.sm_75.ptx:562) st.shared.u32 [%r7+1136], %r296;
warp 0 :  PC=0x7518 (nw-rodinia-2.4.sm_75.ptx:565) bar.sync 0;
warp 0 :  PC=0x7520 (nw-rodinia-2.4.sm_75.ptx:566) @%p20 bra BB0_58;
warp 0 :  PC=0x7528 (nw-rodinia-2.4.sm_75.ptx:568) ld.shared.u32 %r297, [%r8+1008];
warp 0 :  PC=0x7530 (nw-rodinia-2.4.sm_75.ptx:569) ld.shared.u32 %r298, [%r7+1068];
warp 0 :  PC=0x7538 (nw-rodinia-2.4.sm_75.ptx:570) add.s32 %r299, %r297, %r298;
warp 0 :  PC=0x7540 (nw-rodinia-2.4.sm_75.ptx:571) ld.shared.u32 %r300, [%r7+1136];
warp 0 :  PC=0x7548 (nw-rodinia-2.4.sm_75.ptx:572) sub.s32 %r301, %r300, %r10;
warp 0 :  PC=0x7550 (nw-rodinia-2.4.sm_75.ptx:573) ld.shared.u32 %r302, [%r7+1072];
warp 0 :  PC=0x7558 (nw-rodinia-2.4.sm_75.ptx:574) sub.s32 %r303, %r302, %r10;
warp 0 :  PC=0x7560 (nw-rodinia-2.4.sm_75.ptx:575) max.s32 %r304, %r299, %r301;
warp 0 :  PC=0x7568 (nw-rodinia-2.4.sm_75.ptx:576) max.s32 %r305, %r304, %r303;
warp 0 :  PC=0x7570 (nw-rodinia-2.4.sm_75.ptx:577) st.shared.u32 [%r7+1140], %r305;
warp 0 :  PC=0x7578 (nw-rodinia-2.4.sm_75.ptx:580) bar.sync 0;
warp 0 :  PC=0x7580 (nw-rodinia-2.4.sm_75.ptx:581) @%p19 bra BB0_60;
warp 0 :  PC=0x7588 (nw-rodinia-2.4.sm_75.ptx:583) ld.shared.u32 %r306, [%r8+1012];
warp 0 :  PC=0x7590 (nw-rodinia-2.4.sm_75.ptx:584) ld.shared.u32 %r307, [%r7+1072];
warp 0 :  PC=0x7598 (nw-rodinia-2.4.sm_75.ptx:585) add.s32 %r308, %r306, %r307;
warp 0 :  PC=0x75a0 (nw-rodinia-2.4.sm_75.ptx:586) ld.shared.u32 %r309, [%r7+1140];
warp 0 :  PC=0x75a8 (nw-rodinia-2.4.sm_75.ptx:587) sub.s32 %r310, %r309, %r10;
warp 0 :  PC=0x75b0 (nw-rodinia-2.4.sm_75.ptx:588) ld.shared.u32 %r311, [%r7+1076];
warp 0 :  PC=0x75b8 (nw-rodinia-2.4.sm_75.ptx:589) sub.s32 %r312, %r311, %r10;
warp 0 :  PC=0x75c0 (nw-rodinia-2.4.sm_75.ptx:590) max.s32 %r313, %r308, %r310;
warp 0 :  PC=0x75c8 (nw-rodinia-2.4.sm_75.ptx:591) max.s32 %r314, %r313, %r312;
warp 0 :  PC=0x75d0 (nw-rodinia-2.4.sm_75.ptx:592) st.shared.u32 [%r7+1144], %r314;
warp 0 :  PC=0x75d8 (nw-rodinia-2.4.sm_75.ptx:595) bar.sync 0;
warp 0 :  PC=0x75e0 (nw-rodinia-2.4.sm_75.ptx:596) @%p18 bra BB0_62;
warp 0 :  PC=0x75e8 (nw-rodinia-2.4.sm_75.ptx:598) ld.shared.u32 %r315, [%r8+1016];
warp 0 :  PC=0x75f0 (nw-rodinia-2.4.sm_75.ptx:599) ld.shared.u32 %r316, [%r7+1076];
warp 0 :  PC=0x75f8 (nw-rodinia-2.4.sm_75.ptx:600) add.s32 %r317, %r315, %r316;
warp 0 :  PC=0x7600 (nw-rodinia-2.4.sm_75.ptx:601) ld.shared.u32 %r318, [%r7+1144];
warp 0 :  PC=0x7608 (nw-rodinia-2.4.sm_75.ptx:602) sub.s32 %r319, %r318, %r10;
warp 0 :  PC=0x7610 (nw-rodinia-2.4.sm_75.ptx:603) ld.shared.u32 %r320, [%r7+1080];
warp 0 :  PC=0x7618 (nw-rodinia-2.4.sm_75.ptx:604) sub.s32 %r321, %r320, %r10;
warp 0 :  PC=0x7620 (nw-rodinia-2.4.sm_75.ptx:605) max.s32 %r322, %r317, %r319;
warp 0 :  PC=0x7628 (nw-rodinia-2.4.sm_75.ptx:606) max.s32 %r323, %r322, %r321;
warp 0 :  PC=0x7630 (nw-rodinia-2.4.sm_75.ptx:607) st.shared.u32 [%r7+1148], %r323;
warp 0 :  PC=0x7638 (nw-rodinia-2.4.sm_75.ptx:610) bar.sync 0;
warp 0 :  PC=0x7640 (nw-rodinia-2.4.sm_75.ptx:611) @%p17 bra BB0_64;
warp 0 :  PC=0x7648 (nw-rodinia-2.4.sm_75.ptx:613) ld.shared.u32 %r324, [%r8+1020];
warp 0 :  PC=0x7650 (nw-rodinia-2.4.sm_75.ptx:614) ld.shared.u32 %r325, [%r7+1080];
warp 0 :  PC=0x7658 (nw-rodinia-2.4.sm_75.ptx:615) add.s32 %r326, %r324, %r325;
warp 0 :  PC=0x7660 (nw-rodinia-2.4.sm_75.ptx:616) ld.shared.u32 %r327, [%r7+1148];
warp 0 :  PC=0x7668 (nw-rodinia-2.4.sm_75.ptx:617) sub.s32 %r328, %r327, %r10;
warp 0 :  PC=0x7670 (nw-rodinia-2.4.sm_75.ptx:618) ld.shared.u32 %r329, [%r7+1084];
warp 0 :  PC=0x7678 (nw-rodinia-2.4.sm_75.ptx:619) sub.s32 %r330, %r329, %r10;
warp 0 :  PC=0x7680 (nw-rodinia-2.4.sm_75.ptx:620) max.s32 %r331, %r326, %r328;
warp 0 :  PC=0x7688 (nw-rodinia-2.4.sm_75.ptx:621) max.s32 %r332, %r331, %r330;
warp 0 :  PC=0x7690 (nw-rodinia-2.4.sm_75.ptx:622) st.shared.u32 [%r7+1152], %r332;
warp 0 :  PC=0x7698 (nw-rodinia-2.4.sm_75.ptx:625) bar.sync 0;
warp 0 :  PC=0x76a0 (nw-rodinia-2.4.sm_75.ptx:626) ld.param.u32 %r360, [_Z20needle_cuda_shared_1PiS_S_iiii_param_3];
warp 0 :  PC=0x76a8 (nw-rodinia-2.4.sm_75.ptx:627) shl.b32 %r359, %r360, 2;
warp 0 :  PC=0x76b0 (nw-rodinia-2.4.sm_75.ptx:628) cvt.s64.s32%rd48, %r359;
warp 0 :  PC=0x76b8 (nw-rodinia-2.4.sm_75.ptx:629) add.s32 %r358, %r1, %r2;
warp 0 :  PC=0x76c0 (nw-rodinia-2.4.sm_75.ptx:630) add.s32 %r357, %r360, %r358;
warp 0 :  PC=0x76c8 (nw-rodinia-2.4.sm_75.ptx:631) add.s32 %r356, %r357, 1;
warp 0 :  PC=0x76d0 (nw-rodinia-2.4.sm_75.ptx:632) mul.wide.s32 %rd47, %r356, 4;
warp 0 :  PC=0x76d8 (nw-rodinia-2.4.sm_75.ptx:633) ld.shared.u32 %r333, [%r6+72];
warp 0 :  PC=0x76e0 (nw-rodinia-2.4.sm_75.ptx:634) add.s64 %rd30, %rd1, %rd47;
warp 0 :  PC=0x76e8 (nw-rodinia-2.4.sm_75.ptx:635) st.global.u32 [%rd30], %r333;
warp 0 :  PC=0x76f0 (nw-rodinia-2.4.sm_75.ptx:636) ld.shared.u32 %r334, [%r6+140];
warp 0 :  PC=0x76f8 (nw-rodinia-2.4.sm_75.ptx:637) add.s64 %rd32, %rd30, %rd48;
warp 0 :  PC=0x7700 (nw-rodinia-2.4.sm_75.ptx:638) st.global.u32 [%rd32], %r334;
warp 0 :  PC=0x7708 (nw-rodinia-2.4.sm_75.ptx:639) ld.shared.u32 %r336, [%r6+208];
warp 0 :  PC=0x7710 (nw-rodinia-2.4.sm_75.ptx:640) add.s64 %rd33, %rd32, %rd48;
warp 0 :  PC=0x7718 (nw-rodinia-2.4.sm_75.ptx:641) st.global.u32 [%rd33], %r336;
warp 0 :  PC=0x7720 (nw-rodinia-2.4.sm_75.ptx:642) ld.shared.u32 %r337, [%r6+276];
warp 0 :  PC=0x7728 (nw-rodinia-2.4.sm_75.ptx:643) add.s64 %rd34, %rd33, %rd48;
warp 0 :  PC=0x7730 (nw-rodinia-2.4.sm_75.ptx:644) st.global.u32 [%rd34], %r337;
warp 0 :  PC=0x7738 (nw-rodinia-2.4.sm_75.ptx:645) ld.shared.u32 %r338, [%r6+344];
warp 0 :  PC=0x7740 (nw-rodinia-2.4.sm_75.ptx:646) add.s64 %rd35, %rd34, %rd48;
warp 0 :  PC=0x7748 (nw-rodinia-2.4.sm_75.ptx:647) st.global.u32 [%rd35], %r338;
warp 0 :  PC=0x7750 (nw-rodinia-2.4.sm_75.ptx:648) ld.shared.u32 %r339, [%r6+412];
warp 0 :  PC=0x7758 (nw-rodinia-2.4.sm_75.ptx:649) add.s64 %rd36, %rd35, %rd48;
warp 0 :  PC=0x7760 (nw-rodinia-2.4.sm_75.ptx:650) st.global.u32 [%rd36], %r339;
warp 0 :  PC=0x7768 (nw-rodinia-2.4.sm_75.ptx:651) ld.shared.u32 %r340, [%r6+480];
warp 0 :  PC=0x7770 (nw-rodinia-2.4.sm_75.ptx:652) add.s64 %rd37, %rd36, %rd48;
warp 0 :  PC=0x7778 (nw-rodinia-2.4.sm_75.ptx:653) st.global.u32 [%rd37], %r340;
warp 0 :  PC=0x7780 (nw-rodinia-2.4.sm_75.ptx:654) ld.shared.u32 %r341, [%r6+548];
warp 0 :  PC=0x7788 (nw-rodinia-2.4.sm_75.ptx:655) add.s64 %rd38, %rd37, %rd48;
warp 0 :  PC=0x7790 (nw-rodinia-2.4.sm_75.ptx:656) st.global.u32 [%rd38], %r341;
warp 0 :  PC=0x7798 (nw-rodinia-2.4.sm_75.ptx:657) ld.shared.u32 %r342, [%r6+616];
warp 0 :  PC=0x77a0 (nw-rodinia-2.4.sm_75.ptx:658) add.s64 %rd39, %rd38, %rd48;
warp 0 :  PC=0x77a8 (nw-rodinia-2.4.sm_75.ptx:659) st.global.u32 [%rd39], %r342;
warp 0 :  PC=0x77b0 (nw-rodinia-2.4.sm_75.ptx:660) ld.shared.u32 %r343, [%r6+684];
warp 0 :  PC=0x77b8 (nw-rodinia-2.4.sm_75.ptx:661) add.s64 %rd40, %rd39, %rd48;
warp 0 :  PC=0x77c0 (nw-rodinia-2.4.sm_75.ptx:662) st.global.u32 [%rd40], %r343;
warp 0 :  PC=0x77c8 (nw-rodinia-2.4.sm_75.ptx:663) ld.shared.u32 %r344, [%r6+752];
warp 0 :  PC=0x77d0 (nw-rodinia-2.4.sm_75.ptx:664) add.s64 %rd41, %rd40, %rd48;
warp 0 :  PC=0x77d8 (nw-rodinia-2.4.sm_75.ptx:665) st.global.u32 [%rd41], %r344;
warp 0 :  PC=0x77e0 (nw-rodinia-2.4.sm_75.ptx:666) ld.shared.u32 %r345, [%r6+820];
warp 0 :  PC=0x77e8 (nw-rodinia-2.4.sm_75.ptx:667) add.s64 %rd42, %rd41, %rd48;
warp 0 :  PC=0x77f0 (nw-rodinia-2.4.sm_75.ptx:668) st.global.u32 [%rd42], %r345;
warp 0 :  PC=0x77f8 (nw-rodinia-2.4.sm_75.ptx:669) ld.shared.u32 %r346, [%r6+888];
warp 0 :  PC=0x7800 (nw-rodinia-2.4.sm_75.ptx:670) add.s64 %rd43, %rd42, %rd48;
warp 0 :  PC=0x7808 (nw-rodinia-2.4.sm_75.ptx:671) st.global.u32 [%rd43], %r346;
warp 0 :  PC=0x7810 (nw-rodinia-2.4.sm_75.ptx:672) ld.shared.u32 %r347, [%r6+956];
warp 0 :  PC=0x7818 (nw-rodinia-2.4.sm_75.ptx:673) add.s64 %rd44, %rd43, %rd48;
warp 0 :  PC=0x7820 (nw-rodinia-2.4.sm_75.ptx:674) st.global.u32 [%rd44], %r347;
warp 0 :  PC=0x7828 (nw-rodinia-2.4.sm_75.ptx:675) ld.shared.u32 %r348, [%r6+1024];
warp 0 :  PC=0x7830 (nw-rodinia-2.4.sm_75.ptx:676) add.s64 %rd45, %rd44, %rd48;
warp 0 :  PC=0x7838 (nw-rodinia-2.4.sm_75.ptx:677) st.global.u32 [%rd45], %r348;
warp 0 :  PC=0x7840 (nw-rodinia-2.4.sm_75.ptx:678) ld.shared.u32 %r349, [%r6+1092];
warp 0 :  PC=0x7848 (nw-rodinia-2.4.sm_75.ptx:679) add.s64 %rd46, %rd45, %rd48;
warp 0 :  PC=0x7850 (nw-rodinia-2.4.sm_75.ptx:680) st.global.u32 [%rd46], %r349;
warp 0 :  PC=0x7858 (nw-rodinia-2.4.sm_75.ptx:681) ret;
kernel_execution_time : 5074