warp 0 :  PC=0xb998 (lud-rodinia-2.8.sm_75.ptx:1514) ld.param.u64 %rd2, [_Z12lud_internalPfii_param_0];
warp 0 :  PC=0xb9a0 (lud-rodinia-2.8.sm_75.ptx:1515) ld.param.u32 %r5, [_Z12lud_internalPfii_param_1];
warp 0 :  PC=0xb9a8 (lud-rodinia-2.8.sm_75.ptx:1516) ld.param.u32 %r6, [_Z12lud_internalPfii_param_2];
warp 0 :  PC=0xb9b0 (lud-rodinia-2.8.sm_75.ptx:1517) cvta.to.global.u64 %rd1, %rd2;
warp 0 :  PC=0xb9b8 (lud-rodinia-2.8.sm_75.ptx:1518) mov.u32 %r7, %ctaid.y;
warp 0 :  PC=0xb9c0 (lud-rodinia-2.8.sm_75.ptx:1519) shl.b32 %r8, %r7, 4;
warp 0 :  PC=0xb9c8 (lud-rodinia-2.8.sm_75.ptx:1520) mov.u32 %r9, %ctaid.x;
warp 0 :  PC=0xb9d0 (lud-rodinia-2.8.sm_75.ptx:1521) shl.b32 %r10, %r9, 4;
warp 0 :  PC=0xb9d8 (lud-rodinia-2.8.sm_75.ptx:1522) add.s32 %r11, %r6, 16;
warp 0 :  PC=0xb9e0 (lud-rodinia-2.8.sm_75.ptx:1523) add.s32 %r12, %r11, %r10;
warp 0 :  PC=0xb9e8 (lud-rodinia-2.8.sm_75.ptx:1524) mov.u32 %r1, %tid.y;
warp 0 :  PC=0xb9f0 (lud-rodinia-2.8.sm_75.ptx:1525) add.s32 %r13, %r1, %r6;
warp 0 :  PC=0xb9f8 (lud-rodinia-2.8.sm_75.ptx:1526) mov.u32 %r2, %tid.x;
warp 0 :  PC=0xba00 (lud-rodinia-2.8.sm_75.ptx:1527) add.s32 %r3, %r2, %r12;
warp 0 :  PC=0xba08 (lud-rodinia-2.8.sm_75.ptx:1528) mad.lo.s32 %r14, %r13, %r5, %r3;
warp 0 :  PC=0xba10 (lud-rodinia-2.8.sm_75.ptx:1529) mul.wide.u32 %rd3, %r14, 4;
warp 0 :  PC=0xba18 (lud-rodinia-2.8.sm_75.ptx:1530) add.s64 %rd4, %rd1, %rd3;
warp 0 :  PC=0xba20 (lud-rodinia-2.8.sm_75.ptx:1531) ld.global.f32 %f1, [%rd4];
warp 0 :  PC=0xba28 (lud-rodinia-2.8.sm_75.ptx:1532) shl.b32 %r15, %r1, 6;
warp 0 :  PC=0xba30 (lud-rodinia-2.8.sm_75.ptx:1533) mov.u32 %r16, _ZZ12lud_internalPfiiE8peri_row;
warp 0 :  PC=0xba38 (lud-rodinia-2.8.sm_75.ptx:1534) add.s32 %r17, %r16, %r15;
warp 0 :  PC=0xba40 (lud-rodinia-2.8.sm_75.ptx:1535) shl.b32 %r18, %r2, 2;
warp 0 :  PC=0xba48 (lud-rodinia-2.8.sm_75.ptx:1536) add.s32 %r19, %r17, %r18;
warp 0 :  PC=0xba50 (lud-rodinia-2.8.sm_75.ptx:1537) st.shared.f32 [%r19], %f1;
warp 0 :  PC=0xba58 (lud-rodinia-2.8.sm_75.ptx:1538) add.s32 %r20, %r11, %r8;
warp 0 :  PC=0xba60 (lud-rodinia-2.8.sm_75.ptx:1539) add.s32 %r21, %r20, %r1;
warp 0 :  PC=0xba68 (lud-rodinia-2.8.sm_75.ptx:1540) mul.lo.s32 %r4, %r21, %r5;
warp 0 :  PC=0xba70 (lud-rodinia-2.8.sm_75.ptx:1541) add.s32 %r22, %r2, %r6;
warp 0 :  PC=0xba78 (lud-rodinia-2.8.sm_75.ptx:1542) add.s32 %r23, %r22, %r4;
warp 0 :  PC=0xba80 (lud-rodinia-2.8.sm_75.ptx:1543) mul.wide.u32 %rd5, %r23, 4;
warp 0 :  PC=0xba88 (lud-rodinia-2.8.sm_75.ptx:1544) add.s64 %rd6, %rd1, %rd5;
warp 0 :  PC=0xba90 (lud-rodinia-2.8.sm_75.ptx:1545) ld.global.f32 %f2, [%rd6];
warp 0 :  PC=0xba98 (lud-rodinia-2.8.sm_75.ptx:1546) mov.u32 %r24, _ZZ12lud_internalPfiiE8peri_col;
warp 0 :  PC=0xbaa0 (lud-rodinia-2.8.sm_75.ptx:1547) add.s32 %r25, %r24, %r15;
warp 0 :  PC=0xbaa8 (lud-rodinia-2.8.sm_75.ptx:1548) add.s32 %r26, %r25, %r18;
warp 0 :  PC=0xbab0 (lud-rodinia-2.8.sm_75.ptx:1549) st.shared.f32 [%r26], %f2;
warp 0 :  PC=0xbab8 (lud-rodinia-2.8.sm_75.ptx:1550) bar.sync 0;
warp 0 :  PC=0xbac0 (lud-rodinia-2.8.sm_75.ptx:1551) ld.shared.f32 %f3, [%r25];
warp 0 :  PC=0xbac8 (lud-rodinia-2.8.sm_75.ptx:1552) add.s32 %r32, %r16, %r18;
warp 0 :  PC=0xbad0 (lud-rodinia-2.8.sm_75.ptx:1553) ld.shared.f32 %f4, [%r32];
warp 0 :  PC=0xbad8 (lud-rodinia-2.8.sm_75.ptx:1554) fma.rn.f32 %f5, %f3, %f4, 0f00000000;
warp 0 :  PC=0xbae0 (lud-rodinia-2.8.sm_75.ptx:1555) ld.shared.f32 %f6, [%r25+4];
warp 0 :  PC=0xbae8 (lud-rodinia-2.8.sm_75.ptx:1556) ld.shared.f32 %f7, [%r32+64];
warp 0 :  PC=0xbaf0 (lud-rodinia-2.8.sm_75.ptx:1557) fma.rn.f32 %f8, %f6, %f7, %f5;
warp 0 :  PC=0xbaf8 (lud-rodinia-2.8.sm_75.ptx:1558) ld.shared.f32 %f9, [%r25+8];
warp 0 :  PC=0xbb00 (lud-rodinia-2.8.sm_75.ptx:1559) ld.shared.f32 %f10, [%r32+128];
warp 0 :  PC=0xbb08 (lud-rodinia-2.8.sm_75.ptx:1560) fma.rn.f32 %f11, %f9, %f10, %f8;
warp 0 :  PC=0xbb10 (lud-rodinia-2.8.sm_75.ptx:1561) ld.shared.f32 %f12, [%r25+12];
warp 0 :  PC=0xbb18 (lud-rodinia-2.8.sm_75.ptx:1562) ld.shared.f32 %f13, [%r32+192];
warp 0 :  PC=0xbb20 (lud-rodinia-2.8.sm_75.ptx:1563) fma.rn.f32 %f14, %f12, %f13, %f11;
warp 0 :  PC=0xbb28 (lud-rodinia-2.8.sm_75.ptx:1564) ld.shared.f32 %f15, [%r25+16];
warp 0 :  PC=0xbb30 (lud-rodinia-2.8.sm_75.ptx:1565) ld.shared.f32 %f16, [%r32+256];
warp 0 :  PC=0xbb38 (lud-rodinia-2.8.sm_75.ptx:1566) fma.rn.f32 %f17, %f15, %f16, %f14;
warp 0 :  PC=0xbb40 (lud-rodinia-2.8.sm_75.ptx:1567) ld.shared.f32 %f18, [%r25+20];
warp 0 :  PC=0xbb48 (lud-rodinia-2.8.sm_75.ptx:1568) ld.shared.f32 %f19, [%r32+320];
warp 0 :  PC=0xbb50 (lud-rodinia-2.8.sm_75.ptx:1569) fma.rn.f32 %f20, %f18, %f19, %f17;
warp 0 :  PC=0xbb58 (lud-rodinia-2.8.sm_75.ptx:1570) ld.shared.f32 %f21, [%r25+24];
warp 0 :  PC=0xbb60 (lud-rodinia-2.8.sm_75.ptx:1571) ld.shared.f32 %f22, [%r32+384];
warp 0 :  PC=0xbb68 (lud-rodinia-2.8.sm_75.ptx:1572) fma.rn.f32 %f23, %f21, %f22, %f20;
warp 0 :  PC=0xbb70 (lud-rodinia-2.8.sm_75.ptx:1573) ld.shared.f32 %f24, [%r25+28];
warp 0 :  PC=0xbb78 (lud-rodinia-2.8.sm_75.ptx:1574) ld.shared.f32 %f25, [%r32+448];
warp 0 :  PC=0xbb80 (lud-rodinia-2.8.sm_75.ptx:1575) fma.rn.f32 %f26, %f24, %f25, %f23;
warp 0 :  PC=0xbb88 (lud-rodinia-2.8.sm_75.ptx:1576) ld.shared.f32 %f27, [%r25+32];
warp 0 :  PC=0xbb90 (lud-rodinia-2.8.sm_75.ptx:1577) ld.shared.f32 %f28, [%r32+512];
warp 0 :  PC=0xbb98 (lud-rodinia-2.8.sm_75.ptx:1578) fma.rn.f32 %f29, %f27, %f28, %f26;
warp 0 :  PC=0xbba0 (lud-rodinia-2.8.sm_75.ptx:1579) ld.shared.f32 %f30, [%r25+36];
warp 0 :  PC=0xbba8 (lud-rodinia-2.8.sm_75.ptx:1580) ld.shared.f32 %f31, [%r32+576];
warp 0 :  PC=0xbbb0 (lud-rodinia-2.8.sm_75.ptx:1581) fma.rn.f32 %f32, %f30, %f31, %f29;
warp 0 :  PC=0xbbb8 (lud-rodinia-2.8.sm_75.ptx:1582) ld.shared.f32 %f33, [%r25+40];
warp 0 :  PC=0xbbc0 (lud-rodinia-2.8.sm_75.ptx:1583) ld.shared.f32 %f34, [%r32+640];
warp 0 :  PC=0xbbc8 (lud-rodinia-2.8.sm_75.ptx:1584) fma.rn.f32 %f35, %f33, %f34, %f32;
warp 0 :  PC=0xbbd0 (lud-rodinia-2.8.sm_75.ptx:1585) ld.shared.f32 %f36, [%r25+44];
warp 0 :  PC=0xbbd8 (lud-rodinia-2.8.sm_75.ptx:1586) ld.shared.f32 %f37, [%r32+704];
warp 0 :  PC=0xbbe0 (lud-rodinia-2.8.sm_75.ptx:1587) fma.rn.f32 %f38, %f36, %f37, %f35;
warp 0 :  PC=0xbbe8 (lud-rodinia-2.8.sm_75.ptx:1588) ld.shared.f32 %f39, [%r25+48];
warp 0 :  PC=0xbbf0 (lud-rodinia-2.8.sm_75.ptx:1589) ld.shared.f32 %f40, [%r32+768];
warp 0 :  PC=0xbbf8 (lud-rodinia-2.8.sm_75.ptx:1590) fma.rn.f32 %f41, %f39, %f40, %f38;
warp 0 :  PC=0xbc00 (lud-rodinia-2.8.sm_75.ptx:1591) ld.shared.f32 %f42, [%r25+52];
warp 0 :  PC=0xbc08 (lud-rodinia-2.8.sm_75.ptx:1592) ld.shared.f32 %f43, [%r32+832];
warp 0 :  PC=0xbc10 (lud-rodinia-2.8.sm_75.ptx:1593) fma.rn.f32 %f44, %f42, %f43, %f41;
warp 0 :  PC=0xbc18 (lud-rodinia-2.8.sm_75.ptx:1594) ld.shared.f32 %f45, [%r25+56];
warp 0 :  PC=0xbc20 (lud-rodinia-2.8.sm_75.ptx:1595) ld.shared.f32 %f46, [%r32+896];
warp 0 :  PC=0xbc28 (lud-rodinia-2.8.sm_75.ptx:1596) fma.rn.f32 %f47, %f45, %f46, %f44;
warp 0 :  PC=0xbc30 (lud-rodinia-2.8.sm_75.ptx:1597) ld.shared.f32 %f48, [%r25+60];
warp 0 :  PC=0xbc38 (lud-rodinia-2.8.sm_75.ptx:1598) ld.shared.f32 %f49, [%r32+960];
warp 0 :  PC=0xbc40 (lud-rodinia-2.8.sm_75.ptx:1599) fma.rn.f32 %f50, %f48, %f49, %f47;
warp 0 :  PC=0xbc48 (lud-rodinia-2.8.sm_75.ptx:1600) add.s32 %r33, %r3, %r4;
warp 0 :  PC=0xbc50 (lud-rodinia-2.8.sm_75.ptx:1601) mul.wide.u32 %rd7, %r33, 4;
warp 0 :  PC=0xbc58 (lud-rodinia-2.8.sm_75.ptx:1602) add.s64 %rd8, %rd1, %rd7;
warp 0 :  PC=0xbc60 (lud-rodinia-2.8.sm_75.ptx:1603) ld.global.f32 %f51, [%rd8];
warp 0 :  PC=0xbc68 (lud-rodinia-2.8.sm_75.ptx:1604) sub.f32 %f52, %f51, %f50;
warp 0 :  PC=0xbc70 (lud-rodinia-2.8.sm_75.ptx:1605) st.global.f32 [%rd8], %f52;
warp 0 :  PC=0xbc78 (lud-rodinia-2.8.sm_75.ptx:1606) ret;
kernel_execution_time : 789