warp 0 :  PC=0xa98 (pathfinder-rodinia-2.4.sm_75.ptx:37) ld.param.u32 %r11, [_Z14dynproc_kerneliPiS_S_iiii_param_0];
warp 0 :  PC=0xaa0 (pathfinder-rodinia-2.4.sm_75.ptx:38) ld.param.u64 %rd1, [_Z14dynproc_kerneliPiS_S_iiii_param_1];
warp 0 :  PC=0xaa8 (pathfinder-rodinia-2.4.sm_75.ptx:39) ld.param.u64 %rd2, [_Z14dynproc_kerneliPiS_S_iiii_param_2];
warp 0 :  PC=0xab0 (pathfinder-rodinia-2.4.sm_75.ptx:40) ld.param.u64 %rd3, [_Z14dynproc_kerneliPiS_S_iiii_param_3];
warp 0 :  PC=0xab8 (pathfinder-rodinia-2.4.sm_75.ptx:41) ld.param.u32 %r12, [_Z14dynproc_kerneliPiS_S_iiii_param_4];
warp 0 :  PC=0xac0 (pathfinder-rodinia-2.4.sm_75.ptx:42) ld.param.u32 %r13, [_Z14dynproc_kerneliPiS_S_iiii_param_6];
warp 0 :  PC=0xac8 (pathfinder-rodinia-2.4.sm_75.ptx:43) ld.param.u32 %r14, [_Z14dynproc_kerneliPiS_S_iiii_param_7];
warp 0 :  PC=0xad0 (pathfinder-rodinia-2.4.sm_75.ptx:44) mov.u32 %r15, %ctaid.x;
warp 0 :  PC=0xad8 (pathfinder-rodinia-2.4.sm_75.ptx:45) shl.b32 %r16, %r11, 1;
warp 0 :  PC=0xae0 (pathfinder-rodinia-2.4.sm_75.ptx:46) mov.u32 %r17, 256;
warp 0 :  PC=0xae8 (pathfinder-rodinia-2.4.sm_75.ptx:47) sub.s32 %r18, %r17, %r16;
warp 0 :  PC=0xaf0 (pathfinder-rodinia-2.4.sm_75.ptx:48) mul.lo.s32 %r19, %r15, %r18;
warp 0 :  PC=0xaf8 (pathfinder-rodinia-2.4.sm_75.ptx:49) sub.s32 %r20, %r19, %r14;
warp 0 :  PC=0xb00 (pathfinder-rodinia-2.4.sm_75.ptx:50) shr.s32 %r21, %r20, 31;
warp 0 :  PC=0xb08 (pathfinder-rodinia-2.4.sm_75.ptx:51) mov.u32 %r22, %tid.x;
warp 0 :  PC=0xb10 (pathfinder-rodinia-2.4.sm_75.ptx:52) add.s32 %r23, %r20, %r22;
warp 0 :  PC=0xb18 (pathfinder-rodinia-2.4.sm_75.ptx:53) neg.s32 %r24, %r20;
warp 0 :  PC=0xb20 (pathfinder-rodinia-2.4.sm_75.ptx:54) and.b32 %r25, %r21, %r24;
warp 0 :  PC=0xb28 (pathfinder-rodinia-2.4.sm_75.ptx:55) add.s32 %r26, %r12, -1;
warp 0 :  PC=0xb30 (pathfinder-rodinia-2.4.sm_75.ptx:56) add.s32 %r27, %r22, -1;
warp 0 :  PC=0xb38 (pathfinder-rodinia-2.4.sm_75.ptx:57) max.s32 %r1, %r25, %r27;
warp 0 :  PC=0xb40 (pathfinder-rodinia-2.4.sm_75.ptx:58) setp.gt.s32%p1, %r23, -1;
warp 0 :  PC=0xb48 (pathfinder-rodinia-2.4.sm_75.ptx:59) setp.le.s32%p2, %r23, %r26;
warp 0 :  PC=0xb50 (pathfinder-rodinia-2.4.sm_75.ptx:60) and.pred %p3, %p1, %p2;
warp 0 :  PC=0xb58 (pathfinder-rodinia-2.4.sm_75.ptx:61) @!%p3 bra BB0_2;
warp 0 :  PC=0xb60 (pathfinder-rodinia-2.4.sm_75.ptx:62) bra.uni BB0_1;
warp 0 :  PC=0xb68 (pathfinder-rodinia-2.4.sm_75.ptx:65) cvta.to.global.u64 %rd4, %rd2;
warp 0 :  PC=0xb70 (pathfinder-rodinia-2.4.sm_75.ptx:66) mul.wide.s32 %rd5, %r23, 4;
warp 0 :  PC=0xb78 (pathfinder-rodinia-2.4.sm_75.ptx:67) add.s64 %rd6, %rd4, %rd5;
warp 0 :  PC=0xb80 (pathfinder-rodinia-2.4.sm_75.ptx:68) ld.global.u32 %r36, [%rd6];
warp 0 :  PC=0xb88 (pathfinder-rodinia-2.4.sm_75.ptx:69) shl.b32 %r37, %r22, 2;
warp 0 :  PC=0xb90 (pathfinder-rodinia-2.4.sm_75.ptx:70) mov.u32 %r38, _ZZ14dynproc_kerneliPiS_S_iiiiE4prev;
warp 0 :  PC=0xb98 (pathfinder-rodinia-2.4.sm_75.ptx:71) add.s32 %r39, %r38, %r37;
warp 0 :  PC=0xba0 (pathfinder-rodinia-2.4.sm_75.ptx:72) st.shared.u32 [%r39], %r36;
warp 0 :  PC=0xba8 (pathfinder-rodinia-2.4.sm_75.ptx:75) setp.lt.s32%p4, %r11, 1;
warp 0 :  PC=0xbb0 (pathfinder-rodinia-2.4.sm_75.ptx:76) @%p4 bra BB0_10;
warp 0 :  PC=0xbb8 (pathfinder-rodinia-2.4.sm_75.ptx:78) shl.b32 %r41, %r1, 2;
warp 0 :  PC=0xbc0 (pathfinder-rodinia-2.4.sm_75.ptx:79) mov.u32 %r42, _ZZ14dynproc_kerneliPiS_S_iiiiE4prev;
warp 0 :  PC=0xbc8 (pathfinder-rodinia-2.4.sm_75.ptx:80) add.s32 %r2, %r42, %r41;
warp 0 :  PC=0xbd0 (pathfinder-rodinia-2.4.sm_75.ptx:81) mov.u32 %r45, 1;
warp 0 :  PC=0xbd8 (pathfinder-rodinia-2.4.sm_75.ptx:82) sub.s32 %r120, %r45, %r11;
warp 0 :  PC=0xbe0 (pathfinder-rodinia-2.4.sm_75.ptx:83) mad.lo.s32 %r46, %r13, %r12, %r22;
warp 0 :  PC=0xbe8 (pathfinder-rodinia-2.4.sm_75.ptx:84) mad.lo.s32 %r50, %r15, %r18, %r46;
warp 0 :  PC=0xbf0 (pathfinder-rodinia-2.4.sm_75.ptx:85) sub.s32 %r119, %r50, %r14;
warp 0 :  PC=0xbf8 (pathfinder-rodinia-2.4.sm_75.ptx:86) mov.u32 %r121, 0;
warp 0 :  PC=0xc00 (pathfinder-rodinia-2.4.sm_75.ptx:87) cvta.to.global.u64 %rd7, %rd1;
warp 0 :  PC=0xc08 (pathfinder-rodinia-2.4.sm_75.ptx:90) mov.u32 %r52, 254;
warp 0 :  PC=0xc10 (pathfinder-rodinia-2.4.sm_75.ptx:91) sub.s32 %r53, %r52, %r121;
warp 0 :  PC=0xc18 (pathfinder-rodinia-2.4.sm_75.ptx:92) setp.le.s32%p5, %r22, %r53;
warp 0 :  PC=0xc20 (pathfinder-rodinia-2.4.sm_75.ptx:93) add.s32 %r121, %r121, 1;
warp 0 :  PC=0xc28 (pathfinder-rodinia-2.4.sm_75.ptx:94) setp.ge.s32%p6, %r22, %r121;
warp 0 :  PC=0xc30 (pathfinder-rodinia-2.4.sm_75.ptx:95) and.pred %p7, %p5, %p6;
warp 0 :  PC=0xc38 (pathfinder-rodinia-2.4.sm_75.ptx:96) add.s32 %r61, %r20, 255;
warp 0 :  PC=0xc40 (pathfinder-rodinia-2.4.sm_75.ptx:97) setp.gt.s32%p8, %r61, %r26;
warp 0 :  PC=0xc48 (pathfinder-rodinia-2.4.sm_75.ptx:98) mov.u32 %r63, -255;
warp 0 :  PC=0xc50 (pathfinder-rodinia-2.4.sm_75.ptx:99) sub.s32 %r64, %r63, %r20;
warp 0 :  PC=0xc58 (pathfinder-rodinia-2.4.sm_75.ptx:100) add.s32 %r65, %r12, %r64;
warp 0 :  PC=0xc60 (pathfinder-rodinia-2.4.sm_75.ptx:101) add.s32 %r66, %r65, 254;
warp 0 :  PC=0xc68 (pathfinder-rodinia-2.4.sm_75.ptx:102) selp.b32%r67, %r66, 255, %p8;
warp 0 :  PC=0xc70 (pathfinder-rodinia-2.4.sm_75.ptx:103) setp.le.s32%p9, %r22, %r67;
warp 0 :  PC=0xc78 (pathfinder-rodinia-2.4.sm_75.ptx:104) setp.ge.s32%p10, %r22, %r25;
warp 0 :  PC=0xc80 (pathfinder-rodinia-2.4.sm_75.ptx:105) and.pred %p11, %p9, %p10;
warp 0 :  PC=0xc88 (pathfinder-rodinia-2.4.sm_75.ptx:106) and.pred %p12, %p7, %p11;
warp 0 :  PC=0xc90 (pathfinder-rodinia-2.4.sm_75.ptx:107) mov.u16 %rs8, 0;
warp 0 :  PC=0xc98 (pathfinder-rodinia-2.4.sm_75.ptx:108) @!%p12 bra BB0_6;
warp 0 :  PC=0xca0 (pathfinder-rodinia-2.4.sm_75.ptx:109) bra.uni BB0_5;
warp 0 :  PC=0xca8 (pathfinder-rodinia-2.4.sm_75.ptx:112) ld.shared.u32 %r70, [%r2];
warp 0 :  PC=0xcb0 (pathfinder-rodinia-2.4.sm_75.ptx:113) shl.b32 %r72, %r22, 2;
warp 0 :  PC=0xcb8 (pathfinder-rodinia-2.4.sm_75.ptx:114) add.s32 %r74, %r42, %r72;
warp 0 :  PC=0xcc0 (pathfinder-rodinia-2.4.sm_75.ptx:115) setp.lt.s32%p14, %r22, %r67;
warp 0 :  PC=0xcc8 (pathfinder-rodinia-2.4.sm_75.ptx:116) add.s32 %r88, %r22, 1;
warp 0 :  PC=0xcd0 (pathfinder-rodinia-2.4.sm_75.ptx:117) selp.b32%r89, %r88, %r67, %p14;
warp 0 :  PC=0xcd8 (pathfinder-rodinia-2.4.sm_75.ptx:118) shl.b32 %r90, %r89, 2;
warp 0 :  PC=0xce0 (pathfinder-rodinia-2.4.sm_75.ptx:119) add.s32 %r91, %r42, %r90;
warp 0 :  PC=0xce8 (pathfinder-rodinia-2.4.sm_75.ptx:120) ld.shared.u32 %r92, [%r74];
warp 0 :  PC=0xcf0 (pathfinder-rodinia-2.4.sm_75.ptx:121) min.s32 %r93, %r92, %r70;
warp 0 :  PC=0xcf8 (pathfinder-rodinia-2.4.sm_75.ptx:122) ld.shared.u32 %r94, [%r91];
warp 0 :  PC=0xd00 (pathfinder-rodinia-2.4.sm_75.ptx:123) min.s32 %r95, %r94, %r93;
warp 0 :  PC=0xd08 (pathfinder-rodinia-2.4.sm_75.ptx:124) mul.wide.s32 %rd8, %r119, 4;
warp 0 :  PC=0xd10 (pathfinder-rodinia-2.4.sm_75.ptx:125) add.s64 %rd9, %rd7, %rd8;
warp 0 :  PC=0xd18 (pathfinder-rodinia-2.4.sm_75.ptx:126) ld.global.u32 %r96, [%rd9];
warp 0 :  PC=0xd20 (pathfinder-rodinia-2.4.sm_75.ptx:127) add.s32 %r97, %r95, %r96;
warp 0 :  PC=0xd28 (pathfinder-rodinia-2.4.sm_75.ptx:128) mov.u32 %r98, _ZZ14dynproc_kerneliPiS_S_iiiiE6result;
warp 0 :  PC=0xd30 (pathfinder-rodinia-2.4.sm_75.ptx:129) add.s32 %r99, %r98, %r72;
warp 0 :  PC=0xd38 (pathfinder-rodinia-2.4.sm_75.ptx:130) st.shared.u32 [%r99], %r97;
warp 0 :  PC=0xd40 (pathfinder-rodinia-2.4.sm_75.ptx:131) mov.u16 %rs8, 1;
warp 0 :  PC=0xd48 (pathfinder-rodinia-2.4.sm_75.ptx:134) bar.sync 0;
warp 0 :  PC=0xd50 (pathfinder-rodinia-2.4.sm_75.ptx:135) setp.eq.s32%p15, %r120, 0;
warp 0 :  PC=0xd58 (pathfinder-rodinia-2.4.sm_75.ptx:136) @%p15 bra BB0_10;
warp 0 :  PC=0xd60 (pathfinder-rodinia-2.4.sm_75.ptx:138) setp.eq.s16%p16, %rs8, 0;
warp 0 :  PC=0xd68 (pathfinder-rodinia-2.4.sm_75.ptx:139) @%p16 bra BB0_9;
warp 0 :  PC=0xd70 (pathfinder-rodinia-2.4.sm_75.ptx:141) shl.b32 %r101, %r22, 2;
warp 0 :  PC=0xd78 (pathfinder-rodinia-2.4.sm_75.ptx:142) mov.u32 %r102, _ZZ14dynproc_kerneliPiS_S_iiiiE6result;
warp 0 :  PC=0xd80 (pathfinder-rodinia-2.4.sm_75.ptx:143) add.s32 %r103, %r102, %r101;
warp 0 :  PC=0xd88 (pathfinder-rodinia-2.4.sm_75.ptx:144) ld.shared.u32 %r104, [%r103];
warp 0 :  PC=0xd90 (pathfinder-rodinia-2.4.sm_75.ptx:145) add.s32 %r106, %r42, %r101;
warp 0 :  PC=0xd98 (pathfinder-rodinia-2.4.sm_75.ptx:146) st.shared.u32 [%r106], %r104;
warp 0 :  PC=0xda0 (pathfinder-rodinia-2.4.sm_75.ptx:149) add.s32 %r120, %r120, 1;
warp 0 :  PC=0xda8 (pathfinder-rodinia-2.4.sm_75.ptx:150) add.s32 %r119, %r119, %r12;
warp 0 :  PC=0xdb0 (pathfinder-rodinia-2.4.sm_75.ptx:151) setp.lt.s32%p17, %r121, %r11;
warp 0 :  PC=0xdb8 (pathfinder-rodinia-2.4.sm_75.ptx:152) @%p17 bra BB0_4;
warp 0 :  PC=0xc08 (pathfinder-rodinia-2.4.sm_75.ptx:90) mov.u32 %r52, 254;
warp 0 :  PC=0xc10 (pathfinder-rodinia-2.4.sm_75.ptx:91) sub.s32 %r53, %r52, %r121;
warp 0 :  PC=0xc18 (pathfinder-rodinia-2.4.sm_75.ptx:92) setp.le.s32%p5, %r22, %r53;
warp 0 :  PC=0xc20 (pathfinder-rodinia-2.4.sm_75.ptx:93) add.s32 %r121, %r121, 1;
warp 0 :  PC=0xc28 (pathfinder-rodinia-2.4.sm_75.ptx:94) setp.ge.s32%p6, %r22, %r121;
warp 0 :  PC=0xc30 (pathfinder-rodinia-2.4.sm_75.ptx:95) and.pred %p7, %p5, %p6;
warp 0 :  PC=0xc38 (pathfinder-rodinia-2.4.sm_75.ptx:96) add.s32 %r61, %r20, 255;
warp 0 :  PC=0xc40 (pathfinder-rodinia-2.4.sm_75.ptx:97) setp.gt.s32%p8, %r61, %r26;
warp 0 :  PC=0xc48 (pathfinder-rodinia-2.4.sm_75.ptx:98) mov.u32 %r63, -255;
warp 0 :  PC=0xc50 (pathfinder-rodinia-2.4.sm_75.ptx:99) sub.s32 %r64, %r63, %r20;
warp 0 :  PC=0xc58 (pathfinder-rodinia-2.4.sm_75.ptx:100) add.s32 %r65, %r12, %r64;
warp 0 :  PC=0xc60 (pathfinder-rodinia-2.4.sm_75.ptx:101) add.s32 %r66, %r65, 254;
warp 0 :  PC=0xc68 (pathfinder-rodinia-2.4.sm_75.ptx:102) selp.b32%r67, %r66, 255, %p8;
warp 0 :  PC=0xc70 (pathfinder-rodinia-2.4.sm_75.ptx:103) setp.le.s32%p9, %r22, %r67;
warp 0 :  PC=0xc78 (pathfinder-rodinia-2.4.sm_75.ptx:104) setp.ge.s32%p10, %r22, %r25;
warp 0 :  PC=0xc80 (pathfinder-rodinia-2.4.sm_75.ptx:105) and.pred %p11, %p9, %p10;
warp 0 :  PC=0xc88 (pathfinder-rodinia-2.4.sm_75.ptx:106) and.pred %p12, %p7, %p11;
warp 0 :  PC=0xc90 (pathfinder-rodinia-2.4.sm_75.ptx:107) mov.u16 %rs8, 0;
warp 0 :  PC=0xc98 (pathfinder-rodinia-2.4.sm_75.ptx:108) @!%p12 bra BB0_6;
warp 0 :  PC=0xca0 (pathfinder-rodinia-2.4.sm_75.ptx:109) bra.uni BB0_5;
warp 0 :  PC=0xca8 (pathfinder-rodinia-2.4.sm_75.ptx:112) ld.shared.u32 %r70, [%r2];
warp 0 :  PC=0xcb0 (pathfinder-rodinia-2.4.sm_75.ptx:113) shl.b32 %r72, %r22, 2;
warp 0 :  PC=0xcb8 (pathfinder-rodinia-2.4.sm_75.ptx:114) add.s32 %r74, %r42, %r72;
warp 0 :  PC=0xcc0 (pathfinder-rodinia-2.4.sm_75.ptx:115) setp.lt.s32%p14, %r22, %r67;
warp 0 :  PC=0xcc8 (pathfinder-rodinia-2.4.sm_75.ptx:116) add.s32 %r88, %r22, 1;
warp 0 :  PC=0xcd0 (pathfinder-rodinia-2.4.sm_75.ptx:117) selp.b32%r89, %r88, %r67, %p14;
warp 0 :  PC=0xcd8 (pathfinder-rodinia-2.4.sm_75.ptx:118) shl.b32 %r90, %r89, 2;
warp 0 :  PC=0xce0 (pathfinder-rodinia-2.4.sm_75.ptx:119) add.s32 %r91, %r42, %r90;
warp 0 :  PC=0xce8 (pathfinder-rodinia-2.4.sm_75.ptx:120) ld.shared.u32 %r92, [%r74];
warp 0 :  PC=0xcf0 (pathfinder-rodinia-2.4.sm_75.ptx:121) min.s32 %r93, %r92, %r70;
warp 0 :  PC=0xcf8 (pathfinder-rodinia-2.4.sm_75.ptx:122) ld.shared.u32 %r94, [%r91];
warp 0 :  PC=0xd00 (pathfinder-rodinia-2.4.sm_75.ptx:123) min.s32 %r95, %r94, %r93;
warp 0 :  PC=0xd08 (pathfinder-rodinia-2.4.sm_75.ptx:124) mul.wide.s32 %rd8, %r119, 4;
warp 0 :  PC=0xd10 (pathfinder-rodinia-2.4.sm_75.ptx:125) add.s64 %rd9, %rd7, %rd8;
warp 0 :  PC=0xd18 (pathfinder-rodinia-2.4.sm_75.ptx:126) ld.global.u32 %r96, [%rd9];
warp 0 :  PC=0xd20 (pathfinder-rodinia-2.4.sm_75.ptx:127) add.s32 %r97, %r95, %r96;
warp 0 :  PC=0xd28 (pathfinder-rodinia-2.4.sm_75.ptx:128) mov.u32 %r98, _ZZ14dynproc_kerneliPiS_S_iiiiE6result;
warp 0 :  PC=0xd30 (pathfinder-rodinia-2.4.sm_75.ptx:129) add.s32 %r99, %r98, %r72;
warp 0 :  PC=0xd38 (pathfinder-rodinia-2.4.sm_75.ptx:130) st.shared.u32 [%r99], %r97;
warp 0 :  PC=0xd40 (pathfinder-rodinia-2.4.sm_75.ptx:131) mov.u16 %rs8, 1;
warp 0 :  PC=0xd48 (pathfinder-rodinia-2.4.sm_75.ptx:134) bar.sync 0;
warp 0 :  PC=0xd50 (pathfinder-rodinia-2.4.sm_75.ptx:135) setp.eq.s32%p15, %r120, 0;
warp 0 :  PC=0xd58 (pathfinder-rodinia-2.4.sm_75.ptx:136) @%p15 bra BB0_10;
warp 0 :  PC=0xd60 (pathfinder-rodinia-2.4.sm_75.ptx:138) setp.eq.s16%p16, %rs8, 0;
warp 0 :  PC=0xd68 (pathfinder-rodinia-2.4.sm_75.ptx:139) @%p16 bra BB0_9;
warp 0 :  PC=0xd70 (pathfinder-rodinia-2.4.sm_75.ptx:141) shl.b32 %r101, %r22, 2;
warp 0 :  PC=0xd78 (pathfinder-rodinia-2.4.sm_75.ptx:142) mov.u32 %r102, _ZZ14dynproc_kerneliPiS_S_iiiiE6result;
warp 0 :  PC=0xd80 (pathfinder-rodinia-2.4.sm_75.ptx:143) add.s32 %r103, %r102, %r101;
warp 0 :  PC=0xd88 (pathfinder-rodinia-2.4.sm_75.ptx:144) ld.shared.u32 %r104, [%r103];
warp 0 :  PC=0xd90 (pathfinder-rodinia-2.4.sm_75.ptx:145) add.s32 %r106, %r42, %r101;
warp 0 :  PC=0xd98 (pathfinder-rodinia-2.4.sm_75.ptx:146) st.shared.u32 [%r106], %r104;
warp 0 :  PC=0xda0 (pathfinder-rodinia-2.4.sm_75.ptx:149) add.s32 %r120, %r120, 1;
warp 0 :  PC=0xda8 (pathfinder-rodinia-2.4.sm_75.ptx:150) add.s32 %r119, %r119, %r12;
warp 0 :  PC=0xdb0 (pathfinder-rodinia-2.4.sm_75.ptx:151) setp.lt.s32%p17, %r121, %r11;
warp 0 :  PC=0xdb8 (pathfinder-rodinia-2.4.sm_75.ptx:152) @%p17 bra BB0_4;
warp 0 :  PC=0xc08 (pathfinder-rodinia-2.4.sm_75.ptx:90) mov.u32 %r52, 254;
warp 0 :  PC=0xc10 (pathfinder-rodinia-2.4.sm_75.ptx:91) sub.s32 %r53, %r52, %r121;
warp 0 :  PC=0xc18 (pathfinder-rodinia-2.4.sm_75.ptx:92) setp.le.s32%p5, %r22, %r53;
warp 0 :  PC=0xc20 (pathfinder-rodinia-2.4.sm_75.ptx:93) add.s32 %r121, %r121, 1;
warp 0 :  PC=0xc28 (pathfinder-rodinia-2.4.sm_75.ptx:94) setp.ge.s32%p6, %r22, %r121;
warp 0 :  PC=0xc30 (pathfinder-rodinia-2.4.sm_75.ptx:95) and.pred %p7, %p5, %p6;
warp 0 :  PC=0xc38 (pathfinder-rodinia-2.4.sm_75.ptx:96) add.s32 %r61, %r20, 255;
warp 0 :  PC=0xc40 (pathfinder-rodinia-2.4.sm_75.ptx:97) setp.gt.s32%p8, %r61, %r26;
warp 0 :  PC=0xc48 (pathfinder-rodinia-2.4.sm_75.ptx:98) mov.u32 %r63, -255;
warp 0 :  PC=0xc50 (pathfinder-rodinia-2.4.sm_75.ptx:99) sub.s32 %r64, %r63, %r20;
warp 0 :  PC=0xc58 (pathfinder-rodinia-2.4.sm_75.ptx:100) add.s32 %r65, %r12, %r64;
warp 0 :  PC=0xc60 (pathfinder-rodinia-2.4.sm_75.ptx:101) add.s32 %r66, %r65, 254;
warp 0 :  PC=0xc68 (pathfinder-rodinia-2.4.sm_75.ptx:102) selp.b32%r67, %r66, 255, %p8;
warp 0 :  PC=0xc70 (pathfinder-rodinia-2.4.sm_75.ptx:103) setp.le.s32%p9, %r22, %r67;
warp 0 :  PC=0xc78 (pathfinder-rodinia-2.4.sm_75.ptx:104) setp.ge.s32%p10, %r22, %r25;
warp 0 :  PC=0xc80 (pathfinder-rodinia-2.4.sm_75.ptx:105) and.pred %p11, %p9, %p10;
warp 0 :  PC=0xc88 (pathfinder-rodinia-2.4.sm_75.ptx:106) and.pred %p12, %p7, %p11;
warp 0 :  PC=0xc90 (pathfinder-rodinia-2.4.sm_75.ptx:107) mov.u16 %rs8, 0;
warp 0 :  PC=0xc98 (pathfinder-rodinia-2.4.sm_75.ptx:108) @!%p12 bra BB0_6;
warp 0 :  PC=0xca0 (pathfinder-rodinia-2.4.sm_75.ptx:109) bra.uni BB0_5;
warp 0 :  PC=0xca8 (pathfinder-rodinia-2.4.sm_75.ptx:112) ld.shared.u32 %r70, [%r2];
warp 0 :  PC=0xcb0 (pathfinder-rodinia-2.4.sm_75.ptx:113) shl.b32 %r72, %r22, 2;
warp 0 :  PC=0xcb8 (pathfinder-rodinia-2.4.sm_75.ptx:114) add.s32 %r74, %r42, %r72;
warp 0 :  PC=0xcc0 (pathfinder-rodinia-2.4.sm_75.ptx:115) setp.lt.s32%p14, %r22, %r67;
warp 0 :  PC=0xcc8 (pathfinder-rodinia-2.4.sm_75.ptx:116) add.s32 %r88, %r22, 1;
warp 0 :  PC=0xcd0 (pathfinder-rodinia-2.4.sm_75.ptx:117) selp.b32%r89, %r88, %r67, %p14;
warp 0 :  PC=0xcd8 (pathfinder-rodinia-2.4.sm_75.ptx:118) shl.b32 %r90, %r89, 2;
warp 0 :  PC=0xce0 (pathfinder-rodinia-2.4.sm_75.ptx:119) add.s32 %r91, %r42, %r90;
warp 0 :  PC=0xce8 (pathfinder-rodinia-2.4.sm_75.ptx:120) ld.shared.u32 %r92, [%r74];
warp 0 :  PC=0xcf0 (pathfinder-rodinia-2.4.sm_75.ptx:121) min.s32 %r93, %r92, %r70;
warp 0 :  PC=0xcf8 (pathfinder-rodinia-2.4.sm_75.ptx:122) ld.shared.u32 %r94, [%r91];
warp 0 :  PC=0xd00 (pathfinder-rodinia-2.4.sm_75.ptx:123) min.s32 %r95, %r94, %r93;
warp 0 :  PC=0xd08 (pathfinder-rodinia-2.4.sm_75.ptx:124) mul.wide.s32 %rd8, %r119, 4;
warp 0 :  PC=0xd10 (pathfinder-rodinia-2.4.sm_75.ptx:125) add.s64 %rd9, %rd7, %rd8;
warp 0 :  PC=0xd18 (pathfinder-rodinia-2.4.sm_75.ptx:126) ld.global.u32 %r96, [%rd9];
warp 0 :  PC=0xd20 (pathfinder-rodinia-2.4.sm_75.ptx:127) add.s32 %r97, %r95, %r96;
warp 0 :  PC=0xd28 (pathfinder-rodinia-2.4.sm_75.ptx:128) mov.u32 %r98, _ZZ14dynproc_kerneliPiS_S_iiiiE6result;
warp 0 :  PC=0xd30 (pathfinder-rodinia-2.4.sm_75.ptx:129) add.s32 %r99, %r98, %r72;
warp 0 :  PC=0xd38 (pathfinder-rodinia-2.4.sm_75.ptx:130) st.shared.u32 [%r99], %r97;
warp 0 :  PC=0xd40 (pathfinder-rodinia-2.4.sm_75.ptx:131) mov.u16 %rs8, 1;
warp 0 :  PC=0xd48 (pathfinder-rodinia-2.4.sm_75.ptx:134) bar.sync 0;
warp 0 :  PC=0xd50 (pathfinder-rodinia-2.4.sm_75.ptx:135) setp.eq.s32%p15, %r120, 0;
warp 0 :  PC=0xd58 (pathfinder-rodinia-2.4.sm_75.ptx:136) @%p15 bra BB0_10;
warp 0 :  PC=0xd60 (pathfinder-rodinia-2.4.sm_75.ptx:138) setp.eq.s16%p16, %rs8, 0;
warp 0 :  PC=0xd68 (pathfinder-rodinia-2.4.sm_75.ptx:139) @%p16 bra BB0_9;
warp 0 :  PC=0xd70 (pathfinder-rodinia-2.4.sm_75.ptx:141) shl.b32 %r101, %r22, 2;
warp 0 :  PC=0xd78 (pathfinder-rodinia-2.4.sm_75.ptx:142) mov.u32 %r102, _ZZ14dynproc_kerneliPiS_S_iiiiE6result;
warp 0 :  PC=0xd80 (pathfinder-rodinia-2.4.sm_75.ptx:143) add.s32 %r103, %r102, %r101;
warp 0 :  PC=0xd88 (pathfinder-rodinia-2.4.sm_75.ptx:144) ld.shared.u32 %r104, [%r103];
warp 0 :  PC=0xd90 (pathfinder-rodinia-2.4.sm_75.ptx:145) add.s32 %r106, %r42, %r101;
warp 0 :  PC=0xd98 (pathfinder-rodinia-2.4.sm_75.ptx:146) st.shared.u32 [%r106], %r104;
warp 0 :  PC=0xda0 (pathfinder-rodinia-2.4.sm_75.ptx:149) add.s32 %r120, %r120, 1;
warp 0 :  PC=0xda8 (pathfinder-rodinia-2.4.sm_75.ptx:150) add.s32 %r119, %r119, %r12;
warp 0 :  PC=0xdb0 (pathfinder-rodinia-2.4.sm_75.ptx:151) setp.lt.s32%p17, %r121, %r11;
warp 0 :  PC=0xdb8 (pathfinder-rodinia-2.4.sm_75.ptx:152) @%p17 bra BB0_4;
warp 0 :  PC=0xc08 (pathfinder-rodinia-2.4.sm_75.ptx:90) mov.u32 %r52, 254;
warp 0 :  PC=0xc10 (pathfinder-rodinia-2.4.sm_75.ptx:91) sub.s32 %r53, %r52, %r121;
warp 0 :  PC=0xc18 (pathfinder-rodinia-2.4.sm_75.ptx:92) setp.le.s32%p5, %r22, %r53;
warp 0 :  PC=0xc20 (pathfinder-rodinia-2.4.sm_75.ptx:93) add.s32 %r121, %r121, 1;
warp 0 :  PC=0xc28 (pathfinder-rodinia-2.4.sm_75.ptx:94) setp.ge.s32%p6, %r22, %r121;
warp 0 :  PC=0xc30 (pathfinder-rodinia-2.4.sm_75.ptx:95) and.pred %p7, %p5, %p6;
warp 0 :  PC=0xc38 (pathfinder-rodinia-2.4.sm_75.ptx:96) add.s32 %r61, %r20, 255;
warp 0 :  PC=0xc40 (pathfinder-rodinia-2.4.sm_75.ptx:97) setp.gt.s32%p8, %r61, %r26;
warp 0 :  PC=0xc48 (pathfinder-rodinia-2.4.sm_75.ptx:98) mov.u32 %r63, -255;
warp 0 :  PC=0xc50 (pathfinder-rodinia-2.4.sm_75.ptx:99) sub.s32 %r64, %r63, %r20;
warp 0 :  PC=0xc58 (pathfinder-rodinia-2.4.sm_75.ptx:100) add.s32 %r65, %r12, %r64;
warp 0 :  PC=0xc60 (pathfinder-rodinia-2.4.sm_75.ptx:101) add.s32 %r66, %r65, 254;
warp 0 :  PC=0xc68 (pathfinder-rodinia-2.4.sm_75.ptx:102) selp.b32%r67, %r66, 255, %p8;
warp 0 :  PC=0xc70 (pathfinder-rodinia-2.4.sm_75.ptx:103) setp.le.s32%p9, %r22, %r67;
warp 0 :  PC=0xc78 (pathfinder-rodinia-2.4.sm_75.ptx:104) setp.ge.s32%p10, %r22, %r25;
warp 0 :  PC=0xc80 (pathfinder-rodinia-2.4.sm_75.ptx:105) and.pred %p11, %p9, %p10;
warp 0 :  PC=0xc88 (pathfinder-rodinia-2.4.sm_75.ptx:106) and.pred %p12, %p7, %p11;
warp 0 :  PC=0xc90 (pathfinder-rodinia-2.4.sm_75.ptx:107) mov.u16 %rs8, 0;
warp 0 :  PC=0xc98 (pathfinder-rodinia-2.4.sm_75.ptx:108) @!%p12 bra BB0_6;
warp 0 :  PC=0xca0 (pathfinder-rodinia-2.4.sm_75.ptx:109) bra.uni BB0_5;
warp 0 :  PC=0xca8 (pathfinder-rodinia-2.4.sm_75.ptx:112) ld.shared.u32 %r70, [%r2];
warp 0 :  PC=0xcb0 (pathfinder-rodinia-2.4.sm_75.ptx:113) shl.b32 %r72, %r22, 2;
warp 0 :  PC=0xcb8 (pathfinder-rodinia-2.4.sm_75.ptx:114) add.s32 %r74, %r42, %r72;
warp 0 :  PC=0xcc0 (pathfinder-rodinia-2.4.sm_75.ptx:115) setp.lt.s32%p14, %r22, %r67;
warp 0 :  PC=0xcc8 (pathfinder-rodinia-2.4.sm_75.ptx:116) add.s32 %r88, %r22, 1;
warp 0 :  PC=0xcd0 (pathfinder-rodinia-2.4.sm_75.ptx:117) selp.b32%r89, %r88, %r67, %p14;
warp 0 :  PC=0xcd8 (pathfinder-rodinia-2.4.sm_75.ptx:118) shl.b32 %r90, %r89, 2;
warp 0 :  PC=0xce0 (pathfinder-rodinia-2.4.sm_75.ptx:119) add.s32 %r91, %r42, %r90;
warp 0 :  PC=0xce8 (pathfinder-rodinia-2.4.sm_75.ptx:120) ld.shared.u32 %r92, [%r74];
warp 0 :  PC=0xcf0 (pathfinder-rodinia-2.4.sm_75.ptx:121) min.s32 %r93, %r92, %r70;
warp 0 :  PC=0xcf8 (pathfinder-rodinia-2.4.sm_75.ptx:122) ld.shared.u32 %r94, [%r91];
warp 0 :  PC=0xd00 (pathfinder-rodinia-2.4.sm_75.ptx:123) min.s32 %r95, %r94, %r93;
warp 0 :  PC=0xd08 (pathfinder-rodinia-2.4.sm_75.ptx:124) mul.wide.s32 %rd8, %r119, 4;
warp 0 :  PC=0xd10 (pathfinder-rodinia-2.4.sm_75.ptx:125) add.s64 %rd9, %rd7, %rd8;
warp 0 :  PC=0xd18 (pathfinder-rodinia-2.4.sm_75.ptx:126) ld.global.u32 %r96, [%rd9];
warp 0 :  PC=0xd20 (pathfinder-rodinia-2.4.sm_75.ptx:127) add.s32 %r97, %r95, %r96;
warp 0 :  PC=0xd28 (pathfinder-rodinia-2.4.sm_75.ptx:128) mov.u32 %r98, _ZZ14dynproc_kerneliPiS_S_iiiiE6result;
warp 0 :  PC=0xd30 (pathfinder-rodinia-2.4.sm_75.ptx:129) add.s32 %r99, %r98, %r72;
warp 0 :  PC=0xd38 (pathfinder-rodinia-2.4.sm_75.ptx:130) st.shared.u32 [%r99], %r97;
warp 0 :  PC=0xd40 (pathfinder-rodinia-2.4.sm_75.ptx:131) mov.u16 %rs8, 1;
warp 0 :  PC=0xd48 (pathfinder-rodinia-2.4.sm_75.ptx:134) bar.sync 0;
warp 0 :  PC=0xd50 (pathfinder-rodinia-2.4.sm_75.ptx:135) setp.eq.s32%p15, %r120, 0;
warp 0 :  PC=0xd58 (pathfinder-rodinia-2.4.sm_75.ptx:136) @%p15 bra BB0_10;
warp 0 :  PC=0xd60 (pathfinder-rodinia-2.4.sm_75.ptx:138) setp.eq.s16%p16, %rs8, 0;
warp 0 :  PC=0xd68 (pathfinder-rodinia-2.4.sm_75.ptx:139) @%p16 bra BB0_9;
warp 0 :  PC=0xd70 (pathfinder-rodinia-2.4.sm_75.ptx:141) shl.b32 %r101, %r22, 2;
warp 0 :  PC=0xd78 (pathfinder-rodinia-2.4.sm_75.ptx:142) mov.u32 %r102, _ZZ14dynproc_kerneliPiS_S_iiiiE6result;
warp 0 :  PC=0xd80 (pathfinder-rodinia-2.4.sm_75.ptx:143) add.s32 %r103, %r102, %r101;
warp 0 :  PC=0xd88 (pathfinder-rodinia-2.4.sm_75.ptx:144) ld.shared.u32 %r104, [%r103];
warp 0 :  PC=0xd90 (pathfinder-rodinia-2.4.sm_75.ptx:145) add.s32 %r106, %r42, %r101;
warp 0 :  PC=0xd98 (pathfinder-rodinia-2.4.sm_75.ptx:146) st.shared.u32 [%r106], %r104;
warp 0 :  PC=0xda0 (pathfinder-rodinia-2.4.sm_75.ptx:149) add.s32 %r120, %r120, 1;
warp 0 :  PC=0xda8 (pathfinder-rodinia-2.4.sm_75.ptx:150) add.s32 %r119, %r119, %r12;
warp 0 :  PC=0xdb0 (pathfinder-rodinia-2.4.sm_75.ptx:151) setp.lt.s32%p17, %r121, %r11;
warp 0 :  PC=0xdb8 (pathfinder-rodinia-2.4.sm_75.ptx:152) @%p17 bra BB0_4;
warp 0 :  PC=0xc08 (pathfinder-rodinia-2.4.sm_75.ptx:90) mov.u32 %r52, 254;
warp 0 :  PC=0xc10 (pathfinder-rodinia-2.4.sm_75.ptx:91) sub.s32 %r53, %r52, %r121;
warp 0 :  PC=0xc18 (pathfinder-rodinia-2.4.sm_75.ptx:92) setp.le.s32%p5, %r22, %r53;
warp 0 :  PC=0xc20 (pathfinder-rodinia-2.4.sm_75.ptx:93) add.s32 %r121, %r121, 1;
warp 0 :  PC=0xc28 (pathfinder-rodinia-2.4.sm_75.ptx:94) setp.ge.s32%p6, %r22, %r121;
warp 0 :  PC=0xc30 (pathfinder-rodinia-2.4.sm_75.ptx:95) and.pred %p7, %p5, %p6;
warp 0 :  PC=0xc38 (pathfinder-rodinia-2.4.sm_75.ptx:96) add.s32 %r61, %r20, 255;
warp 0 :  PC=0xc40 (pathfinder-rodinia-2.4.sm_75.ptx:97) setp.gt.s32%p8, %r61, %r26;
warp 0 :  PC=0xc48 (pathfinder-rodinia-2.4.sm_75.ptx:98) mov.u32 %r63, -255;
warp 0 :  PC=0xc50 (pathfinder-rodinia-2.4.sm_75.ptx:99) sub.s32 %r64, %r63, %r20;
warp 0 :  PC=0xc58 (pathfinder-rodinia-2.4.sm_75.ptx:100) add.s32 %r65, %r12, %r64;
warp 0 :  PC=0xc60 (pathfinder-rodinia-2.4.sm_75.ptx:101) add.s32 %r66, %r65, 254;
warp 0 :  PC=0xc68 (pathfinder-rodinia-2.4.sm_75.ptx:102) selp.b32%r67, %r66, 255, %p8;
warp 0 :  PC=0xc70 (pathfinder-rodinia-2.4.sm_75.ptx:103) setp.le.s32%p9, %r22, %r67;
warp 0 :  PC=0xc78 (pathfinder-rodinia-2.4.sm_75.ptx:104) setp.ge.s32%p10, %r22, %r25;
warp 0 :  PC=0xc80 (pathfinder-rodinia-2.4.sm_75.ptx:105) and.pred %p11, %p9, %p10;
warp 0 :  PC=0xc88 (pathfinder-rodinia-2.4.sm_75.ptx:106) and.pred %p12, %p7, %p11;
warp 0 :  PC=0xc90 (pathfinder-rodinia-2.4.sm_75.ptx:107) mov.u16 %rs8, 0;
warp 0 :  PC=0xc98 (pathfinder-rodinia-2.4.sm_75.ptx:108) @!%p12 bra BB0_6;
warp 0 :  PC=0xca0 (pathfinder-rodinia-2.4.sm_75.ptx:109) bra.uni BB0_5;
warp 0 :  PC=0xca8 (pathfinder-rodinia-2.4.sm_75.ptx:112) ld.shared.u32 %r70, [%r2];
warp 0 :  PC=0xcb0 (pathfinder-rodinia-2.4.sm_75.ptx:113) shl.b32 %r72, %r22, 2;
warp 0 :  PC=0xcb8 (pathfinder-rodinia-2.4.sm_75.ptx:114) add.s32 %r74, %r42, %r72;
warp 0 :  PC=0xcc0 (pathfinder-rodinia-2.4.sm_75.ptx:115) setp.lt.s32%p14, %r22, %r67;
warp 0 :  PC=0xcc8 (pathfinder-rodinia-2.4.sm_75.ptx:116) add.s32 %r88, %r22, 1;
warp 0 :  PC=0xcd0 (pathfinder-rodinia-2.4.sm_75.ptx:117) selp.b32%r89, %r88, %r67, %p14;
warp 0 :  PC=0xcd8 (pathfinder-rodinia-2.4.sm_75.ptx:118) shl.b32 %r90, %r89, 2;
warp 0 :  PC=0xce0 (pathfinder-rodinia-2.4.sm_75.ptx:119) add.s32 %r91, %r42, %r90;
warp 0 :  PC=0xce8 (pathfinder-rodinia-2.4.sm_75.ptx:120) ld.shared.u32 %r92, [%r74];
warp 0 :  PC=0xcf0 (pathfinder-rodinia-2.4.sm_75.ptx:121) min.s32 %r93, %r92, %r70;
warp 0 :  PC=0xcf8 (pathfinder-rodinia-2.4.sm_75.ptx:122) ld.shared.u32 %r94, [%r91];
warp 0 :  PC=0xd00 (pathfinder-rodinia-2.4.sm_75.ptx:123) min.s32 %r95, %r94, %r93;
warp 0 :  PC=0xd08 (pathfinder-rodinia-2.4.sm_75.ptx:124) mul.wide.s32 %rd8, %r119, 4;
warp 0 :  PC=0xd10 (pathfinder-rodinia-2.4.sm_75.ptx:125) add.s64 %rd9, %rd7, %rd8;
warp 0 :  PC=0xd18 (pathfinder-rodinia-2.4.sm_75.ptx:126) ld.global.u32 %r96, [%rd9];
warp 0 :  PC=0xd20 (pathfinder-rodinia-2.4.sm_75.ptx:127) add.s32 %r97, %r95, %r96;
warp 0 :  PC=0xd28 (pathfinder-rodinia-2.4.sm_75.ptx:128) mov.u32 %r98, _ZZ14dynproc_kerneliPiS_S_iiiiE6result;
warp 0 :  PC=0xd30 (pathfinder-rodinia-2.4.sm_75.ptx:129) add.s32 %r99, %r98, %r72;
warp 0 :  PC=0xd38 (pathfinder-rodinia-2.4.sm_75.ptx:130) st.shared.u32 [%r99], %r97;
warp 0 :  PC=0xd40 (pathfinder-rodinia-2.4.sm_75.ptx:131) mov.u16 %rs8, 1;
warp 0 :  PC=0xd48 (pathfinder-rodinia-2.4.sm_75.ptx:134) bar.sync 0;
warp 0 :  PC=0xd50 (pathfinder-rodinia-2.4.sm_75.ptx:135) setp.eq.s32%p15, %r120, 0;
warp 0 :  PC=0xd58 (pathfinder-rodinia-2.4.sm_75.ptx:136) @%p15 bra BB0_10;
warp 0 :  PC=0xdc0 (pathfinder-rodinia-2.4.sm_75.ptx:155) and.b16 %rs6, %rs8, 255;
warp 0 :  PC=0xdc8 (pathfinder-rodinia-2.4.sm_75.ptx:156) setp.eq.s16%p18, %rs6, 0;
warp 0 :  PC=0xdd0 (pathfinder-rodinia-2.4.sm_75.ptx:157) @%p18 bra BB0_12;
warp 0 :  PC=0xdd8 (pathfinder-rodinia-2.4.sm_75.ptx:159) shl.b32 %r108, %r22, 2;
warp 0 :  PC=0xde0 (pathfinder-rodinia-2.4.sm_75.ptx:160) mov.u32 %r109, _ZZ14dynproc_kerneliPiS_S_iiiiE6result;
warp 0 :  PC=0xde8 (pathfinder-rodinia-2.4.sm_75.ptx:161) add.s32 %r110, %r109, %r108;
warp 0 :  PC=0xdf0 (pathfinder-rodinia-2.4.sm_75.ptx:162) ld.shared.u32 %r111, [%r110];
warp 0 :  PC=0xdf8 (pathfinder-rodinia-2.4.sm_75.ptx:163) cvta.to.global.u64 %rd10, %rd3;
warp 0 :  PC=0xe00 (pathfinder-rodinia-2.4.sm_75.ptx:164) mul.wide.s32 %rd11, %r23, 4;
warp 0 :  PC=0xe08 (pathfinder-rodinia-2.4.sm_75.ptx:165) add.s64 %rd12, %rd10, %rd11;
warp 0 :  PC=0xe10 (pathfinder-rodinia-2.4.sm_75.ptx:166) st.global.u32 [%rd12], %r111;
warp 0 :  PC=0xe18 (pathfinder-rodinia-2.4.sm_75.ptx:169) ret;
kernel_execution_time : 1669