warp 0 :  PC=0x858 (bfs-rodinia-2.4.sm_75.ptx:31) ld.param.u64 %rd7, [_Z6KernelP4NodePiPbS2_S2_S1_i_param_0];
warp 0 :  PC=0x860 (bfs-rodinia-2.4.sm_75.ptx:32) ld.param.u64 %rd8, [_Z6KernelP4NodePiPbS2_S2_S1_i_param_1];
warp 0 :  PC=0x868 (bfs-rodinia-2.4.sm_75.ptx:33) ld.param.u64 %rd9, [_Z6KernelP4NodePiPbS2_S2_S1_i_param_2];
warp 0 :  PC=0x870 (bfs-rodinia-2.4.sm_75.ptx:34) ld.param.u64 %rd10, [_Z6KernelP4NodePiPbS2_S2_S1_i_param_3];
warp 0 :  PC=0x878 (bfs-rodinia-2.4.sm_75.ptx:35) ld.param.u64 %rd11, [_Z6KernelP4NodePiPbS2_S2_S1_i_param_4];
warp 0 :  PC=0x880 (bfs-rodinia-2.4.sm_75.ptx:36) ld.param.u64 %rd12, [_Z6KernelP4NodePiPbS2_S2_S1_i_param_5];
warp 0 :  PC=0x888 (bfs-rodinia-2.4.sm_75.ptx:37) ld.param.u32 %r13, [_Z6KernelP4NodePiPbS2_S2_S1_i_param_6];
warp 0 :  PC=0x890 (bfs-rodinia-2.4.sm_75.ptx:38) mov.u32 %r14, %ctaid.x;
warp 0 :  PC=0x898 (bfs-rodinia-2.4.sm_75.ptx:39) shl.b32 %r15, %r14, 10;
warp 0 :  PC=0x8a0 (bfs-rodinia-2.4.sm_75.ptx:40) mov.u32 %r16, %tid.x;
warp 0 :  PC=0x8a8 (bfs-rodinia-2.4.sm_75.ptx:41) add.s32 %r1, %r15, %r16;
warp 0 :  PC=0x8b0 (bfs-rodinia-2.4.sm_75.ptx:42) setp.ge.s32%p1, %r1, %r13;
warp 0 :  PC=0x8b8 (bfs-rodinia-2.4.sm_75.ptx:43) @%p1 bra BB0_7;
warp 0 :  PC=0x8c0 (bfs-rodinia-2.4.sm_75.ptx:45) cvta.to.global.u64 %rd13, %rd9;
warp 0 :  PC=0x8c8 (bfs-rodinia-2.4.sm_75.ptx:46) cvt.s64.s32%rd14, %r1;
warp 0 :  PC=0x8d0 (bfs-rodinia-2.4.sm_75.ptx:47) add.s64 %rd1, %rd13, %rd14;
warp 0 :  PC=0x8d8 (bfs-rodinia-2.4.sm_75.ptx:48) ld.global.u8 %rs1, [%rd1];
warp 0 :  PC=0x8e0 (bfs-rodinia-2.4.sm_75.ptx:49) setp.eq.s16%p2, %rs1, 0;
warp 0 :  PC=0x8e8 (bfs-rodinia-2.4.sm_75.ptx:50) @%p2 bra BB0_7;
warp 0 :  PC=0x8f0 (bfs-rodinia-2.4.sm_75.ptx:52) mov.u16 %rs2, 0;
warp 0 :  PC=0x8f8 (bfs-rodinia-2.4.sm_75.ptx:53) st.global.u8 [%rd1], %rs2;
warp 0 :  PC=0x900 (bfs-rodinia-2.4.sm_75.ptx:54) cvta.to.global.u64 %rd15, %rd7;
warp 0 :  PC=0x908 (bfs-rodinia-2.4.sm_75.ptx:55) mul.wide.s32 %rd16, %r1, 8;
warp 0 :  PC=0x910 (bfs-rodinia-2.4.sm_75.ptx:56) add.s64 %rd17, %rd15, %rd16;
warp 0 :  PC=0x918 (bfs-rodinia-2.4.sm_75.ptx:57) add.s64 %rd2, %rd17, 4;
warp 0 :  PC=0x920 (bfs-rodinia-2.4.sm_75.ptx:58) ld.global.u32 %r24, [%rd17+4];
warp 0 :  PC=0x928 (bfs-rodinia-2.4.sm_75.ptx:59) setp.lt.s32%p3, %r24, 1;
warp 0 :  PC=0x930 (bfs-rodinia-2.4.sm_75.ptx:60) @%p3 bra BB0_7;
warp 0 :  PC=0x938 (bfs-rodinia-2.4.sm_75.ptx:62) cvta.to.global.u64 %rd18, %rd12;
warp 0 :  PC=0x940 (bfs-rodinia-2.4.sm_75.ptx:63) mul.wide.s32 %rd19, %r1, 4;
warp 0 :  PC=0x948 (bfs-rodinia-2.4.sm_75.ptx:64) add.s64 %rd3, %rd18, %rd19;
warp 0 :  PC=0x950 (bfs-rodinia-2.4.sm_75.ptx:65) ld.global.u32 %r23, [%rd2+-4];
warp 0 :  PC=0x958 (bfs-rodinia-2.4.sm_75.ptx:66) cvta.to.global.u64 %rd20, %rd8;
warp 0 :  PC=0x960 (bfs-rodinia-2.4.sm_75.ptx:67) mul.wide.s32 %rd21, %r23, 4;
warp 0 :  PC=0x968 (bfs-rodinia-2.4.sm_75.ptx:68) add.s64 %rd31, %rd20, %rd21;
warp 0 :  PC=0x970 (bfs-rodinia-2.4.sm_75.ptx:69) cvta.to.global.u64 %rd22, %rd11;
warp 0 :  PC=0x978 (bfs-rodinia-2.4.sm_75.ptx:70) cvta.to.global.u64 %rd29, %rd10;
warp 0 :  PC=0x980 (bfs-rodinia-2.4.sm_75.ptx:71) mov.u32 %r22, %r23;
warp 0 :  PC=0x988 (bfs-rodinia-2.4.sm_75.ptx:74) ld.global.u32 %r7, [%rd31];
warp 0 :  PC=0x990 (bfs-rodinia-2.4.sm_75.ptx:75) cvt.s64.s32%rd23, %r7;
warp 0 :  PC=0x998 (bfs-rodinia-2.4.sm_75.ptx:76) add.s64 %rd24, %rd22, %rd23;
warp 0 :  PC=0x9a0 (bfs-rodinia-2.4.sm_75.ptx:77) ld.global.u8 %rs3, [%rd24];
warp 0 :  PC=0x9a8 (bfs-rodinia-2.4.sm_75.ptx:78) setp.ne.s16%p4, %rs3, 0;
warp 0 :  PC=0x9b0 (bfs-rodinia-2.4.sm_75.ptx:79) @%p4 bra BB0_6;
warp 0 :  PC=0x9b8 (bfs-rodinia-2.4.sm_75.ptx:81) ld.global.u32 %r17, [%rd3];
warp 0 :  PC=0x9c0 (bfs-rodinia-2.4.sm_75.ptx:82) add.s32 %r18, %r17, 1;
warp 0 :  PC=0x9c8 (bfs-rodinia-2.4.sm_75.ptx:83) mul.wide.s32 %rd26, %r7, 4;
warp 0 :  PC=0x9d0 (bfs-rodinia-2.4.sm_75.ptx:84) add.s64 %rd27, %rd18, %rd26;
warp 0 :  PC=0x9d8 (bfs-rodinia-2.4.sm_75.ptx:85) st.global.u32 [%rd27], %r18;
warp 0 :  PC=0x9e0 (bfs-rodinia-2.4.sm_75.ptx:86) add.s64 %rd30, %rd29, %rd23;
warp 0 :  PC=0x9e8 (bfs-rodinia-2.4.sm_75.ptx:87) mov.u16 %rs4, 1;
warp 0 :  PC=0x9f0 (bfs-rodinia-2.4.sm_75.ptx:88) st.global.u8 [%rd30], %rs4;
warp 0 :  PC=0x9f8 (bfs-rodinia-2.4.sm_75.ptx:89) ld.global.u32 %r24, [%rd2];
warp 0 :  PC=0xa00 (bfs-rodinia-2.4.sm_75.ptx:90) ld.global.u32 %r23, [%rd2+-4];
warp 0 :  PC=0xa08 (bfs-rodinia-2.4.sm_75.ptx:93) add.s64 %rd31, %rd31, 4;
warp 0 :  PC=0xa10 (bfs-rodinia-2.4.sm_75.ptx:94) add.s32 %r19, %r23, %r24;
warp 0 :  PC=0xa18 (bfs-rodinia-2.4.sm_75.ptx:95) add.s32 %r22, %r22, 1;
warp 0 :  PC=0xa20 (bfs-rodinia-2.4.sm_75.ptx:96) setp.lt.s32%p5, %r22, %r19;
warp 0 :  PC=0xa28 (bfs-rodinia-2.4.sm_75.ptx:97) @%p5 bra BB0_4;
warp 0 :  PC=0x988 (bfs-rodinia-2.4.sm_75.ptx:74) ld.global.u32 %r7, [%rd31];
warp 0 :  PC=0x990 (bfs-rodinia-2.4.sm_75.ptx:75) cvt.s64.s32%rd23, %r7;
warp 0 :  PC=0x998 (bfs-rodinia-2.4.sm_75.ptx:76) add.s64 %rd24, %rd22, %rd23;
warp 0 :  PC=0x9a0 (bfs-rodinia-2.4.sm_75.ptx:77) ld.global.u8 %rs3, [%rd24];
warp 0 :  PC=0x9a8 (bfs-rodinia-2.4.sm_75.ptx:78) setp.ne.s16%p4, %rs3, 0;
warp 0 :  PC=0x9b0 (bfs-rodinia-2.4.sm_75.ptx:79) @%p4 bra BB0_6;
warp 0 :  PC=0x9b8 (bfs-rodinia-2.4.sm_75.ptx:81) ld.global.u32 %r17, [%rd3];
warp 0 :  PC=0x9c0 (bfs-rodinia-2.4.sm_75.ptx:82) add.s32 %r18, %r17, 1;
warp 0 :  PC=0x9c8 (bfs-rodinia-2.4.sm_75.ptx:83) mul.wide.s32 %rd26, %r7, 4;
warp 0 :  PC=0x9d0 (bfs-rodinia-2.4.sm_75.ptx:84) add.s64 %rd27, %rd18, %rd26;
warp 0 :  PC=0x9d8 (bfs-rodinia-2.4.sm_75.ptx:85) st.global.u32 [%rd27], %r18;
warp 0 :  PC=0x9e0 (bfs-rodinia-2.4.sm_75.ptx:86) add.s64 %rd30, %rd29, %rd23;
warp 0 :  PC=0x9e8 (bfs-rodinia-2.4.sm_75.ptx:87) mov.u16 %rs4, 1;
warp 0 :  PC=0x9f0 (bfs-rodinia-2.4.sm_75.ptx:88) st.global.u8 [%rd30], %rs4;
warp 0 :  PC=0x9f8 (bfs-rodinia-2.4.sm_75.ptx:89) ld.global.u32 %r24, [%rd2];
warp 0 :  PC=0xa00 (bfs-rodinia-2.4.sm_75.ptx:90) ld.global.u32 %r23, [%rd2+-4];
warp 0 :  PC=0xa08 (bfs-rodinia-2.4.sm_75.ptx:93) add.s64 %rd31, %rd31, 4;
warp 0 :  PC=0xa10 (bfs-rodinia-2.4.sm_75.ptx:94) add.s32 %r19, %r23, %r24;
warp 0 :  PC=0xa18 (bfs-rodinia-2.4.sm_75.ptx:95) add.s32 %r22, %r22, 1;
warp 0 :  PC=0xa20 (bfs-rodinia-2.4.sm_75.ptx:96) setp.lt.s32%p5, %r22, %r19;
warp 0 :  PC=0xa28 (bfs-rodinia-2.4.sm_75.ptx:97) @%p5 bra BB0_4;
warp 0 :  PC=0x988 (bfs-rodinia-2.4.sm_75.ptx:74) ld.global.u32 %r7, [%rd31];
warp 0 :  PC=0x990 (bfs-rodinia-2.4.sm_75.ptx:75) cvt.s64.s32%rd23, %r7;
warp 0 :  PC=0x998 (bfs-rodinia-2.4.sm_75.ptx:76) add.s64 %rd24, %rd22, %rd23;
warp 0 :  PC=0x9a0 (bfs-rodinia-2.4.sm_75.ptx:77) ld.global.u8 %rs3, [%rd24];
warp 0 :  PC=0x9a8 (bfs-rodinia-2.4.sm_75.ptx:78) setp.ne.s16%p4, %rs3, 0;
warp 0 :  PC=0x9b0 (bfs-rodinia-2.4.sm_75.ptx:79) @%p4 bra BB0_6;
warp 0 :  PC=0x9b8 (bfs-rodinia-2.4.sm_75.ptx:81) ld.global.u32 %r17, [%rd3];
warp 0 :  PC=0x9c0 (bfs-rodinia-2.4.sm_75.ptx:82) add.s32 %r18, %r17, 1;
warp 0 :  PC=0x9c8 (bfs-rodinia-2.4.sm_75.ptx:83) mul.wide.s32 %rd26, %r7, 4;
warp 0 :  PC=0x9d0 (bfs-rodinia-2.4.sm_75.ptx:84) add.s64 %rd27, %rd18, %rd26;
warp 0 :  PC=0x9d8 (bfs-rodinia-2.4.sm_75.ptx:85) st.global.u32 [%rd27], %r18;
warp 0 :  PC=0x9e0 (bfs-rodinia-2.4.sm_75.ptx:86) add.s64 %rd30, %rd29, %rd23;
warp 0 :  PC=0x9e8 (bfs-rodinia-2.4.sm_75.ptx:87) mov.u16 %rs4, 1;
warp 0 :  PC=0x9f0 (bfs-rodinia-2.4.sm_75.ptx:88) st.global.u8 [%rd30], %rs4;
warp 0 :  PC=0x9f8 (bfs-rodinia-2.4.sm_75.ptx:89) ld.global.u32 %r24, [%rd2];
warp 0 :  PC=0xa00 (bfs-rodinia-2.4.sm_75.ptx:90) ld.global.u32 %r23, [%rd2+-4];
warp 0 :  PC=0xa08 (bfs-rodinia-2.4.sm_75.ptx:93) add.s64 %rd31, %rd31, 4;
warp 0 :  PC=0xa10 (bfs-rodinia-2.4.sm_75.ptx:94) add.s32 %r19, %r23, %r24;
warp 0 :  PC=0xa18 (bfs-rodinia-2.4.sm_75.ptx:95) add.s32 %r22, %r22, 1;
warp 0 :  PC=0xa20 (bfs-rodinia-2.4.sm_75.ptx:96) setp.lt.s32%p5, %r22, %r19;
warp 0 :  PC=0xa28 (bfs-rodinia-2.4.sm_75.ptx:97) @%p5 bra BB0_4;
warp 0 :  PC=0x988 (bfs-rodinia-2.4.sm_75.ptx:74) ld.global.u32 %r7, [%rd31];
warp 0 :  PC=0x990 (bfs-rodinia-2.4.sm_75.ptx:75) cvt.s64.s32%rd23, %r7;
warp 0 :  PC=0x998 (bfs-rodinia-2.4.sm_75.ptx:76) add.s64 %rd24, %rd22, %rd23;
warp 0 :  PC=0x9a0 (bfs-rodinia-2.4.sm_75.ptx:77) ld.global.u8 %rs3, [%rd24];
warp 0 :  PC=0x9a8 (bfs-rodinia-2.4.sm_75.ptx:78) setp.ne.s16%p4, %rs3, 0;
warp 0 :  PC=0x9b0 (bfs-rodinia-2.4.sm_75.ptx:79) @%p4 bra BB0_6;
warp 0 :  PC=0x9b8 (bfs-rodinia-2.4.sm_75.ptx:81) ld.global.u32 %r17, [%rd3];
warp 0 :  PC=0x9c0 (bfs-rodinia-2.4.sm_75.ptx:82) add.s32 %r18, %r17, 1;
warp 0 :  PC=0x9c8 (bfs-rodinia-2.4.sm_75.ptx:83) mul.wide.s32 %rd26, %r7, 4;
warp 0 :  PC=0x9d0 (bfs-rodinia-2.4.sm_75.ptx:84) add.s64 %rd27, %rd18, %rd26;
warp 0 :  PC=0x9d8 (bfs-rodinia-2.4.sm_75.ptx:85) st.global.u32 [%rd27], %r18;
warp 0 :  PC=0x9e0 (bfs-rodinia-2.4.sm_75.ptx:86) add.s64 %rd30, %rd29, %rd23;
warp 0 :  PC=0x9e8 (bfs-rodinia-2.4.sm_75.ptx:87) mov.u16 %rs4, 1;
warp 0 :  PC=0x9f0 (bfs-rodinia-2.4.sm_75.ptx:88) st.global.u8 [%rd30], %rs4;
warp 0 :  PC=0x9f8 (bfs-rodinia-2.4.sm_75.ptx:89) ld.global.u32 %r24, [%rd2];
warp 0 :  PC=0xa00 (bfs-rodinia-2.4.sm_75.ptx:90) ld.global.u32 %r23, [%rd2+-4];
warp 0 :  PC=0xa08 (bfs-rodinia-2.4.sm_75.ptx:93) add.s64 %rd31, %rd31, 4;
warp 0 :  PC=0xa10 (bfs-rodinia-2.4.sm_75.ptx:94) add.s32 %r19, %r23, %r24;
warp 0 :  PC=0xa18 (bfs-rodinia-2.4.sm_75.ptx:95) add.s32 %r22, %r22, 1;
warp 0 :  PC=0xa20 (bfs-rodinia-2.4.sm_75.ptx:96) setp.lt.s32%p5, %r22, %r19;
warp 0 :  PC=0xa28 (bfs-rodinia-2.4.sm_75.ptx:97) @%p5 bra BB0_4;
warp 0 :  PC=0x988 (bfs-rodinia-2.4.sm_75.ptx:74) ld.global.u32 %r7, [%rd31];
warp 0 :  PC=0x990 (bfs-rodinia-2.4.sm_75.ptx:75) cvt.s64.s32%rd23, %r7;
warp 0 :  PC=0x998 (bfs-rodinia-2.4.sm_75.ptx:76) add.s64 %rd24, %rd22, %rd23;
warp 0 :  PC=0x9a0 (bfs-rodinia-2.4.sm_75.ptx:77) ld.global.u8 %rs3, [%rd24];
warp 0 :  PC=0x9a8 (bfs-rodinia-2.4.sm_75.ptx:78) setp.ne.s16%p4, %rs3, 0;
warp 0 :  PC=0x9b0 (bfs-rodinia-2.4.sm_75.ptx:79) @%p4 bra BB0_6;
warp 0 :  PC=0x9b8 (bfs-rodinia-2.4.sm_75.ptx:81) ld.global.u32 %r17, [%rd3];
warp 0 :  PC=0x9c0 (bfs-rodinia-2.4.sm_75.ptx:82) add.s32 %r18, %r17, 1;
warp 0 :  PC=0x9c8 (bfs-rodinia-2.4.sm_75.ptx:83) mul.wide.s32 %rd26, %r7, 4;
warp 0 :  PC=0x9d0 (bfs-rodinia-2.4.sm_75.ptx:84) add.s64 %rd27, %rd18, %rd26;
warp 0 :  PC=0x9d8 (bfs-rodinia-2.4.sm_75.ptx:85) st.global.u32 [%rd27], %r18;
warp 0 :  PC=0x9e0 (bfs-rodinia-2.4.sm_75.ptx:86) add.s64 %rd30, %rd29, %rd23;
warp 0 :  PC=0x9e8 (bfs-rodinia-2.4.sm_75.ptx:87) mov.u16 %rs4, 1;
warp 0 :  PC=0x9f0 (bfs-rodinia-2.4.sm_75.ptx:88) st.global.u8 [%rd30], %rs4;
warp 0 :  PC=0x9f8 (bfs-rodinia-2.4.sm_75.ptx:89) ld.global.u32 %r24, [%rd2];
warp 0 :  PC=0xa00 (bfs-rodinia-2.4.sm_75.ptx:90) ld.global.u32 %r23, [%rd2+-4];
warp 0 :  PC=0xa08 (bfs-rodinia-2.4.sm_75.ptx:93) add.s64 %rd31, %rd31, 4;
warp 0 :  PC=0xa10 (bfs-rodinia-2.4.sm_75.ptx:94) add.s32 %r19, %r23, %r24;
warp 0 :  PC=0xa18 (bfs-rodinia-2.4.sm_75.ptx:95) add.s32 %r22, %r22, 1;
warp 0 :  PC=0xa20 (bfs-rodinia-2.4.sm_75.ptx:96) setp.lt.s32%p5, %r22, %r19;
warp 0 :  PC=0xa28 (bfs-rodinia-2.4.sm_75.ptx:97) @%p5 bra BB0_4;
warp 0 :  PC=0x988 (bfs-rodinia-2.4.sm_75.ptx:74) ld.global.u32 %r7, [%rd31];
warp 0 :  PC=0x990 (bfs-rodinia-2.4.sm_75.ptx:75) cvt.s64.s32%rd23, %r7;
warp 0 :  PC=0x998 (bfs-rodinia-2.4.sm_75.ptx:76) add.s64 %rd24, %rd22, %rd23;
warp 0 :  PC=0x9a0 (bfs-rodinia-2.4.sm_75.ptx:77) ld.global.u8 %rs3, [%rd24];
warp 0 :  PC=0x9a8 (bfs-rodinia-2.4.sm_75.ptx:78) setp.ne.s16%p4, %rs3, 0;
warp 0 :  PC=0x9b0 (bfs-rodinia-2.4.sm_75.ptx:79) @%p4 bra BB0_6;
warp 0 :  PC=0x9b8 (bfs-rodinia-2.4.sm_75.ptx:81) ld.global.u32 %r17, [%rd3];
warp 0 :  PC=0x9c0 (bfs-rodinia-2.4.sm_75.ptx:82) add.s32 %r18, %r17, 1;
warp 0 :  PC=0x9c8 (bfs-rodinia-2.4.sm_75.ptx:83) mul.wide.s32 %rd26, %r7, 4;
warp 0 :  PC=0x9d0 (bfs-rodinia-2.4.sm_75.ptx:84) add.s64 %rd27, %rd18, %rd26;
warp 0 :  PC=0x9d8 (bfs-rodinia-2.4.sm_75.ptx:85) st.global.u32 [%rd27], %r18;
warp 0 :  PC=0x9e0 (bfs-rodinia-2.4.sm_75.ptx:86) add.s64 %rd30, %rd29, %rd23;
warp 0 :  PC=0x9e8 (bfs-rodinia-2.4.sm_75.ptx:87) mov.u16 %rs4, 1;
warp 0 :  PC=0x9f0 (bfs-rodinia-2.4.sm_75.ptx:88) st.global.u8 [%rd30], %rs4;
warp 0 :  PC=0x9f8 (bfs-rodinia-2.4.sm_75.ptx:89) ld.global.u32 %r24, [%rd2];
warp 0 :  PC=0xa00 (bfs-rodinia-2.4.sm_75.ptx:90) ld.global.u32 %r23, [%rd2+-4];
warp 0 :  PC=0xa08 (bfs-rodinia-2.4.sm_75.ptx:93) add.s64 %rd31, %rd31, 4;
warp 0 :  PC=0xa10 (bfs-rodinia-2.4.sm_75.ptx:94) add.s32 %r19, %r23, %r24;
warp 0 :  PC=0xa18 (bfs-rodinia-2.4.sm_75.ptx:95) add.s32 %r22, %r22, 1;
warp 0 :  PC=0xa20 (bfs-rodinia-2.4.sm_75.ptx:96) setp.lt.s32%p5, %r22, %r19;
warp 0 :  PC=0xa28 (bfs-rodinia-2.4.sm_75.ptx:97) @%p5 bra BB0_4;
warp 0 :  PC=0x988 (bfs-rodinia-2.4.sm_75.ptx:74) ld.global.u32 %r7, [%rd31];
warp 0 :  PC=0x990 (bfs-rodinia-2.4.sm_75.ptx:75) cvt.s64.s32%rd23, %r7;
warp 0 :  PC=0x998 (bfs-rodinia-2.4.sm_75.ptx:76) add.s64 %rd24, %rd22, %rd23;
warp 0 :  PC=0x9a0 (bfs-rodinia-2.4.sm_75.ptx:77) ld.global.u8 %rs3, [%rd24];
warp 0 :  PC=0x9a8 (bfs-rodinia-2.4.sm_75.ptx:78) setp.ne.s16%p4, %rs3, 0;
warp 0 :  PC=0x9b0 (bfs-rodinia-2.4.sm_75.ptx:79) @%p4 bra BB0_6;
warp 0 :  PC=0x9b8 (bfs-rodinia-2.4.sm_75.ptx:81) ld.global.u32 %r17, [%rd3];
warp 0 :  PC=0x9c0 (bfs-rodinia-2.4.sm_75.ptx:82) add.s32 %r18, %r17, 1;
warp 0 :  PC=0x9c8 (bfs-rodinia-2.4.sm_75.ptx:83) mul.wide.s32 %rd26, %r7, 4;
warp 0 :  PC=0x9d0 (bfs-rodinia-2.4.sm_75.ptx:84) add.s64 %rd27, %rd18, %rd26;
warp 0 :  PC=0x9d8 (bfs-rodinia-2.4.sm_75.ptx:85) st.global.u32 [%rd27], %r18;
warp 0 :  PC=0x9e0 (bfs-rodinia-2.4.sm_75.ptx:86) add.s64 %rd30, %rd29, %rd23;
warp 0 :  PC=0x9e8 (bfs-rodinia-2.4.sm_75.ptx:87) mov.u16 %rs4, 1;
warp 0 :  PC=0x9f0 (bfs-rodinia-2.4.sm_75.ptx:88) st.global.u8 [%rd30], %rs4;
warp 0 :  PC=0x9f8 (bfs-rodinia-2.4.sm_75.ptx:89) ld.global.u32 %r24, [%rd2];
warp 0 :  PC=0xa00 (bfs-rodinia-2.4.sm_75.ptx:90) ld.global.u32 %r23, [%rd2+-4];
warp 0 :  PC=0xa08 (bfs-rodinia-2.4.sm_75.ptx:93) add.s64 %rd31, %rd31, 4;
warp 0 :  PC=0xa10 (bfs-rodinia-2.4.sm_75.ptx:94) add.s32 %r19, %r23, %r24;
warp 0 :  PC=0xa18 (bfs-rodinia-2.4.sm_75.ptx:95) add.s32 %r22, %r22, 1;
warp 0 :  PC=0xa20 (bfs-rodinia-2.4.sm_75.ptx:96) setp.lt.s32%p5, %r22, %r19;
warp 0 :  PC=0xa28 (bfs-rodinia-2.4.sm_75.ptx:97) @%p5 bra BB0_4;
warp 0 :  PC=0x988 (bfs-rodinia-2.4.sm_75.ptx:74) ld.global.u32 %r7, [%rd31];
warp 0 :  PC=0x990 (bfs-rodinia-2.4.sm_75.ptx:75) cvt.s64.s32%rd23, %r7;
warp 0 :  PC=0x998 (bfs-rodinia-2.4.sm_75.ptx:76) add.s64 %rd24, %rd22, %rd23;
warp 0 :  PC=0x9a0 (bfs-rodinia-2.4.sm_75.ptx:77) ld.global.u8 %rs3, [%rd24];
warp 0 :  PC=0x9a8 (bfs-rodinia-2.4.sm_75.ptx:78) setp.ne.s16%p4, %rs3, 0;
warp 0 :  PC=0x9b0 (bfs-rodinia-2.4.sm_75.ptx:79) @%p4 bra BB0_6;
warp 0 :  PC=0x9b8 (bfs-rodinia-2.4.sm_75.ptx:81) ld.global.u32 %r17, [%rd3];
warp 0 :  PC=0x9c0 (bfs-rodinia-2.4.sm_75.ptx:82) add.s32 %r18, %r17, 1;
warp 0 :  PC=0x9c8 (bfs-rodinia-2.4.sm_75.ptx:83) mul.wide.s32 %rd26, %r7, 4;
warp 0 :  PC=0x9d0 (bfs-rodinia-2.4.sm_75.ptx:84) add.s64 %rd27, %rd18, %rd26;
warp 0 :  PC=0x9d8 (bfs-rodinia-2.4.sm_75.ptx:85) st.global.u32 [%rd27], %r18;
warp 0 :  PC=0x9e0 (bfs-rodinia-2.4.sm_75.ptx:86) add.s64 %rd30, %rd29, %rd23;
warp 0 :  PC=0x9e8 (bfs-rodinia-2.4.sm_75.ptx:87) mov.u16 %rs4, 1;
warp 0 :  PC=0x9f0 (bfs-rodinia-2.4.sm_75.ptx:88) st.global.u8 [%rd30], %rs4;
warp 0 :  PC=0x9f8 (bfs-rodinia-2.4.sm_75.ptx:89) ld.global.u32 %r24, [%rd2];
warp 0 :  PC=0xa00 (bfs-rodinia-2.4.sm_75.ptx:90) ld.global.u32 %r23, [%rd2+-4];
warp 0 :  PC=0xa08 (bfs-rodinia-2.4.sm_75.ptx:93) add.s64 %rd31, %rd31, 4;
warp 0 :  PC=0xa10 (bfs-rodinia-2.4.sm_75.ptx:94) add.s32 %r19, %r23, %r24;
warp 0 :  PC=0xa18 (bfs-rodinia-2.4.sm_75.ptx:95) add.s32 %r22, %r22, 1;
warp 0 :  PC=0xa20 (bfs-rodinia-2.4.sm_75.ptx:96) setp.lt.s32%p5, %r22, %r19;
warp 0 :  PC=0xa28 (bfs-rodinia-2.4.sm_75.ptx:97) @%p5 bra BB0_4;
warp 0 :  PC=0x988 (bfs-rodinia-2.4.sm_75.ptx:74) ld.global.u32 %r7, [%rd31];
warp 0 :  PC=0x990 (bfs-rodinia-2.4.sm_75.ptx:75) cvt.s64.s32%rd23, %r7;
warp 0 :  PC=0x998 (bfs-rodinia-2.4.sm_75.ptx:76) add.s64 %rd24, %rd22, %rd23;
warp 0 :  PC=0x9a0 (bfs-rodinia-2.4.sm_75.ptx:77) ld.global.u8 %rs3, [%rd24];
warp 0 :  PC=0x9a8 (bfs-rodinia-2.4.sm_75.ptx:78) setp.ne.s16%p4, %rs3, 0;
warp 0 :  PC=0x9b0 (bfs-rodinia-2.4.sm_75.ptx:79) @%p4 bra BB0_6;
warp 0 :  PC=0x9b8 (bfs-rodinia-2.4.sm_75.ptx:81) ld.global.u32 %r17, [%rd3];
warp 0 :  PC=0x9c0 (bfs-rodinia-2.4.sm_75.ptx:82) add.s32 %r18, %r17, 1;
warp 0 :  PC=0x9c8 (bfs-rodinia-2.4.sm_75.ptx:83) mul.wide.s32 %rd26, %r7, 4;
warp 0 :  PC=0x9d0 (bfs-rodinia-2.4.sm_75.ptx:84) add.s64 %rd27, %rd18, %rd26;
warp 0 :  PC=0x9d8 (bfs-rodinia-2.4.sm_75.ptx:85) st.global.u32 [%rd27], %r18;
warp 0 :  PC=0x9e0 (bfs-rodinia-2.4.sm_75.ptx:86) add.s64 %rd30, %rd29, %rd23;
warp 0 :  PC=0x9e8 (bfs-rodinia-2.4.sm_75.ptx:87) mov.u16 %rs4, 1;
warp 0 :  PC=0x9f0 (bfs-rodinia-2.4.sm_75.ptx:88) st.global.u8 [%rd30], %rs4;
warp 0 :  PC=0x9f8 (bfs-rodinia-2.4.sm_75.ptx:89) ld.global.u32 %r24, [%rd2];
warp 0 :  PC=0xa00 (bfs-rodinia-2.4.sm_75.ptx:90) ld.global.u32 %r23, [%rd2+-4];
warp 0 :  PC=0xa08 (bfs-rodinia-2.4.sm_75.ptx:93) add.s64 %rd31, %rd31, 4;
warp 0 :  PC=0xa10 (bfs-rodinia-2.4.sm_75.ptx:94) add.s32 %r19, %r23, %r24;
warp 0 :  PC=0xa18 (bfs-rodinia-2.4.sm_75.ptx:95) add.s32 %r22, %r22, 1;
warp 0 :  PC=0xa20 (bfs-rodinia-2.4.sm_75.ptx:96) setp.lt.s32%p5, %r22, %r19;
warp 0 :  PC=0xa28 (bfs-rodinia-2.4.sm_75.ptx:97) @%p5 bra BB0_4;
warp 0 :  PC=0x988 (bfs-rodinia-2.4.sm_75.ptx:74) ld.global.u32 %r7, [%rd31];
warp 0 :  PC=0x990 (bfs-rodinia-2.4.sm_75.ptx:75) cvt.s64.s32%rd23, %r7;
warp 0 :  PC=0x998 (bfs-rodinia-2.4.sm_75.ptx:76) add.s64 %rd24, %rd22, %rd23;
warp 0 :  PC=0x9a0 (bfs-rodinia-2.4.sm_75.ptx:77) ld.global.u8 %rs3, [%rd24];
warp 0 :  PC=0x9a8 (bfs-rodinia-2.4.sm_75.ptx:78) setp.ne.s16%p4, %rs3, 0;
warp 0 :  PC=0x9b0 (bfs-rodinia-2.4.sm_75.ptx:79) @%p4 bra BB0_6;
warp 0 :  PC=0x9b8 (bfs-rodinia-2.4.sm_75.ptx:81) ld.global.u32 %r17, [%rd3];
warp 0 :  PC=0x9c0 (bfs-rodinia-2.4.sm_75.ptx:82) add.s32 %r18, %r17, 1;
warp 0 :  PC=0x9c8 (bfs-rodinia-2.4.sm_75.ptx:83) mul.wide.s32 %rd26, %r7, 4;
warp 0 :  PC=0x9d0 (bfs-rodinia-2.4.sm_75.ptx:84) add.s64 %rd27, %rd18, %rd26;
warp 0 :  PC=0x9d8 (bfs-rodinia-2.4.sm_75.ptx:85) st.global.u32 [%rd27], %r18;
warp 0 :  PC=0x9e0 (bfs-rodinia-2.4.sm_75.ptx:86) add.s64 %rd30, %rd29, %rd23;
warp 0 :  PC=0x9e8 (bfs-rodinia-2.4.sm_75.ptx:87) mov.u16 %rs4, 1;
warp 0 :  PC=0x9f0 (bfs-rodinia-2.4.sm_75.ptx:88) st.global.u8 [%rd30], %rs4;
warp 0 :  PC=0x9f8 (bfs-rodinia-2.4.sm_75.ptx:89) ld.global.u32 %r24, [%rd2];
warp 0 :  PC=0xa00 (bfs-rodinia-2.4.sm_75.ptx:90) ld.global.u32 %r23, [%rd2+-4];
warp 0 :  PC=0xa08 (bfs-rodinia-2.4.sm_75.ptx:93) add.s64 %rd31, %rd31, 4;
warp 0 :  PC=0xa10 (bfs-rodinia-2.4.sm_75.ptx:94) add.s32 %r19, %r23, %r24;
warp 0 :  PC=0xa18 (bfs-rodinia-2.4.sm_75.ptx:95) add.s32 %r22, %r22, 1;
warp 0 :  PC=0xa20 (bfs-rodinia-2.4.sm_75.ptx:96) setp.lt.s32%p5, %r22, %r19;
warp 0 :  PC=0xa28 (bfs-rodinia-2.4.sm_75.ptx:97) @%p5 bra BB0_4;
warp 0 :  PC=0xa30 (bfs-rodinia-2.4.sm_75.ptx:100) ret;
kernel_execution_time : 997