warp 0 :  PC=0x1038 (hotspot-rodinia-2.4.sm_75.ptx:47) ld.param.u32 %r23, [_Z14calculate_tempiPfS_iiiiffffff_param_0];
warp 0 :  PC=0x1040 (hotspot-rodinia-2.4.sm_75.ptx:48) ld.param.u64 %rd2, [_Z14calculate_tempiPfS_iiiiffffff_param_1];
warp 0 :  PC=0x1048 (hotspot-rodinia-2.4.sm_75.ptx:49) ld.param.u64 %rd3, [_Z14calculate_tempiPfS_iiiiffffff_param_2];
warp 0 :  PC=0x1050 (hotspot-rodinia-2.4.sm_75.ptx:50) ld.param.u32 %r24, [_Z14calculate_tempiPfS_iiiiffffff_param_3];
warp 0 :  PC=0x1058 (hotspot-rodinia-2.4.sm_75.ptx:51) ld.param.u32 %r25, [_Z14calculate_tempiPfS_iiiiffffff_param_4];
warp 0 :  PC=0x1060 (hotspot-rodinia-2.4.sm_75.ptx:52) ld.param.u32 %r26, [_Z14calculate_tempiPfS_iiiiffffff_param_5];
warp 0 :  PC=0x1068 (hotspot-rodinia-2.4.sm_75.ptx:53) ld.param.u32 %r27, [_Z14calculate_tempiPfS_iiiiffffff_param_6];
warp 0 :  PC=0x1070 (hotspot-rodinia-2.4.sm_75.ptx:54) ld.param.f32 %f2, [_Z14calculate_tempiPfS_iiiiffffff_param_7];
warp 0 :  PC=0x1078 (hotspot-rodinia-2.4.sm_75.ptx:55) ld.param.f32 %f3, [_Z14calculate_tempiPfS_iiiiffffff_param_8];
warp 0 :  PC=0x1080 (hotspot-rodinia-2.4.sm_75.ptx:56) ld.param.f32 %f4, [_Z14calculate_tempiPfS_iiiiffffff_param_9];
warp 0 :  PC=0x1088 (hotspot-rodinia-2.4.sm_75.ptx:57) ld.param.f32 %f5, [_Z14calculate_tempiPfS_iiiiffffff_param_10];
warp 0 :  PC=0x1090 (hotspot-rodinia-2.4.sm_75.ptx:58) ld.param.f32 %f6, [_Z14calculate_tempiPfS_iiiiffffff_param_11];
warp 0 :  PC=0x1098 (hotspot-rodinia-2.4.sm_75.ptx:59) cvta.to.global.u64 %rd4, %rd3;
warp 0 :  PC=0x10a0 (hotspot-rodinia-2.4.sm_75.ptx:60) shl.b32 %r28, %r23, 1;
warp 0 :  PC=0x10a8 (hotspot-rodinia-2.4.sm_75.ptx:61) mov.u32 %r29, 16;
warp 0 :  PC=0x10b0 (hotspot-rodinia-2.4.sm_75.ptx:62) sub.s32 %r30, %r29, %r28;
warp 0 :  PC=0x10b8 (hotspot-rodinia-2.4.sm_75.ptx:63) mov.u32 %r31, %ctaid.y;
warp 0 :  PC=0x10c0 (hotspot-rodinia-2.4.sm_75.ptx:64) mul.lo.s32 %r32, %r31, %r30;
warp 0 :  PC=0x10c8 (hotspot-rodinia-2.4.sm_75.ptx:65) sub.s32 %r1, %r32, %r27;
warp 0 :  PC=0x10d0 (hotspot-rodinia-2.4.sm_75.ptx:66) mov.u32 %r33, %ctaid.x;
warp 0 :  PC=0x10d8 (hotspot-rodinia-2.4.sm_75.ptx:67) mul.lo.s32 %r34, %r33, %r30;
warp 0 :  PC=0x10e0 (hotspot-rodinia-2.4.sm_75.ptx:68) sub.s32 %r2, %r34, %r26;
warp 0 :  PC=0x10e8 (hotspot-rodinia-2.4.sm_75.ptx:69) mov.u32 %r3, %tid.y;
warp 0 :  PC=0x10f0 (hotspot-rodinia-2.4.sm_75.ptx:70) add.s32 %r35, %r1, %r3;
warp 0 :  PC=0x10f8 (hotspot-rodinia-2.4.sm_75.ptx:71) mov.u32 %r4, %tid.x;
warp 0 :  PC=0x1100 (hotspot-rodinia-2.4.sm_75.ptx:72) add.s32 %r36, %r2, %r4;
warp 0 :  PC=0x1108 (hotspot-rodinia-2.4.sm_75.ptx:73) mad.lo.s32 %r5, %r35, %r25, %r36;
warp 0 :  PC=0x1110 (hotspot-rodinia-2.4.sm_75.ptx:74) setp.gt.s32%p3, %r35, -1;
warp 0 :  PC=0x1118 (hotspot-rodinia-2.4.sm_75.ptx:75) add.s32 %r6, %r25, -1;
warp 0 :  PC=0x1120 (hotspot-rodinia-2.4.sm_75.ptx:76) setp.le.s32%p4, %r35, %r6;
warp 0 :  PC=0x1128 (hotspot-rodinia-2.4.sm_75.ptx:77) and.pred %p5, %p3, %p4;
warp 0 :  PC=0x1130 (hotspot-rodinia-2.4.sm_75.ptx:78) setp.gt.s32%p6, %r36, -1;
warp 0 :  PC=0x1138 (hotspot-rodinia-2.4.sm_75.ptx:79) add.s32 %r7, %r24, -1;
warp 0 :  PC=0x1140 (hotspot-rodinia-2.4.sm_75.ptx:80) setp.le.s32%p7, %r36, %r7;
warp 0 :  PC=0x1148 (hotspot-rodinia-2.4.sm_75.ptx:81) and.pred %p8, %p6, %p7;
warp 0 :  PC=0x1150 (hotspot-rodinia-2.4.sm_75.ptx:82) and.pred %p9, %p5, %p8;
warp 0 :  PC=0x1158 (hotspot-rodinia-2.4.sm_75.ptx:83) mul.wide.s32 %rd5, %r5, 4;
warp 0 :  PC=0x1160 (hotspot-rodinia-2.4.sm_75.ptx:84) add.s64 %rd1, %rd4, %rd5;
warp 0 :  PC=0x1168 (hotspot-rodinia-2.4.sm_75.ptx:85) shl.b32 %r37, %r3, 6;
warp 0 :  PC=0x1170 (hotspot-rodinia-2.4.sm_75.ptx:86) mov.u32 %r38, _ZZ14calculate_tempiPfS_iiiiffffffE12temp_on_cuda;
warp 0 :  PC=0x1178 (hotspot-rodinia-2.4.sm_75.ptx:87) add.s32 %r39, %r38, %r37;
warp 0 :  PC=0x1180 (hotspot-rodinia-2.4.sm_75.ptx:88) shl.b32 %r40, %r4, 2;
warp 0 :  PC=0x1188 (hotspot-rodinia-2.4.sm_75.ptx:89) add.s32 %r8, %r39, %r40;
warp 0 :  PC=0x1190 (hotspot-rodinia-2.4.sm_75.ptx:90) mov.u32 %r41, _ZZ14calculate_tempiPfS_iiiiffffffE13power_on_cuda;
warp 0 :  PC=0x1198 (hotspot-rodinia-2.4.sm_75.ptx:91) add.s32 %r42, %r41, %r37;
warp 0 :  PC=0x11a0 (hotspot-rodinia-2.4.sm_75.ptx:92) add.s32 %r9, %r42, %r40;
warp 0 :  PC=0x11a8 (hotspot-rodinia-2.4.sm_75.ptx:93) @!%p9 bra BB0_2;
warp 0 :  PC=0x11e8 (hotspot-rodinia-2.4.sm_75.ptx:105) bar.sync 0;
warp 0 :  PC=0x11f0 (hotspot-rodinia-2.4.sm_75.ptx:106) mov.u32 %r43, -15;
warp 0 :  PC=0x11f8 (hotspot-rodinia-2.4.sm_75.ptx:107) sub.s32 %r44, %r43, %r1;
warp 0 :  PC=0x1200 (hotspot-rodinia-2.4.sm_75.ptx:108) add.s32 %r45, %r25, %r44;
warp 0 :  PC=0x1208 (hotspot-rodinia-2.4.sm_75.ptx:109) add.s32 %r46, %r45, 14;
warp 0 :  PC=0x1210 (hotspot-rodinia-2.4.sm_75.ptx:110) add.s32 %r47, %r1, 15;
warp 0 :  PC=0x1218 (hotspot-rodinia-2.4.sm_75.ptx:111) setp.gt.s32%p10, %r47, %r6;
warp 0 :  PC=0x1220 (hotspot-rodinia-2.4.sm_75.ptx:112) selp.b32%r10, %r46, 15, %p10;
warp 0 :  PC=0x1228 (hotspot-rodinia-2.4.sm_75.ptx:113) sub.s32 %r48, %r43, %r2;
warp 0 :  PC=0x1230 (hotspot-rodinia-2.4.sm_75.ptx:114) add.s32 %r49, %r24, %r48;
warp 0 :  PC=0x1238 (hotspot-rodinia-2.4.sm_75.ptx:115) add.s32 %r50, %r49, 14;
warp 0 :  PC=0x1240 (hotspot-rodinia-2.4.sm_75.ptx:116) add.s32 %r51, %r2, 15;
warp 0 :  PC=0x1248 (hotspot-rodinia-2.4.sm_75.ptx:117) setp.gt.s32%p11, %r51, %r7;
warp 0 :  PC=0x1250 (hotspot-rodinia-2.4.sm_75.ptx:118) selp.b32%r11, %r50, 15, %p11;
warp 0 :  PC=0x1258 (hotspot-rodinia-2.4.sm_75.ptx:119) mov.u32 %r53, _ZZ14calculate_tempiPfS_iiiiffffffE6temp_t;
warp 0 :  PC=0x1260 (hotspot-rodinia-2.4.sm_75.ptx:120) add.s32 %r54, %r53, %r37;
warp 0 :  PC=0x1268 (hotspot-rodinia-2.4.sm_75.ptx:121) add.s32 %r12, %r54, %r40;
warp 0 :  PC=0x1270 (hotspot-rodinia-2.4.sm_75.ptx:122) setp.lt.s32%p12, %r23, 1;
warp 0 :  PC=0x1278 (hotspot-rodinia-2.4.sm_75.ptx:123) @%p12 bra BB0_11;
warp 0 :  PC=0x1280 (hotspot-rodinia-2.4.sm_75.ptx:125) shr.s32 %r57, %r1, 31;
warp 0 :  PC=0x1288 (hotspot-rodinia-2.4.sm_75.ptx:126) mov.u32 %r84, 0;
warp 0 :  PC=0x1290 (hotspot-rodinia-2.4.sm_75.ptx:127) neg.s32 %r58, %r1;
warp 0 :  PC=0x1298 (hotspot-rodinia-2.4.sm_75.ptx:128) and.b32 %r59, %r57, %r58;
warp 0 :  PC=0x12a0 (hotspot-rodinia-2.4.sm_75.ptx:129) shr.s32 %r60, %r2, 31;
warp 0 :  PC=0x12a8 (hotspot-rodinia-2.4.sm_75.ptx:130) neg.s32 %r61, %r2;
warp 0 :  PC=0x12b0 (hotspot-rodinia-2.4.sm_75.ptx:131) and.b32 %r62, %r60, %r61;
warp 0 :  PC=0x12b8 (hotspot-rodinia-2.4.sm_75.ptx:132) div.rn.f32 %f9, %f6, %f2;
warp 0 :  PC=0x12c0 (hotspot-rodinia-2.4.sm_75.ptx:133) cvt.f64.f32%fd1, %f9;
warp 0 :  PC=0x12c8 (hotspot-rodinia-2.4.sm_75.ptx:134) add.s32 %r63, %r3, 1;
warp 0 :  PC=0x12d0 (hotspot-rodinia-2.4.sm_75.ptx:135) mov.u32 %r64, 1;
warp 0 :  PC=0x12d8 (hotspot-rodinia-2.4.sm_75.ptx:136) setp.lt.s32%p13, %r3, %r10;
warp 0 :  PC=0x12e0 (hotspot-rodinia-2.4.sm_75.ptx:137) selp.b32%r65, %r63, %r10, %p13;
warp 0 :  PC=0x12e8 (hotspot-rodinia-2.4.sm_75.ptx:138) shl.b32 %r66, %r65, 6;
warp 0 :  PC=0x12f0 (hotspot-rodinia-2.4.sm_75.ptx:139) add.s32 %r68, %r38, %r66;
warp 0 :  PC=0x12f8 (hotspot-rodinia-2.4.sm_75.ptx:140) add.s32 %r13, %r68, %r40;
warp 0 :  PC=0x1300 (hotspot-rodinia-2.4.sm_75.ptx:141) add.s32 %r70, %r3, -1;
warp 0 :  PC=0x1308 (hotspot-rodinia-2.4.sm_75.ptx:142) max.s32 %r71, %r59, %r70;
warp 0 :  PC=0x1310 (hotspot-rodinia-2.4.sm_75.ptx:143) shl.b32 %r72, %r71, 6;
warp 0 :  PC=0x1318 (hotspot-rodinia-2.4.sm_75.ptx:144) add.s32 %r73, %r38, %r72;
warp 0 :  PC=0x1320 (hotspot-rodinia-2.4.sm_75.ptx:145) add.s32 %r14, %r73, %r40;
warp 0 :  PC=0x1328 (hotspot-rodinia-2.4.sm_75.ptx:146) rcp.rn.f32 %f10, %f4;
warp 0 :  PC=0x1330 (hotspot-rodinia-2.4.sm_75.ptx:147) cvt.f64.f32%fd2, %f10;
warp 0 :  PC=0x1338 (hotspot-rodinia-2.4.sm_75.ptx:148) add.s32 %r74, %r4, 1;
warp 0 :  PC=0x1340 (hotspot-rodinia-2.4.sm_75.ptx:149) setp.lt.s32%p14, %r4, %r11;
warp 0 :  PC=0x1348 (hotspot-rodinia-2.4.sm_75.ptx:150) selp.b32%r75, %r74, %r11, %p14;
warp 0 :  PC=0x1350 (hotspot-rodinia-2.4.sm_75.ptx:151) shl.b32 %r78, %r75, 2;
warp 0 :  PC=0x1358 (hotspot-rodinia-2.4.sm_75.ptx:152) add.s32 %r15, %r39, %r78;
warp 0 :  PC=0x1360 (hotspot-rodinia-2.4.sm_75.ptx:153) add.s32 %r79, %r4, -1;
warp 0 :  PC=0x1368 (hotspot-rodinia-2.4.sm_75.ptx:154) max.s32 %r80, %r62, %r79;
warp 0 :  PC=0x1370 (hotspot-rodinia-2.4.sm_75.ptx:155) shl.b32 %r81, %r80, 2;
warp 0 :  PC=0x1378 (hotspot-rodinia-2.4.sm_75.ptx:156) add.s32 %r16, %r39, %r81;
warp 0 :  PC=0x1380 (hotspot-rodinia-2.4.sm_75.ptx:157) rcp.rn.f32 %f11, %f3;
warp 0 :  PC=0x1388 (hotspot-rodinia-2.4.sm_75.ptx:158) cvt.f64.f32%fd3, %f11;
warp 0 :  PC=0x1390 (hotspot-rodinia-2.4.sm_75.ptx:159) setp.lt.s32%p15, %r4, %r62;
warp 0 :  PC=0x1398 (hotspot-rodinia-2.4.sm_75.ptx:160) setp.gt.s32%p16, %r4, %r11;
warp 0 :  PC=0x13a0 (hotspot-rodinia-2.4.sm_75.ptx:161) or.pred %p1, %p15, %p16;
warp 0 :  PC=0x13a8 (hotspot-rodinia-2.4.sm_75.ptx:162) setp.lt.s32%p17, %r3, %r59;
warp 0 :  PC=0x13b0 (hotspot-rodinia-2.4.sm_75.ptx:163) setp.gt.s32%p18, %r3, %r10;
warp 0 :  PC=0x13b8 (hotspot-rodinia-2.4.sm_75.ptx:164) or.pred %p2, %p17, %p18;
warp 0 :  PC=0x13c0 (hotspot-rodinia-2.4.sm_75.ptx:165) sub.s32 %r83, %r64, %r23;
warp 0 :  PC=0x13c8 (hotspot-rodinia-2.4.sm_75.ptx:166) rcp.rn.f32 %f1, %f5;
warp 0 :  PC=0x13d0 (hotspot-rodinia-2.4.sm_75.ptx:169) mov.u32 %r82, 14;
warp 0 :  PC=0x13d8 (hotspot-rodinia-2.4.sm_75.ptx:170) sub.s32 %r20, %r82, %r84;
warp 0 :  PC=0x13e0 (hotspot-rodinia-2.4.sm_75.ptx:171) setp.le.s32%p19, %r4, %r20;
warp 0 :  PC=0x13e8 (hotspot-rodinia-2.4.sm_75.ptx:172) add.s32 %r84, %r84, 1;
warp 0 :  PC=0x13f0 (hotspot-rodinia-2.4.sm_75.ptx:173) setp.ge.s32%p20, %r4, %r84;
warp 0 :  PC=0x13f8 (hotspot-rodinia-2.4.sm_75.ptx:174) and.pred %p21, %p19, %p20;
warp 0 :  PC=0x1400 (hotspot-rodinia-2.4.sm_75.ptx:175) mov.u16 %rs9, 0;
warp 0 :  PC=0x1408 (hotspot-rodinia-2.4.sm_75.ptx:176) @!%p21 bra BB0_7;
warp 0 :  PC=0x1410 (hotspot-rodinia-2.4.sm_75.ptx:177) bra.uni BB0_5;
warp 0 :  PC=0x1418 (hotspot-rodinia-2.4.sm_75.ptx:180) setp.gt.s32%p22, %r3, %r20;
warp 0 :  PC=0x1420 (hotspot-rodinia-2.4.sm_75.ptx:181) setp.lt.s32%p23, %r3, %r84;
warp 0 :  PC=0x1428 (hotspot-rodinia-2.4.sm_75.ptx:182) or.pred %p24, %p23, %p22;
warp 0 :  PC=0x1430 (hotspot-rodinia-2.4.sm_75.ptx:183) or.pred %p25, %p24, %p1;
warp 0 :  PC=0x1438 (hotspot-rodinia-2.4.sm_75.ptx:184) or.pred %p26, %p25, %p2;
warp 0 :  PC=0x1440 (hotspot-rodinia-2.4.sm_75.ptx:185) @%p26 bra BB0_7;
warp 0 :  PC=0x1518 (hotspot-rodinia-2.4.sm_75.ptx:215) bar.sync 0;
warp 0 :  PC=0x1520 (hotspot-rodinia-2.4.sm_75.ptx:216) setp.eq.s32%p27, %r83, 0;
warp 0 :  PC=0x1528 (hotspot-rodinia-2.4.sm_75.ptx:217) @%p27 bra BB0_11;
warp 0 :  PC=0x1530 (hotspot-rodinia-2.4.sm_75.ptx:219) setp.eq.s16%p28, %rs9, 0;
warp 0 :  PC=0x1538 (hotspot-rodinia-2.4.sm_75.ptx:220) @%p28 bra BB0_10;
warp 0 :  PC=0x1550 (hotspot-rodinia-2.4.sm_75.ptx:226) bar.sync 0;
warp 0 :  PC=0x1558 (hotspot-rodinia-2.4.sm_75.ptx:227) add.s32 %r83, %r83, 1;
warp 0 :  PC=0x1560 (hotspot-rodinia-2.4.sm_75.ptx:228) setp.lt.s32%p29, %r84, %r23;
warp 0 :  PC=0x1568 (hotspot-rodinia-2.4.sm_75.ptx:229) @%p29 bra BB0_4;
warp 0 :  PC=0x13d0 (hotspot-rodinia-2.4.sm_75.ptx:169) mov.u32 %r82, 14;
warp 0 :  PC=0x13d8 (hotspot-rodinia-2.4.sm_75.ptx:170) sub.s32 %r20, %r82, %r84;
warp 0 :  PC=0x13e0 (hotspot-rodinia-2.4.sm_75.ptx:171) setp.le.s32%p19, %r4, %r20;
warp 0 :  PC=0x13e8 (hotspot-rodinia-2.4.sm_75.ptx:172) add.s32 %r84, %r84, 1;
warp 0 :  PC=0x13f0 (hotspot-rodinia-2.4.sm_75.ptx:173) setp.ge.s32%p20, %r4, %r84;
warp 0 :  PC=0x13f8 (hotspot-rodinia-2.4.sm_75.ptx:174) and.pred %p21, %p19, %p20;
warp 0 :  PC=0x1400 (hotspot-rodinia-2.4.sm_75.ptx:175) mov.u16 %rs9, 0;
warp 0 :  PC=0x1408 (hotspot-rodinia-2.4.sm_75.ptx:176) @!%p21 bra BB0_7;
warp 0 :  PC=0x1410 (hotspot-rodinia-2.4.sm_75.ptx:177) bra.uni BB0_5;
warp 0 :  PC=0x1418 (hotspot-rodinia-2.4.sm_75.ptx:180) setp.gt.s32%p22, %r3, %r20;
warp 0 :  PC=0x1420 (hotspot-rodinia-2.4.sm_75.ptx:181) setp.lt.s32%p23, %r3, %r84;
warp 0 :  PC=0x1428 (hotspot-rodinia-2.4.sm_75.ptx:182) or.pred %p24, %p23, %p22;
warp 0 :  PC=0x1430 (hotspot-rodinia-2.4.sm_75.ptx:183) or.pred %p25, %p24, %p1;
warp 0 :  PC=0x1438 (hotspot-rodinia-2.4.sm_75.ptx:184) or.pred %p26, %p25, %p2;
warp 0 :  PC=0x1440 (hotspot-rodinia-2.4.sm_75.ptx:185) @%p26 bra BB0_7;
warp 0 :  PC=0x1518 (hotspot-rodinia-2.4.sm_75.ptx:215) bar.sync 0;
warp 0 :  PC=0x1520 (hotspot-rodinia-2.4.sm_75.ptx:216) setp.eq.s32%p27, %r83, 0;
warp 0 :  PC=0x1528 (hotspot-rodinia-2.4.sm_75.ptx:217) @%p27 bra BB0_11;
warp 0 :  PC=0x1530 (hotspot-rodinia-2.4.sm_75.ptx:219) setp.eq.s16%p28, %rs9, 0;
warp 0 :  PC=0x1538 (hotspot-rodinia-2.4.sm_75.ptx:220) @%p28 bra BB0_10;
warp 0 :  PC=0x1550 (hotspot-rodinia-2.4.sm_75.ptx:226) bar.sync 0;
warp 0 :  PC=0x1558 (hotspot-rodinia-2.4.sm_75.ptx:227) add.s32 %r83, %r83, 1;
warp 0 :  PC=0x1560 (hotspot-rodinia-2.4.sm_75.ptx:228) setp.lt.s32%p29, %r84, %r23;
warp 0 :  PC=0x1568 (hotspot-rodinia-2.4.sm_75.ptx:229) @%p29 bra BB0_4;
warp 0 :  PC=0x13d0 (hotspot-rodinia-2.4.sm_75.ptx:169) mov.u32 %r82, 14;
warp 0 :  PC=0x13d8 (hotspot-rodinia-2.4.sm_75.ptx:170) sub.s32 %r20, %r82, %r84;
warp 0 :  PC=0x13e0 (hotspot-rodinia-2.4.sm_75.ptx:171) setp.le.s32%p19, %r4, %r20;
warp 0 :  PC=0x13e8 (hotspot-rodinia-2.4.sm_75.ptx:172) add.s32 %r84, %r84, 1;
warp 0 :  PC=0x13f0 (hotspot-rodinia-2.4.sm_75.ptx:173) setp.ge.s32%p20, %r4, %r84;
warp 0 :  PC=0x13f8 (hotspot-rodinia-2.4.sm_75.ptx:174) and.pred %p21, %p19, %p20;
warp 0 :  PC=0x1400 (hotspot-rodinia-2.4.sm_75.ptx:175) mov.u16 %rs9, 0;
warp 0 :  PC=0x1408 (hotspot-rodinia-2.4.sm_75.ptx:176) @!%p21 bra BB0_7;
warp 0 :  PC=0x1410 (hotspot-rodinia-2.4.sm_75.ptx:177) bra.uni BB0_5;
warp 0 :  PC=0x1418 (hotspot-rodinia-2.4.sm_75.ptx:180) setp.gt.s32%p22, %r3, %r20;
warp 0 :  PC=0x1420 (hotspot-rodinia-2.4.sm_75.ptx:181) setp.lt.s32%p23, %r3, %r84;
warp 0 :  PC=0x1428 (hotspot-rodinia-2.4.sm_75.ptx:182) or.pred %p24, %p23, %p22;
warp 0 :  PC=0x1430 (hotspot-rodinia-2.4.sm_75.ptx:183) or.pred %p25, %p24, %p1;
warp 0 :  PC=0x1438 (hotspot-rodinia-2.4.sm_75.ptx:184) or.pred %p26, %p25, %p2;
warp 0 :  PC=0x1440 (hotspot-rodinia-2.4.sm_75.ptx:185) @%p26 bra BB0_7;
warp 0 :  PC=0x1518 (hotspot-rodinia-2.4.sm_75.ptx:215) bar.sync 0;
warp 0 :  PC=0x1520 (hotspot-rodinia-2.4.sm_75.ptx:216) setp.eq.s32%p27, %r83, 0;
warp 0 :  PC=0x1528 (hotspot-rodinia-2.4.sm_75.ptx:217) @%p27 bra BB0_11;
warp 0 :  PC=0x1530 (hotspot-rodinia-2.4.sm_75.ptx:219) setp.eq.s16%p28, %rs9, 0;
warp 0 :  PC=0x1538 (hotspot-rodinia-2.4.sm_75.ptx:220) @%p28 bra BB0_10;
warp 0 :  PC=0x1550 (hotspot-rodinia-2.4.sm_75.ptx:226) bar.sync 0;
warp 0 :  PC=0x1558 (hotspot-rodinia-2.4.sm_75.ptx:227) add.s32 %r83, %r83, 1;
warp 0 :  PC=0x1560 (hotspot-rodinia-2.4.sm_75.ptx:228) setp.lt.s32%p29, %r84, %r23;
warp 0 :  PC=0x1568 (hotspot-rodinia-2.4.sm_75.ptx:229) @%p29 bra BB0_4;
warp 0 :  PC=0x13d0 (hotspot-rodinia-2.4.sm_75.ptx:169) mov.u32 %r82, 14;
warp 0 :  PC=0x13d8 (hotspot-rodinia-2.4.sm_75.ptx:170) sub.s32 %r20, %r82, %r84;
warp 0 :  PC=0x13e0 (hotspot-rodinia-2.4.sm_75.ptx:171) setp.le.s32%p19, %r4, %r20;
warp 0 :  PC=0x13e8 (hotspot-rodinia-2.4.sm_75.ptx:172) add.s32 %r84, %r84, 1;
warp 0 :  PC=0x13f0 (hotspot-rodinia-2.4.sm_75.ptx:173) setp.ge.s32%p20, %r4, %r84;
warp 0 :  PC=0x13f8 (hotspot-rodinia-2.4.sm_75.ptx:174) and.pred %p21, %p19, %p20;
warp 0 :  PC=0x1400 (hotspot-rodinia-2.4.sm_75.ptx:175) mov.u16 %rs9, 0;
warp 0 :  PC=0x1408 (hotspot-rodinia-2.4.sm_75.ptx:176) @!%p21 bra BB0_7;
warp 0 :  PC=0x1410 (hotspot-rodinia-2.4.sm_75.ptx:177) bra.uni BB0_5;
warp 0 :  PC=0x1418 (hotspot-rodinia-2.4.sm_75.ptx:180) setp.gt.s32%p22, %r3, %r20;
warp 0 :  PC=0x1420 (hotspot-rodinia-2.4.sm_75.ptx:181) setp.lt.s32%p23, %r3, %r84;
warp 0 :  PC=0x1428 (hotspot-rodinia-2.4.sm_75.ptx:182) or.pred %p24, %p23, %p22;
warp 0 :  PC=0x1430 (hotspot-rodinia-2.4.sm_75.ptx:183) or.pred %p25, %p24, %p1;
warp 0 :  PC=0x1438 (hotspot-rodinia-2.4.sm_75.ptx:184) or.pred %p26, %p25, %p2;
warp 0 :  PC=0x1440 (hotspot-rodinia-2.4.sm_75.ptx:185) @%p26 bra BB0_7;
warp 0 :  PC=0x1518 (hotspot-rodinia-2.4.sm_75.ptx:215) bar.sync 0;
warp 0 :  PC=0x1520 (hotspot-rodinia-2.4.sm_75.ptx:216) setp.eq.s32%p27, %r83, 0;
warp 0 :  PC=0x1528 (hotspot-rodinia-2.4.sm_75.ptx:217) @%p27 bra BB0_11;
warp 0 :  PC=0x1530 (hotspot-rodinia-2.4.sm_75.ptx:219) setp.eq.s16%p28, %rs9, 0;
warp 0 :  PC=0x1538 (hotspot-rodinia-2.4.sm_75.ptx:220) @%p28 bra BB0_10;
warp 0 :  PC=0x1550 (hotspot-rodinia-2.4.sm_75.ptx:226) bar.sync 0;
warp 0 :  PC=0x1558 (hotspot-rodinia-2.4.sm_75.ptx:227) add.s32 %r83, %r83, 1;
warp 0 :  PC=0x1560 (hotspot-rodinia-2.4.sm_75.ptx:228) setp.lt.s32%p29, %r84, %r23;
warp 0 :  PC=0x1568 (hotspot-rodinia-2.4.sm_75.ptx:229) @%p29 bra BB0_4;
warp 0 :  PC=0x13d0 (hotspot-rodinia-2.4.sm_75.ptx:169) mov.u32 %r82, 14;
warp 0 :  PC=0x13d8 (hotspot-rodinia-2.4.sm_75.ptx:170) sub.s32 %r20, %r82, %r84;
warp 0 :  PC=0x13e0 (hotspot-rodinia-2.4.sm_75.ptx:171) setp.le.s32%p19, %r4, %r20;
warp 0 :  PC=0x13e8 (hotspot-rodinia-2.4.sm_75.ptx:172) add.s32 %r84, %r84, 1;
warp 0 :  PC=0x13f0 (hotspot-rodinia-2.4.sm_75.ptx:173) setp.ge.s32%p20, %r4, %r84;
warp 0 :  PC=0x13f8 (hotspot-rodinia-2.4.sm_75.ptx:174) and.pred %p21, %p19, %p20;
warp 0 :  PC=0x1400 (hotspot-rodinia-2.4.sm_75.ptx:175) mov.u16 %rs9, 0;
warp 0 :  PC=0x1408 (hotspot-rodinia-2.4.sm_75.ptx:176) @!%p21 bra BB0_7;
warp 0 :  PC=0x1410 (hotspot-rodinia-2.4.sm_75.ptx:177) bra.uni BB0_5;
warp 0 :  PC=0x1418 (hotspot-rodinia-2.4.sm_75.ptx:180) setp.gt.s32%p22, %r3, %r20;
warp 0 :  PC=0x1420 (hotspot-rodinia-2.4.sm_75.ptx:181) setp.lt.s32%p23, %r3, %r84;
warp 0 :  PC=0x1428 (hotspot-rodinia-2.4.sm_75.ptx:182) or.pred %p24, %p23, %p22;
warp 0 :  PC=0x1430 (hotspot-rodinia-2.4.sm_75.ptx:183) or.pred %p25, %p24, %p1;
warp 0 :  PC=0x1438 (hotspot-rodinia-2.4.sm_75.ptx:184) or.pred %p26, %p25, %p2;
warp 0 :  PC=0x1440 (hotspot-rodinia-2.4.sm_75.ptx:185) @%p26 bra BB0_7;
warp 0 :  PC=0x1518 (hotspot-rodinia-2.4.sm_75.ptx:215) bar.sync 0;
warp 0 :  PC=0x1520 (hotspot-rodinia-2.4.sm_75.ptx:216) setp.eq.s32%p27, %r83, 0;
warp 0 :  PC=0x1528 (hotspot-rodinia-2.4.sm_75.ptx:217) @%p27 bra BB0_11;
warp 0 :  PC=0x1530 (hotspot-rodinia-2.4.sm_75.ptx:219) setp.eq.s16%p28, %rs9, 0;
warp 0 :  PC=0x1538 (hotspot-rodinia-2.4.sm_75.ptx:220) @%p28 bra BB0_10;
warp 0 :  PC=0x1550 (hotspot-rodinia-2.4.sm_75.ptx:226) bar.sync 0;
warp 0 :  PC=0x1558 (hotspot-rodinia-2.4.sm_75.ptx:227) add.s32 %r83, %r83, 1;
warp 0 :  PC=0x1560 (hotspot-rodinia-2.4.sm_75.ptx:228) setp.lt.s32%p29, %r84, %r23;
warp 0 :  PC=0x1568 (hotspot-rodinia-2.4.sm_75.ptx:229) @%p29 bra BB0_4;
warp 0 :  PC=0x13d0 (hotspot-rodinia-2.4.sm_75.ptx:169) mov.u32 %r82, 14;
warp 0 :  PC=0x13d8 (hotspot-rodinia-2.4.sm_75.ptx:170) sub.s32 %r20, %r82, %r84;
warp 0 :  PC=0x13e0 (hotspot-rodinia-2.4.sm_75.ptx:171) setp.le.s32%p19, %r4, %r20;
warp 0 :  PC=0x13e8 (hotspot-rodinia-2.4.sm_75.ptx:172) add.s32 %r84, %r84, 1;
warp 0 :  PC=0x13f0 (hotspot-rodinia-2.4.sm_75.ptx:173) setp.ge.s32%p20, %r4, %r84;
warp 0 :  PC=0x13f8 (hotspot-rodinia-2.4.sm_75.ptx:174) and.pred %p21, %p19, %p20;
warp 0 :  PC=0x1400 (hotspot-rodinia-2.4.sm_75.ptx:175) mov.u16 %rs9, 0;
warp 0 :  PC=0x1408 (hotspot-rodinia-2.4.sm_75.ptx:176) @!%p21 bra BB0_7;
warp 0 :  PC=0x1410 (hotspot-rodinia-2.4.sm_75.ptx:177) bra.uni BB0_5;
warp 0 :  PC=0x1418 (hotspot-rodinia-2.4.sm_75.ptx:180) setp.gt.s32%p22, %r3, %r20;
warp 0 :  PC=0x1420 (hotspot-rodinia-2.4.sm_75.ptx:181) setp.lt.s32%p23, %r3, %r84;
warp 0 :  PC=0x1428 (hotspot-rodinia-2.4.sm_75.ptx:182) or.pred %p24, %p23, %p22;
warp 0 :  PC=0x1430 (hotspot-rodinia-2.4.sm_75.ptx:183) or.pred %p25, %p24, %p1;
warp 0 :  PC=0x1438 (hotspot-rodinia-2.4.sm_75.ptx:184) or.pred %p26, %p25, %p2;
warp 0 :  PC=0x1440 (hotspot-rodinia-2.4.sm_75.ptx:185) @%p26 bra BB0_7;
warp 0 :  PC=0x1518 (hotspot-rodinia-2.4.sm_75.ptx:215) bar.sync 0;
warp 0 :  PC=0x1520 (hotspot-rodinia-2.4.sm_75.ptx:216) setp.eq.s32%p27, %r83, 0;
warp 0 :  PC=0x1528 (hotspot-rodinia-2.4.sm_75.ptx:217) @%p27 bra BB0_11;
warp 0 :  PC=0x1570 (hotspot-rodinia-2.4.sm_75.ptx:232) and.b16 %rs7, %rs9, 255;
warp 0 :  PC=0x1578 (hotspot-rodinia-2.4.sm_75.ptx:233) setp.eq.s16%p30, %rs7, 0;
warp 0 :  PC=0x1580 (hotspot-rodinia-2.4.sm_75.ptx:234) @%p30 bra BB0_13;
warp 0 :  PC=0x1598 (hotspot-rodinia-2.4.sm_75.ptx:240) ret;
kernel_execution_time : 962