warp 0 :  PC=0x29d0 (srad_v2-rodinia-2.4.sm_75.ptx:372) ld.param.u64 %rd3, [_Z11srad_cuda_2PfS_S_S_S_S_iiff_param_0];
warp 0 :  PC=0x29d8 (srad_v2-rodinia-2.4.sm_75.ptx:373) ld.param.u64 %rd4, [_Z11srad_cuda_2PfS_S_S_S_S_iiff_param_1];
warp 0 :  PC=0x29e0 (srad_v2-rodinia-2.4.sm_75.ptx:374) ld.param.u64 %rd5, [_Z11srad_cuda_2PfS_S_S_S_S_iiff_param_2];
warp 0 :  PC=0x29e8 (srad_v2-rodinia-2.4.sm_75.ptx:375) ld.param.u64 %rd6, [_Z11srad_cuda_2PfS_S_S_S_S_iiff_param_3];
warp 0 :  PC=0x29f0 (srad_v2-rodinia-2.4.sm_75.ptx:376) ld.param.u64 %rd8, [_Z11srad_cuda_2PfS_S_S_S_S_iiff_param_4];
warp 0 :  PC=0x29f8 (srad_v2-rodinia-2.4.sm_75.ptx:377) ld.param.u64 %rd7, [_Z11srad_cuda_2PfS_S_S_S_S_iiff_param_5];
warp 0 :  PC=0x2a00 (srad_v2-rodinia-2.4.sm_75.ptx:378) ld.param.u32 %r25, [_Z11srad_cuda_2PfS_S_S_S_S_iiff_param_6];
warp 0 :  PC=0x2a08 (srad_v2-rodinia-2.4.sm_75.ptx:379) ld.param.f32 %f2, [_Z11srad_cuda_2PfS_S_S_S_S_iiff_param_8];
warp 0 :  PC=0x2a10 (srad_v2-rodinia-2.4.sm_75.ptx:380) shl.b32 %r26, %r25, 4;
warp 0 :  PC=0x2a18 (srad_v2-rodinia-2.4.sm_75.ptx:381) mov.u32 %r1, %ctaid.y;
warp 0 :  PC=0x2a20 (srad_v2-rodinia-2.4.sm_75.ptx:382) mul.lo.s32 %r2, %r1, %r26;
warp 0 :  PC=0x2a28 (srad_v2-rodinia-2.4.sm_75.ptx:383) mov.u32 %r3, %ctaid.x;
warp 0 :  PC=0x2a30 (srad_v2-rodinia-2.4.sm_75.ptx:384) shl.b32 %r27, %r3, 4;
warp 0 :  PC=0x2a38 (srad_v2-rodinia-2.4.sm_75.ptx:385) add.s32 %r4, %r2, %r27;
warp 0 :  PC=0x2a40 (srad_v2-rodinia-2.4.sm_75.ptx:386) mov.u32 %r5, %tid.y;
warp 0 :  PC=0x2a48 (srad_v2-rodinia-2.4.sm_75.ptx:387) mul.lo.s32 %r6, %r5, %r25;
warp 0 :  PC=0x2a50 (srad_v2-rodinia-2.4.sm_75.ptx:388) add.s32 %r7, %r6, %r4;
warp 0 :  PC=0x2a58 (srad_v2-rodinia-2.4.sm_75.ptx:389) mov.u32 %r8, %tid.x;
warp 0 :  PC=0x2a60 (srad_v2-rodinia-2.4.sm_75.ptx:390) add.s32 %r9, %r7, %r8;
warp 0 :  PC=0x2a68 (srad_v2-rodinia-2.4.sm_75.ptx:391) add.s32 %r28, %r8, %r26;
warp 0 :  PC=0x2a70 (srad_v2-rodinia-2.4.sm_75.ptx:392) add.s32 %r10, %r28, %r4;
warp 0 :  PC=0x2a78 (srad_v2-rodinia-2.4.sm_75.ptx:393) cvta.to.global.u64 %rd9, %rd8;
warp 0 :  PC=0x2a80 (srad_v2-rodinia-2.4.sm_75.ptx:394) mul.wide.s32 %rd10, %r9, 4;
warp 0 :  PC=0x2a88 (srad_v2-rodinia-2.4.sm_75.ptx:395) add.s64 %rd1, %rd9, %rd10;
warp 0 :  PC=0x2a90 (srad_v2-rodinia-2.4.sm_75.ptx:396) ld.global.f32 %f3, [%rd1];
warp 0 :  PC=0x2a98 (srad_v2-rodinia-2.4.sm_75.ptx:397) shl.b32 %r29, %r5, 6;
warp 0 :  PC=0x2aa0 (srad_v2-rodinia-2.4.sm_75.ptx:398) mov.u32 %r30, _ZZ11srad_cuda_2PfS_S_S_S_S_iiffE4temp;
warp 0 :  PC=0x2aa8 (srad_v2-rodinia-2.4.sm_75.ptx:399) add.s32 %r31, %r30, %r29;
warp 0 :  PC=0x2ab0 (srad_v2-rodinia-2.4.sm_75.ptx:400) shl.b32 %r32, %r8, 2;
warp 0 :  PC=0x2ab8 (srad_v2-rodinia-2.4.sm_75.ptx:401) add.s32 %r11, %r31, %r32;
warp 0 :  PC=0x2ac0 (srad_v2-rodinia-2.4.sm_75.ptx:402) st.shared.f32 [%r11], %f3;
warp 0 :  PC=0x2ac8 (srad_v2-rodinia-2.4.sm_75.ptx:403) bar.sync 0;
warp 0 :  PC=0x2ad0 (srad_v2-rodinia-2.4.sm_75.ptx:404) cvta.to.global.u64 %rd2, %rd7;
warp 0 :  PC=0x2ad8 (srad_v2-rodinia-2.4.sm_75.ptx:405) mul.wide.s32 %rd11, %r10, 4;
warp 0 :  PC=0x2ae0 (srad_v2-rodinia-2.4.sm_75.ptx:406) add.s64 %rd12, %rd2, %rd11;
warp 0 :  PC=0x2ae8 (srad_v2-rodinia-2.4.sm_75.ptx:407) ld.global.f32 %f4, [%rd12];
warp 0 :  PC=0x2af0 (srad_v2-rodinia-2.4.sm_75.ptx:408) mov.u32 %r34, _ZZ11srad_cuda_2PfS_S_S_S_S_iiffE7south_c;
warp 0 :  PC=0x2af8 (srad_v2-rodinia-2.4.sm_75.ptx:409) add.s32 %r35, %r34, %r29;
warp 0 :  PC=0x2b00 (srad_v2-rodinia-2.4.sm_75.ptx:410) add.s32 %r12, %r35, %r32;
warp 0 :  PC=0x2b08 (srad_v2-rodinia-2.4.sm_75.ptx:411) st.shared.f32 [%r12], %f4;
warp 0 :  PC=0x2b10 (srad_v2-rodinia-2.4.sm_75.ptx:412) mov.u32 %r37, %nctaid.y;
warp 0 :  PC=0x2b18 (srad_v2-rodinia-2.4.sm_75.ptx:413) add.s32 %r38, %r37, -1;
warp 0 :  PC=0x2b20 (srad_v2-rodinia-2.4.sm_75.ptx:414) setp.ne.s32%p1, %r1, %r38;
warp 0 :  PC=0x2b28 (srad_v2-rodinia-2.4.sm_75.ptx:415) @%p1 bra BB1_2;
warp 0 :  PC=0x2b30 (srad_v2-rodinia-2.4.sm_75.ptx:417) mad.lo.s32 %r39, %r25, 15, %r8;
warp 0 :  PC=0x2b38 (srad_v2-rodinia-2.4.sm_75.ptx:418) add.s32 %r40, %r39, %r4;
warp 0 :  PC=0x2b40 (srad_v2-rodinia-2.4.sm_75.ptx:419) mul.wide.u32 %rd13, %r40, 4;
warp 0 :  PC=0x2b48 (srad_v2-rodinia-2.4.sm_75.ptx:420) add.s64 %rd14, %rd2, %rd13;
warp 0 :  PC=0x2b50 (srad_v2-rodinia-2.4.sm_75.ptx:421) ld.global.f32 %f5, [%rd14];
warp 0 :  PC=0x2b58 (srad_v2-rodinia-2.4.sm_75.ptx:422) st.shared.f32 [%r12], %f5;
warp 0 :  PC=0x2b60 (srad_v2-rodinia-2.4.sm_75.ptx:425) bar.sync 0;
warp 0 :  PC=0x2b68 (srad_v2-rodinia-2.4.sm_75.ptx:426) mul.wide.s32 %rd15, %r7, 4;
warp 0 :  PC=0x2b70 (srad_v2-rodinia-2.4.sm_75.ptx:427) add.s64 %rd16, %rd2, %rd15;
warp 0 :  PC=0x2b78 (srad_v2-rodinia-2.4.sm_75.ptx:428) ld.global.f32 %f6, [%rd16+64];
warp 0 :  PC=0x2b80 (srad_v2-rodinia-2.4.sm_75.ptx:429) mov.u32 %r42, _ZZ11srad_cuda_2PfS_S_S_S_S_iiffE6east_c;
warp 0 :  PC=0x2b88 (srad_v2-rodinia-2.4.sm_75.ptx:430) add.s32 %r43, %r42, %r29;
warp 0 :  PC=0x2b90 (srad_v2-rodinia-2.4.sm_75.ptx:431) add.s32 %r13, %r43, %r32;
warp 0 :  PC=0x2b98 (srad_v2-rodinia-2.4.sm_75.ptx:432) st.shared.f32 [%r13], %f6;
warp 0 :  PC=0x2ba0 (srad_v2-rodinia-2.4.sm_75.ptx:433) mov.u32 %r14, %nctaid.x;
warp 0 :  PC=0x2ba8 (srad_v2-rodinia-2.4.sm_75.ptx:434) add.s32 %r45, %r14, -1;
warp 0 :  PC=0x2bb0 (srad_v2-rodinia-2.4.sm_75.ptx:435) setp.ne.s32%p2, %r3, %r45;
warp 0 :  PC=0x2bb8 (srad_v2-rodinia-2.4.sm_75.ptx:436) @%p2 bra BB1_4;
warp 0 :  PC=0x2bc0 (srad_v2-rodinia-2.4.sm_75.ptx:438) shl.b32 %r46, %r14, 4;
warp 0 :  PC=0x2bc8 (srad_v2-rodinia-2.4.sm_75.ptx:439) add.s32 %r47, %r2, %r6;
warp 0 :  PC=0x2bd0 (srad_v2-rodinia-2.4.sm_75.ptx:440) add.s32 %r48, %r47, %r46;
warp 0 :  PC=0x2bd8 (srad_v2-rodinia-2.4.sm_75.ptx:441) add.s32 %r49, %r48, -1;
warp 0 :  PC=0x2be0 (srad_v2-rodinia-2.4.sm_75.ptx:442) mul.wide.u32 %rd17, %r49, 4;
warp 0 :  PC=0x2be8 (srad_v2-rodinia-2.4.sm_75.ptx:443) add.s64 %rd18, %rd2, %rd17;
warp 0 :  PC=0x2bf0 (srad_v2-rodinia-2.4.sm_75.ptx:444) ld.global.f32 %f7, [%rd18];
warp 0 :  PC=0x2bf8 (srad_v2-rodinia-2.4.sm_75.ptx:445) st.shared.f32 [%r13], %f7;
warp 0 :  PC=0x2c00 (srad_v2-rodinia-2.4.sm_75.ptx:448) bar.sync 0;
warp 0 :  PC=0x2c08 (srad_v2-rodinia-2.4.sm_75.ptx:449) add.s64 %rd20, %rd2, %rd10;
warp 0 :  PC=0x2c10 (srad_v2-rodinia-2.4.sm_75.ptx:450) ld.global.f32 %f8, [%rd20];
warp 0 :  PC=0x2c18 (srad_v2-rodinia-2.4.sm_75.ptx:451) mov.u32 %r51, _ZZ11srad_cuda_2PfS_S_S_S_S_iiffE11c_cuda_temp;
warp 0 :  PC=0x2c20 (srad_v2-rodinia-2.4.sm_75.ptx:452) add.s32 %r52, %r51, %r29;
warp 0 :  PC=0x2c28 (srad_v2-rodinia-2.4.sm_75.ptx:453) add.s32 %r15, %r52, %r32;
warp 0 :  PC=0x2c30 (srad_v2-rodinia-2.4.sm_75.ptx:454) st.shared.f32 [%r15], %f8;
warp 0 :  PC=0x2c38 (srad_v2-rodinia-2.4.sm_75.ptx:455) bar.sync 0;
warp 0 :  PC=0x2c40 (srad_v2-rodinia-2.4.sm_75.ptx:456) ld.shared.f32 %f1, [%r15];
warp 0 :  PC=0x2c48 (srad_v2-rodinia-2.4.sm_75.ptx:457) setp.eq.s32%p3, %r8, 15;
warp 0 :  PC=0x2c50 (srad_v2-rodinia-2.4.sm_75.ptx:458) setp.eq.s32%p4, %r5, 15;
warp 0 :  PC=0x2c58 (srad_v2-rodinia-2.4.sm_75.ptx:459) and.pred %p5, %p4, %p3;
warp 0 :  PC=0x2c60 (srad_v2-rodinia-2.4.sm_75.ptx:460) add.s32 %r82, %r42, 1020;
warp 0 :  PC=0x2c68 (srad_v2-rodinia-2.4.sm_75.ptx:461) add.s32 %r81, %r34, 1020;
warp 0 :  PC=0x2c70 (srad_v2-rodinia-2.4.sm_75.ptx:462) @%p5 bra BB1_11;
warp 0 :  PC=0x2c78 (srad_v2-rodinia-2.4.sm_75.ptx:464) @%p3 bra BB1_10;
warp 0 :  PC=0x2c88 (srad_v2-rodinia-2.4.sm_75.ptx:468) add.s32 %r73, %r29, %r51;
warp 0 :  PC=0x2c90 (srad_v2-rodinia-2.4.sm_75.ptx:469) add.s32 %r81, %r73, 124;
warp 0 :  PC=0x2c98 (srad_v2-rodinia-2.4.sm_75.ptx:470) add.s32 %r82, %r43, 60;
warp 0 :  PC=0x2ca0 (srad_v2-rodinia-2.4.sm_75.ptx:471) bra.uni BB1_11;
warp 0 :  PC=0x2c80 (srad_v2-rodinia-2.4.sm_75.ptx:465) bra.uni BB1_6;
warp 0 :  PC=0x2ca8 (srad_v2-rodinia-2.4.sm_75.ptx:474) @%p4 bra BB1_8;
warp 0 :  PC=0x2cb0 (srad_v2-rodinia-2.4.sm_75.ptx:475) bra.uni BB1_7;
warp 0 :  PC=0x2cd0 (srad_v2-rodinia-2.4.sm_75.ptx:483) add.s32 %r60, %r29, %r51;
warp 0 :  PC=0x2cd8 (srad_v2-rodinia-2.4.sm_75.ptx:484) add.s32 %r62, %r60, %r32;
warp 0 :  PC=0x2ce0 (srad_v2-rodinia-2.4.sm_75.ptx:485) add.s32 %r81, %r62, 64;
warp 0 :  PC=0x2ce8 (srad_v2-rodinia-2.4.sm_75.ptx:488) add.s32 %r70, %r32, %r52;
warp 0 :  PC=0x2cf0 (srad_v2-rodinia-2.4.sm_75.ptx:489) add.s32 %r82, %r70, 4;
warp 0 :  PC=0x2cf8 (srad_v2-rodinia-2.4.sm_75.ptx:492) cvta.to.global.u64 %rd21, %rd3;
warp 0 :  PC=0x2d00 (srad_v2-rodinia-2.4.sm_75.ptx:493) cvta.to.global.u64 %rd22, %rd4;
warp 0 :  PC=0x2d08 (srad_v2-rodinia-2.4.sm_75.ptx:494) cvta.to.global.u64 %rd23, %rd5;
warp 0 :  PC=0x2d10 (srad_v2-rodinia-2.4.sm_75.ptx:495) add.s64 %rd25, %rd23, %rd10;
warp 0 :  PC=0x2d18 (srad_v2-rodinia-2.4.sm_75.ptx:496) ld.global.f32 %f9, [%rd25];
warp 0 :  PC=0x2d20 (srad_v2-rodinia-2.4.sm_75.ptx:497) cvta.to.global.u64 %rd26, %rd6;
warp 0 :  PC=0x2d28 (srad_v2-rodinia-2.4.sm_75.ptx:498) add.s64 %rd27, %rd26, %rd10;
warp 0 :  PC=0x2d30 (srad_v2-rodinia-2.4.sm_75.ptx:499) ld.global.f32 %f10, [%rd27];
warp 0 :  PC=0x2d38 (srad_v2-rodinia-2.4.sm_75.ptx:500) ld.shared.f32 %f11, [%r81];
warp 0 :  PC=0x2d40 (srad_v2-rodinia-2.4.sm_75.ptx:501) mul.f32 %f12, %f11, %f10;
warp 0 :  PC=0x2d48 (srad_v2-rodinia-2.4.sm_75.ptx:502) fma.rn.f32 %f13, %f1, %f9, %f12;
warp 0 :  PC=0x2d50 (srad_v2-rodinia-2.4.sm_75.ptx:503) add.s64 %rd28, %rd22, %rd10;
warp 0 :  PC=0x2d58 (srad_v2-rodinia-2.4.sm_75.ptx:504) ld.global.f32 %f14, [%rd28];
warp 0 :  PC=0x2d60 (srad_v2-rodinia-2.4.sm_75.ptx:505) fma.rn.f32 %f15, %f1, %f14, %f13;
warp 0 :  PC=0x2d68 (srad_v2-rodinia-2.4.sm_75.ptx:506) add.s64 %rd29, %rd21, %rd10;
warp 0 :  PC=0x2d70 (srad_v2-rodinia-2.4.sm_75.ptx:507) ld.global.f32 %f16, [%rd29];
warp 0 :  PC=0x2d78 (srad_v2-rodinia-2.4.sm_75.ptx:508) ld.shared.f32 %f17, [%r82];
warp 0 :  PC=0x2d80 (srad_v2-rodinia-2.4.sm_75.ptx:509) fma.rn.f32 %f18, %f17, %f16, %f15;
warp 0 :  PC=0x2d88 (srad_v2-rodinia-2.4.sm_75.ptx:510) ld.shared.f32 %f19, [%r11];
warp 0 :  PC=0x2d90 (srad_v2-rodinia-2.4.sm_75.ptx:511) cvt.f64.f32%fd1, %f19;
warp 0 :  PC=0x2d98 (srad_v2-rodinia-2.4.sm_75.ptx:512) cvt.f64.f32%fd2, %f2;
warp 0 :  PC=0x2da0 (srad_v2-rodinia-2.4.sm_75.ptx:513) mul.f64 %fd3, %fd2, 0d3FD0000000000000;
warp 0 :  PC=0x2da8 (srad_v2-rodinia-2.4.sm_75.ptx:514) cvt.f64.f32%fd4, %f18;
warp 0 :  PC=0x2db0 (srad_v2-rodinia-2.4.sm_75.ptx:515) fma.rn.f64 %fd5, %fd3, %fd4, %fd1;
warp 0 :  PC=0x2db8 (srad_v2-rodinia-2.4.sm_75.ptx:516) cvt.rn.f32.f64%f20, %fd5;
warp 0 :  PC=0x2dc0 (srad_v2-rodinia-2.4.sm_75.ptx:517) mov.u32 %r77, _ZZ11srad_cuda_2PfS_S_S_S_S_iiffE13c_cuda_result;
warp 0 :  PC=0x2dc8 (srad_v2-rodinia-2.4.sm_75.ptx:518) add.s32 %r78, %r77, %r29;
warp 0 :  PC=0x2dd0 (srad_v2-rodinia-2.4.sm_75.ptx:519) add.s32 %r24, %r78, %r32;
warp 0 :  PC=0x2dd8 (srad_v2-rodinia-2.4.sm_75.ptx:520) st.shared.f32 [%r24], %f20;
warp 0 :  PC=0x2de0 (srad_v2-rodinia-2.4.sm_75.ptx:521) bar.sync 0;
warp 0 :  PC=0x2de8 (srad_v2-rodinia-2.4.sm_75.ptx:522) ld.shared.f32 %f21, [%r24];
warp 0 :  PC=0x2df0 (srad_v2-rodinia-2.4.sm_75.ptx:523) st.global.f32 [%rd1], %f21;
warp 0 :  PC=0x2df8 (srad_v2-rodinia-2.4.sm_75.ptx:524) ret;
kernel_execution_time : 787