warp 0 :  PC=0x2280 (srad_v2-rodinia-2.4.sm_75.ptx:56) ld.param.u64 %rd7, [_Z11srad_cuda_1PfS_S_S_S_S_iif_param_0];
warp 0 :  PC=0x2288 (srad_v2-rodinia-2.4.sm_75.ptx:57) ld.param.u64 %rd8, [_Z11srad_cuda_1PfS_S_S_S_S_iif_param_1];
warp 0 :  PC=0x2290 (srad_v2-rodinia-2.4.sm_75.ptx:58) ld.param.u64 %rd9, [_Z11srad_cuda_1PfS_S_S_S_S_iif_param_2];
warp 0 :  PC=0x2298 (srad_v2-rodinia-2.4.sm_75.ptx:59) ld.param.u64 %rd10, [_Z11srad_cuda_1PfS_S_S_S_S_iif_param_3];
warp 0 :  PC=0x22a0 (srad_v2-rodinia-2.4.sm_75.ptx:60) ld.param.u64 %rd12, [_Z11srad_cuda_1PfS_S_S_S_S_iif_param_4];
warp 0 :  PC=0x22a8 (srad_v2-rodinia-2.4.sm_75.ptx:61) ld.param.u64 %rd11, [_Z11srad_cuda_1PfS_S_S_S_S_iif_param_5];
warp 0 :  PC=0x22b0 (srad_v2-rodinia-2.4.sm_75.ptx:62) ld.param.u32 %r44, [_Z11srad_cuda_1PfS_S_S_S_S_iif_param_6];
warp 0 :  PC=0x22b8 (srad_v2-rodinia-2.4.sm_75.ptx:63) ld.param.f32 %f7, [_Z11srad_cuda_1PfS_S_S_S_S_iif_param_8];
warp 0 :  PC=0x22c0 (srad_v2-rodinia-2.4.sm_75.ptx:64) shl.b32 %r45, %r44, 4;
warp 0 :  PC=0x22c8 (srad_v2-rodinia-2.4.sm_75.ptx:65) mov.u32 %r1, %ctaid.y;
warp 0 :  PC=0x22d0 (srad_v2-rodinia-2.4.sm_75.ptx:66) mul.lo.s32 %r2, %r1, %r45;
warp 0 :  PC=0x22d8 (srad_v2-rodinia-2.4.sm_75.ptx:67) mov.u32 %r3, %ctaid.x;
warp 0 :  PC=0x22e0 (srad_v2-rodinia-2.4.sm_75.ptx:68) shl.b32 %r4, %r3, 4;
warp 0 :  PC=0x22e8 (srad_v2-rodinia-2.4.sm_75.ptx:69) add.s32 %r5, %r2, %r4;
warp 0 :  PC=0x22f0 (srad_v2-rodinia-2.4.sm_75.ptx:70) mov.u32 %r6, %tid.y;
warp 0 :  PC=0x22f8 (srad_v2-rodinia-2.4.sm_75.ptx:71) mul.lo.s32 %r7, %r6, %r44;
warp 0 :  PC=0x2300 (srad_v2-rodinia-2.4.sm_75.ptx:72) add.s32 %r8, %r7, %r5;
warp 0 :  PC=0x2308 (srad_v2-rodinia-2.4.sm_75.ptx:73) mov.u32 %r9, %tid.x;
warp 0 :  PC=0x2310 (srad_v2-rodinia-2.4.sm_75.ptx:74) add.s32 %r10, %r8, %r9;
warp 0 :  PC=0x2318 (srad_v2-rodinia-2.4.sm_75.ptx:75) sub.s32 %r46, %r9, %r44;
warp 0 :  PC=0x2320 (srad_v2-rodinia-2.4.sm_75.ptx:76) add.s32 %r47, %r46, %r5;
warp 0 :  PC=0x2328 (srad_v2-rodinia-2.4.sm_75.ptx:77) add.s32 %r48, %r9, %r45;
warp 0 :  PC=0x2330 (srad_v2-rodinia-2.4.sm_75.ptx:78) add.s32 %r49, %r48, %r5;
warp 0 :  PC=0x2338 (srad_v2-rodinia-2.4.sm_75.ptx:79) cvta.to.global.u64 %rd1, %rd12;
warp 0 :  PC=0x2340 (srad_v2-rodinia-2.4.sm_75.ptx:80) mul.wide.s32 %rd13, %r47, 4;
warp 0 :  PC=0x2348 (srad_v2-rodinia-2.4.sm_75.ptx:81) add.s64 %rd14, %rd1, %rd13;
warp 0 :  PC=0x2350 (srad_v2-rodinia-2.4.sm_75.ptx:82) ld.global.f32 %f8, [%rd14];
warp 0 :  PC=0x2358 (srad_v2-rodinia-2.4.sm_75.ptx:83) shl.b32 %r50, %r6, 6;
warp 0 :  PC=0x2360 (srad_v2-rodinia-2.4.sm_75.ptx:84) mov.u32 %r51, _ZZ11srad_cuda_1PfS_S_S_S_S_iifE5north;
warp 0 :  PC=0x2368 (srad_v2-rodinia-2.4.sm_75.ptx:85) add.s32 %r52, %r51, %r50;
warp 0 :  PC=0x2370 (srad_v2-rodinia-2.4.sm_75.ptx:86) shl.b32 %r53, %r9, 2;
warp 0 :  PC=0x2378 (srad_v2-rodinia-2.4.sm_75.ptx:87) add.s32 %r153, %r52, %r53;
warp 0 :  PC=0x2380 (srad_v2-rodinia-2.4.sm_75.ptx:88) st.shared.f32 [%r153], %f8;
warp 0 :  PC=0x2388 (srad_v2-rodinia-2.4.sm_75.ptx:89) mul.wide.s32 %rd15, %r49, 4;
warp 0 :  PC=0x2390 (srad_v2-rodinia-2.4.sm_75.ptx:90) add.s64 %rd16, %rd1, %rd15;
warp 0 :  PC=0x2398 (srad_v2-rodinia-2.4.sm_75.ptx:91) ld.global.f32 %f9, [%rd16];
warp 0 :  PC=0x23a0 (srad_v2-rodinia-2.4.sm_75.ptx:92) mov.u32 %r54, _ZZ11srad_cuda_1PfS_S_S_S_S_iifE5south;
warp 0 :  PC=0x23a8 (srad_v2-rodinia-2.4.sm_75.ptx:93) add.s32 %r55, %r54, %r50;
warp 0 :  PC=0x23b0 (srad_v2-rodinia-2.4.sm_75.ptx:94) add.s32 %r12, %r55, %r53;
warp 0 :  PC=0x23b8 (srad_v2-rodinia-2.4.sm_75.ptx:95) st.shared.f32 [%r12], %f9;
warp 0 :  PC=0x23c0 (srad_v2-rodinia-2.4.sm_75.ptx:96) setp.eq.s32%p1, %r1, 0;
warp 0 :  PC=0x23c8 (srad_v2-rodinia-2.4.sm_75.ptx:97) @%p1 bra BB0_3;
warp 0 :  PC=0x2428 (srad_v2-rodinia-2.4.sm_75.ptx:113) add.s32 %r60, %r9, %r4;
warp 0 :  PC=0x2430 (srad_v2-rodinia-2.4.sm_75.ptx:114) mul.wide.s32 %rd19, %r60, 4;
warp 0 :  PC=0x2438 (srad_v2-rodinia-2.4.sm_75.ptx:115) add.s64 %rd20, %rd1, %rd19;
warp 0 :  PC=0x2440 (srad_v2-rodinia-2.4.sm_75.ptx:116) ld.global.f32 %f11, [%rd20];
warp 0 :  PC=0x2448 (srad_v2-rodinia-2.4.sm_75.ptx:117) st.shared.f32 [%r153], %f11;
warp 0 :  PC=0x2450 (srad_v2-rodinia-2.4.sm_75.ptx:120) bar.sync 0;
warp 0 :  PC=0x2458 (srad_v2-rodinia-2.4.sm_75.ptx:121) add.s32 %r61, %r8, -1;
warp 0 :  PC=0x2460 (srad_v2-rodinia-2.4.sm_75.ptx:122) mul.wide.s32 %rd21, %r61, 4;
warp 0 :  PC=0x2468 (srad_v2-rodinia-2.4.sm_75.ptx:123) add.s64 %rd22, %rd1, %rd21;
warp 0 :  PC=0x2470 (srad_v2-rodinia-2.4.sm_75.ptx:124) ld.global.f32 %f12, [%rd22];
warp 0 :  PC=0x2478 (srad_v2-rodinia-2.4.sm_75.ptx:125) mov.u32 %r63, _ZZ11srad_cuda_1PfS_S_S_S_S_iifE4west;
warp 0 :  PC=0x2480 (srad_v2-rodinia-2.4.sm_75.ptx:126) add.s32 %r64, %r63, %r50;
warp 0 :  PC=0x2488 (srad_v2-rodinia-2.4.sm_75.ptx:127) add.s32 %r154, %r64, %r53;
warp 0 :  PC=0x2490 (srad_v2-rodinia-2.4.sm_75.ptx:128) st.shared.f32 [%r154], %f12;
warp 0 :  PC=0x2498 (srad_v2-rodinia-2.4.sm_75.ptx:129) ld.global.f32 %f13, [%rd22+68];
warp 0 :  PC=0x24a0 (srad_v2-rodinia-2.4.sm_75.ptx:130) mov.u32 %r66, _ZZ11srad_cuda_1PfS_S_S_S_S_iifE4east;
warp 0 :  PC=0x24a8 (srad_v2-rodinia-2.4.sm_75.ptx:131) add.s32 %r67, %r66, %r50;
warp 0 :  PC=0x24b0 (srad_v2-rodinia-2.4.sm_75.ptx:132) add.s32 %r14, %r67, %r53;
warp 0 :  PC=0x24b8 (srad_v2-rodinia-2.4.sm_75.ptx:133) st.shared.f32 [%r14], %f13;
warp 0 :  PC=0x24c0 (srad_v2-rodinia-2.4.sm_75.ptx:134) setp.eq.s32%p3, %r3, 0;
warp 0 :  PC=0x24c8 (srad_v2-rodinia-2.4.sm_75.ptx:135) @%p3 bra BB0_7;
warp 0 :  PC=0x2538 (srad_v2-rodinia-2.4.sm_75.ptx:153) add.s32 %r73, %r7, %r2;
warp 0 :  PC=0x2540 (srad_v2-rodinia-2.4.sm_75.ptx:154) mul.wide.s32 %rd25, %r73, 4;
warp 0 :  PC=0x2548 (srad_v2-rodinia-2.4.sm_75.ptx:155) add.s64 %rd26, %rd1, %rd25;
warp 0 :  PC=0x2550 (srad_v2-rodinia-2.4.sm_75.ptx:156) ld.global.f32 %f15, [%rd26];
warp 0 :  PC=0x2558 (srad_v2-rodinia-2.4.sm_75.ptx:157) st.shared.f32 [%r154], %f15;
warp 0 :  PC=0x2560 (srad_v2-rodinia-2.4.sm_75.ptx:160) bar.sync 0;
warp 0 :  PC=0x2568 (srad_v2-rodinia-2.4.sm_75.ptx:161) mul.wide.s32 %rd27, %r10, 4;
warp 0 :  PC=0x2570 (srad_v2-rodinia-2.4.sm_75.ptx:162) add.s64 %rd28, %rd1, %rd27;
warp 0 :  PC=0x2578 (srad_v2-rodinia-2.4.sm_75.ptx:163) ld.global.f32 %f16, [%rd28];
warp 0 :  PC=0x2580 (srad_v2-rodinia-2.4.sm_75.ptx:164) mov.u32 %r75, _ZZ11srad_cuda_1PfS_S_S_S_S_iifE4temp;
warp 0 :  PC=0x2588 (srad_v2-rodinia-2.4.sm_75.ptx:165) add.s32 %r76, %r75, %r50;
warp 0 :  PC=0x2590 (srad_v2-rodinia-2.4.sm_75.ptx:166) add.s32 %r16, %r76, %r53;
warp 0 :  PC=0x2598 (srad_v2-rodinia-2.4.sm_75.ptx:167) st.shared.f32 [%r16], %f16;
warp 0 :  PC=0x25a0 (srad_v2-rodinia-2.4.sm_75.ptx:168) bar.sync 0;
warp 0 :  PC=0x25a8 (srad_v2-rodinia-2.4.sm_75.ptx:169) ld.shared.f32 %f1, [%r16];
warp 0 :  PC=0x25b0 (srad_v2-rodinia-2.4.sm_75.ptx:170) or.b32 %r78, %r6, %r9;
warp 0 :  PC=0x25b8 (srad_v2-rodinia-2.4.sm_75.ptx:171) setp.eq.s32%p5, %r78, 0;
warp 0 :  PC=0x25c0 (srad_v2-rodinia-2.4.sm_75.ptx:172) @%p5 bra BB0_24;
warp 0 :  PC=0x26b0 (srad_v2-rodinia-2.4.sm_75.ptx:211) add.s32 %r156, %r16, 64;
warp 0 :  PC=0x26b8 (srad_v2-rodinia-2.4.sm_75.ptx:212) add.s32 %r155, %r16, 4;
warp 0 :  PC=0x25c8 (srad_v2-rodinia-2.4.sm_75.ptx:174) setp.eq.s32%p6, %r6, 0;
warp 0 :  PC=0x25d0 (srad_v2-rodinia-2.4.sm_75.ptx:175) setp.eq.s32%p7, %r9, 15;
warp 0 :  PC=0x25d8 (srad_v2-rodinia-2.4.sm_75.ptx:176) and.pred %p8, %p6, %p7;
warp 0 :  PC=0x25e0 (srad_v2-rodinia-2.4.sm_75.ptx:177) add.s32 %r156, %r75, 124;
warp 0 :  PC=0x25e8 (srad_v2-rodinia-2.4.sm_75.ptx:178) add.s32 %r155, %r66, 60;
warp 0 :  PC=0x25f0 (srad_v2-rodinia-2.4.sm_75.ptx:179) add.s32 %r154, %r75, 56;
warp 0 :  PC=0x25f8 (srad_v2-rodinia-2.4.sm_75.ptx:180) add.s32 %r153, %r51, 60;
warp 0 :  PC=0x2600 (srad_v2-rodinia-2.4.sm_75.ptx:181) @%p8 bra BB0_25;
warp 0 :  PC=0x2608 (srad_v2-rodinia-2.4.sm_75.ptx:183) setp.eq.s32%p10, %r6, 15;
warp 0 :  PC=0x2610 (srad_v2-rodinia-2.4.sm_75.ptx:184) and.pred %p11, %p10, %p7;
warp 0 :  PC=0x2618 (srad_v2-rodinia-2.4.sm_75.ptx:185) add.s32 %r156, %r54, 1020;
warp 0 :  PC=0x2620 (srad_v2-rodinia-2.4.sm_75.ptx:186) add.s32 %r155, %r66, 1020;
warp 0 :  PC=0x2628 (srad_v2-rodinia-2.4.sm_75.ptx:187) add.s32 %r154, %r75, 1016;
warp 0 :  PC=0x2630 (srad_v2-rodinia-2.4.sm_75.ptx:188) add.s32 %r153, %r75, 956;
warp 0 :  PC=0x2638 (srad_v2-rodinia-2.4.sm_75.ptx:189) @%p11 bra BB0_25;
warp 0 :  PC=0x2640 (srad_v2-rodinia-2.4.sm_75.ptx:191) setp.eq.s32%p13, %r9, 0;
warp 0 :  PC=0x2648 (srad_v2-rodinia-2.4.sm_75.ptx:192) and.pred %p14, %p10, %p13;
warp 0 :  PC=0x2650 (srad_v2-rodinia-2.4.sm_75.ptx:193) add.s32 %r156, %r54, 960;
warp 0 :  PC=0x2658 (srad_v2-rodinia-2.4.sm_75.ptx:194) add.s32 %r155, %r75, 964;
warp 0 :  PC=0x2660 (srad_v2-rodinia-2.4.sm_75.ptx:195) add.s32 %r154, %r63, 960;
warp 0 :  PC=0x2668 (srad_v2-rodinia-2.4.sm_75.ptx:196) add.s32 %r153, %r75, 896;
warp 0 :  PC=0x2670 (srad_v2-rodinia-2.4.sm_75.ptx:197) @%p14 bra BB0_25;
warp 0 :  PC=0x2678 (srad_v2-rodinia-2.4.sm_75.ptx:199) @%p6 bra BB0_23;
warp 0 :  PC=0x28f8 (srad_v2-rodinia-2.4.sm_75.ptx:298) add.s32 %r153, %r51, %r53;
warp 0 :  PC=0x2900 (srad_v2-rodinia-2.4.sm_75.ptx:299) add.s32 %r135, %r53, %r75;
warp 0 :  PC=0x2908 (srad_v2-rodinia-2.4.sm_75.ptx:300) add.s32 %r156, %r135, 64;
warp 0 :  PC=0x2910 (srad_v2-rodinia-2.4.sm_75.ptx:301) add.s32 %r154, %r135, -4;
warp 0 :  PC=0x2918 (srad_v2-rodinia-2.4.sm_75.ptx:302) add.s32 %r155, %r135, 4;
warp 0 :  PC=0x2920 (srad_v2-rodinia-2.4.sm_75.ptx:303) bra.uni BB0_25;
warp 0 :  PC=0x26c0 (srad_v2-rodinia-2.4.sm_75.ptx:215) ld.shared.f32 %f17, [%r156];
warp 0 :  PC=0x26c8 (srad_v2-rodinia-2.4.sm_75.ptx:216) sub.f32 %f2, %f17, %f1;
warp 0 :  PC=0x26d0 (srad_v2-rodinia-2.4.sm_75.ptx:217) ld.shared.f32 %f18, [%r155];
warp 0 :  PC=0x26d8 (srad_v2-rodinia-2.4.sm_75.ptx:218) sub.f32 %f3, %f18, %f1;
warp 0 :  PC=0x26e0 (srad_v2-rodinia-2.4.sm_75.ptx:219) ld.shared.f32 %f19, [%r154];
warp 0 :  PC=0x26e8 (srad_v2-rodinia-2.4.sm_75.ptx:220) sub.f32 %f4, %f19, %f1;
warp 0 :  PC=0x26f0 (srad_v2-rodinia-2.4.sm_75.ptx:221) ld.shared.f32 %f20, [%r153];
warp 0 :  PC=0x26f8 (srad_v2-rodinia-2.4.sm_75.ptx:222) sub.f32 %f5, %f20, %f1;
warp 0 :  PC=0x2700 (srad_v2-rodinia-2.4.sm_75.ptx:223) mul.f32 %f21, %f5, %f5;
warp 0 :  PC=0x2708 (srad_v2-rodinia-2.4.sm_75.ptx:224) fma.rn.f32 %f22, %f2, %f2, %f21;
warp 0 :  PC=0x2710 (srad_v2-rodinia-2.4.sm_75.ptx:225) fma.rn.f32 %f23, %f4, %f4, %f22;
warp 0 :  PC=0x2718 (srad_v2-rodinia-2.4.sm_75.ptx:226) fma.rn.f32 %f24, %f3, %f3, %f23;
warp 0 :  PC=0x2720 (srad_v2-rodinia-2.4.sm_75.ptx:227) mul.f32 %f25, %f1, %f1;
warp 0 :  PC=0x2728 (srad_v2-rodinia-2.4.sm_75.ptx:228) div.rn.f32 %f26, %f24, %f25;
warp 0 :  PC=0x2730 (srad_v2-rodinia-2.4.sm_75.ptx:229) add.f32 %f27, %f2, %f5;
warp 0 :  PC=0x2738 (srad_v2-rodinia-2.4.sm_75.ptx:230) add.f32 %f28, %f4, %f27;
warp 0 :  PC=0x2740 (srad_v2-rodinia-2.4.sm_75.ptx:231) add.f32 %f29, %f3, %f28;
warp 0 :  PC=0x2748 (srad_v2-rodinia-2.4.sm_75.ptx:232) div.rn.f32 %f30, %f29, %f1;
warp 0 :  PC=0x2750 (srad_v2-rodinia-2.4.sm_75.ptx:233) cvt.f64.f32%fd1, %f26;
warp 0 :  PC=0x2758 (srad_v2-rodinia-2.4.sm_75.ptx:234) mul.f32 %f31, %f30, %f30;
warp 0 :  PC=0x2760 (srad_v2-rodinia-2.4.sm_75.ptx:235) cvt.f64.f32%fd2, %f31;
warp 0 :  PC=0x2768 (srad_v2-rodinia-2.4.sm_75.ptx:236) mul.f64 %fd3, %fd2, 0dBFB0000000000000;
warp 0 :  PC=0x2770 (srad_v2-rodinia-2.4.sm_75.ptx:237) fma.rn.f64 %fd4, %fd1, 0d3FE0000000000000, %fd3;
warp 0 :  PC=0x2778 (srad_v2-rodinia-2.4.sm_75.ptx:238) cvt.rn.f32.f64%f32, %fd4;
warp 0 :  PC=0x2780 (srad_v2-rodinia-2.4.sm_75.ptx:239) cvt.f64.f32%fd5, %f30;
warp 0 :  PC=0x2788 (srad_v2-rodinia-2.4.sm_75.ptx:240) fma.rn.f64 %fd6, %fd5, 0d3FD0000000000000, 0d3FF0000000000000;
warp 0 :  PC=0x2790 (srad_v2-rodinia-2.4.sm_75.ptx:241) cvt.rn.f32.f64%f33, %fd6;
warp 0 :  PC=0x2798 (srad_v2-rodinia-2.4.sm_75.ptx:242) mul.f32 %f34, %f33, %f33;
warp 0 :  PC=0x27a0 (srad_v2-rodinia-2.4.sm_75.ptx:243) div.rn.f32 %f35, %f32, %f34;
warp 0 :  PC=0x27a8 (srad_v2-rodinia-2.4.sm_75.ptx:244) sub.f32 %f36, %f35, %f7;
warp 0 :  PC=0x27b0 (srad_v2-rodinia-2.4.sm_75.ptx:245) add.f32 %f37, %f7, 0f3F800000;
warp 0 :  PC=0x27b8 (srad_v2-rodinia-2.4.sm_75.ptx:246) mul.f32 %f38, %f37, %f7;
warp 0 :  PC=0x27c0 (srad_v2-rodinia-2.4.sm_75.ptx:247) div.rn.f32 %f39, %f36, %f38;
warp 0 :  PC=0x27c8 (srad_v2-rodinia-2.4.sm_75.ptx:248) cvt.f64.f32%fd7, %f39;
warp 0 :  PC=0x27d0 (srad_v2-rodinia-2.4.sm_75.ptx:249) add.f64 %fd8, %fd7, 0d3FF0000000000000;
warp 0 :  PC=0x27d8 (srad_v2-rodinia-2.4.sm_75.ptx:250) rcp.rn.f64 %fd9, %fd8;
warp 0 :  PC=0x27e0 (srad_v2-rodinia-2.4.sm_75.ptx:251) cvt.rn.f32.f64%f6, %fd9;
warp 0 :  PC=0x27e8 (srad_v2-rodinia-2.4.sm_75.ptx:252) setp.lt.f32%p19, %f6, 0f00000000;
warp 0 :  PC=0x27f0 (srad_v2-rodinia-2.4.sm_75.ptx:253) mov.u32 %r142, _ZZ11srad_cuda_1PfS_S_S_S_S_iifE11temp_result;
warp 0 :  PC=0x27f8 (srad_v2-rodinia-2.4.sm_75.ptx:254) add.s32 %r143, %r142, %r50;
warp 0 :  PC=0x2800 (srad_v2-rodinia-2.4.sm_75.ptx:255) add.s32 %r43, %r143, %r53;
warp 0 :  PC=0x2808 (srad_v2-rodinia-2.4.sm_75.ptx:256) @%p19 bra BB0_29;
warp 0 :  PC=0x2810 (srad_v2-rodinia-2.4.sm_75.ptx:257) bra.uni BB0_26;
warp 0 :  PC=0x2830 (srad_v2-rodinia-2.4.sm_75.ptx:265) setp.gt.f32%p20, %f6, 0f3F800000;
warp 0 :  PC=0x2838 (srad_v2-rodinia-2.4.sm_75.ptx:266) @%p20 bra BB0_28;
warp 0 :  PC=0x2848 (srad_v2-rodinia-2.4.sm_75.ptx:270) mov.u32 %r145, 1065353216;
warp 0 :  PC=0x2850 (srad_v2-rodinia-2.4.sm_75.ptx:271) st.shared.u32 [%r43], %r145;
warp 0 :  PC=0x2858 (srad_v2-rodinia-2.4.sm_75.ptx:272) bra.uni BB0_30;
warp 0 :  PC=0x2840 (srad_v2-rodinia-2.4.sm_75.ptx:267) bra.uni BB0_27;
warp 0 :  PC=0x2860 (srad_v2-rodinia-2.4.sm_75.ptx:275) st.shared.f32 [%r43], %f6;
warp 0 :  PC=0x2868 (srad_v2-rodinia-2.4.sm_75.ptx:278) cvta.to.global.u64 %rd2, %rd9;
warp 0 :  PC=0x2870 (srad_v2-rodinia-2.4.sm_75.ptx:279) cvta.to.global.u64 %rd3, %rd10;
warp 0 :  PC=0x2878 (srad_v2-rodinia-2.4.sm_75.ptx:280) cvta.to.global.u64 %rd4, %rd8;
warp 0 :  PC=0x2880 (srad_v2-rodinia-2.4.sm_75.ptx:281) cvta.to.global.u64 %rd5, %rd7;
warp 0 :  PC=0x2888 (srad_v2-rodinia-2.4.sm_75.ptx:282) cvta.to.global.u64 %rd6, %rd11;
warp 0 :  PC=0x2890 (srad_v2-rodinia-2.4.sm_75.ptx:283) bar.sync 0;
warp 0 :  PC=0x2898 (srad_v2-rodinia-2.4.sm_75.ptx:284) ld.shared.f32 %f40, [%r43];
warp 0 :  PC=0x28a0 (srad_v2-rodinia-2.4.sm_75.ptx:285) add.s64 %rd30, %rd6, %rd27;
warp 0 :  PC=0x28a8 (srad_v2-rodinia-2.4.sm_75.ptx:286) st.global.f32 [%rd30], %f40;
warp 0 :  PC=0x28b0 (srad_v2-rodinia-2.4.sm_75.ptx:287) add.s64 %rd31, %rd5, %rd27;
warp 0 :  PC=0x28b8 (srad_v2-rodinia-2.4.sm_75.ptx:288) st.global.f32 [%rd31], %f3;
warp 0 :  PC=0x28c0 (srad_v2-rodinia-2.4.sm_75.ptx:289) add.s64 %rd32, %rd4, %rd27;
warp 0 :  PC=0x28c8 (srad_v2-rodinia-2.4.sm_75.ptx:290) st.global.f32 [%rd32], %f4;
warp 0 :  PC=0x28d0 (srad_v2-rodinia-2.4.sm_75.ptx:291) add.s64 %rd33, %rd3, %rd27;
warp 0 :  PC=0x28d8 (srad_v2-rodinia-2.4.sm_75.ptx:292) st.global.f32 [%rd33], %f2;
warp 0 :  PC=0x28e0 (srad_v2-rodinia-2.4.sm_75.ptx:293) add.s64 %rd34, %rd2, %rd27;
warp 0 :  PC=0x28e8 (srad_v2-rodinia-2.4.sm_75.ptx:294) st.global.f32 [%rd34], %f5;
warp 0 :  PC=0x28f0 (srad_v2-rodinia-2.4.sm_75.ptx:295) ret;
kernel_execution_time : 1239