warp 0 :  PC=0x858 (nn-rodinia-2.4.sm_75.ptx:32) ld.param.u64 %rd1, [_Z6euclidPcffPfiii_param_0];
warp 0 :  PC=0x860 (nn-rodinia-2.4.sm_75.ptx:33) ld.param.f32 %f14, [_Z6euclidPcffPfiii_param_1];
warp 0 :  PC=0x868 (nn-rodinia-2.4.sm_75.ptx:34) ld.param.f32 %f15, [_Z6euclidPcffPfiii_param_2];
warp 0 :  PC=0x870 (nn-rodinia-2.4.sm_75.ptx:35) ld.param.u64 %rd2, [_Z6euclidPcffPfiii_param_3];
warp 0 :  PC=0x878 (nn-rodinia-2.4.sm_75.ptx:36) ld.param.u32 %r4, [_Z6euclidPcffPfiii_param_4];
warp 0 :  PC=0x880 (nn-rodinia-2.4.sm_75.ptx:37) ld.param.u32 %r2, [_Z6euclidPcffPfiii_param_5];
warp 0 :  PC=0x888 (nn-rodinia-2.4.sm_75.ptx:38) ld.param.u32 %r3, [_Z6euclidPcffPfiii_param_6];
warp 0 :  PC=0x890 (nn-rodinia-2.4.sm_75.ptx:39) mov.u32 %r5, %ntid.x;
warp 0 :  PC=0x898 (nn-rodinia-2.4.sm_75.ptx:40) mov.u32 %r6, %ctaid.x;
warp 0 :  PC=0x8a0 (nn-rodinia-2.4.sm_75.ptx:41) mov.u32 %r7, %tid.x;
warp 0 :  PC=0x8a8 (nn-rodinia-2.4.sm_75.ptx:42) mad.lo.s32 %r1, %r5, %r6, %r7;
warp 0 :  PC=0x8b0 (nn-rodinia-2.4.sm_75.ptx:43) setp.ge.s32%p1, %r1, %r4;
warp 0 :  PC=0x8b8 (nn-rodinia-2.4.sm_75.ptx:44) @%p1 bra BB0_14;
warp 0 :  PC=0x8c0 (nn-rodinia-2.4.sm_75.ptx:46) cvta.to.global.u64 %rd3, %rd1;
warp 0 :  PC=0x8c8 (nn-rodinia-2.4.sm_75.ptx:47) mad.lo.s32 %r8, %r1, %r2, %r3;
warp 0 :  PC=0x8d0 (nn-rodinia-2.4.sm_75.ptx:48) cvt.s64.s32%rd4, %r8;
warp 0 :  PC=0x8d8 (nn-rodinia-2.4.sm_75.ptx:49) add.s64 %rd5, %rd3, %rd4;
warp 0 :  PC=0x8e0 (nn-rodinia-2.4.sm_75.ptx:50) ld.global.u8 %rs1, [%rd5+-1];
warp 0 :  PC=0x8e8 (nn-rodinia-2.4.sm_75.ptx:51) ld.global.u8 %rs2, [%rd5];
warp 0 :  PC=0x8f0 (nn-rodinia-2.4.sm_75.ptx:52) ld.global.u8 %rs3, [%rd5+1];
warp 0 :  PC=0x8f8 (nn-rodinia-2.4.sm_75.ptx:53) ld.global.u8 %rs4, [%rd5+3];
warp 0 :  PC=0x900 (nn-rodinia-2.4.sm_75.ptx:54) ld.global.u8 %rs5, [%rd5+5];
warp 0 :  PC=0x908 (nn-rodinia-2.4.sm_75.ptx:55) ld.global.u8 %rs6, [%rd5+6];
warp 0 :  PC=0x910 (nn-rodinia-2.4.sm_75.ptx:56) ld.global.u8 %rs7, [%rd5+7];
warp 0 :  PC=0x918 (nn-rodinia-2.4.sm_75.ptx:57) ld.global.u8 %rs8, [%rd5+9];
warp 0 :  PC=0x920 (nn-rodinia-2.4.sm_75.ptx:58) setp.eq.s16%p2, %rs1, 32;
warp 0 :  PC=0x928 (nn-rodinia-2.4.sm_75.ptx:59) mov.f32 %f33, 0f00000000;
warp 0 :  PC=0x930 (nn-rodinia-2.4.sm_75.ptx:60) @%p2 bra BB0_3;
warp 0 :  PC=0x958 (nn-rodinia-2.4.sm_75.ptx:68) setp.eq.s16%p3, %rs2, 32;
warp 0 :  PC=0x960 (nn-rodinia-2.4.sm_75.ptx:69) @%p3 bra BB0_5;
warp 0 :  PC=0x968 (nn-rodinia-2.4.sm_75.ptx:71) cvt.u32.u16%r12, %rs2;
warp 0 :  PC=0x970 (nn-rodinia-2.4.sm_75.ptx:72) cvt.s32.s8 %r13, %r12;
warp 0 :  PC=0x978 (nn-rodinia-2.4.sm_75.ptx:73) mad.lo.s32 %r14, %r13, 10, -480;
warp 0 :  PC=0x980 (nn-rodinia-2.4.sm_75.ptx:74) cvt.rn.f32.s32%f17, %r14;
warp 0 :  PC=0x988 (nn-rodinia-2.4.sm_75.ptx:75) add.f32 %f33, %f33, %f17;
warp 0 :  PC=0x990 (nn-rodinia-2.4.sm_75.ptx:78) setp.eq.s16%p4, %rs3, 32;
warp 0 :  PC=0x998 (nn-rodinia-2.4.sm_75.ptx:79) @%p4 bra BB0_7;
warp 0 :  PC=0x9a0 (nn-rodinia-2.4.sm_75.ptx:81) cvt.u32.u16%r15, %rs3;
warp 0 :  PC=0x9a8 (nn-rodinia-2.4.sm_75.ptx:82) cvt.s32.s8 %r16, %r15;
warp 0 :  PC=0x9b0 (nn-rodinia-2.4.sm_75.ptx:83) add.s32 %r17, %r16, -48;
warp 0 :  PC=0x9b8 (nn-rodinia-2.4.sm_75.ptx:84) cvt.rn.f32.s32%f18, %r17;
warp 0 :  PC=0x9c0 (nn-rodinia-2.4.sm_75.ptx:85) add.f32 %f33, %f33, %f18;
warp 0 :  PC=0x9c8 (nn-rodinia-2.4.sm_75.ptx:88) setp.eq.s16%p5, %rs5, 32;
warp 0 :  PC=0x9d0 (nn-rodinia-2.4.sm_75.ptx:89) mov.f32 %f36, 0f00000000;
warp 0 :  PC=0x9d8 (nn-rodinia-2.4.sm_75.ptx:90) @%p5 bra BB0_9;
warp 0 :  PC=0x9e0 (nn-rodinia-2.4.sm_75.ptx:92) cvt.u32.u16%r18, %rs5;
warp 0 :  PC=0x9e8 (nn-rodinia-2.4.sm_75.ptx:93) cvt.s32.s8 %r19, %r18;
warp 0 :  PC=0x9f0 (nn-rodinia-2.4.sm_75.ptx:94) mad.lo.s32 %r20, %r19, 100, -4800;
warp 0 :  PC=0x9f8 (nn-rodinia-2.4.sm_75.ptx:95) cvt.rn.f32.s32%f36, %r20;
warp 0 :  PC=0xa00 (nn-rodinia-2.4.sm_75.ptx:98) setp.eq.s16%p6, %rs6, 32;
warp 0 :  PC=0xa08 (nn-rodinia-2.4.sm_75.ptx:99) cvt.u32.u16%r21, %rs4;
warp 0 :  PC=0xa10 (nn-rodinia-2.4.sm_75.ptx:100) cvt.s32.s8 %r22, %r21;
warp 0 :  PC=0xa18 (nn-rodinia-2.4.sm_75.ptx:101) add.s32 %r23, %r22, -48;
warp 0 :  PC=0xa20 (nn-rodinia-2.4.sm_75.ptx:102) cvt.rn.f32.s32%f20, %r23;
warp 0 :  PC=0xa28 (nn-rodinia-2.4.sm_75.ptx:103) div.rn.f32 %f21, %f20, 0f41200000;
warp 0 :  PC=0xa30 (nn-rodinia-2.4.sm_75.ptx:104) add.f32 %f9, %f33, %f21;
warp 0 :  PC=0xa38 (nn-rodinia-2.4.sm_75.ptx:105) @%p6 bra BB0_11;
warp 0 :  PC=0xa40 (nn-rodinia-2.4.sm_75.ptx:107) cvt.u32.u16%r24, %rs6;
warp 0 :  PC=0xa48 (nn-rodinia-2.4.sm_75.ptx:108) cvt.s32.s8 %r25, %r24;
warp 0 :  PC=0xa50 (nn-rodinia-2.4.sm_75.ptx:109) mad.lo.s32 %r26, %r25, 10, -480;
warp 0 :  PC=0xa58 (nn-rodinia-2.4.sm_75.ptx:110) cvt.rn.f32.s32%f22, %r26;
warp 0 :  PC=0xa60 (nn-rodinia-2.4.sm_75.ptx:111) add.f32 %f36, %f36, %f22;
warp 0 :  PC=0xa68 (nn-rodinia-2.4.sm_75.ptx:114) setp.eq.s16%p7, %rs7, 32;
warp 0 :  PC=0xa70 (nn-rodinia-2.4.sm_75.ptx:115) @%p7 bra BB0_13;
warp 0 :  PC=0xa78 (nn-rodinia-2.4.sm_75.ptx:117) cvt.u32.u16%r27, %rs7;
warp 0 :  PC=0xa80 (nn-rodinia-2.4.sm_75.ptx:118) cvt.s32.s8 %r28, %r27;
warp 0 :  PC=0xa88 (nn-rodinia-2.4.sm_75.ptx:119) add.s32 %r29, %r28, -48;
warp 0 :  PC=0xa90 (nn-rodinia-2.4.sm_75.ptx:120) cvt.rn.f32.s32%f23, %r29;
warp 0 :  PC=0xa98 (nn-rodinia-2.4.sm_75.ptx:121) add.f32 %f36, %f36, %f23;
warp 0 :  PC=0xaa0 (nn-rodinia-2.4.sm_75.ptx:124) cvta.to.global.u64 %rd6, %rd2;
warp 0 :  PC=0xaa8 (nn-rodinia-2.4.sm_75.ptx:125) cvt.u32.u16%r30, %rs8;
warp 0 :  PC=0xab0 (nn-rodinia-2.4.sm_75.ptx:126) cvt.s32.s8 %r31, %r30;
warp 0 :  PC=0xab8 (nn-rodinia-2.4.sm_75.ptx:127) add.s32 %r32, %r31, -48;
warp 0 :  PC=0xac0 (nn-rodinia-2.4.sm_75.ptx:128) cvt.rn.f32.s32%f24, %r32;
warp 0 :  PC=0xac8 (nn-rodinia-2.4.sm_75.ptx:129) div.rn.f32 %f25, %f24, 0f41200000;
warp 0 :  PC=0xad0 (nn-rodinia-2.4.sm_75.ptx:130) add.f32 %f26, %f36, %f25;
warp 0 :  PC=0xad8 (nn-rodinia-2.4.sm_75.ptx:131) sub.f32 %f27, %f9, %f14;
warp 0 :  PC=0xae0 (nn-rodinia-2.4.sm_75.ptx:132) sub.f32 %f28, %f26, %f15;
warp 0 :  PC=0xae8 (nn-rodinia-2.4.sm_75.ptx:133) mul.f32 %f29, %f28, %f28;
warp 0 :  PC=0xaf0 (nn-rodinia-2.4.sm_75.ptx:134) fma.rn.f32 %f30, %f27, %f27, %f29;
warp 0 :  PC=0xaf8 (nn-rodinia-2.4.sm_75.ptx:135) sqrt.rn.f32 %f31, %f30;
warp 0 :  PC=0xb00 (nn-rodinia-2.4.sm_75.ptx:136) mul.wide.s32 %rd7, %r1, 4;
warp 0 :  PC=0xb08 (nn-rodinia-2.4.sm_75.ptx:137) add.s64 %rd8, %rd6, %rd7;
warp 0 :  PC=0xb10 (nn-rodinia-2.4.sm_75.ptx:138) st.global.f32 [%rd8], %f31;
warp 0 :  PC=0xb18 (nn-rodinia-2.4.sm_75.ptx:141) ret;
kernel_execution_time : 441